#
# There is insufficient memory for the Java Runtime Environment to continue.
# Native memory allocation (malloc) failed to allocate 32744 bytes for Chunk::new
# Possible reasons:
#   The system is out of physical RAM or swap space
#   The process is running with CompressedOops enabled, and the Java Heap may be blocking the growth of the native heap
# Possible solutions:
#   Reduce memory load on the system
#   Increase physical memory or swap space
#   Check if swap backing store is full
#   Decrease Java heap size (-Xmx/-Xms)
#   Decrease number of Java threads
#   Decrease Java thread stack sizes (-Xss)
#   Set larger code cache with -XX:ReservedCodeCacheSize=
#   JVM is running with Unscaled Compressed Oops mode in which the Java heap is
#     placed in the first 4GB address space. The Java Heap base address is the
#     maximum limit for the native heap growth. Please use -XX:HeapBaseMinAddress
#     to set the Java Heap base and to place the Java Heap above 4GB virtual address.
# This output file may be truncated or incomplete.
#
#  Out of Memory Error (arena.cpp:184), pid=25392, tid=20744
#
# JRE version: Java(TM) SE Runtime Environment (19.0.2+7) (build 19.0.2+7-44)
# Java VM: Java HotSpot(TM) 64-Bit Server VM (19.0.2+7-44, mixed mode, sharing, tiered, compressed oops, compressed class ptrs, g1 gc, windows-amd64)
# No core dump will be written. Minidumps are not enabled by default on client versions of Windows
#

---------------  S U M M A R Y ------------

Command Line: -Dfile.encoding=UTF-8 -agentlib:jdwp=transport=dt_shmem,address=javadebug9441 --module-path=C:\Users\Rioan\OneDrive\Desktop\Isaac Project\databasee_1\build\classes databasee.login

Host: AMD Ryzen 5 2500U with Radeon Vega Mobile Gfx  , 8 cores, 3G,  Windows 10 , 64 bit Build 19041 (10.0.19041.2546)
Time: Sat Apr  1 18:47:04 2023 China Standard Time elapsed time: 602.928411 seconds (0d 0h 10m 2s)

---------------  T H R E A D  ---------------

Current thread (0x000001c363b5bb10):  JavaThread "C2 CompilerThread0" daemon [_thread_in_native, id=20744, stack(0x000000a055600000,0x000000a055700000)]


Current CompileTask:
C2: 602928 2015       4       sun.java2d.pipe.DrawImage::transformImage (124 bytes)

Stack: [0x000000a055600000,0x000000a055700000]
Native frames: (J=compiled Java code, j=interpreted, Vv=VM code, C=native code)
V  [jvm.dll+0x6ee21a]
V  [jvm.dll+0x85765e]
V  [jvm.dll+0x85904e]
V  [jvm.dll+0x859703]
V  [jvm.dll+0x28298f]
V  [jvm.dll+0xc9adf]
V  [jvm.dll+0xc9e65]
V  [jvm.dll+0x679f4e]
V  [jvm.dll+0x67a0ef]
V  [jvm.dll+0x67fbfc]
V  [jvm.dll+0x680c0c]
V  [jvm.dll+0x67f064]
V  [jvm.dll+0x24c25e]
V  [jvm.dll+0x24b781]
V  [jvm.dll+0x1d6ce1]
V  [jvm.dll+0x25b25a]
V  [jvm.dll+0x2596e8]
V  [jvm.dll+0x807588]
V  [jvm.dll+0x80125a]
V  [jvm.dll+0x6ecf0b]
C  [ucrtbase.dll+0x21bb2]
C  [KERNEL32.DLL+0x17614]
C  [ntdll.dll+0x526a1]


---------------  P R O C E S S  ---------------

Threads class SMR info:
_java_thread_list=0x000001c368598940, length=19, elements={
0x000001c363b234d0, 0x000001c363b248d0, 0x000001c363b282e0, 0x000001c363b28d50,
0x000001c363b2c4e0, 0x000001c363b52750, 0x000001c363b5bb10, 0x000001c363b5c480,
0x000001c363b5cf90, 0x000001c363b0c9b0, 0x000001c367e4e840, 0x000001c367e200e0,
0x000001c367e8dbe0, 0x000001c368005f00, 0x000001c3680fe400, 0x000001c3683d0450,
0x000001c345eca6b0, 0x000001c3689f96d0, 0x000001c3687fb9b0
}

Java Threads: ( => current thread )
  0x000001c363b234d0 JavaThread "Reference Handler" daemon [_thread_blocked, id=9304, stack(0x000000a055000000,0x000000a055100000)]
  0x000001c363b248d0 JavaThread "Finalizer" daemon [_thread_blocked, id=9252, stack(0x000000a055100000,0x000000a055200000)]
  0x000001c363b282e0 JavaThread "Signal Dispatcher" daemon [_thread_blocked, id=9280, stack(0x000000a055200000,0x000000a055300000)]
  0x000001c363b28d50 JavaThread "Attach Listener" daemon [_thread_blocked, id=9256, stack(0x000000a055300000,0x000000a055400000)]
  0x000001c363b2c4e0 JavaThread "Service Thread" daemon [_thread_blocked, id=9284, stack(0x000000a055400000,0x000000a055500000)]
  0x000001c363b52750 JavaThread "Monitor Deflation Thread" daemon [_thread_blocked, id=9260, stack(0x000000a055500000,0x000000a055600000)]
=>0x000001c363b5bb10 JavaThread "C2 CompilerThread0" daemon [_thread_in_native, id=20744, stack(0x000000a055600000,0x000000a055700000)]
  0x000001c363b5c480 JavaThread "C1 CompilerThread0" daemon [_thread_blocked, id=3304, stack(0x000000a055700000,0x000000a055800000)]
  0x000001c363b5cf90 JavaThread "Sweeper thread" daemon [_thread_blocked, id=20780, stack(0x000000a055800000,0x000000a055900000)]
  0x000001c363b0c9b0 JavaThread "Common-Cleaner" daemon [_thread_blocked, id=26676, stack(0x000000a055900000,0x000000a055a00000)]
  0x000001c367e4e840 JavaThread "JDWP Event Helper Thread" daemon [_thread_blocked, id=26832, stack(0x000000a055b00000,0x000000a055c00000)]
  0x000001c367e200e0 JavaThread "Notification Thread" daemon [_thread_blocked, id=29556, stack(0x000000a054800000,0x000000a054900000)]
  0x000001c367e8dbe0 JavaThread "Java2D Disposer" daemon [_thread_blocked, id=27844, stack(0x000000a055d00000,0x000000a055e00000)]
  0x000001c368005f00 JavaThread "AWT-Windows" daemon [_thread_in_native, id=6484, stack(0x000000a055f00000,0x000000a056000000)]
  0x000001c3680fe400 JavaThread "AWT-Shutdown" [_thread_blocked, id=8888, stack(0x000000a055e00000,0x000000a055f00000)]
  0x000001c3683d0450 JavaThread "AWT-EventQueue-0" [_thread_blocked, id=8540, stack(0x000000a056000000,0x000000a056100000)]
  0x000001c345eca6b0 JavaThread "DestroyJavaVM" [_thread_blocked, id=21488, stack(0x000000a054900000,0x000000a054a00000)]
  0x000001c3689f96d0 JavaThread "D3D Screen Updater" daemon [_thread_blocked, id=11628, stack(0x000000a056800000,0x000000a056900000)]
  0x000001c3687fb9b0 JavaThread "TimerQueue" daemon [_thread_in_vm, id=11884, stack(0x000000a056b00000,0x000000a056c00000)]

Other Threads:
  0x000001c345f98d00 VMThread "VM Thread" [stack: 0x000000a054f00000,0x000000a055000000] [id=9236]
  0x000001c367e23800 WatcherThread "VM Periodic Task Thread" [stack: 0x000000a055a00000,0x000000a055b00000] [id=29552]
  0x000001c345f08e90 WorkerThread "GC Thread#0" [stack: 0x000000a054a00000,0x000000a054b00000] [id=9296]
  0x000001c345f11b00 ConcurrentGCThread "G1 Main Marker" [stack: 0x000000a054b00000,0x000000a054c00000] [id=9264]
  0x000001c345f126d0 WorkerThread "G1 Conc#0" [stack: 0x000000a054c00000,0x000000a054d00000] [id=9276]
  0x000001c345f7a5f0 ConcurrentGCThread "G1 Refine#0" [stack: 0x000000a054d00000,0x000000a054e00000] [id=9244]
  0x000001c345f7b130 ConcurrentGCThread "G1 Service" [stack: 0x000000a054e00000,0x000000a054f00000] [id=9248]

Threads with active compile tasks:
C2 CompilerThread0   605523 2015       4       sun.java2d.pipe.DrawImage::transformImage (124 bytes)

VM state: not at safepoint (normal execution)

VM Mutex/Monitor currently owned by a thread: None

Heap address: 0x00000000c9800000, size: 872 MB, Compressed Oops mode: 32-bit

CDS archive(s) mapped at: [0x0000000800000000-0x0000000800c40000-0x0000000800c40000), size 12845056, SharedBaseAddress: 0x0000000800000000, ArchiveRelocationMode: 0.
Compressed class space mapped at: 0x0000000801000000-0x0000000841000000, reserved size: 1073741824
Narrow klass base: 0x0000000800000000, Narrow klass shift: 0, Narrow klass range: 0x100000000

GC Precious Log:
 CardTable entry size: 512
 Card Set container configuration: InlinePtr #cards 5 size 8 Array Of Cards #cards 12 size 40 Howl #buckets 4 coarsen threshold 1843 Howl Bitmap #cards 512 size 80 coarsen threshold 460 Card regions per heap region 1 cards per card region 2048
 CPUs: 8 total, 8 available
 Memory: 3484M
 Large Page Support: Disabled
 NUMA Support: Disabled
 Compressed Oops: Enabled (32-bit)
 Heap Region Size: 1M
 Heap Min Capacity: 8M
 Heap Initial Capacity: 56M
 Heap Max Capacity: 872M
 Pre-touch: Disabled
 Parallel Workers: 8
 Concurrent Workers: 2
 Concurrent Refinement Workers: 8
 Periodic GC: Disabled

Heap:
 garbage-first heap   total 57344K, used 22528K [0x00000000c9800000, 0x0000000100000000)
  region size 1024K, 20 young (20480K), 0 survivors (0K)
 Metaspace       used 10980K, committed 11200K, reserved 1114112K
  class space    used 1165K, committed 1280K, reserved 1048576K

Heap Regions: E=young(eden), S=young(survivor), O=old, HS=humongous(starts), HC=humongous(continues), CS=collection set, F=free, OA=open archive, CA=closed archive, TAMS=top-at-mark-start (previous, next)
|   0|0x00000000c9800000, 0x00000000c9900000, 0x00000000c9900000|100%|HS|  |TAMS 0x00000000c9800000, 0x00000000c9800000| Complete 
|   1|0x00000000c9900000, 0x00000000c9a00000, 0x00000000c9a00000|100%|HC|  |TAMS 0x00000000c9900000, 0x00000000c9900000| Complete 
|   2|0x00000000c9a00000, 0x00000000c9b00000, 0x00000000c9b00000|100%|HC|  |TAMS 0x00000000c9a00000, 0x00000000c9a00000| Complete 
|   3|0x00000000c9b00000, 0x00000000c9b00000, 0x00000000c9c00000|  0%| F|  |TAMS 0x00000000c9b00000, 0x00000000c9b00000| Untracked 
|   4|0x00000000c9c00000, 0x00000000c9c00000, 0x00000000c9d00000|  0%| F|  |TAMS 0x00000000c9c00000, 0x00000000c9c00000| Untracked 
|   5|0x00000000c9d00000, 0x00000000c9d00000, 0x00000000c9e00000|  0%| F|  |TAMS 0x00000000c9d00000, 0x00000000c9d00000| Untracked 
|   6|0x00000000c9e00000, 0x00000000c9e00000, 0x00000000c9f00000|  0%| F|  |TAMS 0x00000000c9e00000, 0x00000000c9e00000| Untracked 
|   7|0x00000000c9f00000, 0x00000000c9f00000, 0x00000000ca000000|  0%| F|  |TAMS 0x00000000c9f00000, 0x00000000c9f00000| Untracked 
|   8|0x00000000ca000000, 0x00000000ca000000, 0x00000000ca100000|  0%| F|  |TAMS 0x00000000ca000000, 0x00000000ca000000| Untracked 
|   9|0x00000000ca100000, 0x00000000ca100000, 0x00000000ca200000|  0%| F|  |TAMS 0x00000000ca100000, 0x00000000ca100000| Untracked 
|  10|0x00000000ca200000, 0x00000000ca200000, 0x00000000ca300000|  0%| F|  |TAMS 0x00000000ca200000, 0x00000000ca200000| Untracked 
|  11|0x00000000ca300000, 0x00000000ca300000, 0x00000000ca400000|  0%| F|  |TAMS 0x00000000ca300000, 0x00000000ca300000| Untracked 
|  12|0x00000000ca400000, 0x00000000ca400000, 0x00000000ca500000|  0%| F|  |TAMS 0x00000000ca400000, 0x00000000ca400000| Untracked 
|  13|0x00000000ca500000, 0x00000000ca500000, 0x00000000ca600000|  0%| F|  |TAMS 0x00000000ca500000, 0x00000000ca500000| Untracked 
|  14|0x00000000ca600000, 0x00000000ca600000, 0x00000000ca700000|  0%| F|  |TAMS 0x00000000ca600000, 0x00000000ca600000| Untracked 
|  15|0x00000000ca700000, 0x00000000ca700000, 0x00000000ca800000|  0%| F|  |TAMS 0x00000000ca700000, 0x00000000ca700000| Untracked 
|  16|0x00000000ca800000, 0x00000000ca800000, 0x00000000ca900000|  0%| F|  |TAMS 0x00000000ca800000, 0x00000000ca800000| Untracked 
|  17|0x00000000ca900000, 0x00000000ca900000, 0x00000000caa00000|  0%| F|  |TAMS 0x00000000ca900000, 0x00000000ca900000| Untracked 
|  18|0x00000000caa00000, 0x00000000caa00000, 0x00000000cab00000|  0%| F|  |TAMS 0x00000000caa00000, 0x00000000caa00000| Untracked 
|  19|0x00000000cab00000, 0x00000000cab00000, 0x00000000cac00000|  0%| F|  |TAMS 0x00000000cab00000, 0x00000000cab00000| Untracked 
|  20|0x00000000cac00000, 0x00000000cac00000, 0x00000000cad00000|  0%| F|  |TAMS 0x00000000cac00000, 0x00000000cac00000| Untracked 
|  21|0x00000000cad00000, 0x00000000cad00000, 0x00000000cae00000|  0%| F|  |TAMS 0x00000000cad00000, 0x00000000cad00000| Untracked 
|  22|0x00000000cae00000, 0x00000000cae00000, 0x00000000caf00000|  0%| F|  |TAMS 0x00000000cae00000, 0x00000000cae00000| Untracked 
|  23|0x00000000caf00000, 0x00000000caf00000, 0x00000000cb000000|  0%| F|  |TAMS 0x00000000caf00000, 0x00000000caf00000| Untracked 
|  24|0x00000000cb000000, 0x00000000cb000000, 0x00000000cb100000|  0%| F|  |TAMS 0x00000000cb000000, 0x00000000cb000000| Untracked 
|  25|0x00000000cb100000, 0x00000000cb100000, 0x00000000cb200000|  0%| F|  |TAMS 0x00000000cb100000, 0x00000000cb100000| Untracked 
|  26|0x00000000cb200000, 0x00000000cb200000, 0x00000000cb300000|  0%| F|  |TAMS 0x00000000cb200000, 0x00000000cb200000| Untracked 
|  27|0x00000000cb300000, 0x00000000cb300000, 0x00000000cb400000|  0%| F|  |TAMS 0x00000000cb300000, 0x00000000cb300000| Untracked 
|  28|0x00000000cb400000, 0x00000000cb400000, 0x00000000cb500000|  0%| F|  |TAMS 0x00000000cb400000, 0x00000000cb400000| Untracked 
|  29|0x00000000cb500000, 0x00000000cb500000, 0x00000000cb600000|  0%| F|  |TAMS 0x00000000cb500000, 0x00000000cb500000| Untracked 
|  30|0x00000000cb600000, 0x00000000cb600000, 0x00000000cb700000|  0%| F|  |TAMS 0x00000000cb600000, 0x00000000cb600000| Untracked 
|  31|0x00000000cb700000, 0x00000000cb700000, 0x00000000cb800000|  0%| F|  |TAMS 0x00000000cb700000, 0x00000000cb700000| Untracked 
|  32|0x00000000cb800000, 0x00000000cb800000, 0x00000000cb900000|  0%| F|  |TAMS 0x00000000cb800000, 0x00000000cb800000| Untracked 
|  33|0x00000000cb900000, 0x00000000cb900000, 0x00000000cba00000|  0%| F|  |TAMS 0x00000000cb900000, 0x00000000cb900000| Untracked 
|  34|0x00000000cba00000, 0x00000000cba00000, 0x00000000cbb00000|  0%| F|  |TAMS 0x00000000cba00000, 0x00000000cba00000| Untracked 
|  35|0x00000000cbb00000, 0x00000000cbb00000, 0x00000000cbc00000|  0%| F|  |TAMS 0x00000000cbb00000, 0x00000000cbb00000| Untracked 
|  36|0x00000000cbc00000, 0x00000000cbc764f8, 0x00000000cbd00000| 46%| E|  |TAMS 0x00000000cbc00000, 0x00000000cbc00000| Complete 
|  37|0x00000000cbd00000, 0x00000000cbe00000, 0x00000000cbe00000|100%| E|CS|TAMS 0x00000000cbd00000, 0x00000000cbd00000| Complete 
|  38|0x00000000cbe00000, 0x00000000cbf00000, 0x00000000cbf00000|100%| E|CS|TAMS 0x00000000cbe00000, 0x00000000cbe00000| Complete 
|  39|0x00000000cbf00000, 0x00000000cc000000, 0x00000000cc000000|100%| E|CS|TAMS 0x00000000cbf00000, 0x00000000cbf00000| Complete 
|  40|0x00000000cc000000, 0x00000000cc100000, 0x00000000cc100000|100%| E|CS|TAMS 0x00000000cc000000, 0x00000000cc000000| Complete 
|  41|0x00000000cc100000, 0x00000000cc200000, 0x00000000cc200000|100%| E|CS|TAMS 0x00000000cc100000, 0x00000000cc100000| Complete 
|  42|0x00000000cc200000, 0x00000000cc300000, 0x00000000cc300000|100%| E|CS|TAMS 0x00000000cc200000, 0x00000000cc200000| Complete 
|  43|0x00000000cc300000, 0x00000000cc400000, 0x00000000cc400000|100%| E|CS|TAMS 0x00000000cc300000, 0x00000000cc300000| Complete 
|  44|0x00000000cc400000, 0x00000000cc500000, 0x00000000cc500000|100%| E|CS|TAMS 0x00000000cc400000, 0x00000000cc400000| Complete 
|  45|0x00000000cc500000, 0x00000000cc600000, 0x00000000cc600000|100%| E|CS|TAMS 0x00000000cc500000, 0x00000000cc500000| Complete 
|  46|0x00000000cc600000, 0x00000000cc700000, 0x00000000cc700000|100%| E|CS|TAMS 0x00000000cc600000, 0x00000000cc600000| Complete 
|  47|0x00000000cc700000, 0x00000000cc800000, 0x00000000cc800000|100%| E|CS|TAMS 0x00000000cc700000, 0x00000000cc700000| Complete 
|  48|0x00000000cc800000, 0x00000000cc900000, 0x00000000cc900000|100%| E|CS|TAMS 0x00000000cc800000, 0x00000000cc800000| Complete 
|  49|0x00000000cc900000, 0x00000000cca00000, 0x00000000cca00000|100%| E|CS|TAMS 0x00000000cc900000, 0x00000000cc900000| Complete 
|  50|0x00000000cca00000, 0x00000000ccb00000, 0x00000000ccb00000|100%| E|CS|TAMS 0x00000000cca00000, 0x00000000cca00000| Complete 
|  51|0x00000000ccb00000, 0x00000000ccc00000, 0x00000000ccc00000|100%| E|CS|TAMS 0x00000000ccb00000, 0x00000000ccb00000| Complete 
|  52|0x00000000ccc00000, 0x00000000ccd00000, 0x00000000ccd00000|100%| E|CS|TAMS 0x00000000ccc00000, 0x00000000ccc00000| Complete 
|  53|0x00000000ccd00000, 0x00000000cce00000, 0x00000000cce00000|100%| E|CS|TAMS 0x00000000ccd00000, 0x00000000ccd00000| Complete 
|  54|0x00000000cce00000, 0x00000000ccf00000, 0x00000000ccf00000|100%| E|CS|TAMS 0x00000000cce00000, 0x00000000cce00000| Complete 
|  55|0x00000000ccf00000, 0x00000000cd000000, 0x00000000cd000000|100%| E|CS|TAMS 0x00000000ccf00000, 0x00000000ccf00000| Complete 

Card table byte_map: [0x000001c35f270000,0x000001c35f430000] _byte_map_base: 0x000001c35ec24000

Marking Bits (Prev, Next): (CMBitMap*) 0x000001c345f0a4d0, (CMBitMap*) 0x000001c345f0a510
 Prev Bits: [0x000001c35f5f0000, 0x000001c360390000)
 Next Bits: [0x000001c360390000, 0x000001c361130000)

Polling page: 0x000001c345fa0000

Metaspace:

Usage:
  Non-class:      9.58 MB used.
      Class:      1.14 MB used.
       Both:     10.72 MB used.

Virtual space:
  Non-class space:       64.00 MB reserved,       9.69 MB ( 15%) committed,  1 nodes.
      Class space:        1.00 GB reserved,       1.25 MB ( <1%) committed,  1 nodes.
             Both:        1.06 GB reserved,      10.94 MB (  1%) committed. 

Chunk freelists:
   Non-Class:  2.00 MB
       Class:  2.74 MB
        Both:  4.74 MB

MaxMetaspaceSize: unlimited
CompressedClassSpaceSize: 1.00 GB
Initial GC threshold: 21.00 MB
Current GC threshold: 21.00 MB
CDS: on
MetaspaceReclaimPolicy: balanced
 - commit_granule_bytes: 65536.
 - commit_granule_words: 8192.
 - virtual_space_node_default_size: 8388608.
 - enlarge_chunks_in_place: 1.
 - new_chunks_are_fully_committed: 0.
 - uncommit_free_chunks: 1.
 - use_allocation_guard: 0.


Internal statistics:

num_allocs_failed_limit: 0.
num_arena_births: 164.
num_arena_deaths: 0.
num_vsnodes_births: 2.
num_vsnodes_deaths: 0.
num_space_committed: 175.
num_space_uncommitted: 0.
num_chunks_returned_to_freelist: 0.
num_chunks_taken_from_freelist: 206.
num_chunk_merges: 0.
num_chunk_splits: 127.
num_chunks_enlarged: 71.
num_inconsistent_stats: 0.

CodeHeap 'non-profiled nmethods': size=120000Kb used=868Kb max_used=868Kb free=119131Kb
 bounds [0x000001c357110000, 0x000001c357380000, 0x000001c35e640000]
CodeHeap 'profiled nmethods': size=120000Kb used=3849Kb max_used=3849Kb free=116150Kb
 bounds [0x000001c34f640000, 0x000001c34fa10000, 0x000001c356b70000]
CodeHeap 'non-nmethods': size=5760Kb used=1482Kb max_used=1532Kb free=4277Kb
 bounds [0x000001c356b70000, 0x000001c356de0000, 0x000001c357110000]
 total_blobs=2689 nmethods=2011 adapters=589
 compilation: enabled
              stopped_count=0, restarted_count=0
 full_count=0

Compilation events (20 events):
Event: 590.709 Thread 0x000001c363b5c480 2006  s    3       java.awt.geom.Path2D::reset (11 bytes)
Event: 590.710 Thread 0x000001c363b5c480 nmethod 2006 0x000001c34f9fd390 code [0x000001c34f9fd520, 0x000001c34f9fd6d8]
Event: 590.716 Thread 0x000001c363b5bb10 nmethod 2003 0x000001c3571e8390 code [0x000001c3571e8560, 0x000001c3571e8b28]
Event: 591.215 Thread 0x000001c363b5c480 2007       3       javax.swing.Timer$DoPostEvent::run (85 bytes)
Event: 591.216 Thread 0x000001c363b5c480 nmethod 2007 0x000001c34f9fd790 code [0x000001c34f9fd9e0, 0x000001c34f9fe248]
Event: 591.217 Thread 0x000001c363b5c480 2008       3       java.util.concurrent.atomic.AtomicBoolean::get (13 bytes)
Event: 591.217 Thread 0x000001c363b5c480 nmethod 2008 0x000001c34f9fe590 code [0x000001c34f9fe720, 0x000001c34f9fe898]
Event: 591.217 Thread 0x000001c363b5c480 2009       3       java.awt.event.ActionEvent::<init> (24 bytes)
Event: 591.217 Thread 0x000001c363b5c480 nmethod 2009 0x000001c34f9fe910 code [0x000001c34f9feac0, 0x000001c34f9fec88]
Event: 591.219 Thread 0x000001c363b5c480 2010   !   3       javax.swing.text.DefaultCaret$Handler::actionPerformed (127 bytes)
Event: 591.220 Thread 0x000001c363b5c480 nmethod 2010 0x000001c34f9fed90 code [0x000001c34f9fef80, 0x000001c34f9ff668]
Event: 593.765 Thread 0x000001c363b5c480 2011       3       javax.swing.RepaintManager::scheduleProcessingRunnable (69 bytes)
Event: 593.858 Thread 0x000001c363b5c480 nmethod 2011 0x000001c34f9ff910 code [0x000001c34f9ffc60, 0x000001c34fa00f08]
Event: 594.445 Thread 0x000001c363b5bb10 2012       4       java.awt.geom.AffineTransform::setTransform (65 bytes)
Event: 594.445 Thread 0x000001c363b5bb10 nmethod 2012 0x000001c3571e8e90 code [0x000001c3571e9020, 0x000001c3571e90f8]
Event: 597.084 Thread 0x000001c363b5c480 2013       3       sun.java2d.pipe.DrawImage::imageReady (30 bytes)
Event: 597.085 Thread 0x000001c363b5c480 nmethod 2013 0x000001c34fa01590 code [0x000001c34fa01760, 0x000001c34fa01c78]
Event: 597.085 Thread 0x000001c363b5c480 2014  s    3       sun.awt.image.ToolkitImage::getImageRep (37 bytes)
Event: 597.085 Thread 0x000001c363b5c480 nmethod 2014 0x000001c34fa01e10 code [0x000001c34fa01fe0, 0x000001c34fa02418]
Event: 597.087 Thread 0x000001c363b5bb10 2015       4       sun.java2d.pipe.DrawImage::transformImage (124 bytes)

GC Heap History (0 events):
No events

Dll operation events (9 events):
Event: 20.825 Loaded shared library C:\Java\bin\java.dll
Event: 20.836 Loaded shared library C:\Java\bin\jsvml.dll
Event: 22.968 Loaded shared library C:\Java\bin\net.dll
Event: 22.970 Loaded shared library C:\Java\bin\nio.dll
Event: 366.993 Loaded shared library C:\Java\bin\zip.dll
Event: 379.089 Loaded shared library C:\Java\bin\jimage.dll
Event: 384.184 Loaded shared library C:\Java\bin\awt.dll
Event: 390.049 Loaded shared library C:\Java\bin\freetype.dll
Event: 390.154 Loaded shared library C:\Java\bin\fontmanager.dll

Deoptimization events (20 events):
Event: 450.159 Thread 0x000001c3683d0450 DEOPT PACKING pc=0x000001c34f7ead44 sp=0x000000a0560fd1e0
Event: 450.159 Thread 0x000001c3683d0450 DEOPT UNPACKING pc=0x000001c356bd7543 sp=0x000000a0560fc670 mode 0
Event: 450.502 Thread 0x000001c3683d0450 DEOPT PACKING pc=0x000001c34f7d2721 sp=0x000000a0560fce70
Event: 450.502 Thread 0x000001c3683d0450 DEOPT UNPACKING pc=0x000001c356bd7543 sp=0x000000a0560fc2e0 mode 0
Event: 450.502 Thread 0x000001c3683d0450 DEOPT PACKING pc=0x000001c34f7ead44 sp=0x000000a0560fd200
Event: 450.502 Thread 0x000001c3683d0450 DEOPT UNPACKING pc=0x000001c356bd7543 sp=0x000000a0560fc690 mode 0
Event: 461.774 Thread 0x000001c3683d0450 DEOPT PACKING pc=0x000001c34f8170e5 sp=0x000000a0560fd250
Event: 461.774 Thread 0x000001c3683d0450 DEOPT UNPACKING pc=0x000001c356bd7543 sp=0x000000a0560fc6a8 mode 0
Event: 474.624 Thread 0x000001c3683d0450 DEOPT PACKING pc=0x000001c34f89b5f2 sp=0x000000a0560fd2b0
Event: 474.625 Thread 0x000001c3683d0450 DEOPT UNPACKING pc=0x000001c356bd7543 sp=0x000000a0560fc6d0 mode 0
Event: 475.916 Thread 0x000001c3683d0450 DEOPT PACKING pc=0x000001c34f86b676 sp=0x000000a0560fd080
Event: 475.917 Thread 0x000001c3683d0450 DEOPT UNPACKING pc=0x000001c356bd7543 sp=0x000000a0560fc500 mode 0
Event: 478.802 Thread 0x000001c3683d0450 DEOPT PACKING pc=0x000001c34f7ee3c1 sp=0x000000a0560fd280
Event: 478.802 Thread 0x000001c3683d0450 DEOPT UNPACKING pc=0x000001c356bd7543 sp=0x000000a0560fc710 mode 0
Event: 482.859 Thread 0x000001c3683d0450 DEOPT PACKING pc=0x000001c34f802a6f sp=0x000000a0560fd290
Event: 482.859 Thread 0x000001c3683d0450 DEOPT UNPACKING pc=0x000001c356bd7543 sp=0x000000a0560fc6b0 mode 0
Event: 491.943 Thread 0x000001c3683d0450 DEOPT PACKING pc=0x000001c34f894588 sp=0x000000a0560fcd80
Event: 491.943 Thread 0x000001c3683d0450 DEOPT UNPACKING pc=0x000001c356bd7543 sp=0x000000a0560fc138 mode 0
Event: 504.122 Thread 0x000001c3683d0450 DEOPT PACKING pc=0x000001c34f8fae6d sp=0x000000a0560fd030
Event: 504.122 Thread 0x000001c3683d0450 DEOPT UNPACKING pc=0x000001c356bd7543 sp=0x000000a0560fc4d0 mode 0

Classes loaded (20 events):
Event: 445.141 Loading class java/util/concurrent/BlockingQueue done
Event: 445.141 Loading class java/util/concurrent/DelayQueue done
Event: 445.141 Loading class java/util/PriorityQueue
Event: 445.351 Loading class java/util/PriorityQueue done
Event: 445.611 Loading class javax/swing/TimerQueue$DelayedTimer
Event: 445.742 Loading class java/util/concurrent/Delayed
Event: 445.742 Loading class java/util/concurrent/Delayed done
Event: 445.742 Loading class javax/swing/TimerQueue$DelayedTimer done
Event: 445.742 Loading class java/util/concurrent/locks/AbstractQueuedSynchronizer$ExclusiveNode
Event: 445.743 Loading class java/util/concurrent/locks/AbstractQueuedSynchronizer$ExclusiveNode done
Event: 445.743 Loading class java/awt/TextComponent
Event: 445.765 Loading class java/awt/TextComponent done
Event: 445.804 Loading class java/awt/geom/Path2D$Float$TxIterator
Event: 446.149 Loading class java/util/concurrent/TimeUnit$1
Event: 446.285 Loading class java/util/concurrent/TimeUnit$1 done
Event: 446.285 Loading class java/awt/geom/Path2D$Iterator
Event: 446.318 Loading class java/awt/geom/Path2D$Iterator done
Event: 446.318 Loading class java/awt/geom/Path2D$Float$TxIterator done
Event: 447.250 Loading class javax/swing/Timer$1
Event: 447.440 Loading class javax/swing/Timer$1 done

Classes unloaded (0 events):
No events

Classes redefined (0 events):
No events

Internal exceptions (20 events):
Event: 393.671 Thread 0x000001c345eca6b0 Exception <a 'java/lang/ClassNotFoundException'{0x00000000cc902ef0}: ToggleButton> (0x00000000cc902ef0) 
thrown [s\open\src\hotspot\share\classfile\systemDictionary.cpp, line 255]
Event: 393.671 Thread 0x000001c345eca6b0 Exception <a 'java/lang/ClassNotFoundException'{0x00000000cc903330}: javax/swing/JToolBarSeparator> (0x00000000cc903330) 
thrown [s\open\src\hotspot\share\classfile\systemDictionary.cpp, line 255]
Event: 393.671 Thread 0x000001c345eca6b0 Exception <a 'java/lang/ClassNotFoundException'{0x00000000cc903640}: ToolBarSeparator> (0x00000000cc903640) 
thrown [s\open\src\hotspot\share\classfile\systemDictionary.cpp, line 255]
Event: 393.673 Thread 0x000001c345eca6b0 Exception <a 'java/lang/ClassNotFoundException'{0x00000000cc903b58}: ToolTip> (0x00000000cc903b58) 
thrown [s\open\src\hotspot\share\classfile\systemDictionary.cpp, line 255]
Event: 393.675 Thread 0x000001c345eca6b0 Exception <a 'java/lang/ClassNotFoundException'{0x00000000cc9044a8}: Tree> (0x00000000cc9044a8) 
thrown [s\open\src\hotspot\share\classfile\systemDictionary.cpp, line 255]
Event: 393.675 Thread 0x000001c345eca6b0 Exception <a 'java/lang/ClassNotFoundException'{0x00000000cc9049a0}: Tree> (0x00000000cc9049a0) 
thrown [s\open\src\hotspot\share\classfile\systemDictionary.cpp, line 255]
Event: 393.675 Thread 0x000001c345eca6b0 Exception <a 'java/lang/ClassNotFoundException'{0x00000000cc904d10}: javax/swing/JTreeCell> (0x00000000cc904d10) 
thrown [s\open\src\hotspot\share\classfile\systemDictionary.cpp, line 255]
Event: 393.675 Thread 0x000001c345eca6b0 Exception <a 'java/lang/ClassNotFoundException'{0x00000000cc905018}: TreeCell> (0x00000000cc905018) 
thrown [s\open\src\hotspot\share\classfile\systemDictionary.cpp, line 255]
Event: 393.676 Thread 0x000001c345eca6b0 Exception <a 'java/lang/ClassNotFoundException'{0x00000000cc9057d0}: RootPane> (0x00000000cc9057d0) 
thrown [s\open\src\hotspot\share\classfile\systemDictionary.cpp, line 255]
Event: 394.333 Thread 0x000001c345eca6b0 Exception <a 'java/lang/ClassNotFoundException'{0x00000000cc9085e0}: com/sun/swing/internal/plaf/metal/resources/spi/metalProvider> (0x00000000cc9085e0) 
thrown [s\open\src\hotspot\share\classfile\systemDictionary.cpp, line 255]
Event: 394.719 Thread 0x000001c345eca6b0 Exception <a 'java/lang/ClassNotFoundException'{0x00000000cc90c260}: com/sun/swing/internal/plaf/basic/resources/spi/basicProvider> (0x00000000cc90c260) 
thrown [s\open\src\hotspot\share\classfile\systemDictionary.cpp, line 255]
Event: 408.063 Thread 0x000001c3683d0450 Exception <a 'java/lang/ClassNotFoundException'{0x00000000cc815800}: com/sun/swing/internal/plaf/synth/resources/spi/synthProvider> (0x00000000cc815800) 
thrown [s\open\src\hotspot\share\classfile\systemDictionary.cpp, line 255]
Event: 409.348 Thread 0x000001c3683d0450 Exception <a 'java/lang/NoSuchMethodError'{0x00000000cc858ff0}: 'int java.lang.invoke.Invokers$Holder.invokeExact_MT(java.lang.Object, java.lang.Object)'> (0x00000000cc858ff0) 
thrown [s\open\src\hotspot\share\interpreter\linkResolver.cpp, line 774]
Event: 409.591 Thread 0x000001c3683d0450 Exception <a 'java/lang/NoSuchMethodError'{0x00000000cc865538}: 'java.lang.Object java.lang.invoke.DirectMethodHandle$Holder.newInvokeSpecial(java.lang.Object, java.lang.Object, int)'> (0x00000000cc865538) 
thrown [s\open\src\hotspot\share\interpreter\linkResolver.cpp, line 774]
Event: 410.059 Thread 0x000001c3683d0450 Exception <a 'java/lang/NoSuchMethodError'{0x00000000cc86a780}: 'int java.lang.invoke.DirectMethodHandle$Holder.invokeSpecial(java.lang.Object, java.lang.Object, java.lang.Object, int)'> (0x00000000cc86a780) 
thrown [s\open\src\hotspot\share\interpreter\linkResolver.cpp, line 774]
Event: 410.064 Thread 0x000001c3683d0450 Exception <a 'java/lang/NoSuchMethodError'{0x00000000cc87d300}: 'java.lang.Object java.lang.invoke.DirectMethodHandle$Holder.invokeStatic(java.lang.Object, java.lang.Object, java.lang.Object, java.lang.Object, int)'> (0x00000000cc87d300) 
thrown [s\open\src\hotspot\share\interpreter\linkResolver.cpp, line 774]
Event: 410.068 Thread 0x000001c3683d0450 Exception <a 'java/lang/NoSuchMethodError'{0x00000000cc889308}: 'int java.lang.invoke.DirectMethodHandle$Holder.invokeSpecial(java.lang.Object, java.lang.Object, java.lang.Object)'> (0x00000000cc889308) 
thrown [s\open\src\hotspot\share\interpreter\linkResolver.cpp, line 774]
Event: 412.554 Thread 0x000001c3688ca630 Exception <a 'java/lang/NoSuchMethodError'{0x00000000cc8fb798}: 'java.lang.Object java.lang.invoke.DirectMethodHandle$Holder.newInvokeSpecial(java.lang.Object, java.lang.Object, java.lang.Object, int, int, int, int, int)'> (0x00000000cc8fb798) 
thrown [s\open\src\hotspot\share\interpreter\linkResolver.cpp, line 774]
Event: 415.398 Thread 0x000001c3683d0450 Exception <a 'java/lang/NoSuchMethodError'{0x00000000cc485058}: 'void java.lang.invoke.DirectMethodHandle$Holder.invokeStaticInit(java.lang.Object)'> (0x00000000cc485058) 
thrown [s\open\src\hotspot\share\interpreter\linkResolver.cpp, line 774]
Event: 425.258 Thread 0x000001c368005f00 Exception <a 'java/lang/NoSuchMethodError'{0x00000000ccb0fa10}: 'void java.lang.invoke.DirectMethodHandle$Holder.invokeVirtual(java.lang.Object, java.lang.Object)'> (0x00000000ccb0fa10) 
thrown [s\open\src\hotspot\share\interpreter\linkResolver.cpp, line 774]

VM Operations (20 events):
Event: 549.135 Executing VM operation: Cleanup
Event: 549.135 Executing VM operation: Cleanup done
Event: 550.143 Executing VM operation: Cleanup
Event: 550.144 Executing VM operation: Cleanup done
Event: 551.156 Executing VM operation: Cleanup
Event: 551.157 Executing VM operation: Cleanup done
Event: 558.197 Executing VM operation: Cleanup
Event: 558.197 Executing VM operation: Cleanup done
Event: 559.208 Executing VM operation: Cleanup
Event: 559.208 Executing VM operation: Cleanup done
Event: 580.301 Executing VM operation: Cleanup
Event: 580.302 Executing VM operation: Cleanup done
Event: 581.302 Executing VM operation: Cleanup
Event: 581.302 Executing VM operation: Cleanup done
Event: 587.339 Executing VM operation: Cleanup
Event: 587.339 Executing VM operation: Cleanup done
Event: 590.358 Executing VM operation: Cleanup
Event: 590.358 Executing VM operation: Cleanup done
Event: 591.359 Executing VM operation: Cleanup
Event: 591.359 Executing VM operation: Cleanup done

Events (20 events):
Event: 40.922 Thread 0x000001c367e200e0 Thread added: 0x000001c367e200e0
Event: 41.314 Thread 0x000001c367e4e840 Thread added: 0x000001c367e4e840
Event: 41.314 Thread 0x000001c367e4ed90 Thread added: 0x000001c367e4ed90
Event: 354.552 Thread 0x000001c367e4ed90 Thread exited: 0x000001c367e4ed90
Event: 356.176 Thread 0x000001c367e200e0 Thread exited: 0x000001c367e200e0
Event: 356.858 Thread 0x000001c367e200e0 Thread added: 0x000001c367e200e0
Event: 385.849 Thread 0x000001c367e8dbe0 Thread added: 0x000001c367e8dbe0
Event: 385.859 Thread 0x000001c367dbf010 Thread added: 0x000001c367dbf010
Event: 385.876 Thread 0x000001c368005f00 Thread added: 0x000001c368005f00
Event: 387.393 Thread 0x000001c367dbf010 Thread exited: 0x000001c367dbf010
Event: 395.023 Thread 0x000001c367f429d0 Thread added: 0x000001c367f429d0
Event: 396.023 Thread 0x000001c367f429d0 Thread exited: 0x000001c367f429d0
Event: 397.265 Thread 0x000001c3680fe400 Thread added: 0x000001c3680fe400
Event: 397.273 Thread 0x000001c3683d0450 Thread added: 0x000001c3683d0450
Event: 397.322 Thread 0x000001c345eca6b0 Thread exited: 0x000001c345eca6b0
Event: 397.323 Thread 0x000001c345eca6b0 Thread added: 0x000001c345eca6b0
Event: 412.398 Thread 0x000001c3688ca630 Thread added: 0x000001c3688ca630
Event: 420.354 Thread 0x000001c3688ca630 Thread exited: 0x000001c3688ca630
Event: 426.646 Thread 0x000001c3689f96d0 Thread added: 0x000001c3689f96d0
Event: 445.611 Thread 0x000001c3687fb9b0 Thread added: 0x000001c3687fb9b0


Dynamic libraries:
0x00007ff7c2490000 - 0x00007ff7c24a0000 	C:\Java\bin\java.exe
0x00007ffe43ab0000 - 0x00007ffe43ca8000 	C:\WINDOWS\SYSTEM32\ntdll.dll
0x00007ffe427a0000 - 0x00007ffe4285f000 	C:\WINDOWS\System32\KERNEL32.DLL
0x00007ffe412b0000 - 0x00007ffe41582000 	C:\WINDOWS\System32\KERNELBASE.dll
0x00007ffe411b0000 - 0x00007ffe412b0000 	C:\WINDOWS\System32\ucrtbase.dll
0x00007ffe39a70000 - 0x00007ffe39a88000 	C:\Java\bin\jli.dll
0x00007ffe42440000 - 0x00007ffe424ee000 	C:\WINDOWS\System32\ADVAPI32.dll
0x00007ffe43560000 - 0x00007ffe435fe000 	C:\WINDOWS\System32\msvcrt.dll
0x00007ffe42ca0000 - 0x00007ffe42d3c000 	C:\WINDOWS\System32\sechost.dll
0x00007ffe425a0000 - 0x00007ffe426c4000 	C:\WINDOWS\System32\RPCRT4.dll
0x00007ffe18fa0000 - 0x00007ffe18fbb000 	C:\Java\bin\VCRUNTIME140.dll
0x00007ffe433b0000 - 0x00007ffe43551000 	C:\WINDOWS\System32\USER32.dll
0x00007ffe419c0000 - 0x00007ffe419e2000 	C:\WINDOWS\System32\win32u.dll
0x00007ffe42c70000 - 0x00007ffe42c9b000 	C:\WINDOWS\System32\GDI32.dll
0x00007ffe416f0000 - 0x00007ffe417ff000 	C:\WINDOWS\System32\gdi32full.dll
0x00007ffe419f0000 - 0x00007ffe41a8d000 	C:\WINDOWS\System32\msvcp_win.dll
0x00007ffe39a90000 - 0x00007ffe39a9a000 	C:\WINDOWS\SYSTEM32\VERSION.dll
0x00007ffe2f8a0000 - 0x00007ffe2fb3a000 	C:\WINDOWS\WinSxS\amd64_microsoft.windows.common-controls_6595b64144ccf1df_6.0.19041.1110_none_60b5254171f9507e\COMCTL32.dll
0x00007ffe42d40000 - 0x00007ffe42d70000 	C:\WINDOWS\System32\IMM32.DLL
0x00007ffe26570000 - 0x00007ffe2657c000 	C:\Java\bin\vcruntime140_1.dll
0x00007ffe17ca0000 - 0x00007ffe17d2e000 	C:\Java\bin\msvcp140.dll
0x00007ffde4c40000 - 0x00007ffde5900000 	C:\Java\bin\server\jvm.dll
0x00007ffe3d8e0000 - 0x00007ffe3d8e9000 	C:\WINDOWS\SYSTEM32\WSOCK32.dll
0x00007ffe396c0000 - 0x00007ffe396e7000 	C:\WINDOWS\SYSTEM32\WINMM.dll
0x00007ffe42ba0000 - 0x00007ffe42c0b000 	C:\WINDOWS\System32\ws2_32.DLL
0x00007ffe3f070000 - 0x00007ffe3f082000 	C:\WINDOWS\SYSTEM32\kernel.appcore.dll
0x00007ffe18f90000 - 0x00007ffe18f9a000 	C:\Java\bin\jimage.dll
0x00007ffe2f0c0000 - 0x00007ffe2f2a4000 	C:\WINDOWS\SYSTEM32\DBGHELP.DLL
0x00007ffe2f080000 - 0x00007ffe2f0b5000 	C:\WINDOWS\SYSTEM32\dbgcore.DLL
0x00007ffe41800000 - 0x00007ffe41882000 	C:\WINDOWS\System32\bcryptPrimitives.dll
0x00007ffe28530000 - 0x00007ffe2856c000 	C:\Java\bin\jdwp.dll
0x00007ffe18010000 - 0x00007ffe18036000 	C:\Java\bin\java.dll
0x00007ffe17f30000 - 0x00007ffe18007000 	C:\Java\bin\jsvml.dll
0x00007ffe41c70000 - 0x00007ffe423b5000 	C:\WINDOWS\System32\SHELL32.dll
0x00007ffe3f270000 - 0x00007ffe3fa02000 	C:\WINDOWS\SYSTEM32\windows.storage.dll
0x00007ffe42f20000 - 0x00007ffe43275000 	C:\WINDOWS\System32\combase.dll
0x00007ffe40ba0000 - 0x00007ffe40bd0000 	C:\WINDOWS\SYSTEM32\Wldp.dll
0x00007ffe41b00000 - 0x00007ffe41bad000 	C:\WINDOWS\System32\SHCORE.dll
0x00007ffe42b40000 - 0x00007ffe42b95000 	C:\WINDOWS\System32\shlwapi.dll
0x00007ffe410f0000 - 0x00007ffe4110f000 	C:\WINDOWS\SYSTEM32\profapi.dll
0x00007ffe17f10000 - 0x00007ffe17f23000 	C:\Java\bin\net.dll
0x00007ffe34670000 - 0x00007ffe3477a000 	C:\WINDOWS\SYSTEM32\WINHTTP.dll
0x00007ffe40890000 - 0x00007ffe408fa000 	C:\WINDOWS\system32\mswsock.dll
0x00007ffe17ef0000 - 0x00007ffe17f06000 	C:\Java\bin\nio.dll
0x00007ffe3a9a0000 - 0x00007ffe3a9ab000 	C:\Java\bin\dt_shmem.dll
0x00007ffe17ed0000 - 0x00007ffe17ee8000 	C:\Java\bin\zip.dll
0x00007ffe17d30000 - 0x00007ffe17ec1000 	C:\Java\bin\awt.dll
0x00007ffe426d0000 - 0x00007ffe4279d000 	C:\WINDOWS\System32\OLEAUT32.dll
0x00007ffe3e9d0000 - 0x00007ffe3ea60000 	C:\WINDOWS\SYSTEM32\apphelp.dll
0x00007ffe3eba0000 - 0x00007ffe3ec3e000 	C:\WINDOWS\system32\uxtheme.dll
0x00007ffe428c0000 - 0x00007ffe429d4000 	C:\WINDOWS\System32\MSCTF.dll
0x00007ffe43280000 - 0x00007ffe433aa000 	C:\WINDOWS\System32\ole32.dll
0x00007ffe3ef60000 - 0x00007ffe3ef8f000 	C:\WINDOWS\system32\DWMAPI.DLL
0x00007ffe217f0000 - 0x00007ffe21876000 	C:\Java\bin\freetype.dll
0x00007ffe21720000 - 0x00007ffe217e6000 	C:\Java\bin\fontmanager.dll
0x00007ffe18070000 - 0x00007ffe18195000 	C:\WINDOWS\system32\opengl32.dll
0x00007ffe28570000 - 0x00007ffe2859c000 	C:\WINDOWS\SYSTEM32\GLU32.dll
0x00007ffdf84a0000 - 0x00007ffdf866e000 	C:\WINDOWS\system32\d3d9.dll
0x00007ffe36a90000 - 0x00007ffe36c6d000 	C:\WINDOWS\System32\DriverStore\FileRepository\c0334186.inf_amd64_89077b1f087d60d3\B334040\aticfx64.dll
0x00007ffe21150000 - 0x00007ffe2117e000 	C:\WINDOWS\System32\DriverStore\FileRepository\c0334186.inf_amd64_89077b1f087d60d3\B334040\atiu9p64.dll
0x00007ffde3510000 - 0x00007ffde404c000 	C:\WINDOWS\System32\DriverStore\FileRepository\c0334186.inf_amd64_89077b1f087d60d3\B334040\atiumd64.dll
0x00000000530e0000 - 0x0000000053cbb000 	C:\WINDOWS\System32\DriverStore\FileRepository\c0334186.inf_amd64_89077b1f087d60d3\B334040\atiumd6a.dll
0x00007ffe41020000 - 0x00007ffe4106b000 	C:\WINDOWS\SYSTEM32\POWRPROF.dll
0x00007ffe41000000 - 0x00007ffe41012000 	C:\WINDOWS\SYSTEM32\UMPDC.dll
0x00007ffe35270000 - 0x00007ffe352ab000 	C:\WINDOWS\SYSTEM32\dxcore.dll
0x00007ffe41940000 - 0x00007ffe4198e000 	C:\WINDOWS\System32\cfgmgr32.dll
0x00007ffe424f0000 - 0x00007ffe42599000 	C:\WINDOWS\System32\clbcatq.dll
0x00007ffe3ae60000 - 0x00007ffe3b014000 	C:\WINDOWS\SYSTEM32\WindowsCodecs.dll
0x00007ffe41990000 - 0x00007ffe419b7000 	C:\WINDOWS\System32\bcrypt.dll
0x00007ffe20b30000 - 0x00007ffe20b6e000 	C:\WINDOWS\system32\dataexchange.dll
0x00007ffe3d5b0000 - 0x00007ffe3d813000 	C:\WINDOWS\system32\d3d11.dll
0x00007ffe3dec0000 - 0x00007ffe3e0a3000 	C:\WINDOWS\system32\dcomp.dll
0x00007ffe3fa70000 - 0x00007ffe3fb63000 	C:\WINDOWS\system32\dxgi.dll
0x00007ffe3abb0000 - 0x00007ffe3adb0000 	C:\WINDOWS\system32\twinapi.appcore.dll
0x00007ffe39820000 - 0x00007ffe39919000 	C:\WINDOWS\SYSTEM32\textinputframework.dll
0x00007ffe3e0b0000 - 0x00007ffe3e40e000 	C:\WINDOWS\System32\CoreUIComponents.dll
0x00007ffe402d0000 - 0x00007ffe40303000 	C:\WINDOWS\SYSTEM32\ntmarta.dll
0x00007ffe3cff0000 - 0x00007ffe3d144000 	C:\WINDOWS\SYSTEM32\wintypes.dll
0x00007ffe3e790000 - 0x00007ffe3e882000 	C:\WINDOWS\System32\CoreMessaging.dll

dbghelp: loaded successfully - version: 4.0.5 - missing functions: none
symbol engine: initialized successfully - sym options: 0x614 - pdb path: .;C:\Java\bin;C:\WINDOWS\SYSTEM32;C:\WINDOWS\WinSxS\amd64_microsoft.windows.common-controls_6595b64144ccf1df_6.0.19041.1110_none_60b5254171f9507e;C:\Java\bin\server;C:\WINDOWS\System32\DriverStore\FileRepository\c0334186.inf_amd64_89077b1f087d60d3\B334040

VM Arguments:
jvm_args: -Dfile.encoding=UTF-8 -agentlib:jdwp=transport=dt_shmem,address=javadebug9441 --module-path=C:\Users\Rioan\OneDrive\Desktop\Isaac Project\databasee_1\build\classes 
java_command: databasee.login
java_class_path (initial): C:\Users\Rioan\OneDrive\Desktop\Beginners\JCalendar.jar;C:\Users\Rioan\OneDrive\Desktop\Beginners\netbeans\java\modules\ext\AbsoluteLayout.jar;C:\Users\Rioan\OneDrive\Desktop\Isaac Project\databasee_1\build\classes
Launcher Type: SUN_STANDARD

[Global flags]
     intx CICompilerCount                          = 4                                         {product} {ergonomic}
     uint ConcGCThreads                            = 2                                         {product} {ergonomic}
     uint G1ConcRefinementThreads                  = 8                                         {product} {ergonomic}
   size_t G1HeapRegionSize                         = 1048576                                   {product} {ergonomic}
    uintx GCDrainStackTargetSize                   = 64                                        {product} {ergonomic}
   size_t InitialHeapSize                          = 58720256                                  {product} {ergonomic}
   size_t MarkStackSize                            = 4194304                                   {product} {ergonomic}
   size_t MaxHeapSize                              = 914358272                                 {product} {ergonomic}
   size_t MaxNewSize                               = 548405248                                 {product} {ergonomic}
   size_t MinHeapDeltaBytes                        = 1048576                                   {product} {ergonomic}
   size_t MinHeapSize                              = 8388608                                   {product} {ergonomic}
    uintx NonNMethodCodeHeapSize                   = 5839372                                {pd product} {ergonomic}
    uintx NonProfiledCodeHeapSize                  = 122909434                              {pd product} {ergonomic}
    uintx ProfiledCodeHeapSize                     = 122909434                              {pd product} {ergonomic}
    uintx ReservedCodeCacheSize                    = 251658240                              {pd product} {ergonomic}
     bool SegmentedCodeCache                       = true                                      {product} {ergonomic}
   size_t SoftMaxHeapSize                          = 914358272                              {manageable} {ergonomic}
     bool UseCompressedClassPointers               = true                           {product lp64_product} {ergonomic}
     bool UseCompressedOops                        = true                           {product lp64_product} {ergonomic}
     bool UseG1GC                                  = true                                      {product} {ergonomic}
     bool UseLargePagesIndividualAllocation        = false                                  {pd product} {ergonomic}

Logging:
Log output configuration:
 #0: stdout all=warning uptime,level,tags foldmultilines=false
 #1: stderr all=off uptime,level,tags foldmultilines=false

Environment Variables:
PATH=C:\Program Files\Common Files\Oracle\Java\javapath;C:\ProgramData\Oracle\Java\javapath;C:\WINDOWS\system32;C:\WINDOWS;C:\WINDOWS\System32\Wbem;C:\WINDOWS\System32\WindowsPowerShell\v1.0\;C:\WINDOWS\System32\OpenSSH\;C:\scrcpy;C:\Users\Rioan\AppData\Local\Microsoft\WindowsApps;
USERNAME=Rioan
OS=Windows_NT
PROCESSOR_IDENTIFIER=AMD64 Family 23 Model 17 Stepping 0, AuthenticAMD
TMP=C:\Users\Rioan\AppData\Local\Temp
TEMP=C:\Users\Rioan\AppData\Local\Temp



---------------  S Y S T E M  ---------------

OS:
 Windows 10 , 64 bit Build 19041 (10.0.19041.2546)
OS uptime: 0 days 0:25 hours

CPU: total 8 (initial active 8) (8 cores per cpu, 2 threads per core) family 23 model 17 stepping 0 microcode 0x0, cx8, cmov, fxsr, ht, mmx, 3dnowpref, sse, sse2, sse3, ssse3, sse4a, sse4.1, sse4.2, popcnt, lzcnt, tsc, tscinvbit, avx, avx2, aes, clmul, bmi1, bmi2, adx, sha, fma, vzeroupper, clflush, clflushopt, rdtscp

Memory: 4k page, system-wide physical 3484M (214M free)
TotalPageFile size 14236M (AvailPageFile size 0M)
current process WorkingSet (physical memory assigned to process): 52M, peak: 93M
current process commit charge ("private bytes"): 223M, peak: 223M

vm_info: Java HotSpot(TM) 64-Bit Server VM (19.0.2+7-44) for windows-amd64 JRE (19.0.2+7-44), built on 2022-11-30T18:02:09Z by "mach5one" with MS VC++ 17.1 (VS2022)

END.
