#
# There is insufficient memory for the Java Runtime Environment to continue.
# Native memory allocation (mmap) failed to map 65536 bytes for Failed to commit metaspace.
# Possible reasons:
#   The system is out of physical RAM or swap space
#   The process is running with CompressedOops enabled, and the Java Heap may be blocking the growth of the native heap
# Possible solutions:
#   Reduce memory load on the system
#   Increase physical memory or swap space
#   Check if swap backing store is full
#   Decrease Java heap size (-Xmx/-Xms)
#   Decrease number of Java threads
#   Decrease Java thread stack sizes (-Xss)
#   Set larger code cache with -XX:ReservedCodeCacheSize=
#   JVM is running with Unscaled Compressed Oops mode in which the Java heap is
#     placed in the first 4GB address space. The Java Heap base address is the
#     maximum limit for the native heap growth. Please use -XX:HeapBaseMinAddress
#     to set the Java Heap base and to place the Java Heap above 4GB virtual address.
# This output file may be truncated or incomplete.
#
#  Out of Memory Error (virtualSpaceNode.cpp:110), pid=5100, tid=20580
#
# JRE version: Java(TM) SE Runtime Environment (19.0.2+7) (build 19.0.2+7-44)
# Java VM: Java HotSpot(TM) 64-Bit Server VM (19.0.2+7-44, mixed mode, sharing, tiered, compressed oops, compressed class ptrs, g1 gc, windows-amd64)
# No core dump will be written. Minidumps are not enabled by default on client versions of Windows
#

---------------  S U M M A R Y ------------

Command Line: -Dfile.encoding=UTF-8 -agentlib:jdwp=transport=dt_shmem,address=javadebug4070 --module-path=C:\Users\Rioan\OneDrive\Desktop\Isaac Project\databasee_1\build\classes databasee.login

Host: AMD Ryzen 5 2500U with Radeon Vega Mobile Gfx  , 8 cores, 3G,  Windows 10 , 64 bit Build 19041 (10.0.19041.2546)
Time: Sat Apr  1 18:00:45 2023 China Standard Time elapsed time: 32.539188 seconds (0d 0h 0m 32s)

---------------  T H R E A D  ---------------

Current thread (0x000002857b8fb3a0):  JavaThread "main" [_thread_in_vm, id=20580, stack(0x000000a6c6c00000,0x000000a6c6d00000)]

Stack: [0x000000a6c6c00000,0x000000a6c6d00000]
Native frames: (J=compiled Java code, j=interpreted, Vv=VM code, C=native code)
V  [jvm.dll+0x6ee21a]
V  [jvm.dll+0x85765e]
V  [jvm.dll+0x85904e]
V  [jvm.dll+0x859703]
V  [jvm.dll+0x28298f]
V  [jvm.dll+0x8532db]
V  [jvm.dll+0x692cb6]
V  [jvm.dll+0x1f2937]
V  [jvm.dll+0x6956f2]
V  [jvm.dll+0x6954de]
V  [jvm.dll+0x6936de]
V  [jvm.dll+0x3c4eaf]
V  [jvm.dll+0x2161bb]
V  [jvm.dll+0x5a9ce0]
V  [jvm.dll+0x7cd5d8]
V  [jvm.dll+0x7cd4fa]
V  [jvm.dll+0x46b2ad]
V  [jvm.dll+0x47d46d]
C  [java.dll+0x1657]

Java frames: (J=compiled Java code, j=interpreted, Vv=VM code)
j  java.lang.ClassLoader.defineClass0(Ljava/lang/ClassLoader;Ljava/lang/Class;Ljava/lang/String;[BIILjava/security/ProtectionDomain;ZILjava/lang/Object;)Ljava/lang/Class;+0 java.base@19.0.2
j  java.lang.System$2.defineClass(Ljava/lang/ClassLoader;Ljava/lang/Class;Ljava/lang/String;[BLjava/security/ProtectionDomain;ZILjava/lang/Object;)Ljava/lang/Class;+17 java.base@19.0.2
j  java.lang.invoke.MethodHandles$Lookup$ClassDefiner.defineClass(ZLjava/lang/Object;)Ljava/lang/Class;+54 java.base@19.0.2
j  java.lang.invoke.InvokerBytecodeGenerator.loadMethod([B)Ljava/lang/invoke/MemberName;+19 java.base@19.0.2
j  java.lang.invoke.InvokerBytecodeGenerator.generateCustomizedCode(Ljava/lang/invoke/LambdaForm;Ljava/lang/invoke/MethodType;)Ljava/lang/invoke/MemberName;+30 java.base@19.0.2
j  java.lang.invoke.LambdaForm.compileToBytecode()V+69 java.base@19.0.2
j  java.lang.invoke.LambdaForm.prepare()V+21 java.base@19.0.2
j  java.lang.invoke.MethodHandle.<init>(Ljava/lang/invoke/MethodType;Ljava/lang/invoke/LambdaForm;)V+33 java.base@19.0.2
j  java.lang.invoke.BoundMethodHandle.<init>(Ljava/lang/invoke/MethodType;Ljava/lang/invoke/LambdaForm;)V+3 java.base@19.0.2
j  java.lang.invoke.BoundMethodHandle$Species_L.<init>(Ljava/lang/invoke/MethodType;Ljava/lang/invoke/LambdaForm;Ljava/lang/Object;)V+3 java.base@19.0.2
j  java.lang.invoke.BoundMethodHandle$Species_L.copyWith(Ljava/lang/invoke/MethodType;Ljava/lang/invoke/LambdaForm;)Ljava/lang/invoke/BoundMethodHandle;+10 java.base@19.0.2
j  java.lang.invoke.MethodHandles.dropArgumentsTrusted(Ljava/lang/invoke/MethodHandle;I[Ljava/lang/Class;)Ljava/lang/invoke/MethodHandle;+103 java.base@19.0.2
j  java.lang.invoke.MethodHandles.dropArguments(Ljava/lang/invoke/MethodHandle;I[Ljava/lang/Class;)Ljava/lang/invoke/MethodHandle;+9 java.base@19.0.2
j  jdk.internal.reflect.MethodHandleAccessorFactory.makeSpecializedTarget(Ljava/lang/invoke/MethodHandle;ZZ)Ljava/lang/invoke/MethodHandle;+86 java.base@19.0.2
j  jdk.internal.reflect.MethodHandleAccessorFactory.getDirectMethod(Ljava/lang/reflect/Method;Z)Ljava/lang/invoke/MethodHandle;+79 java.base@19.0.2
j  jdk.internal.reflect.MethodHandleAccessorFactory.newMethodAccessor(Ljava/lang/reflect/Method;Z)Ljdk/internal/reflect/MethodAccessorImpl;+41 java.base@19.0.2
j  jdk.internal.reflect.ReflectionFactory.newMethodAccessor(Ljava/lang/reflect/Method;Z)Ljdk/internal/reflect/MethodAccessor;+28 java.base@19.0.2
j  java.lang.reflect.Method.acquireMethodAccessor()Ljdk/internal/reflect/MethodAccessor;+38 java.base@19.0.2
j  java.lang.reflect.Method.invoke(Ljava/lang/Object;[Ljava/lang/Object;)Ljava/lang/Object;+75 java.base@19.0.2
j  java.lang.Class.getEnumConstantsShared()[Ljava/lang/Object;+49 java.base@19.0.2
j  java.lang.System$2.getEnumConstantsShared(Ljava/lang/Class;)[Ljava/lang/Enum;+1 java.base@19.0.2
j  java.util.EnumMap.getKeyUniverse(Ljava/lang/Class;)[Ljava/lang/Enum;+4 java.base@19.0.2
j  java.util.EnumMap.<init>(Ljava/lang/Class;)V+16 java.base@19.0.2
j  java.util.stream.StreamOpFlag.set(Ljava/util/stream/StreamOpFlag$Type;)Ljava/util/stream/StreamOpFlag$MaskBuilder;+10 java.base@19.0.2
j  java.util.stream.StreamOpFlag.<clinit>()V+11 java.base@19.0.2
v  ~StubRoutines::call_stub 0x000002850f3d100e
j  java.util.stream.StreamSupport.stream(Ljava/util/Spliterator;Z)Ljava/util/stream/Stream;+11 java.base@19.0.2
j  java.util.Collection.stream()Ljava/util/stream/Stream;+7 java.base@19.0.2
j  jdk.internal.module.DefaultRoots.compute(Ljava/lang/module/ModuleFinder;Ljava/lang/module/ModuleFinder;)Ljava/util/Set;+6 java.base@19.0.2
j  jdk.internal.module.ModuleBootstrap.boot2()Ljava/lang/ModuleLayer;+727 java.base@19.0.2
j  jdk.internal.module.ModuleBootstrap.boot()Ljava/lang/ModuleLayer;+64 java.base@19.0.2
j  java.lang.System.initPhase2(ZZ)I+0 java.base@19.0.2
v  ~StubRoutines::call_stub 0x000002850f3d100e

---------------  P R O C E S S  ---------------

Threads class SMR info:
_java_thread_list=0x0000028517630270, length=10, elements={
0x000002857b8fb3a0, 0x0000028517630f10, 0x0000028517633cb0, 0x0000028517638300,
0x0000028517638c30, 0x000002851763a850, 0x000002851763b4c0, 0x0000028517647a50,
0x000002851764b5c0, 0x0000028517658770
}

Java Threads: ( => current thread )
=>0x000002857b8fb3a0 JavaThread "main" [_thread_in_vm, id=20580, stack(0x000000a6c6c00000,0x000000a6c6d00000)]
  0x0000028517630f10 JavaThread "Reference Handler" daemon [_thread_blocked, id=20868, stack(0x000000a6c7300000,0x000000a6c7400000)]
  0x0000028517633cb0 JavaThread "Finalizer" daemon [_thread_blocked, id=20872, stack(0x000000a6c7400000,0x000000a6c7500000)]
  0x0000028517638300 JavaThread "Signal Dispatcher" daemon [_thread_blocked, id=20876, stack(0x000000a6c7500000,0x000000a6c7600000)]
  0x0000028517638c30 JavaThread "Attach Listener" daemon [_thread_blocked, id=20880, stack(0x000000a6c7600000,0x000000a6c7700000)]
  0x000002851763a850 JavaThread "Service Thread" daemon [_thread_blocked, id=20884, stack(0x000000a6c7700000,0x000000a6c7800000)]
  0x000002851763b4c0 JavaThread "Monitor Deflation Thread" daemon [_thread_blocked, id=20888, stack(0x000000a6c7800000,0x000000a6c7900000)]
  0x0000028517647a50 JavaThread "C2 CompilerThread0" daemon [_thread_blocked, id=20892, stack(0x000000a6c7900000,0x000000a6c7a00000)]
  0x000002851764b5c0 JavaThread "C1 CompilerThread0" daemon [_thread_blocked, id=20896, stack(0x000000a6c7a00000,0x000000a6c7b00000)]
  0x0000028517658770 JavaThread "Sweeper thread" daemon [_thread_blocked, id=20900, stack(0x000000a6c7b00000,0x000000a6c7c00000)]

Other Threads:
  0x000002857b9c9500 VMThread "VM Thread" [stack: 0x000000a6c7200000,0x000000a6c7300000] [id=20864]
  0x000002857b938b50 WorkerThread "GC Thread#0" [stack: 0x000000a6c6d00000,0x000000a6c6e00000] [id=20768]
  0x000002857b942170 ConcurrentGCThread "G1 Main Marker" [stack: 0x000000a6c6e00000,0x000000a6c6f00000] [id=20772]
  0x000002857b943340 WorkerThread "G1 Conc#0" [stack: 0x000000a6c6f00000,0x000000a6c7000000] [id=20776]
  0x000002857b9a9df0 ConcurrentGCThread "G1 Refine#0" [stack: 0x000000a6c7000000,0x000000a6c7100000] [id=20780]
  0x000002857b9aa930 ConcurrentGCThread "G1 Service" [stack: 0x000000a6c7100000,0x000000a6c7200000] [id=20784]

Threads with active compile tasks:

VM state: not at safepoint (normal execution)

VM Mutex/Monitor currently owned by a thread:  ([mutex/lock_event])
[0x000002857b8f4cc0] Metaspace_lock - owner thread: 0x000002857b8fb3a0

Heap address: 0x00000000c9800000, size: 872 MB, Compressed Oops mode: 32-bit

CDS archive(s) mapped at: [0x0000000800000000-0x0000000800c40000-0x0000000800c40000), size 12845056, SharedBaseAddress: 0x0000000800000000, ArchiveRelocationMode: 0.
Compressed class space mapped at: 0x0000000801000000-0x0000000841000000, reserved size: 1073741824
Narrow klass base: 0x0000000800000000, Narrow klass shift: 0, Narrow klass range: 0x100000000

GC Precious Log:
 CardTable entry size: 512
 Card Set container configuration: InlinePtr #cards 5 size 8 Array Of Cards #cards 12 size 40 Howl #buckets 4 coarsen threshold 1843 Howl Bitmap #cards 512 size 80 coarsen threshold 460 Card regions per heap region 1 cards per card region 2048
 CPUs: 8 total, 8 available
 Memory: 3484M
 Large Page Support: Disabled
 NUMA Support: Disabled
 Compressed Oops: Enabled (32-bit)
 Heap Region Size: 1M
 Heap Min Capacity: 8M
 Heap Initial Capacity: 56M
 Heap Max Capacity: 872M
 Pre-touch: Disabled
 Parallel Workers: 8
 Concurrent Workers: 2
 Concurrent Refinement Workers: 8
 Periodic GC: Disabled

Heap:
 garbage-first heap   total 57344K, used 1024K [0x00000000c9800000, 0x0000000100000000)
  region size 1024K, 2 young (2048K), 0 survivors (0K)
 Metaspace       used 137K, committed 320K, reserved 1114112K
  class space    used 4K, committed 64K, reserved 1048576K

Heap Regions: E=young(eden), S=young(survivor), O=old, HS=humongous(starts), HC=humongous(continues), CS=collection set, F=free, OA=open archive, CA=closed archive, TAMS=top-at-mark-start (previous, next)
|   0|0x00000000c9800000, 0x00000000c9800000, 0x00000000c9900000|  0%| F|  |TAMS 0x00000000c9800000, 0x00000000c9800000| Untracked 
|   1|0x00000000c9900000, 0x00000000c9900000, 0x00000000c9a00000|  0%| F|  |TAMS 0x00000000c9900000, 0x00000000c9900000| Untracked 
|   2|0x00000000c9a00000, 0x00000000c9a00000, 0x00000000c9b00000|  0%| F|  |TAMS 0x00000000c9a00000, 0x00000000c9a00000| Untracked 
|   3|0x00000000c9b00000, 0x00000000c9b00000, 0x00000000c9c00000|  0%| F|  |TAMS 0x00000000c9b00000, 0x00000000c9b00000| Untracked 
|   4|0x00000000c9c00000, 0x00000000c9c00000, 0x00000000c9d00000|  0%| F|  |TAMS 0x00000000c9c00000, 0x00000000c9c00000| Untracked 
|   5|0x00000000c9d00000, 0x00000000c9d00000, 0x00000000c9e00000|  0%| F|  |TAMS 0x00000000c9d00000, 0x00000000c9d00000| Untracked 
|   6|0x00000000c9e00000, 0x00000000c9e00000, 0x00000000c9f00000|  0%| F|  |TAMS 0x00000000c9e00000, 0x00000000c9e00000| Untracked 
|   7|0x00000000c9f00000, 0x00000000c9f00000, 0x00000000ca000000|  0%| F|  |TAMS 0x00000000c9f00000, 0x00000000c9f00000| Untracked 
|   8|0x00000000ca000000, 0x00000000ca000000, 0x00000000ca100000|  0%| F|  |TAMS 0x00000000ca000000, 0x00000000ca000000| Untracked 
|   9|0x00000000ca100000, 0x00000000ca100000, 0x00000000ca200000|  0%| F|  |TAMS 0x00000000ca100000, 0x00000000ca100000| Untracked 
|  10|0x00000000ca200000, 0x00000000ca200000, 0x00000000ca300000|  0%| F|  |TAMS 0x00000000ca200000, 0x00000000ca200000| Untracked 
|  11|0x00000000ca300000, 0x00000000ca300000, 0x00000000ca400000|  0%| F|  |TAMS 0x00000000ca300000, 0x00000000ca300000| Untracked 
|  12|0x00000000ca400000, 0x00000000ca400000, 0x00000000ca500000|  0%| F|  |TAMS 0x00000000ca400000, 0x00000000ca400000| Untracked 
|  13|0x00000000ca500000, 0x00000000ca500000, 0x00000000ca600000|  0%| F|  |TAMS 0x00000000ca500000, 0x00000000ca500000| Untracked 
|  14|0x00000000ca600000, 0x00000000ca600000, 0x00000000ca700000|  0%| F|  |TAMS 0x00000000ca600000, 0x00000000ca600000| Untracked 
|  15|0x00000000ca700000, 0x00000000ca700000, 0x00000000ca800000|  0%| F|  |TAMS 0x00000000ca700000, 0x00000000ca700000| Untracked 
|  16|0x00000000ca800000, 0x00000000ca800000, 0x00000000ca900000|  0%| F|  |TAMS 0x00000000ca800000, 0x00000000ca800000| Untracked 
|  17|0x00000000ca900000, 0x00000000ca900000, 0x00000000caa00000|  0%| F|  |TAMS 0x00000000ca900000, 0x00000000ca900000| Untracked 
|  18|0x00000000caa00000, 0x00000000caa00000, 0x00000000cab00000|  0%| F|  |TAMS 0x00000000caa00000, 0x00000000caa00000| Untracked 
|  19|0x00000000cab00000, 0x00000000cab00000, 0x00000000cac00000|  0%| F|  |TAMS 0x00000000cab00000, 0x00000000cab00000| Untracked 
|  20|0x00000000cac00000, 0x00000000cac00000, 0x00000000cad00000|  0%| F|  |TAMS 0x00000000cac00000, 0x00000000cac00000| Untracked 
|  21|0x00000000cad00000, 0x00000000cad00000, 0x00000000cae00000|  0%| F|  |TAMS 0x00000000cad00000, 0x00000000cad00000| Untracked 
|  22|0x00000000cae00000, 0x00000000cae00000, 0x00000000caf00000|  0%| F|  |TAMS 0x00000000cae00000, 0x00000000cae00000| Untracked 
|  23|0x00000000caf00000, 0x00000000caf00000, 0x00000000cb000000|  0%| F|  |TAMS 0x00000000caf00000, 0x00000000caf00000| Untracked 
|  24|0x00000000cb000000, 0x00000000cb000000, 0x00000000cb100000|  0%| F|  |TAMS 0x00000000cb000000, 0x00000000cb000000| Untracked 
|  25|0x00000000cb100000, 0x00000000cb100000, 0x00000000cb200000|  0%| F|  |TAMS 0x00000000cb100000, 0x00000000cb100000| Untracked 
|  26|0x00000000cb200000, 0x00000000cb200000, 0x00000000cb300000|  0%| F|  |TAMS 0x00000000cb200000, 0x00000000cb200000| Untracked 
|  27|0x00000000cb300000, 0x00000000cb300000, 0x00000000cb400000|  0%| F|  |TAMS 0x00000000cb300000, 0x00000000cb300000| Untracked 
|  28|0x00000000cb400000, 0x00000000cb400000, 0x00000000cb500000|  0%| F|  |TAMS 0x00000000cb400000, 0x00000000cb400000| Untracked 
|  29|0x00000000cb500000, 0x00000000cb500000, 0x00000000cb600000|  0%| F|  |TAMS 0x00000000cb500000, 0x00000000cb500000| Untracked 
|  30|0x00000000cb600000, 0x00000000cb600000, 0x00000000cb700000|  0%| F|  |TAMS 0x00000000cb600000, 0x00000000cb600000| Untracked 
|  31|0x00000000cb700000, 0x00000000cb700000, 0x00000000cb800000|  0%| F|  |TAMS 0x00000000cb700000, 0x00000000cb700000| Untracked 
|  32|0x00000000cb800000, 0x00000000cb800000, 0x00000000cb900000|  0%| F|  |TAMS 0x00000000cb800000, 0x00000000cb800000| Untracked 
|  33|0x00000000cb900000, 0x00000000cb900000, 0x00000000cba00000|  0%| F|  |TAMS 0x00000000cb900000, 0x00000000cb900000| Untracked 
|  34|0x00000000cba00000, 0x00000000cba00000, 0x00000000cbb00000|  0%| F|  |TAMS 0x00000000cba00000, 0x00000000cba00000| Untracked 
|  35|0x00000000cbb00000, 0x00000000cbb00000, 0x00000000cbc00000|  0%| F|  |TAMS 0x00000000cbb00000, 0x00000000cbb00000| Untracked 
|  36|0x00000000cbc00000, 0x00000000cbc00000, 0x00000000cbd00000|  0%| F|  |TAMS 0x00000000cbc00000, 0x00000000cbc00000| Untracked 
|  37|0x00000000cbd00000, 0x00000000cbd00000, 0x00000000cbe00000|  0%| F|  |TAMS 0x00000000cbd00000, 0x00000000cbd00000| Untracked 
|  38|0x00000000cbe00000, 0x00000000cbe00000, 0x00000000cbf00000|  0%| F|  |TAMS 0x00000000cbe00000, 0x00000000cbe00000| Untracked 
|  39|0x00000000cbf00000, 0x00000000cbf00000, 0x00000000cc000000|  0%| F|  |TAMS 0x00000000cbf00000, 0x00000000cbf00000| Untracked 
|  40|0x00000000cc000000, 0x00000000cc000000, 0x00000000cc100000|  0%| F|  |TAMS 0x00000000cc000000, 0x00000000cc000000| Untracked 
|  41|0x00000000cc100000, 0x00000000cc100000, 0x00000000cc200000|  0%| F|  |TAMS 0x00000000cc100000, 0x00000000cc100000| Untracked 
|  42|0x00000000cc200000, 0x00000000cc200000, 0x00000000cc300000|  0%| F|  |TAMS 0x00000000cc200000, 0x00000000cc200000| Untracked 
|  43|0x00000000cc300000, 0x00000000cc300000, 0x00000000cc400000|  0%| F|  |TAMS 0x00000000cc300000, 0x00000000cc300000| Untracked 
|  44|0x00000000cc400000, 0x00000000cc400000, 0x00000000cc500000|  0%| F|  |TAMS 0x00000000cc400000, 0x00000000cc400000| Untracked 
|  45|0x00000000cc500000, 0x00000000cc500000, 0x00000000cc600000|  0%| F|  |TAMS 0x00000000cc500000, 0x00000000cc500000| Untracked 
|  46|0x00000000cc600000, 0x00000000cc600000, 0x00000000cc700000|  0%| F|  |TAMS 0x00000000cc600000, 0x00000000cc600000| Untracked 
|  47|0x00000000cc700000, 0x00000000cc700000, 0x00000000cc800000|  0%| F|  |TAMS 0x00000000cc700000, 0x00000000cc700000| Untracked 
|  48|0x00000000cc800000, 0x00000000cc800000, 0x00000000cc900000|  0%| F|  |TAMS 0x00000000cc800000, 0x00000000cc800000| Untracked 
|  49|0x00000000cc900000, 0x00000000cc900000, 0x00000000cca00000|  0%| F|  |TAMS 0x00000000cc900000, 0x00000000cc900000| Untracked 
|  50|0x00000000cca00000, 0x00000000cca00000, 0x00000000ccb00000|  0%| F|  |TAMS 0x00000000cca00000, 0x00000000cca00000| Untracked 
|  51|0x00000000ccb00000, 0x00000000ccb00000, 0x00000000ccc00000|  0%| F|  |TAMS 0x00000000ccb00000, 0x00000000ccb00000| Untracked 
|  52|0x00000000ccc00000, 0x00000000ccc00000, 0x00000000ccd00000|  0%| F|  |TAMS 0x00000000ccc00000, 0x00000000ccc00000| Untracked 
|  53|0x00000000ccd00000, 0x00000000ccd00000, 0x00000000cce00000|  0%| F|  |TAMS 0x00000000ccd00000, 0x00000000ccd00000| Untracked 
|  54|0x00000000cce00000, 0x00000000cceec0a8, 0x00000000ccf00000| 92%| E|  |TAMS 0x00000000cce00000, 0x00000000cce00000| Complete 
|  55|0x00000000ccf00000, 0x00000000cd000000, 0x00000000cd000000|100%| E|CS|TAMS 0x00000000ccf00000, 0x00000000ccf00000| Complete 

Card table byte_map: [0x000002857bec0000,0x000002857c080000] _byte_map_base: 0x000002857b874000

Marking Bits (Prev, Next): (CMBitMap*) 0x000002857b93a190, (CMBitMap*) 0x000002857b93a1d0
 Prev Bits: [0x000002857c240000, 0x000002857cfe0000)
 Next Bits: [0x000002857cfe0000, 0x000002857dd80000)

Polling page: 0x000002857b0d0000

Metaspace:

Usage:
  Non-class:    132.98 KB used.
      Class:      4.22 KB used.
       Both:    137.20 KB used.

Virtual space:
  Non-class space:       64.00 MB reserved,     256.00 KB ( <1%) committed,  1 nodes.
      Class space:        1.00 GB reserved,      64.00 KB ( <1%) committed,  1 nodes.
             Both:        1.06 GB reserved,     320.00 KB ( <1%) committed. 

Chunk freelists:
   Non-Class:  4.00 MB
       Class:  3.75 MB
        Both:  7.75 MB

MaxMetaspaceSize: unlimited
CompressedClassSpaceSize: 1.00 GB
Initial GC threshold: 21.00 MB
Current GC threshold: 21.00 MB
CDS: on
MetaspaceReclaimPolicy: balanced
 - commit_granule_bytes: 65536.
 - commit_granule_words: 8192.
 - virtual_space_node_default_size: 8388608.
 - enlarge_chunks_in_place: 1.
 - new_chunks_are_fully_committed: 0.
 - uncommit_free_chunks: 1.
 - use_allocation_guard: 0.


Internal statistics:

num_allocs_failed_limit: 0.
num_arena_births: 4.
num_arena_deaths: 0.
num_vsnodes_births: 2.
num_vsnodes_deaths: 0.
num_space_committed: 5.
num_space_uncommitted: 0.
num_chunks_returned_to_freelist: 0.
num_chunks_taken_from_freelist: 4.
num_chunk_merges: 0.
num_chunk_splits: 2.
num_chunks_enlarged: 0.
num_inconsistent_stats: 0.

CodeHeap 'non-profiled nmethods': size=120000Kb used=13Kb max_used=13Kb free=119986Kb
 bounds [0x000002850f970000, 0x000002850fbe0000, 0x0000028516ea0000]
CodeHeap 'profiled nmethods': size=120000Kb used=54Kb max_used=54Kb free=119946Kb
 bounds [0x0000028507ea0000, 0x0000028508110000, 0x000002850f3d0000]
CodeHeap 'non-nmethods': size=5760Kb used=1236Kb max_used=1236Kb free=4523Kb
 bounds [0x000002850f3d0000, 0x000002850f640000, 0x000002850f970000]
 total_blobs=405 nmethods=48 adapters=268
 compilation: enabled
              stopped_count=0, restarted_count=0
 full_count=0

Compilation events (20 events):
Event: 6.388 Thread 0x000002851764b5c0   29       3       java.util.ImmutableCollections$SetN$SetNIterator::hasNext (13 bytes)
Event: 6.388 Thread 0x000002851764b5c0 nmethod 29 0x0000028507ea8a90 code [0x0000028507ea8c20, 0x0000028507ea8d98]
Event: 6.388 Thread 0x000002851764b5c0   30       3       java.util.concurrent.ConcurrentHashMap::tabAt (22 bytes)
Event: 6.389 Thread 0x000002851764b5c0 nmethod 30 0x0000028507ea8e10 code [0x0000028507ea8fc0, 0x0000028507ea92b8]
Event: 6.389 Thread 0x000002851764b5c0   31       3       jdk.internal.misc.Unsafe::getReferenceAcquire (7 bytes)
Event: 6.389 Thread 0x000002851764b5c0 nmethod 31 0x0000028507ea9390 code [0x0000028507ea9520, 0x0000028507ea9698]
Event: 6.389 Thread 0x000002851764b5c0   33       3       java.util.concurrent.ConcurrentHashMap::spread (10 bytes)
Event: 6.389 Thread 0x000002851764b5c0 nmethod 33 0x0000028507ea9710 code [0x0000028507ea98a0, 0x0000028507ea9998]
Event: 6.839 Thread 0x000002851764b5c0   34       3       java.util.ImmutableCollections$SetN$SetNIterator::next (90 bytes)
Event: 6.839 Thread 0x000002851764b5c0 nmethod 34 0x0000028507ea9a10 code [0x0000028507ea9be0, 0x0000028507ea9f08]
Event: 11.427 Thread 0x000002851764b5c0   35       3       java.util.HashMap::hash (20 bytes)
Event: 11.427 Thread 0x000002851764b5c0 nmethod 35 0x0000028507eaa090 code [0x0000028507eaa240, 0x0000028507eaa468]
Event: 27.125 Thread 0x000002851764b5c0   38   !   3       java.util.concurrent.ConcurrentHashMap::putVal (432 bytes)
Event: 27.128 Thread 0x000002851764b5c0 nmethod 38 0x0000028507eaa510 code [0x0000028507eaa8a0, 0x0000028507eac528]
Event: 27.128 Thread 0x000002851764b5c0   39       3       java.util.concurrent.ConcurrentHashMap$Node::<init> (20 bytes)
Event: 27.129 Thread 0x000002851764b5c0 nmethod 39 0x0000028507ead010 code [0x0000028507ead1c0, 0x0000028507ead3f8]
Event: 31.688 Thread 0x000002851764b5c0   47       3       java.lang.StringLatin1::canEncode (13 bytes)
Event: 31.688 Thread 0x000002851764b5c0 nmethod 47 0x0000028507ead490 code [0x0000028507ead620, 0x0000028507ead778]
Event: 31.851 Thread 0x000002851764b5c0   48       1       java.lang.Enum::ordinal (5 bytes)
Event: 31.851 Thread 0x000002851764b5c0 nmethod 48 0x000002850f973290 code [0x000002850f973420, 0x000002850f9734d8]

GC Heap History (0 events):
No events

Dll operation events (2 events):
Event: 1.013 Loaded shared library C:\Java\bin\java.dll
Event: 1.794 Loaded shared library C:\Java\bin\jsvml.dll

Deoptimization events (0 events):
No events

Classes loaded (0 events):
No events

Classes unloaded (0 events):
No events

Classes redefined (0 events):
No events

Internal exceptions (0 events):
No events

VM Operations (4 events):
Event: 2.795 Executing VM operation: Cleanup
Event: 3.139 Executing VM operation: Cleanup done
Event: 28.217 Executing VM operation: Cleanup
Event: 28.578 Executing VM operation: Cleanup done

Events (10 events):
Event: 1.794 Thread 0x000002857b8fb3a0 Thread added: 0x000002857b8fb3a0
Event: 1.816 Thread 0x0000028517630f10 Thread added: 0x0000028517630f10
Event: 1.816 Thread 0x0000028517633cb0 Thread added: 0x0000028517633cb0
Event: 1.816 Thread 0x0000028517638300 Thread added: 0x0000028517638300
Event: 1.817 Thread 0x0000028517638c30 Thread added: 0x0000028517638c30
Event: 1.817 Thread 0x000002851763a850 Thread added: 0x000002851763a850
Event: 1.817 Thread 0x000002851763b4c0 Thread added: 0x000002851763b4c0
Event: 1.817 Thread 0x0000028517647a50 Thread added: 0x0000028517647a50
Event: 1.817 Thread 0x000002851764b5c0 Thread added: 0x000002851764b5c0
Event: 1.817 Thread 0x0000028517658770 Thread added: 0x0000028517658770


Dynamic libraries:
0x00007ff68a850000 - 0x00007ff68a860000 	C:\Java\bin\java.exe
0x00007ff916070000 - 0x00007ff916268000 	C:\WINDOWS\SYSTEM32\ntdll.dll
0x00007ff914d40000 - 0x00007ff914dff000 	C:\WINDOWS\System32\KERNEL32.DLL
0x00007ff913ba0000 - 0x00007ff913e72000 	C:\WINDOWS\System32\KERNELBASE.dll
0x00007ff913a70000 - 0x00007ff913b70000 	C:\WINDOWS\System32\ucrtbase.dll
0x00007ff8f5560000 - 0x00007ff8f5578000 	C:\Java\bin\jli.dll
0x00007ff8c9cb0000 - 0x00007ff8c9ccb000 	C:\Java\bin\VCRUNTIME140.dll
0x00007ff914760000 - 0x00007ff91480e000 	C:\WINDOWS\System32\ADVAPI32.dll
0x00007ff915360000 - 0x00007ff9153fe000 	C:\WINDOWS\System32\msvcrt.dll
0x00007ff9148c0000 - 0x00007ff91495c000 	C:\WINDOWS\System32\sechost.dll
0x00007ff915e40000 - 0x00007ff915f64000 	C:\WINDOWS\System32\RPCRT4.dll
0x00007ff914120000 - 0x00007ff9142c1000 	C:\WINDOWS\System32\USER32.dll
0x00007ff913b70000 - 0x00007ff913b92000 	C:\WINDOWS\System32\win32u.dll
0x00007ff902a00000 - 0x00007ff902c9a000 	C:\WINDOWS\WinSxS\amd64_microsoft.windows.common-controls_6595b64144ccf1df_6.0.19041.1110_none_60b5254171f9507e\COMCTL32.dll
0x00007ff914c30000 - 0x00007ff914c5b000 	C:\WINDOWS\System32\GDI32.dll
0x00007ff913880000 - 0x00007ff91398f000 	C:\WINDOWS\System32\gdi32full.dll
0x00007ff913770000 - 0x00007ff91380d000 	C:\WINDOWS\System32\msvcp_win.dll
0x00007ff90c3c0000 - 0x00007ff90c3ca000 	C:\WINDOWS\SYSTEM32\VERSION.dll
0x00007ff915270000 - 0x00007ff9152a0000 	C:\WINDOWS\System32\IMM32.DLL
0x00007ff8e6aa0000 - 0x00007ff8e6aac000 	C:\Java\bin\vcruntime140_1.dll
0x00007ff8c6930000 - 0x00007ff8c69be000 	C:\Java\bin\msvcp140.dll
0x00007ff8c5480000 - 0x00007ff8c6140000 	C:\Java\bin\server\jvm.dll
0x00007ff8e8030000 - 0x00007ff8e8039000 	C:\WINDOWS\SYSTEM32\WSOCK32.dll
0x00007ff90c390000 - 0x00007ff90c3b7000 	C:\WINDOWS\SYSTEM32\WINMM.dll
0x00007ff914960000 - 0x00007ff9149cb000 	C:\WINDOWS\System32\WS2_32.dll
0x00007ff911630000 - 0x00007ff911642000 	C:\WINDOWS\SYSTEM32\kernel.appcore.dll
0x00007ff8e6850000 - 0x00007ff8e685a000 	C:\Java\bin\jimage.dll
0x00007ff9012e0000 - 0x00007ff9014c4000 	C:\WINDOWS\SYSTEM32\DBGHELP.DLL
0x00007ff901530000 - 0x00007ff901565000 	C:\WINDOWS\SYSTEM32\dbgcore.DLL
0x00007ff913fe0000 - 0x00007ff914062000 	C:\WINDOWS\System32\bcryptPrimitives.dll
0x00007ff8e68a0000 - 0x00007ff8e68dc000 	C:\Java\bin\jdwp.dll
0x00007ff8c5410000 - 0x00007ff8c5436000 	C:\Java\bin\java.dll
0x00007ff8c5330000 - 0x00007ff8c5407000 	C:\Java\bin\jsvml.dll
0x00007ff915420000 - 0x00007ff915b65000 	C:\WINDOWS\System32\SHELL32.dll
0x00007ff911830000 - 0x00007ff911fc2000 	C:\WINDOWS\SYSTEM32\windows.storage.dll
0x00007ff914400000 - 0x00007ff914755000 	C:\WINDOWS\System32\combase.dll
0x00007ff913160000 - 0x00007ff913190000 	C:\WINDOWS\SYSTEM32\Wldp.dll
0x00007ff9152a0000 - 0x00007ff91534d000 	C:\WINDOWS\System32\SHCORE.dll
0x00007ff914b30000 - 0x00007ff914b85000 	C:\WINDOWS\System32\shlwapi.dll
0x00007ff9136b0000 - 0x00007ff9136cf000 	C:\WINDOWS\SYSTEM32\profapi.dll

dbghelp: loaded successfully - version: 4.0.5 - missing functions: none
symbol engine: initialized successfully - sym options: 0x614 - pdb path: .;C:\Java\bin;C:\WINDOWS\SYSTEM32;C:\WINDOWS\WinSxS\amd64_microsoft.windows.common-controls_6595b64144ccf1df_6.0.19041.1110_none_60b5254171f9507e;C:\Java\bin\server

VM Arguments:
jvm_args: -Dfile.encoding=UTF-8 -agentlib:jdwp=transport=dt_shmem,address=javadebug4070 --module-path=C:\Users\Rioan\OneDrive\Desktop\Isaac Project\databasee_1\build\classes 
java_command: databasee.login
java_class_path (initial): C:\Users\Rioan\OneDrive\Desktop\Beginners\JCalendar.jar;C:\Users\Rioan\OneDrive\Desktop\Beginners\netbeans\java\modules\ext\AbsoluteLayout.jar;C:\Users\Rioan\OneDrive\Desktop\Isaac Project\databasee_1\build\classes
Launcher Type: SUN_STANDARD

[Global flags]
     intx CICompilerCount                          = 4                                         {product} {ergonomic}
     uint ConcGCThreads                            = 2                                         {product} {ergonomic}
     uint G1ConcRefinementThreads                  = 8                                         {product} {ergonomic}
   size_t G1HeapRegionSize                         = 1048576                                   {product} {ergonomic}
    uintx GCDrainStackTargetSize                   = 64                                        {product} {ergonomic}
   size_t InitialHeapSize                          = 58720256                                  {product} {ergonomic}
   size_t MarkStackSize                            = 4194304                                   {product} {ergonomic}
   size_t MaxHeapSize                              = 914358272                                 {product} {ergonomic}
   size_t MaxNewSize                               = 548405248                                 {product} {ergonomic}
   size_t MinHeapDeltaBytes                        = 1048576                                   {product} {ergonomic}
   size_t MinHeapSize                              = 8388608                                   {product} {ergonomic}
    uintx NonNMethodCodeHeapSize                   = 5839372                                {pd product} {ergonomic}
    uintx NonProfiledCodeHeapSize                  = 122909434                              {pd product} {ergonomic}
    uintx ProfiledCodeHeapSize                     = 122909434                              {pd product} {ergonomic}
    uintx ReservedCodeCacheSize                    = 251658240                              {pd product} {ergonomic}
     bool SegmentedCodeCache                       = true                                      {product} {ergonomic}
   size_t SoftMaxHeapSize                          = 914358272                              {manageable} {ergonomic}
     bool UseCompressedClassPointers               = true                           {product lp64_product} {ergonomic}
     bool UseCompressedOops                        = true                           {product lp64_product} {ergonomic}
     bool UseG1GC                                  = true                                      {product} {ergonomic}
     bool UseLargePagesIndividualAllocation        = false                                  {pd product} {ergonomic}

Logging:
Log output configuration:
 #0: stdout all=warning uptime,level,tags foldmultilines=false
 #1: stderr all=off uptime,level,tags foldmultilines=false

Environment Variables:
PATH=C:\Program Files\Common Files\Oracle\Java\javapath;C:\ProgramData\Oracle\Java\javapath;C:\WINDOWS\system32;C:\WINDOWS;C:\WINDOWS\System32\Wbem;C:\WINDOWS\System32\WindowsPowerShell\v1.0\;C:\WINDOWS\System32\OpenSSH\;C:\scrcpy;C:\Users\Rioan\AppData\Local\Microsoft\WindowsApps;
USERNAME=Rioan
OS=Windows_NT
PROCESSOR_IDENTIFIER=AMD64 Family 23 Model 17 Stepping 0, AuthenticAMD
TMP=C:\Users\Rioan\AppData\Local\Temp
TEMP=C:\Users\Rioan\AppData\Local\Temp



---------------  S Y S T E M  ---------------

OS:
 Windows 10 , 64 bit Build 19041 (10.0.19041.2546)
OS uptime: 0 days 0:11 hours

CPU: total 8 (initial active 8) (8 cores per cpu, 2 threads per core) family 23 model 17 stepping 0 microcode 0x0, cx8, cmov, fxsr, ht, mmx, 3dnowpref, sse, sse2, sse3, ssse3, sse4a, sse4.1, sse4.2, popcnt, lzcnt, tsc, tscinvbit, avx, avx2, aes, clmul, bmi1, bmi2, adx, sha, fma, vzeroupper, clflush, clflushopt, rdtscp

Memory: 4k page, system-wide physical 3484M (215M free)
TotalPageFile size 14236M (AvailPageFile size 6M)
current process WorkingSet (physical memory assigned to process): 26M, peak: 26M
current process commit charge ("private bytes"): 134M, peak: 134M

vm_info: Java HotSpot(TM) 64-Bit Server VM (19.0.2+7-44) for windows-amd64 JRE (19.0.2+7-44), built on 2022-11-30T18:02:09Z by "mach5one" with MS VC++ 17.1 (VS2022)

END.
