#
# There is insufficient memory for the Java Runtime Environment to continue.
# Native memory allocation (malloc) failed to allocate 32744 bytes for Chunk::new
# Possible reasons:
#   The system is out of physical RAM or swap space
#   The process is running with CompressedOops enabled, and the Java Heap may be blocking the growth of the native heap
# Possible solutions:
#   Reduce memory load on the system
#   Increase physical memory or swap space
#   Check if swap backing store is full
#   Decrease Java heap size (-Xmx/-Xms)
#   Decrease number of Java threads
#   Decrease Java thread stack sizes (-Xss)
#   Set larger code cache with -XX:ReservedCodeCacheSize=
#   JVM is running with Unscaled Compressed Oops mode in which the Java heap is
#     placed in the first 4GB address space. The Java Heap base address is the
#     maximum limit for the native heap growth. Please use -XX:HeapBaseMinAddress
#     to set the Java Heap base and to place the Java Heap above 4GB virtual address.
# This output file may be truncated or incomplete.
#
#  Out of Memory Error (arena.cpp:184), pid=9328, tid=18032
#
# JRE version: Java(TM) SE Runtime Environment (19.0.2+7) (build 19.0.2+7-44)
# Java VM: Java HotSpot(TM) 64-Bit Server VM (19.0.2+7-44, mixed mode, sharing, tiered, compressed oops, compressed class ptrs, g1 gc, windows-amd64)
# No core dump will be written. Minidumps are not enabled by default on client versions of Windows
#

---------------  S U M M A R Y ------------

Command Line: -Dfile.encoding=UTF-8 -agentlib:jdwp=transport=dt_shmem,address=javadebug3384 --module-path=C:\Users\Rioan\OneDrive\Desktop\Isaac Project\databasee_1\build\classes databasee.login

Host: AMD Ryzen 5 2500U with Radeon Vega Mobile Gfx  , 8 cores, 3G,  Windows 10 , 64 bit Build 19041 (10.0.19041.2546)
Time: Sat Apr  1 18:00:56 2023 China Standard Time elapsed time: 53.484495 seconds (0d 0h 0m 53s)

---------------  T H R E A D  ---------------

Current thread (0x000001f97f44df20):  JavaThread "C2 CompilerThread0" daemon [_thread_in_native, id=18032, stack(0x000000b233e00000,0x000000b233f00000)]


Current CompileTask:
C2:  53484  168       4       java.util.HashMap::putVal (300 bytes)

Stack: [0x000000b233e00000,0x000000b233f00000]
Native frames: (J=compiled Java code, j=interpreted, Vv=VM code, C=native code)
V  [jvm.dll+0x6ee21a]
V  [jvm.dll+0x85765e]
V  [jvm.dll+0x85904e]
V  [jvm.dll+0x859703]
V  [jvm.dll+0x28298f]
V  [jvm.dll+0xc9adf]
V  [jvm.dll+0xc9e65]
V  [jvm.dll+0x719b09]
V  [jvm.dll+0x1ee367]
V  [jvm.dll+0x24c52b]
V  [jvm.dll+0x24b781]
V  [jvm.dll+0x1d6ce1]
V  [jvm.dll+0x25b25a]
V  [jvm.dll+0x2596e8]
V  [jvm.dll+0x807588]
V  [jvm.dll+0x80125a]
V  [jvm.dll+0x6ecf0b]
C  [ucrtbase.dll+0x21bb2]
C  [KERNEL32.DLL+0x17614]
C  [ntdll.dll+0x526a1]


---------------  P R O C E S S  ---------------

Threads class SMR info:
_java_thread_list=0x000001f97f658540, length=11, elements={
0x000001f96373a9a0, 0x000001f97f4366d0, 0x000001f97f439470, 0x000001f97f43b830,
0x000001f97f43c3e0, 0x000001f97f43ceb0, 0x000001f97f43dac0, 0x000001f97f44df20,
0x000001f97f4509f0, 0x000001f97f454b90, 0x000001f97f6257c0
}

Java Threads: ( => current thread )
  0x000001f96373a9a0 JavaThread "main" [_thread_in_vm, id=14560, stack(0x000000b233100000,0x000000b233200000)]
  0x000001f97f4366d0 JavaThread "Reference Handler" daemon [_thread_blocked, id=18144, stack(0x000000b233800000,0x000000b233900000)]
  0x000001f97f439470 JavaThread "Finalizer" daemon [_thread_blocked, id=18380, stack(0x000000b233900000,0x000000b233a00000)]
  0x000001f97f43b830 JavaThread "Signal Dispatcher" daemon [_thread_blocked, id=18080, stack(0x000000b233a00000,0x000000b233b00000)]
  0x000001f97f43c3e0 JavaThread "Attach Listener" daemon [_thread_blocked, id=18384, stack(0x000000b233b00000,0x000000b233c00000)]
  0x000001f97f43ceb0 JavaThread "Service Thread" daemon [_thread_blocked, id=13548, stack(0x000000b233c00000,0x000000b233d00000)]
  0x000001f97f43dac0 JavaThread "Monitor Deflation Thread" daemon [_thread_blocked, id=18440, stack(0x000000b233d00000,0x000000b233e00000)]
=>0x000001f97f44df20 JavaThread "C2 CompilerThread0" daemon [_thread_in_native, id=18032, stack(0x000000b233e00000,0x000000b233f00000)]
  0x000001f97f4509f0 JavaThread "C1 CompilerThread0" daemon [_thread_blocked, id=18460, stack(0x000000b233f00000,0x000000b234000000)]
  0x000001f97f454b90 JavaThread "Sweeper thread" daemon [_thread_blocked, id=18148, stack(0x000000b234000000,0x000000b234100000)]
  0x000001f97f6257c0 JavaThread "Common-Cleaner" daemon [_thread_blocked, id=22516, stack(0x000000b234100000,0x000000b234200000)]

Other Threads:
  0x000001f97f41c4b0 VMThread "VM Thread" [stack: 0x000000b233700000,0x000000b233800000] [id=18252]
  0x000001f963777d60 WorkerThread "GC Thread#0" [stack: 0x000000b233200000,0x000000b233300000] [id=17312]
  0x000001f9637809d0 ConcurrentGCThread "G1 Main Marker" [stack: 0x000000b233300000,0x000000b233400000] [id=18248]
  0x000001f9637815a0 WorkerThread "G1 Conc#0" [stack: 0x000000b233400000,0x000000b233500000] [id=18092]
  0x000001f97f2f0090 ConcurrentGCThread "G1 Refine#0" [stack: 0x000000b233500000,0x000000b233600000] [id=17328]
  0x000001f97f2f0bd0 ConcurrentGCThread "G1 Service" [stack: 0x000000b233600000,0x000000b233700000] [id=18140]

Threads with active compile tasks:
C2 CompilerThread0    53569  168       4       java.util.HashMap::putVal (300 bytes)

VM state: not at safepoint (normal execution)

VM Mutex/Monitor currently owned by a thread: None

Heap address: 0x00000000c9800000, size: 872 MB, Compressed Oops mode: 32-bit

CDS archive(s) mapped at: [0x0000000800000000-0x0000000800c40000-0x0000000800c40000), size 12845056, SharedBaseAddress: 0x0000000800000000, ArchiveRelocationMode: 0.
Compressed class space mapped at: 0x0000000801000000-0x0000000841000000, reserved size: 1073741824
Narrow klass base: 0x0000000800000000, Narrow klass shift: 0, Narrow klass range: 0x100000000

GC Precious Log:
 CardTable entry size: 512
 Card Set container configuration: InlinePtr #cards 5 size 8 Array Of Cards #cards 12 size 40 Howl #buckets 4 coarsen threshold 1843 Howl Bitmap #cards 512 size 80 coarsen threshold 460 Card regions per heap region 1 cards per card region 2048
 CPUs: 8 total, 8 available
 Memory: 3484M
 Large Page Support: Disabled
 NUMA Support: Disabled
 Compressed Oops: Enabled (32-bit)
 Heap Region Size: 1M
 Heap Min Capacity: 8M
 Heap Initial Capacity: 56M
 Heap Max Capacity: 872M
 Pre-touch: Disabled
 Parallel Workers: 8
 Concurrent Workers: 2
 Concurrent Refinement Workers: 8
 Periodic GC: Disabled

Heap:
 garbage-first heap   total 57344K, used 2048K [0x00000000c9800000, 0x0000000100000000)
  region size 1024K, 3 young (3072K), 0 survivors (0K)
 Metaspace       used 329K, committed 512K, reserved 1114112K
  class space    used 20K, committed 128K, reserved 1048576K

Heap Regions: E=young(eden), S=young(survivor), O=old, HS=humongous(starts), HC=humongous(continues), CS=collection set, F=free, OA=open archive, CA=closed archive, TAMS=top-at-mark-start (previous, next)
|   0|0x00000000c9800000, 0x00000000c9800000, 0x00000000c9900000|  0%| F|  |TAMS 0x00000000c9800000, 0x00000000c9800000| Untracked 
|   1|0x00000000c9900000, 0x00000000c9900000, 0x00000000c9a00000|  0%| F|  |TAMS 0x00000000c9900000, 0x00000000c9900000| Untracked 
|   2|0x00000000c9a00000, 0x00000000c9a00000, 0x00000000c9b00000|  0%| F|  |TAMS 0x00000000c9a00000, 0x00000000c9a00000| Untracked 
|   3|0x00000000c9b00000, 0x00000000c9b00000, 0x00000000c9c00000|  0%| F|  |TAMS 0x00000000c9b00000, 0x00000000c9b00000| Untracked 
|   4|0x00000000c9c00000, 0x00000000c9c00000, 0x00000000c9d00000|  0%| F|  |TAMS 0x00000000c9c00000, 0x00000000c9c00000| Untracked 
|   5|0x00000000c9d00000, 0x00000000c9d00000, 0x00000000c9e00000|  0%| F|  |TAMS 0x00000000c9d00000, 0x00000000c9d00000| Untracked 
|   6|0x00000000c9e00000, 0x00000000c9e00000, 0x00000000c9f00000|  0%| F|  |TAMS 0x00000000c9e00000, 0x00000000c9e00000| Untracked 
|   7|0x00000000c9f00000, 0x00000000c9f00000, 0x00000000ca000000|  0%| F|  |TAMS 0x00000000c9f00000, 0x00000000c9f00000| Untracked 
|   8|0x00000000ca000000, 0x00000000ca000000, 0x00000000ca100000|  0%| F|  |TAMS 0x00000000ca000000, 0x00000000ca000000| Untracked 
|   9|0x00000000ca100000, 0x00000000ca100000, 0x00000000ca200000|  0%| F|  |TAMS 0x00000000ca100000, 0x00000000ca100000| Untracked 
|  10|0x00000000ca200000, 0x00000000ca200000, 0x00000000ca300000|  0%| F|  |TAMS 0x00000000ca200000, 0x00000000ca200000| Untracked 
|  11|0x00000000ca300000, 0x00000000ca300000, 0x00000000ca400000|  0%| F|  |TAMS 0x00000000ca300000, 0x00000000ca300000| Untracked 
|  12|0x00000000ca400000, 0x00000000ca400000, 0x00000000ca500000|  0%| F|  |TAMS 0x00000000ca400000, 0x00000000ca400000| Untracked 
|  13|0x00000000ca500000, 0x00000000ca500000, 0x00000000ca600000|  0%| F|  |TAMS 0x00000000ca500000, 0x00000000ca500000| Untracked 
|  14|0x00000000ca600000, 0x00000000ca600000, 0x00000000ca700000|  0%| F|  |TAMS 0x00000000ca600000, 0x00000000ca600000| Untracked 
|  15|0x00000000ca700000, 0x00000000ca700000, 0x00000000ca800000|  0%| F|  |TAMS 0x00000000ca700000, 0x00000000ca700000| Untracked 
|  16|0x00000000ca800000, 0x00000000ca800000, 0x00000000ca900000|  0%| F|  |TAMS 0x00000000ca800000, 0x00000000ca800000| Untracked 
|  17|0x00000000ca900000, 0x00000000ca900000, 0x00000000caa00000|  0%| F|  |TAMS 0x00000000ca900000, 0x00000000ca900000| Untracked 
|  18|0x00000000caa00000, 0x00000000caa00000, 0x00000000cab00000|  0%| F|  |TAMS 0x00000000caa00000, 0x00000000caa00000| Untracked 
|  19|0x00000000cab00000, 0x00000000cab00000, 0x00000000cac00000|  0%| F|  |TAMS 0x00000000cab00000, 0x00000000cab00000| Untracked 
|  20|0x00000000cac00000, 0x00000000cac00000, 0x00000000cad00000|  0%| F|  |TAMS 0x00000000cac00000, 0x00000000cac00000| Untracked 
|  21|0x00000000cad00000, 0x00000000cad00000, 0x00000000cae00000|  0%| F|  |TAMS 0x00000000cad00000, 0x00000000cad00000| Untracked 
|  22|0x00000000cae00000, 0x00000000cae00000, 0x00000000caf00000|  0%| F|  |TAMS 0x00000000cae00000, 0x00000000cae00000| Untracked 
|  23|0x00000000caf00000, 0x00000000caf00000, 0x00000000cb000000|  0%| F|  |TAMS 0x00000000caf00000, 0x00000000caf00000| Untracked 
|  24|0x00000000cb000000, 0x00000000cb000000, 0x00000000cb100000|  0%| F|  |TAMS 0x00000000cb000000, 0x00000000cb000000| Untracked 
|  25|0x00000000cb100000, 0x00000000cb100000, 0x00000000cb200000|  0%| F|  |TAMS 0x00000000cb100000, 0x00000000cb100000| Untracked 
|  26|0x00000000cb200000, 0x00000000cb200000, 0x00000000cb300000|  0%| F|  |TAMS 0x00000000cb200000, 0x00000000cb200000| Untracked 
|  27|0x00000000cb300000, 0x00000000cb300000, 0x00000000cb400000|  0%| F|  |TAMS 0x00000000cb300000, 0x00000000cb300000| Untracked 
|  28|0x00000000cb400000, 0x00000000cb400000, 0x00000000cb500000|  0%| F|  |TAMS 0x00000000cb400000, 0x00000000cb400000| Untracked 
|  29|0x00000000cb500000, 0x00000000cb500000, 0x00000000cb600000|  0%| F|  |TAMS 0x00000000cb500000, 0x00000000cb500000| Untracked 
|  30|0x00000000cb600000, 0x00000000cb600000, 0x00000000cb700000|  0%| F|  |TAMS 0x00000000cb600000, 0x00000000cb600000| Untracked 
|  31|0x00000000cb700000, 0x00000000cb700000, 0x00000000cb800000|  0%| F|  |TAMS 0x00000000cb700000, 0x00000000cb700000| Untracked 
|  32|0x00000000cb800000, 0x00000000cb800000, 0x00000000cb900000|  0%| F|  |TAMS 0x00000000cb800000, 0x00000000cb800000| Untracked 
|  33|0x00000000cb900000, 0x00000000cb900000, 0x00000000cba00000|  0%| F|  |TAMS 0x00000000cb900000, 0x00000000cb900000| Untracked 
|  34|0x00000000cba00000, 0x00000000cba00000, 0x00000000cbb00000|  0%| F|  |TAMS 0x00000000cba00000, 0x00000000cba00000| Untracked 
|  35|0x00000000cbb00000, 0x00000000cbb00000, 0x00000000cbc00000|  0%| F|  |TAMS 0x00000000cbb00000, 0x00000000cbb00000| Untracked 
|  36|0x00000000cbc00000, 0x00000000cbc00000, 0x00000000cbd00000|  0%| F|  |TAMS 0x00000000cbc00000, 0x00000000cbc00000| Untracked 
|  37|0x00000000cbd00000, 0x00000000cbd00000, 0x00000000cbe00000|  0%| F|  |TAMS 0x00000000cbd00000, 0x00000000cbd00000| Untracked 
|  38|0x00000000cbe00000, 0x00000000cbe00000, 0x00000000cbf00000|  0%| F|  |TAMS 0x00000000cbe00000, 0x00000000cbe00000| Untracked 
|  39|0x00000000cbf00000, 0x00000000cbf00000, 0x00000000cc000000|  0%| F|  |TAMS 0x00000000cbf00000, 0x00000000cbf00000| Untracked 
|  40|0x00000000cc000000, 0x00000000cc000000, 0x00000000cc100000|  0%| F|  |TAMS 0x00000000cc000000, 0x00000000cc000000| Untracked 
|  41|0x00000000cc100000, 0x00000000cc100000, 0x00000000cc200000|  0%| F|  |TAMS 0x00000000cc100000, 0x00000000cc100000| Untracked 
|  42|0x00000000cc200000, 0x00000000cc200000, 0x00000000cc300000|  0%| F|  |TAMS 0x00000000cc200000, 0x00000000cc200000| Untracked 
|  43|0x00000000cc300000, 0x00000000cc300000, 0x00000000cc400000|  0%| F|  |TAMS 0x00000000cc300000, 0x00000000cc300000| Untracked 
|  44|0x00000000cc400000, 0x00000000cc400000, 0x00000000cc500000|  0%| F|  |TAMS 0x00000000cc400000, 0x00000000cc400000| Untracked 
|  45|0x00000000cc500000, 0x00000000cc500000, 0x00000000cc600000|  0%| F|  |TAMS 0x00000000cc500000, 0x00000000cc500000| Untracked 
|  46|0x00000000cc600000, 0x00000000cc600000, 0x00000000cc700000|  0%| F|  |TAMS 0x00000000cc600000, 0x00000000cc600000| Untracked 
|  47|0x00000000cc700000, 0x00000000cc700000, 0x00000000cc800000|  0%| F|  |TAMS 0x00000000cc700000, 0x00000000cc700000| Untracked 
|  48|0x00000000cc800000, 0x00000000cc800000, 0x00000000cc900000|  0%| F|  |TAMS 0x00000000cc800000, 0x00000000cc800000| Untracked 
|  49|0x00000000cc900000, 0x00000000cc900000, 0x00000000cca00000|  0%| F|  |TAMS 0x00000000cc900000, 0x00000000cc900000| Untracked 
|  50|0x00000000cca00000, 0x00000000cca00000, 0x00000000ccb00000|  0%| F|  |TAMS 0x00000000cca00000, 0x00000000cca00000| Untracked 
|  51|0x00000000ccb00000, 0x00000000ccb00000, 0x00000000ccc00000|  0%| F|  |TAMS 0x00000000ccb00000, 0x00000000ccb00000| Untracked 
|  52|0x00000000ccc00000, 0x00000000ccc00000, 0x00000000ccd00000|  0%| F|  |TAMS 0x00000000ccc00000, 0x00000000ccc00000| Untracked 
|  53|0x00000000ccd00000, 0x00000000ccd76478, 0x00000000cce00000| 46%| E|  |TAMS 0x00000000ccd00000, 0x00000000ccd00000| Complete 
|  54|0x00000000cce00000, 0x00000000ccf00000, 0x00000000ccf00000|100%| E|CS|TAMS 0x00000000cce00000, 0x00000000cce00000| Complete 
|  55|0x00000000ccf00000, 0x00000000cd000000, 0x00000000cd000000|100%| E|CS|TAMS 0x00000000ccf00000, 0x00000000ccf00000| Complete 

Card table byte_map: [0x000001f97aba0000,0x000001f97ad60000] _byte_map_base: 0x000001f97a554000

Marking Bits (Prev, Next): (CMBitMap*) 0x000001f9637793a0, (CMBitMap*) 0x000001f9637793e0
 Prev Bits: [0x000001f97af20000, 0x000001f97bcc0000)
 Next Bits: [0x000001f97bcc0000, 0x000001f97ca60000)

Polling page: 0x000001f9614b0000

Metaspace:

Usage:
  Non-class:    309.75 KB used.
      Class:     20.17 KB used.
       Both:    329.92 KB used.

Virtual space:
  Non-class space:       64.00 MB reserved,     384.00 KB ( <1%) committed,  1 nodes.
      Class space:        1.00 GB reserved,     128.00 KB ( <1%) committed,  1 nodes.
             Both:        1.06 GB reserved,     512.00 KB ( <1%) committed. 

Chunk freelists:
   Non-Class:  4.00 MB
       Class:  3.75 MB
        Both:  7.74 MB

MaxMetaspaceSize: unlimited
CompressedClassSpaceSize: 1.00 GB
Initial GC threshold: 21.00 MB
Current GC threshold: 21.00 MB
CDS: on
MetaspaceReclaimPolicy: balanced
 - commit_granule_bytes: 65536.
 - commit_granule_words: 8192.
 - virtual_space_node_default_size: 8388608.
 - enlarge_chunks_in_place: 1.
 - new_chunks_are_fully_committed: 0.
 - uncommit_free_chunks: 1.
 - use_allocation_guard: 0.


Internal statistics:

num_allocs_failed_limit: 0.
num_arena_births: 6.
num_arena_deaths: 0.
num_vsnodes_births: 2.
num_vsnodes_deaths: 0.
num_space_committed: 8.
num_space_uncommitted: 0.
num_chunks_returned_to_freelist: 0.
num_chunks_taken_from_freelist: 7.
num_chunk_merges: 0.
num_chunk_splits: 4.
num_chunks_enlarged: 2.
num_inconsistent_stats: 0.

CodeHeap 'non-profiled nmethods': size=120000Kb used=59Kb max_used=59Kb free=119940Kb
 bounds [0x000001f973180000, 0x000001f9733f0000, 0x000001f97a6b0000]
CodeHeap 'profiled nmethods': size=120000Kb used=196Kb max_used=196Kb free=119803Kb
 bounds [0x000001f96b6b0000, 0x000001f96b920000, 0x000001f972be0000]
CodeHeap 'non-nmethods': size=5760Kb used=1247Kb max_used=1261Kb free=4512Kb
 bounds [0x000001f972be0000, 0x000001f972e50000, 0x000001f973180000]
 total_blobs=559 nmethods=186 adapters=284
 compilation: enabled
              stopped_count=0, restarted_count=0
 full_count=0

Compilation events (20 events):
Event: 53.453 Thread 0x000001f97f4509f0  180       3       java.lang.AbstractStringBuilder::putStringAt (19 bytes)
Event: 53.453 Thread 0x000001f97f4509f0 nmethod 180 0x000001f96b6df910 code [0x000001f96b6dfae0, 0x000001f96b6dfdb8]
Event: 53.453 Thread 0x000001f97f4509f0  182       3       java.lang.AbstractStringBuilder::isLatin1 (19 bytes)
Event: 53.454 Thread 0x000001f97f4509f0 nmethod 182 0x000001f96b6dff10 code [0x000001f96b6e00a0, 0x000001f96b6e0218]
Event: 53.454 Thread 0x000001f97f4509f0  181       3       java.lang.AbstractStringBuilder::inflateIfNeededFor (22 bytes)
Event: 53.454 Thread 0x000001f97f4509f0 nmethod 181 0x000001f96b6e0290 code [0x000001f96b6e0440, 0x000001f96b6e0668]
Event: 53.454 Thread 0x000001f97f4509f0  183       1       java.lang.module.ModuleDescriptor$Version::toString (5 bytes)
Event: 53.454 Thread 0x000001f97f4509f0 nmethod 183 0x000001f97318de10 code [0x000001f97318dfa0, 0x000001f97318e058]
Event: 53.456 Thread 0x000001f97f4509f0  184       3       java.lang.module.ResolvedModule::name (11 bytes)
Event: 53.456 Thread 0x000001f97f4509f0 nmethod 184 0x000001f96b6e0790 code [0x000001f96b6e0940, 0x000001f96b6e0a98]
Event: 53.456 Thread 0x000001f97f4509f0  185       3       java.util.HashSet::<init> (16 bytes)
Event: 53.457 Thread 0x000001f97f4509f0 nmethod 185 0x000001f96b6e0b90 code [0x000001f96b6e0d60, 0x000001f96b6e1178]
Event: 53.458 Thread 0x000001f97f4509f0  187       1       java.lang.module.ResolvedModule::configuration (5 bytes)
Event: 53.459 Thread 0x000001f97f4509f0 nmethod 187 0x000001f97318e110 code [0x000001f97318e2a0, 0x000001f97318e358]
Event: 53.459 Thread 0x000001f97f4509f0  188       1       java.lang.module.ModuleDescriptor::isOpen (5 bytes)
Event: 53.459 Thread 0x000001f97f4509f0 nmethod 188 0x000001f97318e410 code [0x000001f97318e5a0, 0x000001f97318e678]
Event: 53.459 Thread 0x000001f97f4509f0  189       1       java.util.HashMap::size (5 bytes)
Event: 53.459 Thread 0x000001f97f4509f0 nmethod 189 0x000001f97318e710 code [0x000001f97318e8a0, 0x000001f97318e958]
Event: 53.459 Thread 0x000001f97f4509f0  190       1       java.lang.module.ModuleDescriptor$Provides::service (5 bytes)
Event: 53.459 Thread 0x000001f97f4509f0 nmethod 190 0x000001f97318ea10 code [0x000001f97318eba0, 0x000001f97318ec58]

GC Heap History (0 events):
No events

Dll operation events (4 events):
Event: 0.230 Loaded shared library C:\Java\bin\java.dll
Event: 0.865 Loaded shared library C:\Java\bin\jsvml.dll
Event: 50.512 Loaded shared library C:\Java\bin\net.dll
Event: 51.014 Loaded shared library C:\Java\bin\nio.dll

Deoptimization events (0 events):
No events

Classes loaded (20 events):
Event: 52.867 Loading class java/nio/file/NoSuchFileException
Event: 52.867 Loading class java/nio/file/FileSystemException
Event: 52.868 Loading class java/io/IOException
Event: 52.868 Loading class java/io/IOException done
Event: 52.868 Loading class java/nio/file/FileSystemException done
Event: 52.868 Loading class java/nio/file/NoSuchFileException done
Event: 52.868 Loading class java/nio/file/Files$AcceptAllFilter
Event: 52.869 Loading class java/nio/file/DirectoryStream$Filter
Event: 52.869 Loading class java/nio/file/DirectoryStream$Filter done
Event: 52.869 Loading class java/nio/file/Files$AcceptAllFilter done
Event: 52.870 Loading class sun/nio/fs/WindowsDirectoryStream$WindowsDirectoryIterator
Event: 52.870 Loading class sun/nio/fs/WindowsDirectoryStream$WindowsDirectoryIterator done
Event: 52.870 Loading class sun/nio/fs/WindowsPath$WindowsPathWithAttributes
Event: 52.870 Loading class sun/nio/fs/BasicFileAttributesHolder
Event: 52.870 Loading class sun/nio/fs/BasicFileAttributesHolder done
Event: 52.870 Loading class sun/nio/fs/WindowsPath$WindowsPathWithAttributes done
Event: 52.872 Loading class java/nio/file/attribute/FileAttribute
Event: 52.872 Loading class java/nio/file/attribute/FileAttribute done
Event: 52.872 Loading class sun/nio/fs/WindowsSecurityDescriptor
Event: 52.872 Loading class sun/nio/fs/WindowsSecurityDescriptor done

Classes unloaded (0 events):
No events

Classes redefined (0 events):
No events

Internal exceptions (3 events):
Event: 52.740 Thread 0x000001f96373a9a0 Exception <a 'sun/nio/fs/WindowsException'{0x00000000cce45370}> (0x00000000cce45370) 
thrown [s\open\src\hotspot\share\prims\jni.cpp, line 517]
Event: 52.866 Thread 0x000001f96373a9a0 Exception <a 'sun/nio/fs/WindowsException'{0x00000000cce458c0}> (0x00000000cce458c0) 
thrown [s\open\src\hotspot\share\prims\jni.cpp, line 517]
Event: 52.873 Thread 0x000001f96373a9a0 Exception <a 'sun/nio/fs/WindowsException'{0x00000000cce47c50}> (0x00000000cce47c50) 
thrown [s\open\src\hotspot\share\prims\jni.cpp, line 517]

VM Operations (12 events):
Event: 10.890 Executing VM operation: Cleanup
Event: 11.327 Executing VM operation: Cleanup done
Event: 38.406 Executing VM operation: Cleanup
Event: 38.642 Executing VM operation: Cleanup done
Event: 46.643 Executing VM operation: Cleanup
Event: 46.768 Executing VM operation: Cleanup done
Event: 47.768 Executing VM operation: Cleanup
Event: 47.878 Executing VM operation: Cleanup done
Event: 50.882 Executing VM operation: Cleanup
Event: 50.882 Executing VM operation: Cleanup done
Event: 53.431 Executing VM operation: HandshakeAllThreads
Event: 53.431 Executing VM operation: HandshakeAllThreads done

Events (11 events):
Event: 0.866 Thread 0x000001f96373a9a0 Thread added: 0x000001f96373a9a0
Event: 0.888 Thread 0x000001f97f4366d0 Thread added: 0x000001f97f4366d0
Event: 0.888 Thread 0x000001f97f439470 Thread added: 0x000001f97f439470
Event: 0.889 Thread 0x000001f97f43b830 Thread added: 0x000001f97f43b830
Event: 0.889 Thread 0x000001f97f43c3e0 Thread added: 0x000001f97f43c3e0
Event: 0.889 Thread 0x000001f97f43ceb0 Thread added: 0x000001f97f43ceb0
Event: 0.889 Thread 0x000001f97f43dac0 Thread added: 0x000001f97f43dac0
Event: 0.889 Thread 0x000001f97f44df20 Thread added: 0x000001f97f44df20
Event: 0.889 Thread 0x000001f97f4509f0 Thread added: 0x000001f97f4509f0
Event: 0.890 Thread 0x000001f97f454b90 Thread added: 0x000001f97f454b90
Event: 43.492 Thread 0x000001f97f6257c0 Thread added: 0x000001f97f6257c0


Dynamic libraries:
0x00007ff68a850000 - 0x00007ff68a860000 	C:\Java\bin\java.exe
0x00007ff916070000 - 0x00007ff916268000 	C:\WINDOWS\SYSTEM32\ntdll.dll
0x00007ff914d40000 - 0x00007ff914dff000 	C:\WINDOWS\System32\KERNEL32.DLL
0x00007ff913ba0000 - 0x00007ff913e72000 	C:\WINDOWS\System32\KERNELBASE.dll
0x00007ff913a70000 - 0x00007ff913b70000 	C:\WINDOWS\System32\ucrtbase.dll
0x00007ff8f5560000 - 0x00007ff8f5578000 	C:\Java\bin\jli.dll
0x00007ff8c9cb0000 - 0x00007ff8c9ccb000 	C:\Java\bin\VCRUNTIME140.dll
0x00007ff914760000 - 0x00007ff91480e000 	C:\WINDOWS\System32\ADVAPI32.dll
0x00007ff915360000 - 0x00007ff9153fe000 	C:\WINDOWS\System32\msvcrt.dll
0x00007ff9148c0000 - 0x00007ff91495c000 	C:\WINDOWS\System32\sechost.dll
0x00007ff915e40000 - 0x00007ff915f64000 	C:\WINDOWS\System32\RPCRT4.dll
0x00007ff914120000 - 0x00007ff9142c1000 	C:\WINDOWS\System32\USER32.dll
0x00007ff902a00000 - 0x00007ff902c9a000 	C:\WINDOWS\WinSxS\amd64_microsoft.windows.common-controls_6595b64144ccf1df_6.0.19041.1110_none_60b5254171f9507e\COMCTL32.dll
0x00007ff913b70000 - 0x00007ff913b92000 	C:\WINDOWS\System32\win32u.dll
0x00007ff914c30000 - 0x00007ff914c5b000 	C:\WINDOWS\System32\GDI32.dll
0x00007ff913880000 - 0x00007ff91398f000 	C:\WINDOWS\System32\gdi32full.dll
0x00007ff913770000 - 0x00007ff91380d000 	C:\WINDOWS\System32\msvcp_win.dll
0x00007ff90c3c0000 - 0x00007ff90c3ca000 	C:\WINDOWS\SYSTEM32\VERSION.dll
0x00007ff915270000 - 0x00007ff9152a0000 	C:\WINDOWS\System32\IMM32.DLL
0x00007ff8e6aa0000 - 0x00007ff8e6aac000 	C:\Java\bin\vcruntime140_1.dll
0x00007ff8c6930000 - 0x00007ff8c69be000 	C:\Java\bin\msvcp140.dll
0x00007ff8c5480000 - 0x00007ff8c6140000 	C:\Java\bin\server\jvm.dll
0x00007ff8e8030000 - 0x00007ff8e8039000 	C:\WINDOWS\SYSTEM32\WSOCK32.dll
0x00007ff90c390000 - 0x00007ff90c3b7000 	C:\WINDOWS\SYSTEM32\WINMM.dll
0x00007ff914960000 - 0x00007ff9149cb000 	C:\WINDOWS\System32\WS2_32.dll
0x00007ff911630000 - 0x00007ff911642000 	C:\WINDOWS\SYSTEM32\kernel.appcore.dll
0x00007ff8e6850000 - 0x00007ff8e685a000 	C:\Java\bin\jimage.dll
0x00007ff9012e0000 - 0x00007ff9014c4000 	C:\WINDOWS\SYSTEM32\DBGHELP.DLL
0x00007ff901530000 - 0x00007ff901565000 	C:\WINDOWS\SYSTEM32\dbgcore.DLL
0x00007ff913fe0000 - 0x00007ff914062000 	C:\WINDOWS\System32\bcryptPrimitives.dll
0x00007ff8e68a0000 - 0x00007ff8e68dc000 	C:\Java\bin\jdwp.dll
0x00007ff8c5410000 - 0x00007ff8c5436000 	C:\Java\bin\java.dll
0x00007ff8c5330000 - 0x00007ff8c5407000 	C:\Java\bin\jsvml.dll
0x00007ff915420000 - 0x00007ff915b65000 	C:\WINDOWS\System32\SHELL32.dll
0x00007ff911830000 - 0x00007ff911fc2000 	C:\WINDOWS\SYSTEM32\windows.storage.dll
0x00007ff914400000 - 0x00007ff914755000 	C:\WINDOWS\System32\combase.dll
0x00007ff913160000 - 0x00007ff913190000 	C:\WINDOWS\SYSTEM32\Wldp.dll
0x00007ff9152a0000 - 0x00007ff91534d000 	C:\WINDOWS\System32\SHCORE.dll
0x00007ff914b30000 - 0x00007ff914b85000 	C:\WINDOWS\System32\shlwapi.dll
0x00007ff9136b0000 - 0x00007ff9136cf000 	C:\WINDOWS\SYSTEM32\profapi.dll
0x00007ff8c5310000 - 0x00007ff8c5323000 	C:\Java\bin\net.dll
0x00007ff90b820000 - 0x00007ff90b92a000 	C:\WINDOWS\SYSTEM32\WINHTTP.dll
0x00007ff912ec0000 - 0x00007ff912f2a000 	C:\WINDOWS\system32\mswsock.dll
0x00007ff8c52f0000 - 0x00007ff8c5306000 	C:\Java\bin\nio.dll

dbghelp: loaded successfully - version: 4.0.5 - missing functions: none
symbol engine: initialized successfully - sym options: 0x614 - pdb path: .;C:\Java\bin;C:\WINDOWS\SYSTEM32;C:\WINDOWS\WinSxS\amd64_microsoft.windows.common-controls_6595b64144ccf1df_6.0.19041.1110_none_60b5254171f9507e;C:\Java\bin\server

VM Arguments:
jvm_args: -Dfile.encoding=UTF-8 -agentlib:jdwp=transport=dt_shmem,address=javadebug3384 --module-path=C:\Users\Rioan\OneDrive\Desktop\Isaac Project\databasee_1\build\classes 
java_command: databasee.login
java_class_path (initial): C:\Users\Rioan\OneDrive\Desktop\Beginners\JCalendar.jar;C:\Users\Rioan\OneDrive\Desktop\Beginners\netbeans\java\modules\ext\AbsoluteLayout.jar;C:\Users\Rioan\OneDrive\Desktop\Isaac Project\databasee_1\build\classes
Launcher Type: SUN_STANDARD

[Global flags]
     intx CICompilerCount                          = 4                                         {product} {ergonomic}
     uint ConcGCThreads                            = 2                                         {product} {ergonomic}
     uint G1ConcRefinementThreads                  = 8                                         {product} {ergonomic}
   size_t G1HeapRegionSize                         = 1048576                                   {product} {ergonomic}
    uintx GCDrainStackTargetSize                   = 64                                        {product} {ergonomic}
   size_t InitialHeapSize                          = 58720256                                  {product} {ergonomic}
   size_t MarkStackSize                            = 4194304                                   {product} {ergonomic}
   size_t MaxHeapSize                              = 914358272                                 {product} {ergonomic}
   size_t MaxNewSize                               = 548405248                                 {product} {ergonomic}
   size_t MinHeapDeltaBytes                        = 1048576                                   {product} {ergonomic}
   size_t MinHeapSize                              = 8388608                                   {product} {ergonomic}
    uintx NonNMethodCodeHeapSize                   = 5839372                                {pd product} {ergonomic}
    uintx NonProfiledCodeHeapSize                  = 122909434                              {pd product} {ergonomic}
    uintx ProfiledCodeHeapSize                     = 122909434                              {pd product} {ergonomic}
    uintx ReservedCodeCacheSize                    = 251658240                              {pd product} {ergonomic}
     bool SegmentedCodeCache                       = true                                      {product} {ergonomic}
   size_t SoftMaxHeapSize                          = 914358272                              {manageable} {ergonomic}
     bool UseCompressedClassPointers               = true                           {product lp64_product} {ergonomic}
     bool UseCompressedOops                        = true                           {product lp64_product} {ergonomic}
     bool UseG1GC                                  = true                                      {product} {ergonomic}
     bool UseLargePagesIndividualAllocation        = false                                  {pd product} {ergonomic}

Logging:
Log output configuration:
 #0: stdout all=warning uptime,level,tags foldmultilines=false
 #1: stderr all=off uptime,level,tags foldmultilines=false

Environment Variables:
PATH=C:\Program Files\Common Files\Oracle\Java\javapath;C:\ProgramData\Oracle\Java\javapath;C:\WINDOWS\system32;C:\WINDOWS;C:\WINDOWS\System32\Wbem;C:\WINDOWS\System32\WindowsPowerShell\v1.0\;C:\WINDOWS\System32\OpenSSH\;C:\scrcpy;C:\Users\Rioan\AppData\Local\Microsoft\WindowsApps;
USERNAME=Rioan
OS=Windows_NT
PROCESSOR_IDENTIFIER=AMD64 Family 23 Model 17 Stepping 0, AuthenticAMD
TMP=C:\Users\Rioan\AppData\Local\Temp
TEMP=C:\Users\Rioan\AppData\Local\Temp



---------------  S Y S T E M  ---------------

OS:
 Windows 10 , 64 bit Build 19041 (10.0.19041.2546)
OS uptime: 0 days 0:11 hours

CPU: total 8 (initial active 8) (8 cores per cpu, 2 threads per core) family 23 model 17 stepping 0 microcode 0x0, cx8, cmov, fxsr, ht, mmx, 3dnowpref, sse, sse2, sse3, ssse3, sse4a, sse4.1, sse4.2, popcnt, lzcnt, tsc, tscinvbit, avx, avx2, aes, clmul, bmi1, bmi2, adx, sha, fma, vzeroupper, clflush, clflushopt, rdtscp

Memory: 4k page, system-wide physical 3484M (234M free)
TotalPageFile size 14236M (AvailPageFile size 0M)
current process WorkingSet (physical memory assigned to process): 31M, peak: 31M
current process commit charge ("private bytes"): 136M, peak: 136M

vm_info: Java HotSpot(TM) 64-Bit Server VM (19.0.2+7-44) for windows-amd64 JRE (19.0.2+7-44), built on 2022-11-30T18:02:09Z by "mach5one" with MS VC++ 17.1 (VS2022)

END.
