#
# There is insufficient memory for the Java Runtime Environment to continue.
# Native memory allocation (malloc) failed to allocate 32744 bytes for Chunk::new
# Possible reasons:
#   The system is out of physical RAM or swap space
#   The process is running with CompressedOops enabled, and the Java Heap may be blocking the growth of the native heap
# Possible solutions:
#   Reduce memory load on the system
#   Increase physical memory or swap space
#   Check if swap backing store is full
#   Decrease Java heap size (-Xmx/-Xms)
#   Decrease number of Java threads
#   Decrease Java thread stack sizes (-Xss)
#   Set larger code cache with -XX:ReservedCodeCacheSize=
#   JVM is running with Unscaled Compressed Oops mode in which the Java heap is
#     placed in the first 4GB address space. The Java Heap base address is the
#     maximum limit for the native heap growth. Please use -XX:HeapBaseMinAddress
#     to set the Java Heap base and to place the Java Heap above 4GB virtual address.
# This output file may be truncated or incomplete.
#
#  Out of Memory Error (arena.cpp:184), pid=21376, tid=22584
#
# JRE version: Java(TM) SE Runtime Environment (19.0.2+7) (build 19.0.2+7-44)
# Java VM: Java HotSpot(TM) 64-Bit Server VM (19.0.2+7-44, mixed mode, sharing, tiered, compressed oops, compressed class ptrs, g1 gc, windows-amd64)
# No core dump will be written. Minidumps are not enabled by default on client versions of Windows
#

---------------  S U M M A R Y ------------

Command Line: -Dfile.encoding=UTF-8 -agentlib:jdwp=transport=dt_shmem,address=javadebug2135 --module-path=C:\Users\Rioan\OneDrive\Desktop\Isaac Project\databasee_1\build\classes databasee.login

Host: AMD Ryzen 5 2500U with Radeon Vega Mobile Gfx  , 8 cores, 3G,  Windows 10 , 64 bit Build 19041 (10.0.19041.2546)
Time: Sat Apr  1 18:46:58 2023 China Standard Time elapsed time: 798.386846 seconds (0d 0h 13m 18s)

---------------  T H R E A D  ---------------

Current thread (0x00000206cdfa6310):  JavaThread "C2 CompilerThread0" daemon [_thread_in_native, id=22584, stack(0x0000000f9cb00000,0x0000000f9cc00000)]


Current CompileTask:
C2: 798387 2010       4       sun.java2d.pipe.DrawImage::transformImage (124 bytes)

Stack: [0x0000000f9cb00000,0x0000000f9cc00000]
Native frames: (J=compiled Java code, j=interpreted, Vv=VM code, C=native code)
V  [jvm.dll+0x6ee21a]
V  [jvm.dll+0x85765e]
V  [jvm.dll+0x85904e]
V  [jvm.dll+0x859703]
V  [jvm.dll+0x28298f]
V  [jvm.dll+0xc9adf]
V  [jvm.dll+0xc9e65]
V  [jvm.dll+0x6cd7f6]
V  [jvm.dll+0x91d48]
V  [jvm.dll+0x690583]
V  [jvm.dll+0x68749e]
V  [jvm.dll+0x39f3b5]
V  [jvm.dll+0x39f85a]
V  [jvm.dll+0x1d996f]
V  [jvm.dll+0x2f6edd]
V  [jvm.dll+0x708b52]
V  [jvm.dll+0x700c76]
V  [jvm.dll+0x7002c1]
V  [jvm.dll+0x6fe1a3]
V  [jvm.dll+0x1d9e6c]
V  [jvm.dll+0x1da9fb]
V  [jvm.dll+0x2f6edd]
V  [jvm.dll+0x708b52]
V  [jvm.dll+0x700c76]
V  [jvm.dll+0x7002c1]
V  [jvm.dll+0x6fe1a3]
V  [jvm.dll+0x1d9e6c]
V  [jvm.dll+0x1da9fb]
V  [jvm.dll+0x1da9fb]
V  [jvm.dll+0x2f6edd]
V  [jvm.dll+0x708b52]
V  [jvm.dll+0x700c76]
V  [jvm.dll+0x7002c1]
V  [jvm.dll+0x6fe1a3]
V  [jvm.dll+0x1d9e6c]
V  [jvm.dll+0x24b333]
V  [jvm.dll+0x1d6ce1]
V  [jvm.dll+0x25b25a]
V  [jvm.dll+0x2596e8]
V  [jvm.dll+0x807588]
V  [jvm.dll+0x80125a]
V  [jvm.dll+0x6ecf0b]
C  [ucrtbase.dll+0x21bb2]
C  [KERNEL32.DLL+0x17614]
C  [ntdll.dll+0x526a1]


---------------  P R O C E S S  ---------------

Threads class SMR info:
_java_thread_list=0x00000206d2e1b9b0, length=19, elements={
0x00000206cdf9cc60, 0x00000206cdf9f860, 0x00000206cdfa1b10, 0x00000206cdfa2440,
0x00000206cdfa2d70, 0x00000206cdfa56b0, 0x00000206cdfa6310, 0x00000206ce00f0e0,
0x00000206ce023210, 0x00000206d2452380, 0x00000206d24a89e0, 0x00000206d259fee0,
0x00000206d24a39d0, 0x00000206cdfedc90, 0x00000206d26a4010, 0x00000206d2654b50,
0x00000206b02be070, 0x00000206d2d44df0, 0x00000206d27cbd70
}

Java Threads: ( => current thread )
  0x00000206cdf9cc60 JavaThread "Reference Handler" daemon [_thread_blocked, id=22548, stack(0x0000000f9c500000,0x0000000f9c600000)]
  0x00000206cdf9f860 JavaThread "Finalizer" daemon [_thread_blocked, id=22552, stack(0x0000000f9c600000,0x0000000f9c700000)]
  0x00000206cdfa1b10 JavaThread "Signal Dispatcher" daemon [_thread_blocked, id=22564, stack(0x0000000f9c700000,0x0000000f9c800000)]
  0x00000206cdfa2440 JavaThread "Attach Listener" daemon [_thread_blocked, id=22568, stack(0x0000000f9c800000,0x0000000f9c900000)]
  0x00000206cdfa2d70 JavaThread "Service Thread" daemon [_thread_blocked, id=22572, stack(0x0000000f9c900000,0x0000000f9ca00000)]
  0x00000206cdfa56b0 JavaThread "Monitor Deflation Thread" daemon [_thread_blocked, id=22576, stack(0x0000000f9ca00000,0x0000000f9cb00000)]
=>0x00000206cdfa6310 JavaThread "C2 CompilerThread0" daemon [_thread_in_native, id=22584, stack(0x0000000f9cb00000,0x0000000f9cc00000)]
  0x00000206ce00f0e0 JavaThread "C1 CompilerThread0" daemon [_thread_blocked, id=22592, stack(0x0000000f9cc00000,0x0000000f9cd00000)]
  0x00000206ce023210 JavaThread "Sweeper thread" daemon [_thread_blocked, id=22596, stack(0x0000000f9cd00000,0x0000000f9ce00000)]
  0x00000206d2452380 JavaThread "Common-Cleaner" daemon [_thread_blocked, id=23560, stack(0x0000000f9ce00000,0x0000000f9cf00000)]
  0x00000206d24a89e0 JavaThread "JDWP Event Helper Thread" daemon [_thread_blocked, id=24512, stack(0x0000000f9d000000,0x0000000f9d100000)]
  0x00000206d259fee0 JavaThread "Notification Thread" daemon [_thread_blocked, id=25716, stack(0x0000000f9d200000,0x0000000f9d300000)]
  0x00000206d24a39d0 JavaThread "Java2D Disposer" daemon [_thread_blocked, id=26724, stack(0x0000000f9bc00000,0x0000000f9bd00000)]
  0x00000206cdfedc90 JavaThread "AWT-Windows" daemon [_thread_in_native, id=28384, stack(0x0000000f9cf00000,0x0000000f9d000000)]
  0x00000206d26a4010 JavaThread "AWT-Shutdown" [_thread_blocked, id=8616, stack(0x0000000f9bd00000,0x0000000f9be00000)]
  0x00000206d2654b50 JavaThread "AWT-EventQueue-0" [_thread_in_Java, id=8296, stack(0x0000000f9d400000,0x0000000f9d500000)]
  0x00000206b02be070 JavaThread "DestroyJavaVM" [_thread_blocked, id=21640, stack(0x0000000f9be00000,0x0000000f9bf00000)]
  0x00000206d2d44df0 JavaThread "D3D Screen Updater" daemon [_thread_blocked, id=11568, stack(0x0000000f9df00000,0x0000000f9e000000)]
  0x00000206d27cbd70 JavaThread "TimerQueue" daemon [_thread_blocked, id=11812, stack(0x0000000f9e000000,0x0000000f9e100000)]

Other Threads:
  0x00000206b2376510 VMThread "VM Thread" [stack: 0x0000000f9c400000,0x0000000f9c500000] [id=22432]
  0x00000206d25a0830 WatcherThread "VM Periodic Task Thread" [stack: 0x0000000f9d300000,0x0000000f9d400000] [id=25844]
  0x00000206b22e7a20 WorkerThread "GC Thread#0" [stack: 0x0000000f9bf00000,0x0000000f9c000000] [id=22256]
  0x00000206b22f0690 ConcurrentGCThread "G1 Main Marker" [stack: 0x0000000f9c000000,0x0000000f9c100000] [id=22260]
  0x00000206b22f10c0 WorkerThread "G1 Conc#0" [stack: 0x0000000f9c100000,0x0000000f9c200000] [id=22264]
  0x00000206b2353010 ConcurrentGCThread "G1 Refine#0" [stack: 0x0000000f9c200000,0x0000000f9c300000] [id=22268]
  0x00000206b2353b50 ConcurrentGCThread "G1 Service" [stack: 0x0000000f9c300000,0x0000000f9c400000] [id=22272]

Threads with active compile tasks:
C2 CompilerThread0   806304 2010       4       sun.java2d.pipe.DrawImage::transformImage (124 bytes)

VM state: not at safepoint (normal execution)

VM Mutex/Monitor currently owned by a thread: None

Heap address: 0x00000000c9800000, size: 872 MB, Compressed Oops mode: 32-bit

CDS archive(s) mapped at: [0x0000000800000000-0x0000000800c40000-0x0000000800c40000), size 12845056, SharedBaseAddress: 0x0000000800000000, ArchiveRelocationMode: 0.
Compressed class space mapped at: 0x0000000801000000-0x0000000841000000, reserved size: 1073741824
Narrow klass base: 0x0000000800000000, Narrow klass shift: 0, Narrow klass range: 0x100000000

GC Precious Log:
 CardTable entry size: 512
 Card Set container configuration: InlinePtr #cards 5 size 8 Array Of Cards #cards 12 size 40 Howl #buckets 4 coarsen threshold 1843 Howl Bitmap #cards 512 size 80 coarsen threshold 460 Card regions per heap region 1 cards per card region 2048
 CPUs: 8 total, 8 available
 Memory: 3484M
 Large Page Support: Disabled
 NUMA Support: Disabled
 Compressed Oops: Enabled (32-bit)
 Heap Region Size: 1M
 Heap Min Capacity: 8M
 Heap Initial Capacity: 56M
 Heap Max Capacity: 872M
 Pre-touch: Disabled
 Parallel Workers: 8
 Concurrent Workers: 2
 Concurrent Refinement Workers: 8
 Periodic GC: Disabled

Heap:
 garbage-first heap   total 57344K, used 22528K [0x00000000c9800000, 0x0000000100000000)
  region size 1024K, 20 young (20480K), 0 survivors (0K)
 Metaspace       used 10982K, committed 11200K, reserved 1114112K
  class space    used 1165K, committed 1280K, reserved 1048576K

Heap Regions: E=young(eden), S=young(survivor), O=old, HS=humongous(starts), HC=humongous(continues), CS=collection set, F=free, OA=open archive, CA=closed archive, TAMS=top-at-mark-start (previous, next)
|   0|0x00000000c9800000, 0x00000000c9900000, 0x00000000c9900000|100%|HS|  |TAMS 0x00000000c9800000, 0x00000000c9800000| Complete 
|   1|0x00000000c9900000, 0x00000000c9a00000, 0x00000000c9a00000|100%|HC|  |TAMS 0x00000000c9900000, 0x00000000c9900000| Complete 
|   2|0x00000000c9a00000, 0x00000000c9b00000, 0x00000000c9b00000|100%|HC|  |TAMS 0x00000000c9a00000, 0x00000000c9a00000| Complete 
|   3|0x00000000c9b00000, 0x00000000c9b00000, 0x00000000c9c00000|  0%| F|  |TAMS 0x00000000c9b00000, 0x00000000c9b00000| Untracked 
|   4|0x00000000c9c00000, 0x00000000c9c00000, 0x00000000c9d00000|  0%| F|  |TAMS 0x00000000c9c00000, 0x00000000c9c00000| Untracked 
|   5|0x00000000c9d00000, 0x00000000c9d00000, 0x00000000c9e00000|  0%| F|  |TAMS 0x00000000c9d00000, 0x00000000c9d00000| Untracked 
|   6|0x00000000c9e00000, 0x00000000c9e00000, 0x00000000c9f00000|  0%| F|  |TAMS 0x00000000c9e00000, 0x00000000c9e00000| Untracked 
|   7|0x00000000c9f00000, 0x00000000c9f00000, 0x00000000ca000000|  0%| F|  |TAMS 0x00000000c9f00000, 0x00000000c9f00000| Untracked 
|   8|0x00000000ca000000, 0x00000000ca000000, 0x00000000ca100000|  0%| F|  |TAMS 0x00000000ca000000, 0x00000000ca000000| Untracked 
|   9|0x00000000ca100000, 0x00000000ca100000, 0x00000000ca200000|  0%| F|  |TAMS 0x00000000ca100000, 0x00000000ca100000| Untracked 
|  10|0x00000000ca200000, 0x00000000ca200000, 0x00000000ca300000|  0%| F|  |TAMS 0x00000000ca200000, 0x00000000ca200000| Untracked 
|  11|0x00000000ca300000, 0x00000000ca300000, 0x00000000ca400000|  0%| F|  |TAMS 0x00000000ca300000, 0x00000000ca300000| Untracked 
|  12|0x00000000ca400000, 0x00000000ca400000, 0x00000000ca500000|  0%| F|  |TAMS 0x00000000ca400000, 0x00000000ca400000| Untracked 
|  13|0x00000000ca500000, 0x00000000ca500000, 0x00000000ca600000|  0%| F|  |TAMS 0x00000000ca500000, 0x00000000ca500000| Untracked 
|  14|0x00000000ca600000, 0x00000000ca600000, 0x00000000ca700000|  0%| F|  |TAMS 0x00000000ca600000, 0x00000000ca600000| Untracked 
|  15|0x00000000ca700000, 0x00000000ca700000, 0x00000000ca800000|  0%| F|  |TAMS 0x00000000ca700000, 0x00000000ca700000| Untracked 
|  16|0x00000000ca800000, 0x00000000ca800000, 0x00000000ca900000|  0%| F|  |TAMS 0x00000000ca800000, 0x00000000ca800000| Untracked 
|  17|0x00000000ca900000, 0x00000000ca900000, 0x00000000caa00000|  0%| F|  |TAMS 0x00000000ca900000, 0x00000000ca900000| Untracked 
|  18|0x00000000caa00000, 0x00000000caa00000, 0x00000000cab00000|  0%| F|  |TAMS 0x00000000caa00000, 0x00000000caa00000| Untracked 
|  19|0x00000000cab00000, 0x00000000cab00000, 0x00000000cac00000|  0%| F|  |TAMS 0x00000000cab00000, 0x00000000cab00000| Untracked 
|  20|0x00000000cac00000, 0x00000000cac00000, 0x00000000cad00000|  0%| F|  |TAMS 0x00000000cac00000, 0x00000000cac00000| Untracked 
|  21|0x00000000cad00000, 0x00000000cad00000, 0x00000000cae00000|  0%| F|  |TAMS 0x00000000cad00000, 0x00000000cad00000| Untracked 
|  22|0x00000000cae00000, 0x00000000cae00000, 0x00000000caf00000|  0%| F|  |TAMS 0x00000000cae00000, 0x00000000cae00000| Untracked 
|  23|0x00000000caf00000, 0x00000000caf00000, 0x00000000cb000000|  0%| F|  |TAMS 0x00000000caf00000, 0x00000000caf00000| Untracked 
|  24|0x00000000cb000000, 0x00000000cb000000, 0x00000000cb100000|  0%| F|  |TAMS 0x00000000cb000000, 0x00000000cb000000| Untracked 
|  25|0x00000000cb100000, 0x00000000cb100000, 0x00000000cb200000|  0%| F|  |TAMS 0x00000000cb100000, 0x00000000cb100000| Untracked 
|  26|0x00000000cb200000, 0x00000000cb200000, 0x00000000cb300000|  0%| F|  |TAMS 0x00000000cb200000, 0x00000000cb200000| Untracked 
|  27|0x00000000cb300000, 0x00000000cb300000, 0x00000000cb400000|  0%| F|  |TAMS 0x00000000cb300000, 0x00000000cb300000| Untracked 
|  28|0x00000000cb400000, 0x00000000cb400000, 0x00000000cb500000|  0%| F|  |TAMS 0x00000000cb400000, 0x00000000cb400000| Untracked 
|  29|0x00000000cb500000, 0x00000000cb500000, 0x00000000cb600000|  0%| F|  |TAMS 0x00000000cb500000, 0x00000000cb500000| Untracked 
|  30|0x00000000cb600000, 0x00000000cb600000, 0x00000000cb700000|  0%| F|  |TAMS 0x00000000cb600000, 0x00000000cb600000| Untracked 
|  31|0x00000000cb700000, 0x00000000cb700000, 0x00000000cb800000|  0%| F|  |TAMS 0x00000000cb700000, 0x00000000cb700000| Untracked 
|  32|0x00000000cb800000, 0x00000000cb800000, 0x00000000cb900000|  0%| F|  |TAMS 0x00000000cb800000, 0x00000000cb800000| Untracked 
|  33|0x00000000cb900000, 0x00000000cb900000, 0x00000000cba00000|  0%| F|  |TAMS 0x00000000cb900000, 0x00000000cb900000| Untracked 
|  34|0x00000000cba00000, 0x00000000cba00000, 0x00000000cbb00000|  0%| F|  |TAMS 0x00000000cba00000, 0x00000000cba00000| Untracked 
|  35|0x00000000cbb00000, 0x00000000cbb00000, 0x00000000cbc00000|  0%| F|  |TAMS 0x00000000cbb00000, 0x00000000cbb00000| Untracked 
|  36|0x00000000cbc00000, 0x00000000cbcec090, 0x00000000cbd00000| 92%| E|  |TAMS 0x00000000cbc00000, 0x00000000cbc00000| Complete 
|  37|0x00000000cbd00000, 0x00000000cbe00000, 0x00000000cbe00000|100%| E|CS|TAMS 0x00000000cbd00000, 0x00000000cbd00000| Complete 
|  38|0x00000000cbe00000, 0x00000000cbf00000, 0x00000000cbf00000|100%| E|CS|TAMS 0x00000000cbe00000, 0x00000000cbe00000| Complete 
|  39|0x00000000cbf00000, 0x00000000cc000000, 0x00000000cc000000|100%| E|CS|TAMS 0x00000000cbf00000, 0x00000000cbf00000| Complete 
|  40|0x00000000cc000000, 0x00000000cc100000, 0x00000000cc100000|100%| E|CS|TAMS 0x00000000cc000000, 0x00000000cc000000| Complete 
|  41|0x00000000cc100000, 0x00000000cc200000, 0x00000000cc200000|100%| E|CS|TAMS 0x00000000cc100000, 0x00000000cc100000| Complete 
|  42|0x00000000cc200000, 0x00000000cc300000, 0x00000000cc300000|100%| E|CS|TAMS 0x00000000cc200000, 0x00000000cc200000| Complete 
|  43|0x00000000cc300000, 0x00000000cc400000, 0x00000000cc400000|100%| E|CS|TAMS 0x00000000cc300000, 0x00000000cc300000| Complete 
|  44|0x00000000cc400000, 0x00000000cc500000, 0x00000000cc500000|100%| E|CS|TAMS 0x00000000cc400000, 0x00000000cc400000| Complete 
|  45|0x00000000cc500000, 0x00000000cc600000, 0x00000000cc600000|100%| E|CS|TAMS 0x00000000cc500000, 0x00000000cc500000| Complete 
|  46|0x00000000cc600000, 0x00000000cc700000, 0x00000000cc700000|100%| E|CS|TAMS 0x00000000cc600000, 0x00000000cc600000| Complete 
|  47|0x00000000cc700000, 0x00000000cc800000, 0x00000000cc800000|100%| E|CS|TAMS 0x00000000cc700000, 0x00000000cc700000| Complete 
|  48|0x00000000cc800000, 0x00000000cc900000, 0x00000000cc900000|100%| E|CS|TAMS 0x00000000cc800000, 0x00000000cc800000| Complete 
|  49|0x00000000cc900000, 0x00000000cca00000, 0x00000000cca00000|100%| E|CS|TAMS 0x00000000cc900000, 0x00000000cc900000| Complete 
|  50|0x00000000cca00000, 0x00000000ccb00000, 0x00000000ccb00000|100%| E|CS|TAMS 0x00000000cca00000, 0x00000000cca00000| Complete 
|  51|0x00000000ccb00000, 0x00000000ccc00000, 0x00000000ccc00000|100%| E|CS|TAMS 0x00000000ccb00000, 0x00000000ccb00000| Complete 
|  52|0x00000000ccc00000, 0x00000000ccd00000, 0x00000000ccd00000|100%| E|CS|TAMS 0x00000000ccc00000, 0x00000000ccc00000| Complete 
|  53|0x00000000ccd00000, 0x00000000cce00000, 0x00000000cce00000|100%| E|CS|TAMS 0x00000000ccd00000, 0x00000000ccd00000| Complete 
|  54|0x00000000cce00000, 0x00000000ccf00000, 0x00000000ccf00000|100%| E|CS|TAMS 0x00000000cce00000, 0x00000000cce00000| Complete 
|  55|0x00000000ccf00000, 0x00000000cd000000, 0x00000000cd000000|100%| E|CS|TAMS 0x00000000ccf00000, 0x00000000ccf00000| Complete 

Card table byte_map: [0x00000206c9710000,0x00000206c98d0000] _byte_map_base: 0x00000206c90c4000

Marking Bits (Prev, Next): (CMBitMap*) 0x00000206b22e9060, (CMBitMap*) 0x00000206b22e90a0
 Prev Bits: [0x00000206c9a90000, 0x00000206ca830000)
 Next Bits: [0x00000206ca830000, 0x00000206cb5d0000)

Polling page: 0x00000206b0190000

Metaspace:

Usage:
  Non-class:      9.59 MB used.
      Class:      1.14 MB used.
       Both:     10.73 MB used.

Virtual space:
  Non-class space:       64.00 MB reserved,       9.69 MB ( 15%) committed,  1 nodes.
      Class space:        1.00 GB reserved,       1.25 MB ( <1%) committed,  1 nodes.
             Both:        1.06 GB reserved,      10.94 MB (  1%) committed. 

Chunk freelists:
   Non-Class:  2.00 MB
       Class:  2.74 MB
        Both:  4.74 MB

MaxMetaspaceSize: unlimited
CompressedClassSpaceSize: 1.00 GB
Initial GC threshold: 21.00 MB
Current GC threshold: 21.00 MB
CDS: on
MetaspaceReclaimPolicy: balanced
 - commit_granule_bytes: 65536.
 - commit_granule_words: 8192.
 - virtual_space_node_default_size: 8388608.
 - enlarge_chunks_in_place: 1.
 - new_chunks_are_fully_committed: 0.
 - uncommit_free_chunks: 1.
 - use_allocation_guard: 0.


Internal statistics:

num_allocs_failed_limit: 0.
num_arena_births: 164.
num_arena_deaths: 0.
num_vsnodes_births: 2.
num_vsnodes_deaths: 0.
num_space_committed: 175.
num_space_uncommitted: 0.
num_chunks_returned_to_freelist: 0.
num_chunks_taken_from_freelist: 206.
num_chunk_merges: 0.
num_chunk_splits: 127.
num_chunks_enlarged: 71.
num_inconsistent_stats: 0.

CodeHeap 'non-profiled nmethods': size=120000Kb used=869Kb max_used=869Kb free=119130Kb
 bounds [0x00000206c1cf0000, 0x00000206c1f60000, 0x00000206c9220000]
CodeHeap 'profiled nmethods': size=120000Kb used=3827Kb max_used=3827Kb free=116172Kb
 bounds [0x00000206ba220000, 0x00000206ba5e0000, 0x00000206c1750000]
CodeHeap 'non-nmethods': size=5760Kb used=1479Kb max_used=1529Kb free=4280Kb
 bounds [0x00000206c1750000, 0x00000206c19c0000, 0x00000206c1cf0000]
 total_blobs=2677 nmethods=1999 adapters=589
 compilation: enabled
              stopped_count=0, restarted_count=0
 full_count=0

Compilation events (20 events):
Event: 791.346 Thread 0x00000206ce00f0e0 nmethod 2000 0x00000206ba5d8a90 code [0x00000206ba5d8ce0, 0x00000206ba5d9548]
Event: 791.347 Thread 0x00000206ce00f0e0 2001       3       java.util.concurrent.atomic.AtomicBoolean::get (13 bytes)
Event: 791.347 Thread 0x00000206ce00f0e0 nmethod 2001 0x00000206ba5d9890 code [0x00000206ba5d9a20, 0x00000206ba5d9b98]
Event: 791.347 Thread 0x00000206ce00f0e0 2002       3       java.awt.event.ActionEvent::<init> (24 bytes)
Event: 791.348 Thread 0x00000206ce00f0e0 nmethod 2002 0x00000206ba5d9c10 code [0x00000206ba5d9dc0, 0x00000206ba5d9f88]
Event: 793.870 Thread 0x00000206ce00f0e0 2003       3       javax.swing.RepaintManager::scheduleProcessingRunnable (69 bytes)
Event: 793.870 Thread 0x00000206cdfa6310 2004       4       java.awt.geom.AffineTransform::setTransform (65 bytes)
Event: 793.872 Thread 0x00000206cdfa6310 nmethod 2004 0x00000206c1dc7290 code [0x00000206c1dc7420, 0x00000206c1dc74f8]
Event: 793.872 Thread 0x00000206ce00f0e0 nmethod 2003 0x00000206ba5da090 code [0x00000206ba5da3e0, 0x00000206ba5db688]
Event: 793.874 Thread 0x00000206cdfa6310 2005       4       sun.java2d.SunGraphics2D::invalidateTransform (226 bytes)
Event: 793.883 Thread 0x00000206cdfa6310 nmethod 2005 0x00000206c1dc7590 code [0x00000206c1dc7760, 0x00000206c1dc8058]
Event: 795.069 Thread 0x00000206ce00f0e0 2006       3       sun.java2d.pipe.DrawImage::imageReady (30 bytes)
Event: 795.070 Thread 0x00000206ce00f0e0 nmethod 2006 0x00000206ba5dbd10 code [0x00000206ba5dbee0, 0x00000206ba5dc3f8]
Event: 795.070 Thread 0x00000206ce00f0e0 2007  s    3       sun.awt.image.ToolkitImage::getImageRep (37 bytes)
Event: 795.070 Thread 0x00000206cdfa6310 2008       4       sun.java2d.d3d.D3DBlitLoops::createPackedParams (60 bytes)
Event: 795.070 Thread 0x00000206ce00f0e0 nmethod 2007 0x00000206ba5dc590 code [0x00000206ba5dc760, 0x00000206ba5dcb98]
Event: 795.071 Thread 0x00000206cdfa6310 nmethod 2008 0x00000206c1dc8310 code [0x00000206c1dc84a0, 0x00000206c1dc8598]
Event: 795.147 Thread 0x00000206cdfa6310 2009   !   4       sun.java2d.pipe.DrawImage::renderImageScale (158 bytes)
Event: 795.154 Thread 0x00000206cdfa6310 nmethod 2009 0x00000206c1dc8690 code [0x00000206c1dc8880, 0x00000206c1dc8f40]
Event: 795.154 Thread 0x00000206cdfa6310 2010       4       sun.java2d.pipe.DrawImage::transformImage (124 bytes)

GC Heap History (0 events):
No events

Dll operation events (9 events):
Event: 3.429 Loaded shared library C:\Java\bin\java.dll
Event: 4.168 Loaded shared library C:\Java\bin\jsvml.dll
Event: 22.550 Loaded shared library C:\Java\bin\net.dll
Event: 22.567 Loaded shared library C:\Java\bin\nio.dll
Event: 63.828 Loaded shared library C:\Java\bin\zip.dll
Event: 133.468 Loaded shared library C:\Java\bin\jimage.dll
Event: 167.541 Loaded shared library C:\Java\bin\awt.dll
Event: 590.831 Loaded shared library C:\Java\bin\freetype.dll
Event: 590.923 Loaded shared library C:\Java\bin\fontmanager.dll

Deoptimization events (20 events):
Event: 651.110 Thread 0x00000206d2654b50 DEOPT PACKING pc=0x00000206ba3bef21 sp=0x0000000f9d4fcce0
Event: 651.111 Thread 0x00000206d2654b50 DEOPT UNPACKING pc=0x00000206c17b7543 sp=0x0000000f9d4fc150 mode 0
Event: 651.111 Thread 0x00000206d2654b50 DEOPT PACKING pc=0x00000206ba3d36c4 sp=0x0000000f9d4fd070
Event: 651.111 Thread 0x00000206d2654b50 DEOPT UNPACKING pc=0x00000206c17b7543 sp=0x0000000f9d4fc500 mode 0
Event: 651.916 Thread 0x00000206d2654b50 DEOPT PACKING pc=0x00000206ba3d36c4 sp=0x0000000f9d4fcf70
Event: 651.916 Thread 0x00000206d2654b50 DEOPT UNPACKING pc=0x00000206c17b7543 sp=0x0000000f9d4fc400 mode 0
Event: 656.232 Thread 0x00000206d2654b50 DEOPT PACKING pc=0x00000206ba24c26a sp=0x0000000f9d4fdbd0
Event: 656.232 Thread 0x00000206d2654b50 DEOPT UNPACKING pc=0x00000206c17b7543 sp=0x0000000f9d4fcff0 mode 0
Event: 662.136 Thread 0x00000206d2654b50 DEOPT PACKING pc=0x00000206ba3f4ee5 sp=0x0000000f9d4fd0c0
Event: 662.136 Thread 0x00000206d2654b50 DEOPT UNPACKING pc=0x00000206c17b7543 sp=0x0000000f9d4fc518 mode 0
Event: 675.560 Thread 0x00000206d2654b50 DEOPT PACKING pc=0x00000206ba440976 sp=0x0000000f9d4fcef0
Event: 675.560 Thread 0x00000206d2654b50 DEOPT UNPACKING pc=0x00000206c17b7543 sp=0x0000000f9d4fc370 mode 0
Event: 677.497 Thread 0x00000206d2654b50 DEOPT PACKING pc=0x00000206ba3d8eef sp=0x0000000f9d4fcef0
Event: 677.497 Thread 0x00000206d2654b50 DEOPT UNPACKING pc=0x00000206c17b7543 sp=0x0000000f9d4fc310 mode 0
Event: 684.139 Thread 0x00000206d2654b50 DEOPT PACKING pc=0x00000206ba46f688 sp=0x0000000f9d4fccc0
Event: 684.140 Thread 0x00000206d2654b50 DEOPT UNPACKING pc=0x00000206c17b7543 sp=0x0000000f9d4fc078 mode 0
Event: 706.345 Thread 0x00000206d2654b50 DEOPT PACKING pc=0x00000206ba4c1ced sp=0x0000000f9d4fcc10
Event: 706.345 Thread 0x00000206d2654b50 DEOPT UNPACKING pc=0x00000206c17b7543 sp=0x0000000f9d4fc0b0 mode 0
Event: 709.400 Thread 0x00000206d2654b50 DEOPT PACKING pc=0x00000206ba226255 sp=0x0000000f9d4fdb80
Event: 709.400 Thread 0x00000206d2654b50 DEOPT UNPACKING pc=0x00000206c17b7543 sp=0x0000000f9d4fcff8 mode 0

Classes loaded (20 events):
Event: 645.922 Loading class java/util/concurrent/BlockingQueue done
Event: 645.922 Loading class java/util/concurrent/DelayQueue done
Event: 645.922 Loading class java/util/PriorityQueue
Event: 646.133 Loading class java/util/PriorityQueue done
Event: 646.140 Loading class javax/swing/TimerQueue$DelayedTimer
Event: 646.525 Loading class java/util/concurrent/Delayed
Event: 646.525 Loading class java/util/concurrent/Delayed done
Event: 646.525 Loading class javax/swing/TimerQueue$DelayedTimer done
Event: 646.525 Loading class java/util/concurrent/locks/AbstractQueuedSynchronizer$ExclusiveNode
Event: 646.525 Loading class java/util/concurrent/locks/AbstractQueuedSynchronizer$ExclusiveNode done
Event: 646.526 Loading class java/awt/TextComponent
Event: 646.539 Loading class java/awt/TextComponent done
Event: 646.575 Loading class java/awt/geom/Path2D$Float$TxIterator
Event: 646.930 Loading class java/util/concurrent/TimeUnit$1
Event: 647.065 Loading class java/util/concurrent/TimeUnit$1 done
Event: 647.066 Loading class java/awt/geom/Path2D$Iterator
Event: 647.098 Loading class java/awt/geom/Path2D$Iterator done
Event: 647.098 Loading class java/awt/geom/Path2D$Float$TxIterator done
Event: 648.015 Loading class javax/swing/Timer$1
Event: 648.156 Loading class javax/swing/Timer$1 done

Classes unloaded (0 events):
No events

Classes redefined (0 events):
No events

Internal exceptions (20 events):
Event: 594.446 Thread 0x00000206b02be070 Exception <a 'java/lang/ClassNotFoundException'{0x00000000cc9649f0}: ToggleButton> (0x00000000cc9649f0) 
thrown [s\open\src\hotspot\share\classfile\systemDictionary.cpp, line 255]
Event: 594.446 Thread 0x00000206b02be070 Exception <a 'java/lang/ClassNotFoundException'{0x00000000cc964e30}: javax/swing/JToolBarSeparator> (0x00000000cc964e30) 
thrown [s\open\src\hotspot\share\classfile\systemDictionary.cpp, line 255]
Event: 594.446 Thread 0x00000206b02be070 Exception <a 'java/lang/ClassNotFoundException'{0x00000000cc965140}: ToolBarSeparator> (0x00000000cc965140) 
thrown [s\open\src\hotspot\share\classfile\systemDictionary.cpp, line 255]
Event: 594.447 Thread 0x00000206b02be070 Exception <a 'java/lang/ClassNotFoundException'{0x00000000cc965658}: ToolTip> (0x00000000cc965658) 
thrown [s\open\src\hotspot\share\classfile\systemDictionary.cpp, line 255]
Event: 594.449 Thread 0x00000206b02be070 Exception <a 'java/lang/ClassNotFoundException'{0x00000000cc965fa8}: Tree> (0x00000000cc965fa8) 
thrown [s\open\src\hotspot\share\classfile\systemDictionary.cpp, line 255]
Event: 594.449 Thread 0x00000206b02be070 Exception <a 'java/lang/ClassNotFoundException'{0x00000000cc9664a0}: Tree> (0x00000000cc9664a0) 
thrown [s\open\src\hotspot\share\classfile\systemDictionary.cpp, line 255]
Event: 594.449 Thread 0x00000206b02be070 Exception <a 'java/lang/ClassNotFoundException'{0x00000000cc966810}: javax/swing/JTreeCell> (0x00000000cc966810) 
thrown [s\open\src\hotspot\share\classfile\systemDictionary.cpp, line 255]
Event: 594.449 Thread 0x00000206b02be070 Exception <a 'java/lang/ClassNotFoundException'{0x00000000cc966b18}: TreeCell> (0x00000000cc966b18) 
thrown [s\open\src\hotspot\share\classfile\systemDictionary.cpp, line 255]
Event: 594.451 Thread 0x00000206b02be070 Exception <a 'java/lang/ClassNotFoundException'{0x00000000cc9672d0}: RootPane> (0x00000000cc9672d0) 
thrown [s\open\src\hotspot\share\classfile\systemDictionary.cpp, line 255]
Event: 595.210 Thread 0x00000206b02be070 Exception <a 'java/lang/ClassNotFoundException'{0x00000000cc96a0e0}: com/sun/swing/internal/plaf/metal/resources/spi/metalProvider> (0x00000000cc96a0e0) 
thrown [s\open\src\hotspot\share\classfile\systemDictionary.cpp, line 255]
Event: 595.535 Thread 0x00000206b02be070 Exception <a 'java/lang/ClassNotFoundException'{0x00000000cc96dd60}: com/sun/swing/internal/plaf/basic/resources/spi/basicProvider> (0x00000000cc96dd60) 
thrown [s\open\src\hotspot\share\classfile\systemDictionary.cpp, line 255]
Event: 608.836 Thread 0x00000206d2654b50 Exception <a 'java/lang/ClassNotFoundException'{0x00000000cc88b498}: com/sun/swing/internal/plaf/synth/resources/spi/synthProvider> (0x00000000cc88b498) 
thrown [s\open\src\hotspot\share\classfile\systemDictionary.cpp, line 255]
Event: 610.188 Thread 0x00000206d2654b50 Exception <a 'java/lang/NoSuchMethodError'{0x00000000cc8cec88}: 'int java.lang.invoke.Invokers$Holder.invokeExact_MT(java.lang.Object, java.lang.Object)'> (0x00000000cc8cec88) 
thrown [s\open\src\hotspot\share\interpreter\linkResolver.cpp, line 774]
Event: 610.377 Thread 0x00000206d2654b50 Exception <a 'java/lang/NoSuchMethodError'{0x00000000cc8db1d0}: 'java.lang.Object java.lang.invoke.DirectMethodHandle$Holder.newInvokeSpecial(java.lang.Object, java.lang.Object, int)'> (0x00000000cc8db1d0) 
thrown [s\open\src\hotspot\share\interpreter\linkResolver.cpp, line 774]
Event: 610.741 Thread 0x00000206d2654b50 Exception <a 'java/lang/NoSuchMethodError'{0x00000000cc8e0418}: 'int java.lang.invoke.DirectMethodHandle$Holder.invokeSpecial(java.lang.Object, java.lang.Object, java.lang.Object, int)'> (0x00000000cc8e0418) 
thrown [s\open\src\hotspot\share\interpreter\linkResolver.cpp, line 774]
Event: 610.749 Thread 0x00000206d2654b50 Exception <a 'java/lang/NoSuchMethodError'{0x00000000cc8f2f98}: 'java.lang.Object java.lang.invoke.DirectMethodHandle$Holder.invokeStatic(java.lang.Object, java.lang.Object, java.lang.Object, java.lang.Object, int)'> (0x00000000cc8f2f98) 
thrown [s\open\src\hotspot\share\interpreter\linkResolver.cpp, line 774]
Event: 610.754 Thread 0x00000206d2654b50 Exception <a 'java/lang/NoSuchMethodError'{0x00000000cc8fefa0}: 'int java.lang.invoke.DirectMethodHandle$Holder.invokeSpecial(java.lang.Object, java.lang.Object, java.lang.Object)'> (0x00000000cc8fefa0) 
thrown [s\open\src\hotspot\share\interpreter\linkResolver.cpp, line 774]
Event: 613.339 Thread 0x00000206d297fde0 Exception <a 'java/lang/NoSuchMethodError'{0x00000000cc795b78}: 'java.lang.Object java.lang.invoke.DirectMethodHandle$Holder.newInvokeSpecial(java.lang.Object, java.lang.Object, java.lang.Object, int, int, int, int, int)'> (0x00000000cc795b78) 
thrown [s\open\src\hotspot\share\interpreter\linkResolver.cpp, line 774]
Event: 615.267 Thread 0x00000206d2654b50 Exception <a 'java/lang/NoSuchMethodError'{0x00000000cc7701c0}: 'void java.lang.invoke.DirectMethodHandle$Holder.invokeStaticInit(java.lang.Object)'> (0x00000000cc7701c0) 
thrown [s\open\src\hotspot\share\interpreter\linkResolver.cpp, line 774]
Event: 626.046 Thread 0x00000206cdfedc90 Exception <a 'java/lang/NoSuchMethodError'{0x00000000ccb0fa10}: 'void java.lang.invoke.DirectMethodHandle$Holder.invokeVirtual(java.lang.Object, java.lang.Object)'> (0x00000000ccb0fa10) 
thrown [s\open\src\hotspot\share\interpreter\linkResolver.cpp, line 774]

VM Operations (20 events):
Event: 764.023 Executing VM operation: Cleanup
Event: 764.024 Executing VM operation: Cleanup done
Event: 775.054 Executing VM operation: Cleanup
Event: 775.054 Executing VM operation: Cleanup done
Event: 776.061 Executing VM operation: Cleanup
Event: 776.061 Executing VM operation: Cleanup done
Event: 780.093 Executing VM operation: Cleanup
Event: 780.093 Executing VM operation: Cleanup done
Event: 781.098 Executing VM operation: Cleanup
Event: 781.098 Executing VM operation: Cleanup done
Event: 782.098 Executing VM operation: Cleanup
Event: 782.098 Executing VM operation: Cleanup done
Event: 787.132 Executing VM operation: Cleanup
Event: 787.132 Executing VM operation: Cleanup done
Event: 790.147 Executing VM operation: Cleanup
Event: 790.147 Executing VM operation: Cleanup done
Event: 791.154 Executing VM operation: Cleanup
Event: 791.154 Executing VM operation: Cleanup done
Event: 792.155 Executing VM operation: Cleanup
Event: 792.155 Executing VM operation: Cleanup done

Events (20 events):
Event: 25.054 Thread 0x00000206d24a39d0 Thread added: 0x00000206d24a39d0
Event: 25.055 Thread 0x00000206d24a89e0 Thread added: 0x00000206d24a89e0
Event: 25.255 Thread 0x00000206d259f180 Thread added: 0x00000206d259f180
Event: 41.178 Thread 0x00000206d259fee0 Thread added: 0x00000206d259fee0
Event: 555.476 Thread 0x00000206d259f180 Thread exited: 0x00000206d259f180
Event: 559.167 Thread 0x00000206d24a39d0 Thread exited: 0x00000206d24a39d0
Event: 582.954 Thread 0x00000206d24a39d0 Thread added: 0x00000206d24a39d0
Event: 583.699 Thread 0x00000206d24074e0 Thread added: 0x00000206d24074e0
Event: 584.199 Thread 0x00000206cdfedc90 Thread added: 0x00000206cdfedc90
Event: 586.909 Thread 0x00000206d24074e0 Thread exited: 0x00000206d24074e0
Event: 595.804 Thread 0x00000206d26a4010 Thread added: 0x00000206d26a4010
Event: 596.798 Thread 0x00000206d26a4010 Thread exited: 0x00000206d26a4010
Event: 598.048 Thread 0x00000206d26a4010 Thread added: 0x00000206d26a4010
Event: 598.054 Thread 0x00000206d2654b50 Thread added: 0x00000206d2654b50
Event: 598.103 Thread 0x00000206b02be070 Thread exited: 0x00000206b02be070
Event: 598.103 Thread 0x00000206b02be070 Thread added: 0x00000206b02be070
Event: 613.178 Thread 0x00000206d297fde0 Thread added: 0x00000206d297fde0
Event: 619.009 Thread 0x00000206d297fde0 Thread exited: 0x00000206d297fde0
Event: 627.417 Thread 0x00000206d2d44df0 Thread added: 0x00000206d2d44df0
Event: 646.140 Thread 0x00000206d27cbd70 Thread added: 0x00000206d27cbd70


Dynamic libraries:
0x00007ff7c2490000 - 0x00007ff7c24a0000 	C:\Java\bin\java.exe
0x00007ffe43ab0000 - 0x00007ffe43ca8000 	C:\WINDOWS\SYSTEM32\ntdll.dll
0x00007ffe427a0000 - 0x00007ffe4285f000 	C:\WINDOWS\System32\KERNEL32.DLL
0x00007ffe412b0000 - 0x00007ffe41582000 	C:\WINDOWS\System32\KERNELBASE.dll
0x00007ffe39a70000 - 0x00007ffe39a88000 	C:\Java\bin\jli.dll
0x00007ffe18fa0000 - 0x00007ffe18fbb000 	C:\Java\bin\VCRUNTIME140.dll
0x00007ffe411b0000 - 0x00007ffe412b0000 	C:\WINDOWS\System32\ucrtbase.dll
0x00007ffe42440000 - 0x00007ffe424ee000 	C:\WINDOWS\System32\ADVAPI32.dll
0x00007ffe43560000 - 0x00007ffe435fe000 	C:\WINDOWS\System32\msvcrt.dll
0x00007ffe42ca0000 - 0x00007ffe42d3c000 	C:\WINDOWS\System32\sechost.dll
0x00007ffe425a0000 - 0x00007ffe426c4000 	C:\WINDOWS\System32\RPCRT4.dll
0x00007ffe433b0000 - 0x00007ffe43551000 	C:\WINDOWS\System32\USER32.dll
0x00007ffe419c0000 - 0x00007ffe419e2000 	C:\WINDOWS\System32\win32u.dll
0x00007ffe42c70000 - 0x00007ffe42c9b000 	C:\WINDOWS\System32\GDI32.dll
0x00007ffe416f0000 - 0x00007ffe417ff000 	C:\WINDOWS\System32\gdi32full.dll
0x00007ffe419f0000 - 0x00007ffe41a8d000 	C:\WINDOWS\System32\msvcp_win.dll
0x00007ffe39a90000 - 0x00007ffe39a9a000 	C:\WINDOWS\SYSTEM32\VERSION.dll
0x00007ffe2f8a0000 - 0x00007ffe2fb3a000 	C:\WINDOWS\WinSxS\amd64_microsoft.windows.common-controls_6595b64144ccf1df_6.0.19041.1110_none_60b5254171f9507e\COMCTL32.dll
0x00007ffe42d40000 - 0x00007ffe42d70000 	C:\WINDOWS\System32\IMM32.DLL
0x00007ffe26570000 - 0x00007ffe2657c000 	C:\Java\bin\vcruntime140_1.dll
0x00007ffe17ca0000 - 0x00007ffe17d2e000 	C:\Java\bin\msvcp140.dll
0x00007ffde4c40000 - 0x00007ffde5900000 	C:\Java\bin\server\jvm.dll
0x00007ffe3d8e0000 - 0x00007ffe3d8e9000 	C:\WINDOWS\SYSTEM32\WSOCK32.dll
0x00007ffe42ba0000 - 0x00007ffe42c0b000 	C:\WINDOWS\System32\WS2_32.dll
0x00007ffe396c0000 - 0x00007ffe396e7000 	C:\WINDOWS\SYSTEM32\WINMM.dll
0x00007ffe3f070000 - 0x00007ffe3f082000 	C:\WINDOWS\SYSTEM32\kernel.appcore.dll
0x00007ffe18f90000 - 0x00007ffe18f9a000 	C:\Java\bin\jimage.dll
0x00007ffe2f0c0000 - 0x00007ffe2f2a4000 	C:\WINDOWS\SYSTEM32\DBGHELP.DLL
0x00007ffe2f080000 - 0x00007ffe2f0b5000 	C:\WINDOWS\SYSTEM32\dbgcore.DLL
0x00007ffe41800000 - 0x00007ffe41882000 	C:\WINDOWS\System32\bcryptPrimitives.dll
0x00007ffe28530000 - 0x00007ffe2856c000 	C:\Java\bin\jdwp.dll
0x00007ffe18010000 - 0x00007ffe18036000 	C:\Java\bin\java.dll
0x00007ffe17f30000 - 0x00007ffe18007000 	C:\Java\bin\jsvml.dll
0x00007ffe41c70000 - 0x00007ffe423b5000 	C:\WINDOWS\System32\SHELL32.dll
0x00007ffe3f270000 - 0x00007ffe3fa02000 	C:\WINDOWS\SYSTEM32\windows.storage.dll
0x00007ffe42f20000 - 0x00007ffe43275000 	C:\WINDOWS\System32\combase.dll
0x00007ffe40ba0000 - 0x00007ffe40bd0000 	C:\WINDOWS\SYSTEM32\Wldp.dll
0x00007ffe41b00000 - 0x00007ffe41bad000 	C:\WINDOWS\System32\SHCORE.dll
0x00007ffe42b40000 - 0x00007ffe42b95000 	C:\WINDOWS\System32\shlwapi.dll
0x00007ffe410f0000 - 0x00007ffe4110f000 	C:\WINDOWS\SYSTEM32\profapi.dll
0x00007ffe17f10000 - 0x00007ffe17f23000 	C:\Java\bin\net.dll
0x00007ffe34670000 - 0x00007ffe3477a000 	C:\WINDOWS\SYSTEM32\WINHTTP.dll
0x00007ffe40890000 - 0x00007ffe408fa000 	C:\WINDOWS\system32\mswsock.dll
0x00007ffe17ef0000 - 0x00007ffe17f06000 	C:\Java\bin\nio.dll
0x00007ffe3a9a0000 - 0x00007ffe3a9ab000 	C:\Java\bin\dt_shmem.dll
0x00007ffe17ed0000 - 0x00007ffe17ee8000 	C:\Java\bin\zip.dll
0x00007ffe17d30000 - 0x00007ffe17ec1000 	C:\Java\bin\awt.dll
0x00007ffe426d0000 - 0x00007ffe4279d000 	C:\WINDOWS\System32\OLEAUT32.dll
0x00007ffe3e9d0000 - 0x00007ffe3ea60000 	C:\WINDOWS\SYSTEM32\apphelp.dll
0x00007ffe3eba0000 - 0x00007ffe3ec3e000 	C:\WINDOWS\system32\uxtheme.dll
0x00007ffe428c0000 - 0x00007ffe429d4000 	C:\WINDOWS\System32\MSCTF.dll
0x00007ffe43280000 - 0x00007ffe433aa000 	C:\WINDOWS\System32\ole32.dll
0x00007ffe3ef60000 - 0x00007ffe3ef8f000 	C:\WINDOWS\system32\DWMAPI.DLL
0x00007ffe217f0000 - 0x00007ffe21876000 	C:\Java\bin\freetype.dll
0x00007ffe21720000 - 0x00007ffe217e6000 	C:\Java\bin\fontmanager.dll
0x00007ffe18070000 - 0x00007ffe18195000 	C:\WINDOWS\system32\opengl32.dll
0x00007ffe28570000 - 0x00007ffe2859c000 	C:\WINDOWS\SYSTEM32\GLU32.dll
0x00007ffdf84a0000 - 0x00007ffdf866e000 	C:\WINDOWS\system32\d3d9.dll
0x00007ffe36a90000 - 0x00007ffe36c6d000 	C:\WINDOWS\System32\DriverStore\FileRepository\c0334186.inf_amd64_89077b1f087d60d3\B334040\aticfx64.dll
0x00007ffe21150000 - 0x00007ffe2117e000 	C:\WINDOWS\System32\DriverStore\FileRepository\c0334186.inf_amd64_89077b1f087d60d3\B334040\atiu9p64.dll
0x00007ffde3510000 - 0x00007ffde404c000 	C:\WINDOWS\System32\DriverStore\FileRepository\c0334186.inf_amd64_89077b1f087d60d3\B334040\atiumd64.dll
0x00000000530e0000 - 0x0000000053cbb000 	C:\WINDOWS\System32\DriverStore\FileRepository\c0334186.inf_amd64_89077b1f087d60d3\B334040\atiumd6a.dll
0x00007ffe41020000 - 0x00007ffe4106b000 	C:\WINDOWS\SYSTEM32\POWRPROF.dll
0x00007ffe41000000 - 0x00007ffe41012000 	C:\WINDOWS\SYSTEM32\UMPDC.dll
0x00007ffe35270000 - 0x00007ffe352ab000 	C:\WINDOWS\SYSTEM32\dxcore.dll
0x00007ffe41940000 - 0x00007ffe4198e000 	C:\WINDOWS\System32\cfgmgr32.dll
0x00007ffe424f0000 - 0x00007ffe42599000 	C:\WINDOWS\System32\clbcatq.dll
0x00007ffe3ae60000 - 0x00007ffe3b014000 	C:\WINDOWS\SYSTEM32\WindowsCodecs.dll
0x00007ffe41990000 - 0x00007ffe419b7000 	C:\WINDOWS\System32\bcrypt.dll
0x00007ffe20b30000 - 0x00007ffe20b6e000 	C:\WINDOWS\system32\dataexchange.dll
0x00007ffe3d5b0000 - 0x00007ffe3d813000 	C:\WINDOWS\system32\d3d11.dll
0x00007ffe3dec0000 - 0x00007ffe3e0a3000 	C:\WINDOWS\system32\dcomp.dll
0x00007ffe3fa70000 - 0x00007ffe3fb63000 	C:\WINDOWS\system32\dxgi.dll
0x00007ffe3abb0000 - 0x00007ffe3adb0000 	C:\WINDOWS\system32\twinapi.appcore.dll
0x00007ffe39820000 - 0x00007ffe39919000 	C:\WINDOWS\SYSTEM32\textinputframework.dll
0x00007ffe3e0b0000 - 0x00007ffe3e40e000 	C:\WINDOWS\System32\CoreUIComponents.dll
0x00007ffe402d0000 - 0x00007ffe40303000 	C:\WINDOWS\SYSTEM32\ntmarta.dll
0x00007ffe3cff0000 - 0x00007ffe3d144000 	C:\WINDOWS\SYSTEM32\wintypes.dll
0x00007ffe3e790000 - 0x00007ffe3e882000 	C:\WINDOWS\System32\CoreMessaging.dll

dbghelp: loaded successfully - version: 4.0.5 - missing functions: none
symbol engine: initialized successfully - sym options: 0x614 - pdb path: .;C:\Java\bin;C:\WINDOWS\SYSTEM32;C:\WINDOWS\WinSxS\amd64_microsoft.windows.common-controls_6595b64144ccf1df_6.0.19041.1110_none_60b5254171f9507e;C:\Java\bin\server;C:\WINDOWS\System32\DriverStore\FileRepository\c0334186.inf_amd64_89077b1f087d60d3\B334040

VM Arguments:
jvm_args: -Dfile.encoding=UTF-8 -agentlib:jdwp=transport=dt_shmem,address=javadebug2135 --module-path=C:\Users\Rioan\OneDrive\Desktop\Isaac Project\databasee_1\build\classes 
java_command: databasee.login
java_class_path (initial): C:\Users\Rioan\OneDrive\Desktop\Beginners\JCalendar.jar;C:\Users\Rioan\OneDrive\Desktop\Beginners\netbeans\java\modules\ext\AbsoluteLayout.jar;C:\Users\Rioan\OneDrive\Desktop\Isaac Project\databasee_1\build\classes
Launcher Type: SUN_STANDARD

[Global flags]
     intx CICompilerCount                          = 4                                         {product} {ergonomic}
     uint ConcGCThreads                            = 2                                         {product} {ergonomic}
     uint G1ConcRefinementThreads                  = 8                                         {product} {ergonomic}
   size_t G1HeapRegionSize                         = 1048576                                   {product} {ergonomic}
    uintx GCDrainStackTargetSize                   = 64                                        {product} {ergonomic}
   size_t InitialHeapSize                          = 58720256                                  {product} {ergonomic}
   size_t MarkStackSize                            = 4194304                                   {product} {ergonomic}
   size_t MaxHeapSize                              = 914358272                                 {product} {ergonomic}
   size_t MaxNewSize                               = 548405248                                 {product} {ergonomic}
   size_t MinHeapDeltaBytes                        = 1048576                                   {product} {ergonomic}
   size_t MinHeapSize                              = 8388608                                   {product} {ergonomic}
    uintx NonNMethodCodeHeapSize                   = 5839372                                {pd product} {ergonomic}
    uintx NonProfiledCodeHeapSize                  = 122909434                              {pd product} {ergonomic}
    uintx ProfiledCodeHeapSize                     = 122909434                              {pd product} {ergonomic}
    uintx ReservedCodeCacheSize                    = 251658240                              {pd product} {ergonomic}
     bool SegmentedCodeCache                       = true                                      {product} {ergonomic}
   size_t SoftMaxHeapSize                          = 914358272                              {manageable} {ergonomic}
     bool UseCompressedClassPointers               = true                           {product lp64_product} {ergonomic}
     bool UseCompressedOops                        = true                           {product lp64_product} {ergonomic}
     bool UseG1GC                                  = true                                      {product} {ergonomic}
     bool UseLargePagesIndividualAllocation        = false                                  {pd product} {ergonomic}

Logging:
Log output configuration:
 #0: stdout all=warning uptime,level,tags foldmultilines=false
 #1: stderr all=off uptime,level,tags foldmultilines=false

Environment Variables:
PATH=C:\Program Files\Common Files\Oracle\Java\javapath;C:\ProgramData\Oracle\Java\javapath;C:\WINDOWS\system32;C:\WINDOWS;C:\WINDOWS\System32\Wbem;C:\WINDOWS\System32\WindowsPowerShell\v1.0\;C:\WINDOWS\System32\OpenSSH\;C:\scrcpy;C:\Users\Rioan\AppData\Local\Microsoft\WindowsApps;
USERNAME=Rioan
OS=Windows_NT
PROCESSOR_IDENTIFIER=AMD64 Family 23 Model 17 Stepping 0, AuthenticAMD
TMP=C:\Users\Rioan\AppData\Local\Temp
TEMP=C:\Users\Rioan\AppData\Local\Temp



---------------  S Y S T E M  ---------------

OS:
 Windows 10 , 64 bit Build 19041 (10.0.19041.2546)
OS uptime: 0 days 0:25 hours

CPU: total 8 (initial active 8) (8 cores per cpu, 2 threads per core) family 23 model 17 stepping 0 microcode 0x0, cx8, cmov, fxsr, ht, mmx, 3dnowpref, sse, sse2, sse3, ssse3, sse4a, sse4.1, sse4.2, popcnt, lzcnt, tsc, tscinvbit, avx, avx2, aes, clmul, bmi1, bmi2, adx, sha, fma, vzeroupper, clflush, clflushopt, rdtscp

Memory: 4k page, system-wide physical 3484M (214M free)
TotalPageFile size 14236M (AvailPageFile size 0M)
current process WorkingSet (physical memory assigned to process): 45M, peak: 92M
current process commit charge ("private bytes"): 222M, peak: 223M

vm_info: Java HotSpot(TM) 64-Bit Server VM (19.0.2+7-44) for windows-amd64 JRE (19.0.2+7-44), built on 2022-11-30T18:02:09Z by "mach5one" with MS VC++ 17.1 (VS2022)

END.
