#
# A fatal error has been detected by the Java Runtime Environment:
#
#  EXCEPTION_ACCESS_VIOLATION (0xc0000005) at pc=0x00007ffd50ec1bc5, pid=14228, tid=18688
#
# JRE version:  (19.0.2+7) (build )
# Java VM: Java HotSpot(TM) 64-Bit Server VM (19.0.2+7-44, mixed mode, sharing, tiered, unknown gc, windows-amd64)
# Problematic frame:
# C  [jimage.dll+0x1bc5]
#
# No core dump will be written. Minidumps are not enabled by default on client versions of Windows
#
#

---------------  S U M M A R Y ------------

Command Line: 

Host: AMD Ryzen 5 2500U with Radeon Vega Mobile Gfx  , 8 cores, 3G,  Windows 10 , 64 bit Build 19041 (10.0.19041.2546)
Time: Sat Apr  1 10:51:35 2023 China Standard Time elapsed time: 1.718822 seconds (0d 0h 0m 1s)

---------------  T H R E A D  ---------------

Current thread is native thread

Stack: [0x00000048edb00000,0x00000048edc00000],  sp=0x00000048edbfd900,  free space=1014k
Native frames: (J=compiled Java code, j=interpreted, Vv=VM code, C=native code)
C  [jimage.dll+0x1bc5]


siginfo: EXCEPTION_ACCESS_VIOLATION (0xc0000005), reading address 0x000000000001141c


Registers:
RAX=0x0000000000004500, RBX=0x00000048edbfd9f1, RCX=0x00007ffd50ec6000, RDX=0x0000000000004500
RSP=0x00000048edbfd900, RBP=0x00000048edbfd9f0, RSI=0x000000000000734c, RDI=0x00000048edbfd9f0
R8 =0x00007ffd50ec4298, R9 =0x000000000000001c, R10=0x00007ffd50f30000, R11=0x00007ffd50ec6000
R12=0x0000000000000000, R13=0x00000048edbffe20, R14=0x00000048edbfea60, R15=0x00007ffd07d02788
RIP=0x00007ffd50ec1bc5, EFLAGS=0x0000000000010212


Top of Stack: (sp=0x00000048edbfd900)
0x00000048edbfd900:   00000048ed78a000 0000000000000003
0x00000048edbfd910:   000001b70ae51788 00000048edbfda70
0x00000048edbfd920:   000001b70afc9e50 00007ffd50ec1d53
0x00000048edbfd930:   000000000000000b 000001b70afc9e50
0x00000048edbfd940:   00000048edbfd991 00000048edbfda70
0x00000048edbfd950:   00000048edbfd9ac 00000048edbfd9a8
0x00000048edbfd960:   0000000000000070 ffffffffffffffff
0x00000048edbfd970:   000004b4ffffffff 0000000000000000
0x00000048edbfd980:   000001b70ae51788 0000000300000020
0x00000048edbfd990:   0000e94f60affadd 0000000300000002
0x00000048edbfd9a0:   00007ffd07ce2690 0000000000000017
0x00000048edbfd9b0:   000001b70afc9e50 00000048edbfea60
0x00000048edbfd9c0:   000000000000000b 00007ffd50ec2619
0x00000048edbfd9d0:   0000000000000000 00000048edbfdc90
0x00000048edbfd9e0:   00000048edbfdaf0 00007ffd6934c3c8
0x00000048edbfd9f0:   61622e6176616a2f 692f6b646a2f6573 

Instructions: (pc=0x00007ffd50ec1bc5)
0x00007ffd50ec1ac5:   48 85 c9 74 1d 80 3d 3f 45 00 00 00 74 06 48 8b
0x00007ffd50ec1ad5:   53 18 eb 04 48 8b 53 40 e8 96 0e 00 00 48 83 63
0x00007ffd50ec1ae5:   48 00 8b 4b 0c 83 f9 ff 74 09 e8 cc 0c 00 00 83
0x00007ffd50ec1af5:   4b 0c ff 48 8b 4b 70 48 85 c9 74 0f ba 10 00 00
0x00007ffd50ec1b05:   00 e8 ed 0e 00 00 48 83 63 70 00 48 83 c4 20 5b
0x00007ffd50ec1b15:   c3 cc cc 40 53 48 83 ec 20 48 8b d9 48 8d 0d f8
0x00007ffd50ec1b25:   46 00 00 e8 9b 0c 00 00 83 6b 08 01 75 24 48 8b
0x00007ffd50ec1b35:   d3 48 8d 0d db 44 00 00 e8 22 08 00 00 48 8b cb
0x00007ffd50ec1b45:   e8 d6 fe ff ff ba 78 00 00 00 48 8b cb e8 a1 0e
0x00007ffd50ec1b55:   00 00 48 8d 0d c2 46 00 00 48 83 c4 20 5b e9 68
0x00007ffd50ec1b65:   0c 00 00 48 89 5c 24 08 48 89 74 24 10 57 48 83
0x00007ffd50ec1b75:   ec 20 41 8b f1 4d 8b c8 48 8b fa 4c 8b d9 4d 85
0x00007ffd50ec1b85:   c0 74 78 85 f6 74 74 44 8a 12 48 8d 5a 01 48 8b
0x00007ffd50ec1b95:   d3 b8 93 01 00 01 eb 12 69 c0 93 01 00 01 41 0f
0x00007ffd50ec1ba5:   b6 ca 44 8a 12 33 c1 48 ff c2 45 84 d2 75 e9 4d
0x00007ffd50ec1bb5:   8b 03 0f ba f0 1f 33 d2 49 8b cb f7 f6 48 63 c2
0x00007ffd50ec1bc5:   41 8b 14 81 41 ff 50 08 85 c0 7e 24 8a 0f eb 10
0x00007ffd50ec1bd5:   69 c0 93 01 00 01 0f b6 c9 33 c1 8a 0b 48 ff c3
0x00007ffd50ec1be5:   84 c9 75 ec 0f ba f0 1f 33 d2 f7 f6 8b c2 eb 0e
0x00007ffd50ec1bf5:   79 09 83 c9 ff 2b c8 8b c1 eb 03 83 c8 ff 48 8b
0x00007ffd50ec1c05:   5c 24 30 48 8b 74 24 38 48 83 c4 20 5f c3 cc 48
0x00007ffd50ec1c15:   89 5c 24 08 48 89 74 24 10 57 48 83 ec 20 48 8b
0x00007ffd50ec1c25:   f1 48 8d 0d f3 45 00 00 e8 96 0b 00 00 33 ff 39
0x00007ffd50ec1c35:   3d de 43 00 00 76 24 48 8b 05 dd 43 00 00 48 8b
0x00007ffd50ec1c45:   d6 48 8b 1c f8 48 8b 0b e8 68 1e 00 00 85 c0 74
0x00007ffd50ec1c55:   2b ff c7 3b 3d ba 43 00 00 72 dc 33 db 48 8d 0d
0x00007ffd50ec1c65:   b7 45 00 00 e8 62 0b 00 00 48 8b 74 24 38 48 8b
0x00007ffd50ec1c75:   c3 48 8b 5c 24 30 48 83 c4 20 5f c3 ff 43 08 eb
0x00007ffd50ec1c85:   dc cc cc 48 89 5c 24 08 48 89 74 24 10 57 48 83
0x00007ffd50ec1c95:   ec 20 48 8b d9 48 8b f2 48 8b 49 10 49 8b f8 8b
0x00007ffd50ec1ca5:   53 30 48 8b 01 ff 50 20 4c 8b 43 50 48 8b d6 48
0x00007ffd50ec1cb5:   8b 4b 10 44 8b c8 e8 a8 fe ff ff 83 f8 ff 74 38 



---------------  P R O C E S S  ---------------

VM state: not at safepoint (not fully initialized)

VM Mutex/Monitor currently owned by a thread: None

GC Precious Log:
<Not initialized>


Dynamic libraries:
0x00007ff7c3580000 - 0x00007ff7c3590000 	C:\Java\bin\java.exe
0x00007ffd69330000 - 0x00007ffd69528000 	C:\WINDOWS\SYSTEM32\ntdll.dll
0x00007ffd68c90000 - 0x00007ffd68d4f000 	C:\WINDOWS\System32\KERNEL32.DLL
0x00007ffd66b70000 - 0x00007ffd66e42000 	C:\WINDOWS\System32\KERNELBASE.dll
0x00007ffd66e80000 - 0x00007ffd66f80000 	C:\WINDOWS\System32\ucrtbase.dll
0x00007ffd22a30000 - 0x00007ffd22a48000 	C:\Java\bin\jli.dll
0x00007ffd50f30000 - 0x00007ffd50f4b000 	C:\Java\bin\VCRUNTIME140.dll
0x00007ffd68100000 - 0x00007ffd681ae000 	C:\WINDOWS\System32\ADVAPI32.dll
0x00007ffd682e0000 - 0x00007ffd6837e000 	C:\WINDOWS\System32\msvcrt.dll
0x00007ffd67670000 - 0x00007ffd6770c000 	C:\WINDOWS\System32\sechost.dll
0x00007ffd681b0000 - 0x00007ffd682d4000 	C:\WINDOWS\System32\RPCRT4.dll
0x00007ffd68ae0000 - 0x00007ffd68c81000 	C:\WINDOWS\System32\USER32.dll
0x00007ffd66b40000 - 0x00007ffd66b62000 	C:\WINDOWS\System32\win32u.dll
0x00007ffd68e60000 - 0x00007ffd68e8b000 	C:\WINDOWS\System32\GDI32.dll
0x00007ffd66f80000 - 0x00007ffd6708f000 	C:\WINDOWS\System32\gdi32full.dll
0x00007ffd66a30000 - 0x00007ffd66acd000 	C:\WINDOWS\System32\msvcp_win.dll
0x00007ffd54650000 - 0x00007ffd548ea000 	C:\WINDOWS\WinSxS\amd64_microsoft.windows.common-controls_6595b64144ccf1df_6.0.19041.1110_none_60b5254171f9507e\COMCTL32.dll
0x00007ffd5fb50000 - 0x00007ffd5fb5a000 	C:\WINDOWS\SYSTEM32\VERSION.dll
0x00007ffd67bb0000 - 0x00007ffd67be0000 	C:\WINDOWS\System32\IMM32.DLL
0x00007ffd50f10000 - 0x00007ffd50f1c000 	C:\Java\bin\vcruntime140_1.dll
0x00007ffd20250000 - 0x00007ffd202de000 	C:\Java\bin\msvcp140.dll
0x00007ffd07390000 - 0x00007ffd08050000 	C:\Java\bin\server\jvm.dll
0x00007ffd50f20000 - 0x00007ffd50f29000 	C:\WINDOWS\SYSTEM32\WSOCK32.dll
0x00007ffd68ef0000 - 0x00007ffd68f5b000 	C:\WINDOWS\System32\WS2_32.dll
0x00007ffd5b2b0000 - 0x00007ffd5b2d7000 	C:\WINDOWS\SYSTEM32\WINMM.dll
0x00007ffd648f0000 - 0x00007ffd64902000 	C:\WINDOWS\SYSTEM32\kernel.appcore.dll
0x00007ffd50ec0000 - 0x00007ffd50eca000 	C:\Java\bin\jimage.dll
0x00007ffd56580000 - 0x00007ffd56764000 	C:\WINDOWS\SYSTEM32\DBGHELP.DLL
0x00007ffd60600000 - 0x00007ffd60635000 	C:\WINDOWS\SYSTEM32\dbgcore.DLL
0x00007ffd67090000 - 0x00007ffd67112000 	C:\WINDOWS\System32\bcryptPrimitives.dll

dbghelp: loaded successfully - version: 4.0.5 - missing functions: none
symbol engine: initialization error.

VM Arguments:
java_command: <unknown>
java_class_path (initial): <not set>
Launcher Type: SUN_STANDARD

[Global flags]
     bool UseLargePagesIndividualAllocation        = false                                  {pd product} {ergonomic}

Logging:
Log output configuration:
 #0: stdout all=warning uptime,level,tags foldmultilines=false
 #1: stderr all=off uptime,level,tags foldmultilines=false

Environment Variables:
PATH=C:\Program Files\Common Files\Oracle\Java\javapath;C:\ProgramData\Oracle\Java\javapath;C:\WINDOWS\system32;C:\WINDOWS;C:\WINDOWS\System32\Wbem;C:\WINDOWS\System32\WindowsPowerShell\v1.0\;C:\WINDOWS\System32\OpenSSH\;C:\scrcpy;C:\Users\Rioan\AppData\Local\Microsoft\WindowsApps;
USERNAME=Rioan
OS=Windows_NT
PROCESSOR_IDENTIFIER=AMD64 Family 23 Model 17 Stepping 0, AuthenticAMD
TMP=C:\Users\Rioan\AppData\Local\Temp
TEMP=C:\Users\Rioan\AppData\Local\Temp



---------------  S Y S T E M  ---------------

OS:
 Windows 10 , 64 bit Build 19041 (10.0.19041.2546)
OS uptime: 0 days 0:21 hours

CPU: total 8 (initial active 0) 

Memory: 4k page, system-wide physical 3484M (288M free)
TotalPageFile size 14236M (AvailPageFile size 21M)
current process WorkingSet (physical memory assigned to process): 6M, peak: 6M
current process commit charge ("private bytes"): 2M, peak: 2M

vm_info: Java HotSpot(TM) 64-Bit Server VM (19.0.2+7-44) for windows-amd64 JRE (19.0.2+7-44), built on 2022-11-30T18:02:09Z by "mach5one" with MS VC++ 17.1 (VS2022)

END.
