#
# There is insufficient memory for the Java Runtime Environment to continue.
# Native memory allocation (malloc) failed to allocate 32744 bytes for Chunk::new
# Possible reasons:
#   The system is out of physical RAM or swap space
#   The process is running with CompressedOops enabled, and the Java Heap may be blocking the growth of the native heap
# Possible solutions:
#   Reduce memory load on the system
#   Increase physical memory or swap space
#   Check if swap backing store is full
#   Decrease Java heap size (-Xmx/-Xms)
#   Decrease number of Java threads
#   Decrease Java thread stack sizes (-Xss)
#   Set larger code cache with -XX:ReservedCodeCacheSize=
#   JVM is running with Unscaled Compressed Oops mode in which the Java heap is
#     placed in the first 4GB address space. The Java Heap base address is the
#     maximum limit for the native heap growth. Please use -XX:HeapBaseMinAddress
#     to set the Java Heap base and to place the Java Heap above 4GB virtual address.
# This output file may be truncated or incomplete.
#
#  Out of Memory Error (arena.cpp:184), pid=19964, tid=22896
#
# JRE version: Java(TM) SE Runtime Environment (19.0.2+7) (build 19.0.2+7-44)
# Java VM: Java HotSpot(TM) 64-Bit Server VM (19.0.2+7-44, mixed mode, sharing, tiered, compressed oops, compressed class ptrs, g1 gc, windows-amd64)
# No core dump will be written. Minidumps are not enabled by default on client versions of Windows
#

---------------  S U M M A R Y ------------

Command Line: -Dfile.encoding=UTF-8 -agentlib:jdwp=transport=dt_shmem,address=javadebug3157 --module-path=C:\Users\Rioan\OneDrive\Desktop\Isaac Project\databasee_1\build\classes databasee.login

Host: AMD Ryzen 5 2500U with Radeon Vega Mobile Gfx  , 8 cores, 3G,  Windows 10 , 64 bit Build 19041 (10.0.19041.2546)
Time: Sat Apr  1 18:47:04 2023 China Standard Time elapsed time: 806.422567 seconds (0d 0h 13m 26s)

---------------  T H R E A D  ---------------

Current thread (0x000002604383b330):  JavaThread "C2 CompilerThread0" daemon [_thread_in_native, id=22896, stack(0x000000c18c300000,0x000000c18c400000)]


Current CompileTask:
C2: 806422 1991       4       sun.java2d.pipe.DrawImage::transformImage (124 bytes)

Stack: [0x000000c18c300000,0x000000c18c400000]
Native frames: (J=compiled Java code, j=interpreted, Vv=VM code, C=native code)
V  [jvm.dll+0x6ee21a]
V  [jvm.dll+0x85765e]
V  [jvm.dll+0x85904e]
V  [jvm.dll+0x859703]
V  [jvm.dll+0x28298f]
V  [jvm.dll+0xc9adf]
V  [jvm.dll+0xc9e65]
V  [jvm.dll+0x395efe]
V  [jvm.dll+0x396125]
V  [jvm.dll+0x70a9a0]
V  [jvm.dll+0x703c6c]
V  [jvm.dll+0x7056aa]
V  [jvm.dll+0x70895c]
V  [jvm.dll+0x700c76]
V  [jvm.dll+0x7002c1]
V  [jvm.dll+0x6fe1a3]
V  [jvm.dll+0x1d9e6c]
V  [jvm.dll+0x1da9fb]
V  [jvm.dll+0x2f6edd]
V  [jvm.dll+0x708b52]
V  [jvm.dll+0x700c76]
V  [jvm.dll+0x7002c1]
V  [jvm.dll+0x6fe1a3]
V  [jvm.dll+0x1d9e6c]
V  [jvm.dll+0x1da9fb]
V  [jvm.dll+0x2f6edd]
V  [jvm.dll+0x708b52]
V  [jvm.dll+0x700c76]
V  [jvm.dll+0x7002c1]
V  [jvm.dll+0x6fe1a3]
V  [jvm.dll+0x1d9e6c]
V  [jvm.dll+0x24b333]
V  [jvm.dll+0x1d6ce1]
V  [jvm.dll+0x25b25a]
V  [jvm.dll+0x2596e8]
V  [jvm.dll+0x807588]
V  [jvm.dll+0x80125a]
V  [jvm.dll+0x6ecf0b]
C  [ucrtbase.dll+0x21bb2]
C  [KERNEL32.DLL+0x17614]
C  [ntdll.dll+0x526a1]


---------------  P R O C E S S  ---------------

Threads class SMR info:
_java_thread_list=0x00000260482444e0, length=19, elements={
0x0000026043833150, 0x0000026043835ef0, 0x0000026043837b30, 0x0000026043838460,
0x0000026043839da0, 0x000002604383a6d0, 0x000002604383b330, 0x000002604383e550,
0x00000260438416b0, 0x0000026047c1db40, 0x0000026047d905c0, 0x00000260258f5860,
0x0000026047ca2170, 0x0000026047d98f40, 0x0000026047d1afd0, 0x0000026047e84350,
0x0000026027b5c920, 0x0000026047ee78c0, 0x00000260481ea080
}

Java Threads: ( => current thread )
  0x0000026043833150 JavaThread "Reference Handler" daemon [_thread_blocked, id=22864, stack(0x000000c18bd00000,0x000000c18be00000)]
  0x0000026043835ef0 JavaThread "Finalizer" daemon [_thread_blocked, id=22868, stack(0x000000c18be00000,0x000000c18bf00000)]
  0x0000026043837b30 JavaThread "Signal Dispatcher" daemon [_thread_blocked, id=22880, stack(0x000000c18bf00000,0x000000c18c000000)]
  0x0000026043838460 JavaThread "Attach Listener" daemon [_thread_blocked, id=22884, stack(0x000000c18c000000,0x000000c18c100000)]
  0x0000026043839da0 JavaThread "Service Thread" daemon [_thread_blocked, id=22888, stack(0x000000c18c100000,0x000000c18c200000)]
  0x000002604383a6d0 JavaThread "Monitor Deflation Thread" daemon [_thread_blocked, id=22892, stack(0x000000c18c200000,0x000000c18c300000)]
=>0x000002604383b330 JavaThread "C2 CompilerThread0" daemon [_thread_in_native, id=22896, stack(0x000000c18c300000,0x000000c18c400000)]
  0x000002604383e550 JavaThread "C1 CompilerThread0" daemon [_thread_blocked, id=22920, stack(0x000000c18c400000,0x000000c18c500000)]
  0x00000260438416b0 JavaThread "Sweeper thread" daemon [_thread_blocked, id=22928, stack(0x000000c18c500000,0x000000c18c600000)]
  0x0000026047c1db40 JavaThread "Common-Cleaner" daemon [_thread_blocked, id=23556, stack(0x000000c18c600000,0x000000c18c700000)]
  0x0000026047d905c0 JavaThread "JDWP Event Helper Thread" daemon [_thread_blocked, id=24440, stack(0x000000c18c800000,0x000000c18c900000)]
  0x00000260258f5860 JavaThread "Notification Thread" daemon [_thread_blocked, id=26548, stack(0x000000c18b300000,0x000000c18b400000)]
  0x0000026047ca2170 JavaThread "Java2D Disposer" daemon [_thread_blocked, id=29472, stack(0x000000c18b500000,0x000000c18b600000)]
  0x0000026047d98f40 JavaThread "AWT-Windows" daemon [_thread_in_native, id=20932, stack(0x000000c18c900000,0x000000c18ca00000)]
  0x0000026047d1afd0 JavaThread "AWT-Shutdown" [_thread_blocked, id=5260, stack(0x000000c18c700000,0x000000c18c800000)]
  0x0000026047e84350 JavaThread "AWT-EventQueue-0" [_thread_blocked, id=7076, stack(0x000000c18cc00000,0x000000c18cd00000)]
  0x0000026027b5c920 JavaThread "DestroyJavaVM" [_thread_blocked, id=21012, stack(0x000000c18b600000,0x000000c18b700000)]
  0x0000026047ee78c0 JavaThread "D3D Screen Updater" daemon [_thread_blocked, id=11584, stack(0x000000c18d800000,0x000000c18d900000)]
  0x00000260481ea080 JavaThread "TimerQueue" daemon [_thread_blocked, id=11808, stack(0x000000c18d900000,0x000000c18da00000)]

Other Threads:
  0x0000026027c286c0 VMThread "VM Thread" [stack: 0x000000c18bc00000,0x000000c18bd00000] [id=22428]
  0x0000026047d57200 WatcherThread "VM Periodic Task Thread" [stack: 0x000000c18b400000,0x000000c18b500000] [id=26576]
  0x0000026027b98dd0 WorkerThread "GC Thread#0" [stack: 0x000000c18b700000,0x000000c18b800000] [id=22164]
  0x0000026027ba1a40 ConcurrentGCThread "G1 Main Marker" [stack: 0x000000c18b800000,0x000000c18b900000] [id=22168]
  0x0000026027ba2470 WorkerThread "G1 Conc#0" [stack: 0x000000c18b900000,0x000000c18ba00000] [id=22176]
  0x0000026027c097b0 ConcurrentGCThread "G1 Refine#0" [stack: 0x000000c18ba00000,0x000000c18bb00000] [id=22184]
  0x0000026027c0a2f0 ConcurrentGCThread "G1 Service" [stack: 0x000000c18bb00000,0x000000c18bc00000] [id=22192]

Threads with active compile tasks:
C2 CompilerThread0   809009 1991       4       sun.java2d.pipe.DrawImage::transformImage (124 bytes)

VM state: not at safepoint (normal execution)

VM Mutex/Monitor currently owned by a thread: None

Heap address: 0x00000000c9800000, size: 872 MB, Compressed Oops mode: 32-bit

CDS archive(s) mapped at: [0x0000000800000000-0x0000000800c40000-0x0000000800c40000), size 12845056, SharedBaseAddress: 0x0000000800000000, ArchiveRelocationMode: 0.
Compressed class space mapped at: 0x0000000801000000-0x0000000841000000, reserved size: 1073741824
Narrow klass base: 0x0000000800000000, Narrow klass shift: 0, Narrow klass range: 0x100000000

GC Precious Log:
 CardTable entry size: 512
 Card Set container configuration: InlinePtr #cards 5 size 8 Array Of Cards #cards 12 size 40 Howl #buckets 4 coarsen threshold 1843 Howl Bitmap #cards 512 size 80 coarsen threshold 460 Card regions per heap region 1 cards per card region 2048
 CPUs: 8 total, 8 available
 Memory: 3484M
 Large Page Support: Disabled
 NUMA Support: Disabled
 Compressed Oops: Enabled (32-bit)
 Heap Region Size: 1M
 Heap Min Capacity: 8M
 Heap Initial Capacity: 56M
 Heap Max Capacity: 872M
 Pre-touch: Disabled
 Parallel Workers: 8
 Concurrent Workers: 2
 Concurrent Refinement Workers: 8
 Periodic GC: Disabled

Heap:
 garbage-first heap   total 57344K, used 22528K [0x00000000c9800000, 0x0000000100000000)
  region size 1024K, 20 young (20480K), 0 survivors (0K)
 Metaspace       used 10953K, committed 11136K, reserved 1114112K
  class space    used 1163K, committed 1280K, reserved 1048576K

Heap Regions: E=young(eden), S=young(survivor), O=old, HS=humongous(starts), HC=humongous(continues), CS=collection set, F=free, OA=open archive, CA=closed archive, TAMS=top-at-mark-start (previous, next)
|   0|0x00000000c9800000, 0x00000000c9900000, 0x00000000c9900000|100%|HS|  |TAMS 0x00000000c9800000, 0x00000000c9800000| Complete 
|   1|0x00000000c9900000, 0x00000000c9a00000, 0x00000000c9a00000|100%|HC|  |TAMS 0x00000000c9900000, 0x00000000c9900000| Complete 
|   2|0x00000000c9a00000, 0x00000000c9b00000, 0x00000000c9b00000|100%|HC|  |TAMS 0x00000000c9a00000, 0x00000000c9a00000| Complete 
|   3|0x00000000c9b00000, 0x00000000c9b00000, 0x00000000c9c00000|  0%| F|  |TAMS 0x00000000c9b00000, 0x00000000c9b00000| Untracked 
|   4|0x00000000c9c00000, 0x00000000c9c00000, 0x00000000c9d00000|  0%| F|  |TAMS 0x00000000c9c00000, 0x00000000c9c00000| Untracked 
|   5|0x00000000c9d00000, 0x00000000c9d00000, 0x00000000c9e00000|  0%| F|  |TAMS 0x00000000c9d00000, 0x00000000c9d00000| Untracked 
|   6|0x00000000c9e00000, 0x00000000c9e00000, 0x00000000c9f00000|  0%| F|  |TAMS 0x00000000c9e00000, 0x00000000c9e00000| Untracked 
|   7|0x00000000c9f00000, 0x00000000c9f00000, 0x00000000ca000000|  0%| F|  |TAMS 0x00000000c9f00000, 0x00000000c9f00000| Untracked 
|   8|0x00000000ca000000, 0x00000000ca000000, 0x00000000ca100000|  0%| F|  |TAMS 0x00000000ca000000, 0x00000000ca000000| Untracked 
|   9|0x00000000ca100000, 0x00000000ca100000, 0x00000000ca200000|  0%| F|  |TAMS 0x00000000ca100000, 0x00000000ca100000| Untracked 
|  10|0x00000000ca200000, 0x00000000ca200000, 0x00000000ca300000|  0%| F|  |TAMS 0x00000000ca200000, 0x00000000ca200000| Untracked 
|  11|0x00000000ca300000, 0x00000000ca300000, 0x00000000ca400000|  0%| F|  |TAMS 0x00000000ca300000, 0x00000000ca300000| Untracked 
|  12|0x00000000ca400000, 0x00000000ca400000, 0x00000000ca500000|  0%| F|  |TAMS 0x00000000ca400000, 0x00000000ca400000| Untracked 
|  13|0x00000000ca500000, 0x00000000ca500000, 0x00000000ca600000|  0%| F|  |TAMS 0x00000000ca500000, 0x00000000ca500000| Untracked 
|  14|0x00000000ca600000, 0x00000000ca600000, 0x00000000ca700000|  0%| F|  |TAMS 0x00000000ca600000, 0x00000000ca600000| Untracked 
|  15|0x00000000ca700000, 0x00000000ca700000, 0x00000000ca800000|  0%| F|  |TAMS 0x00000000ca700000, 0x00000000ca700000| Untracked 
|  16|0x00000000ca800000, 0x00000000ca800000, 0x00000000ca900000|  0%| F|  |TAMS 0x00000000ca800000, 0x00000000ca800000| Untracked 
|  17|0x00000000ca900000, 0x00000000ca900000, 0x00000000caa00000|  0%| F|  |TAMS 0x00000000ca900000, 0x00000000ca900000| Untracked 
|  18|0x00000000caa00000, 0x00000000caa00000, 0x00000000cab00000|  0%| F|  |TAMS 0x00000000caa00000, 0x00000000caa00000| Untracked 
|  19|0x00000000cab00000, 0x00000000cab00000, 0x00000000cac00000|  0%| F|  |TAMS 0x00000000cab00000, 0x00000000cab00000| Untracked 
|  20|0x00000000cac00000, 0x00000000cac00000, 0x00000000cad00000|  0%| F|  |TAMS 0x00000000cac00000, 0x00000000cac00000| Untracked 
|  21|0x00000000cad00000, 0x00000000cad00000, 0x00000000cae00000|  0%| F|  |TAMS 0x00000000cad00000, 0x00000000cad00000| Untracked 
|  22|0x00000000cae00000, 0x00000000cae00000, 0x00000000caf00000|  0%| F|  |TAMS 0x00000000cae00000, 0x00000000cae00000| Untracked 
|  23|0x00000000caf00000, 0x00000000caf00000, 0x00000000cb000000|  0%| F|  |TAMS 0x00000000caf00000, 0x00000000caf00000| Untracked 
|  24|0x00000000cb000000, 0x00000000cb000000, 0x00000000cb100000|  0%| F|  |TAMS 0x00000000cb000000, 0x00000000cb000000| Untracked 
|  25|0x00000000cb100000, 0x00000000cb100000, 0x00000000cb200000|  0%| F|  |TAMS 0x00000000cb100000, 0x00000000cb100000| Untracked 
|  26|0x00000000cb200000, 0x00000000cb200000, 0x00000000cb300000|  0%| F|  |TAMS 0x00000000cb200000, 0x00000000cb200000| Untracked 
|  27|0x00000000cb300000, 0x00000000cb300000, 0x00000000cb400000|  0%| F|  |TAMS 0x00000000cb300000, 0x00000000cb300000| Untracked 
|  28|0x00000000cb400000, 0x00000000cb400000, 0x00000000cb500000|  0%| F|  |TAMS 0x00000000cb400000, 0x00000000cb400000| Untracked 
|  29|0x00000000cb500000, 0x00000000cb500000, 0x00000000cb600000|  0%| F|  |TAMS 0x00000000cb500000, 0x00000000cb500000| Untracked 
|  30|0x00000000cb600000, 0x00000000cb600000, 0x00000000cb700000|  0%| F|  |TAMS 0x00000000cb600000, 0x00000000cb600000| Untracked 
|  31|0x00000000cb700000, 0x00000000cb700000, 0x00000000cb800000|  0%| F|  |TAMS 0x00000000cb700000, 0x00000000cb700000| Untracked 
|  32|0x00000000cb800000, 0x00000000cb800000, 0x00000000cb900000|  0%| F|  |TAMS 0x00000000cb800000, 0x00000000cb800000| Untracked 
|  33|0x00000000cb900000, 0x00000000cb900000, 0x00000000cba00000|  0%| F|  |TAMS 0x00000000cb900000, 0x00000000cb900000| Untracked 
|  34|0x00000000cba00000, 0x00000000cba00000, 0x00000000cbb00000|  0%| F|  |TAMS 0x00000000cba00000, 0x00000000cba00000| Untracked 
|  35|0x00000000cbb00000, 0x00000000cbb00000, 0x00000000cbc00000|  0%| F|  |TAMS 0x00000000cbb00000, 0x00000000cbb00000| Untracked 
|  36|0x00000000cbc00000, 0x00000000cbcec0d0, 0x00000000cbd00000| 92%| E|  |TAMS 0x00000000cbc00000, 0x00000000cbc00000| Complete 
|  37|0x00000000cbd00000, 0x00000000cbe00000, 0x00000000cbe00000|100%| E|CS|TAMS 0x00000000cbd00000, 0x00000000cbd00000| Complete 
|  38|0x00000000cbe00000, 0x00000000cbf00000, 0x00000000cbf00000|100%| E|CS|TAMS 0x00000000cbe00000, 0x00000000cbe00000| Complete 
|  39|0x00000000cbf00000, 0x00000000cc000000, 0x00000000cc000000|100%| E|CS|TAMS 0x00000000cbf00000, 0x00000000cbf00000| Complete 
|  40|0x00000000cc000000, 0x00000000cc100000, 0x00000000cc100000|100%| E|CS|TAMS 0x00000000cc000000, 0x00000000cc000000| Complete 
|  41|0x00000000cc100000, 0x00000000cc200000, 0x00000000cc200000|100%| E|CS|TAMS 0x00000000cc100000, 0x00000000cc100000| Complete 
|  42|0x00000000cc200000, 0x00000000cc300000, 0x00000000cc300000|100%| E|CS|TAMS 0x00000000cc200000, 0x00000000cc200000| Complete 
|  43|0x00000000cc300000, 0x00000000cc400000, 0x00000000cc400000|100%| E|CS|TAMS 0x00000000cc300000, 0x00000000cc300000| Complete 
|  44|0x00000000cc400000, 0x00000000cc500000, 0x00000000cc500000|100%| E|CS|TAMS 0x00000000cc400000, 0x00000000cc400000| Complete 
|  45|0x00000000cc500000, 0x00000000cc600000, 0x00000000cc600000|100%| E|CS|TAMS 0x00000000cc500000, 0x00000000cc500000| Complete 
|  46|0x00000000cc600000, 0x00000000cc700000, 0x00000000cc700000|100%| E|CS|TAMS 0x00000000cc600000, 0x00000000cc600000| Complete 
|  47|0x00000000cc700000, 0x00000000cc800000, 0x00000000cc800000|100%| E|CS|TAMS 0x00000000cc700000, 0x00000000cc700000| Complete 
|  48|0x00000000cc800000, 0x00000000cc900000, 0x00000000cc900000|100%| E|CS|TAMS 0x00000000cc800000, 0x00000000cc800000| Complete 
|  49|0x00000000cc900000, 0x00000000cca00000, 0x00000000cca00000|100%| E|CS|TAMS 0x00000000cc900000, 0x00000000cc900000| Complete 
|  50|0x00000000cca00000, 0x00000000ccb00000, 0x00000000ccb00000|100%| E|CS|TAMS 0x00000000cca00000, 0x00000000cca00000| Complete 
|  51|0x00000000ccb00000, 0x00000000ccc00000, 0x00000000ccc00000|100%| E|CS|TAMS 0x00000000ccb00000, 0x00000000ccb00000| Complete 
|  52|0x00000000ccc00000, 0x00000000ccd00000, 0x00000000ccd00000|100%| E|CS|TAMS 0x00000000ccc00000, 0x00000000ccc00000| Complete 
|  53|0x00000000ccd00000, 0x00000000cce00000, 0x00000000cce00000|100%| E|CS|TAMS 0x00000000ccd00000, 0x00000000ccd00000| Complete 
|  54|0x00000000cce00000, 0x00000000ccf00000, 0x00000000ccf00000|100%| E|CS|TAMS 0x00000000cce00000, 0x00000000cce00000| Complete 
|  55|0x00000000ccf00000, 0x00000000cd000000, 0x00000000cd000000|100%| E|CS|TAMS 0x00000000ccf00000, 0x00000000ccf00000| Complete 

Card table byte_map: [0x000002603efc0000,0x000002603f180000] _byte_map_base: 0x000002603e974000

Marking Bits (Prev, Next): (CMBitMap*) 0x0000026027b9a410, (CMBitMap*) 0x0000026027b9a450
 Prev Bits: [0x000002603f340000, 0x00000260400e0000)
 Next Bits: [0x00000260400e0000, 0x0000026040e80000)

Polling page: 0x0000026027330000

Metaspace:

Usage:
  Non-class:      9.56 MB used.
      Class:      1.14 MB used.
       Both:     10.70 MB used.

Virtual space:
  Non-class space:       64.00 MB reserved,       9.62 MB ( 15%) committed,  1 nodes.
      Class space:        1.00 GB reserved,       1.25 MB ( <1%) committed,  1 nodes.
             Both:        1.06 GB reserved,      10.88 MB ( <1%) committed. 

Chunk freelists:
   Non-Class:  2.00 MB
       Class:  2.74 MB
        Both:  4.74 MB

MaxMetaspaceSize: unlimited
CompressedClassSpaceSize: 1.00 GB
Initial GC threshold: 21.00 MB
Current GC threshold: 21.00 MB
CDS: on
MetaspaceReclaimPolicy: balanced
 - commit_granule_bytes: 65536.
 - commit_granule_words: 8192.
 - virtual_space_node_default_size: 8388608.
 - enlarge_chunks_in_place: 1.
 - new_chunks_are_fully_committed: 0.
 - uncommit_free_chunks: 1.
 - use_allocation_guard: 0.


Internal statistics:

num_allocs_failed_limit: 0.
num_arena_births: 164.
num_arena_deaths: 0.
num_vsnodes_births: 2.
num_vsnodes_deaths: 0.
num_space_committed: 174.
num_space_uncommitted: 0.
num_chunks_returned_to_freelist: 0.
num_chunks_taken_from_freelist: 205.
num_chunk_merges: 0.
num_chunk_splits: 127.
num_chunks_enlarged: 71.
num_inconsistent_stats: 0.

CodeHeap 'non-profiled nmethods': size=120000Kb used=879Kb max_used=879Kb free=119120Kb
 bounds [0x00000260375a0000, 0x0000026037810000, 0x000002603ead0000]
CodeHeap 'profiled nmethods': size=120000Kb used=3761Kb max_used=3761Kb free=116238Kb
 bounds [0x000002602fad0000, 0x000002602fe80000, 0x0000026037000000]
CodeHeap 'non-nmethods': size=5760Kb used=1482Kb max_used=1528Kb free=4277Kb
 bounds [0x0000026037000000, 0x0000026037270000, 0x00000260375a0000]
 total_blobs=2662 nmethods=1984 adapters=589
 compilation: enabled
              stopped_count=0, restarted_count=0
 full_count=0

Compilation events (20 events):
Event: 794.436 Thread 0x000002604383b330 nmethod 1977 0x000002603767ae10 code [0x000002603767afe0, 0x000002603767b5a8]
Event: 794.926 Thread 0x000002604383e550 1981       3       javax.swing.Timer$DoPostEvent::run (85 bytes)
Event: 794.927 Thread 0x000002604383e550 nmethod 1981 0x000002602fe70590 code [0x000002602fe707e0, 0x000002602fe71048]
Event: 794.927 Thread 0x000002604383e550 1983       3       javax.swing.Timer::fireActionPerformed (46 bytes)
Event: 794.928 Thread 0x000002604383e550 nmethod 1983 0x000002602fe71390 code [0x000002602fe71560, 0x000002602fe719e8]
Event: 794.928 Thread 0x000002604383e550 1982       3       java.util.concurrent.atomic.AtomicBoolean::get (13 bytes)
Event: 794.928 Thread 0x000002604383e550 nmethod 1982 0x000002602fe71b90 code [0x000002602fe71d20, 0x000002602fe71e98]
Event: 797.515 Thread 0x000002604383e550 1984       3       javax.swing.RepaintManager::scheduleProcessingRunnable (69 bytes)
Event: 797.517 Thread 0x000002604383e550 nmethod 1984 0x000002602fe71f10 code [0x000002602fe72260, 0x000002602fe73508]
Event: 800.175 Thread 0x000002604383b330 1985       4       java.awt.geom.AffineTransform::setTransform (65 bytes)
Event: 800.175 Thread 0x000002604383e550 1986   !   3       sun.java2d.d3d.D3DScreenUpdateManager::runUpdateNow (99 bytes)
Event: 800.176 Thread 0x000002604383e550 nmethod 1986 0x000002602fe73b90 code [0x000002602fe73da0, 0x000002602fe744b8]
Event: 800.176 Thread 0x000002604383b330 nmethod 1985 0x000002603767b910 code [0x000002603767baa0, 0x000002603767bb78]
Event: 800.440 Thread 0x000002604383e550 1988       3       sun.java2d.pipe.DrawImage::imageReady (30 bytes)
Event: 800.441 Thread 0x000002604383e550 nmethod 1988 0x000002602fe74790 code [0x000002602fe74960, 0x000002602fe74e78]
Event: 800.441 Thread 0x000002604383e550 1989  s    3       sun.awt.image.ToolkitImage::getImageRep (37 bytes)
Event: 800.442 Thread 0x000002604383e550 nmethod 1989 0x000002602fe75010 code [0x000002602fe751e0, 0x000002602fe75618]
Event: 800.586 Thread 0x000002604383b330 1990       4       sun.java2d.d3d.D3DBlitLoops::createPackedParams (60 bytes)
Event: 800.588 Thread 0x000002604383b330 nmethod 1990 0x000002603767bc10 code [0x000002603767bda0, 0x000002603767be98]
Event: 800.588 Thread 0x000002604383b330 1991       4       sun.java2d.pipe.DrawImage::transformImage (124 bytes)

GC Heap History (0 events):
No events

Dll operation events (9 events):
Event: 5.351 Loaded shared library C:\Java\bin\java.dll
Event: 6.591 Loaded shared library C:\Java\bin\jsvml.dll
Event: 25.439 Loaded shared library C:\Java\bin\net.dll
Event: 25.496 Loaded shared library C:\Java\bin\nio.dll
Event: 112.710 Loaded shared library C:\Java\bin\zip.dll
Event: 263.107 Loaded shared library C:\Java\bin\jimage.dll
Event: 294.254 Loaded shared library C:\Java\bin\awt.dll
Event: 593.401 Loaded shared library C:\Java\bin\freetype.dll
Event: 593.410 Loaded shared library C:\Java\bin\fontmanager.dll

Deoptimization events (20 events):
Event: 652.260 Thread 0x0000026047e84350 DEOPT PACKING pc=0x000002602fc70344 sp=0x000000c18ccfd360
Event: 652.260 Thread 0x0000026047e84350 DEOPT UNPACKING pc=0x0000026037067543 sp=0x000000c18ccfc7f0 mode 0
Event: 653.553 Thread 0x0000026047e84350 DEOPT PACKING pc=0x000002602fc594a1 sp=0x000000c18ccfce90
Event: 653.553 Thread 0x0000026047e84350 DEOPT UNPACKING pc=0x0000026037067543 sp=0x000000c18ccfc300 mode 0
Event: 656.687 Thread 0x0000026047e84350 DEOPT PACKING pc=0x000002602fafe0ea sp=0x000000c18ccfdee0
Event: 656.687 Thread 0x0000026047e84350 DEOPT UNPACKING pc=0x0000026037067543 sp=0x000000c18ccfd300 mode 0
Event: 671.035 Thread 0x0000026047e84350 DEOPT PACKING pc=0x000002602fc9ce65 sp=0x000000c18ccfd3c0
Event: 671.035 Thread 0x0000026047e84350 DEOPT UNPACKING pc=0x0000026037067543 sp=0x000000c18ccfc818 mode 0
Event: 673.861 Thread 0x0000026047e84350 DEOPT PACKING pc=0x000002602fcf039a sp=0x000000c18ccfd200
Event: 673.861 Thread 0x0000026047e84350 DEOPT UNPACKING pc=0x0000026037067543 sp=0x000000c18ccfc680 mode 0
Event: 681.067 Thread 0x0000026047e84350 DEOPT PACKING pc=0x000002602fd16ff2 sp=0x000000c18ccfd430
Event: 681.067 Thread 0x0000026047e84350 DEOPT UNPACKING pc=0x0000026037067543 sp=0x000000c18ccfc850 mode 0
Event: 685.100 Thread 0x0000026047e84350 DEOPT PACKING pc=0x000002602fc79041 sp=0x000000c18ccfd400
Event: 685.100 Thread 0x0000026047e84350 DEOPT UNPACKING pc=0x0000026037067543 sp=0x000000c18ccfc890 mode 0
Event: 689.144 Thread 0x0000026047e84350 DEOPT PACKING pc=0x000002602fc8d36f sp=0x000000c18ccfd410
Event: 689.144 Thread 0x0000026047e84350 DEOPT UNPACKING pc=0x0000026037067543 sp=0x000000c18ccfc830 mode 0
Event: 698.246 Thread 0x0000026047e84350 DEOPT PACKING pc=0x000002602fd11388 sp=0x000000c18ccfd130
Event: 698.246 Thread 0x0000026047e84350 DEOPT UNPACKING pc=0x0000026037067543 sp=0x000000c18ccfc4e8 mode 0
Event: 710.848 Thread 0x0000026047e84350 DEOPT PACKING pc=0x000002602fad88d5 sp=0x000000c18ccfde50
Event: 710.848 Thread 0x0000026047e84350 DEOPT UNPACKING pc=0x0000026037067543 sp=0x000000c18ccfd2c8 mode 0

Classes loaded (20 events):
Event: 648.346 Loading class java/util/concurrent/BlockingQueue done
Event: 648.347 Loading class java/util/concurrent/DelayQueue done
Event: 648.347 Loading class java/util/PriorityQueue
Event: 648.555 Loading class java/util/PriorityQueue done
Event: 648.558 Loading class javax/swing/TimerQueue$DelayedTimer
Event: 648.950 Loading class java/util/concurrent/Delayed
Event: 648.950 Loading class java/util/concurrent/Delayed done
Event: 648.950 Loading class javax/swing/TimerQueue$DelayedTimer done
Event: 648.951 Loading class java/awt/TextComponent
Event: 648.963 Loading class java/awt/TextComponent done
Event: 649.012 Loading class java/awt/geom/Path2D$Float$TxIterator
Event: 649.379 Loading class java/util/concurrent/TimeUnit$1
Event: 649.490 Loading class java/awt/geom/Path2D$Iterator
Event: 649.541 Loading class java/awt/geom/Path2D$Iterator done
Event: 649.541 Loading class java/awt/geom/Path2D$Float$TxIterator done
Event: 649.549 Loading class java/util/concurrent/TimeUnit$1 done
Event: 650.424 Loading class javax/swing/Timer$1
Event: 650.581 Loading class javax/swing/Timer$1 done
Event: 650.581 Loading class java/util/concurrent/locks/AbstractQueuedSynchronizer$ExclusiveNode
Event: 650.581 Loading class java/util/concurrent/locks/AbstractQueuedSynchronizer$ExclusiveNode done

Classes unloaded (0 events):
No events

Classes redefined (0 events):
No events

Internal exceptions (20 events):
Event: 596.898 Thread 0x0000026027b5c920 Exception <a 'java/lang/ClassNotFoundException'{0x00000000cc9649f0}: ToggleButton> (0x00000000cc9649f0) 
thrown [s\open\src\hotspot\share\classfile\systemDictionary.cpp, line 255]
Event: 596.898 Thread 0x0000026027b5c920 Exception <a 'java/lang/ClassNotFoundException'{0x00000000cc964e30}: javax/swing/JToolBarSeparator> (0x00000000cc964e30) 
thrown [s\open\src\hotspot\share\classfile\systemDictionary.cpp, line 255]
Event: 596.898 Thread 0x0000026027b5c920 Exception <a 'java/lang/ClassNotFoundException'{0x00000000cc965140}: ToolBarSeparator> (0x00000000cc965140) 
thrown [s\open\src\hotspot\share\classfile\systemDictionary.cpp, line 255]
Event: 596.898 Thread 0x0000026027b5c920 Exception <a 'java/lang/ClassNotFoundException'{0x00000000cc965658}: ToolTip> (0x00000000cc965658) 
thrown [s\open\src\hotspot\share\classfile\systemDictionary.cpp, line 255]
Event: 596.901 Thread 0x0000026027b5c920 Exception <a 'java/lang/ClassNotFoundException'{0x00000000cc965fa8}: Tree> (0x00000000cc965fa8) 
thrown [s\open\src\hotspot\share\classfile\systemDictionary.cpp, line 255]
Event: 596.901 Thread 0x0000026027b5c920 Exception <a 'java/lang/ClassNotFoundException'{0x00000000cc9664a0}: Tree> (0x00000000cc9664a0) 
thrown [s\open\src\hotspot\share\classfile\systemDictionary.cpp, line 255]
Event: 596.901 Thread 0x0000026027b5c920 Exception <a 'java/lang/ClassNotFoundException'{0x00000000cc966810}: javax/swing/JTreeCell> (0x00000000cc966810) 
thrown [s\open\src\hotspot\share\classfile\systemDictionary.cpp, line 255]
Event: 596.901 Thread 0x0000026027b5c920 Exception <a 'java/lang/ClassNotFoundException'{0x00000000cc966b18}: TreeCell> (0x00000000cc966b18) 
thrown [s\open\src\hotspot\share\classfile\systemDictionary.cpp, line 255]
Event: 596.901 Thread 0x0000026027b5c920 Exception <a 'java/lang/ClassNotFoundException'{0x00000000cc9672d0}: RootPane> (0x00000000cc9672d0) 
thrown [s\open\src\hotspot\share\classfile\systemDictionary.cpp, line 255]
Event: 597.544 Thread 0x0000026027b5c920 Exception <a 'java/lang/ClassNotFoundException'{0x00000000cc96a0e0}: com/sun/swing/internal/plaf/metal/resources/spi/metalProvider> (0x00000000cc96a0e0) 
thrown [s\open\src\hotspot\share\classfile\systemDictionary.cpp, line 255]
Event: 597.930 Thread 0x0000026027b5c920 Exception <a 'java/lang/ClassNotFoundException'{0x00000000cc96dd60}: com/sun/swing/internal/plaf/basic/resources/spi/basicProvider> (0x00000000cc96dd60) 
thrown [s\open\src\hotspot\share\classfile\systemDictionary.cpp, line 255]
Event: 611.149 Thread 0x0000026047e84350 Exception <a 'java/lang/ClassNotFoundException'{0x00000000cc815800}: com/sun/swing/internal/plaf/synth/resources/spi/synthProvider> (0x00000000cc815800) 
thrown [s\open\src\hotspot\share\classfile\systemDictionary.cpp, line 255]
Event: 612.558 Thread 0x0000026047e84350 Exception <a 'java/lang/NoSuchMethodError'{0x00000000cc858ff0}: 'int java.lang.invoke.Invokers$Holder.invokeExact_MT(java.lang.Object, java.lang.Object)'> (0x00000000cc858ff0) 
thrown [s\open\src\hotspot\share\interpreter\linkResolver.cpp, line 774]
Event: 612.805 Thread 0x0000026047e84350 Exception <a 'java/lang/NoSuchMethodError'{0x00000000cc865538}: 'java.lang.Object java.lang.invoke.DirectMethodHandle$Holder.newInvokeSpecial(java.lang.Object, java.lang.Object, int)'> (0x00000000cc865538) 
thrown [s\open\src\hotspot\share\interpreter\linkResolver.cpp, line 774]
Event: 613.261 Thread 0x0000026047e84350 Exception <a 'java/lang/NoSuchMethodError'{0x00000000cc86a780}: 'int java.lang.invoke.DirectMethodHandle$Holder.invokeSpecial(java.lang.Object, java.lang.Object, java.lang.Object, int)'> (0x00000000cc86a780) 
thrown [s\open\src\hotspot\share\interpreter\linkResolver.cpp, line 774]
Event: 613.265 Thread 0x0000026047e84350 Exception <a 'java/lang/NoSuchMethodError'{0x00000000cc8f2f98}: 'java.lang.Object java.lang.invoke.DirectMethodHandle$Holder.invokeStatic(java.lang.Object, java.lang.Object, java.lang.Object, java.lang.Object, int)'> (0x00000000cc8f2f98) 
thrown [s\open\src\hotspot\share\interpreter\linkResolver.cpp, line 774]
Event: 613.274 Thread 0x0000026047e84350 Exception <a 'java/lang/NoSuchMethodError'{0x00000000cc8fefa0}: 'int java.lang.invoke.DirectMethodHandle$Holder.invokeSpecial(java.lang.Object, java.lang.Object, java.lang.Object)'> (0x00000000cc8fefa0) 
thrown [s\open\src\hotspot\share\interpreter\linkResolver.cpp, line 774]
Event: 615.739 Thread 0x000002604869ecf0 Exception <a 'java/lang/NoSuchMethodError'{0x00000000cc795b78}: 'java.lang.Object java.lang.invoke.DirectMethodHandle$Holder.newInvokeSpecial(java.lang.Object, java.lang.Object, java.lang.Object, int, int, int, int, int)'> (0x00000000cc795b78) 
thrown [s\open\src\hotspot\share\interpreter\linkResolver.cpp, line 774]
Event: 617.700 Thread 0x0000026047e84350 Exception <a 'java/lang/NoSuchMethodError'{0x00000000cc7701c0}: 'void java.lang.invoke.DirectMethodHandle$Holder.invokeStaticInit(java.lang.Object)'> (0x00000000cc7701c0) 
thrown [s\open\src\hotspot\share\interpreter\linkResolver.cpp, line 774]
Event: 628.448 Thread 0x0000026047d98f40 Exception <a 'java/lang/NoSuchMethodError'{0x00000000ccb0fa10}: 'void java.lang.invoke.DirectMethodHandle$Holder.invokeVirtual(java.lang.Object, java.lang.Object)'> (0x00000000ccb0fa10) 
thrown [s\open\src\hotspot\share\interpreter\linkResolver.cpp, line 774]

VM Operations (20 events):
Event: 750.464 Executing VM operation: Cleanup
Event: 750.464 Executing VM operation: Cleanup done
Event: 751.464 Executing VM operation: Cleanup
Event: 751.464 Executing VM operation: Cleanup done
Event: 758.513 Executing VM operation: Cleanup
Event: 758.513 Executing VM operation: Cleanup done
Event: 762.561 Executing VM operation: Cleanup
Event: 762.561 Executing VM operation: Cleanup done
Event: 773.600 Executing VM operation: Cleanup
Event: 773.600 Executing VM operation: Cleanup done
Event: 783.664 Executing VM operation: Cleanup
Event: 783.664 Executing VM operation: Cleanup done
Event: 786.679 Executing VM operation: Cleanup
Event: 786.679 Executing VM operation: Cleanup done
Event: 790.701 Executing VM operation: Cleanup
Event: 790.701 Executing VM operation: Cleanup done
Event: 793.719 Executing VM operation: Cleanup
Event: 793.719 Executing VM operation: Cleanup done
Event: 795.729 Executing VM operation: Cleanup
Event: 795.729 Executing VM operation: Cleanup done

Events (20 events):
Event: 27.214 Thread 0x0000026047ca2170 Thread added: 0x0000026047ca2170
Event: 27.215 Thread 0x0000026047d905c0 Thread added: 0x0000026047d905c0
Event: 27.652 Thread 0x0000026047d90b10 Thread added: 0x0000026047d90b10
Event: 105.739 Thread 0x00000260258f5860 Thread added: 0x00000260258f5860
Event: 566.116 Thread 0x0000026047d90b10 Thread exited: 0x0000026047d90b10
Event: 573.511 Thread 0x0000026047ca2170 Thread exited: 0x0000026047ca2170
Event: 585.614 Thread 0x0000026047ca2170 Thread added: 0x0000026047ca2170
Event: 586.012 Thread 0x0000026047d98330 Thread added: 0x0000026047d98330
Event: 586.312 Thread 0x0000026047d98f40 Thread added: 0x0000026047d98f40
Event: 589.693 Thread 0x0000026047d98330 Thread exited: 0x0000026047d98330
Event: 598.229 Thread 0x0000026047d1afd0 Thread added: 0x0000026047d1afd0
Event: 599.225 Thread 0x0000026047d1afd0 Thread exited: 0x0000026047d1afd0
Event: 600.473 Thread 0x0000026047d1afd0 Thread added: 0x0000026047d1afd0
Event: 600.520 Thread 0x0000026047e84350 Thread added: 0x0000026047e84350
Event: 600.549 Thread 0x0000026027b5c920 Thread exited: 0x0000026027b5c920
Event: 600.550 Thread 0x0000026027b5c920 Thread added: 0x0000026027b5c920
Event: 615.594 Thread 0x000002604869ecf0 Thread added: 0x000002604869ecf0
Event: 621.449 Thread 0x000002604869ecf0 Thread exited: 0x000002604869ecf0
Event: 629.843 Thread 0x0000026047ee78c0 Thread added: 0x0000026047ee78c0
Event: 648.558 Thread 0x00000260481ea080 Thread added: 0x00000260481ea080


Dynamic libraries:
0x00007ff7c2490000 - 0x00007ff7c24a0000 	C:\Java\bin\java.exe
0x00007ffe43ab0000 - 0x00007ffe43ca8000 	C:\WINDOWS\SYSTEM32\ntdll.dll
0x00007ffe427a0000 - 0x00007ffe4285f000 	C:\WINDOWS\System32\KERNEL32.DLL
0x00007ffe412b0000 - 0x00007ffe41582000 	C:\WINDOWS\System32\KERNELBASE.dll
0x00007ffe411b0000 - 0x00007ffe412b0000 	C:\WINDOWS\System32\ucrtbase.dll
0x00007ffe39a70000 - 0x00007ffe39a88000 	C:\Java\bin\jli.dll
0x00007ffe18fa0000 - 0x00007ffe18fbb000 	C:\Java\bin\VCRUNTIME140.dll
0x00007ffe42440000 - 0x00007ffe424ee000 	C:\WINDOWS\System32\ADVAPI32.dll
0x00007ffe43560000 - 0x00007ffe435fe000 	C:\WINDOWS\System32\msvcrt.dll
0x00007ffe42ca0000 - 0x00007ffe42d3c000 	C:\WINDOWS\System32\sechost.dll
0x00007ffe425a0000 - 0x00007ffe426c4000 	C:\WINDOWS\System32\RPCRT4.dll
0x00007ffe433b0000 - 0x00007ffe43551000 	C:\WINDOWS\System32\USER32.dll
0x00007ffe419c0000 - 0x00007ffe419e2000 	C:\WINDOWS\System32\win32u.dll
0x00007ffe42c70000 - 0x00007ffe42c9b000 	C:\WINDOWS\System32\GDI32.dll
0x00007ffe416f0000 - 0x00007ffe417ff000 	C:\WINDOWS\System32\gdi32full.dll
0x00007ffe419f0000 - 0x00007ffe41a8d000 	C:\WINDOWS\System32\msvcp_win.dll
0x00007ffe39a90000 - 0x00007ffe39a9a000 	C:\WINDOWS\SYSTEM32\VERSION.dll
0x00007ffe2f8a0000 - 0x00007ffe2fb3a000 	C:\WINDOWS\WinSxS\amd64_microsoft.windows.common-controls_6595b64144ccf1df_6.0.19041.1110_none_60b5254171f9507e\COMCTL32.dll
0x00007ffe42d40000 - 0x00007ffe42d70000 	C:\WINDOWS\System32\IMM32.DLL
0x00007ffe26570000 - 0x00007ffe2657c000 	C:\Java\bin\vcruntime140_1.dll
0x00007ffe17ca0000 - 0x00007ffe17d2e000 	C:\Java\bin\msvcp140.dll
0x00007ffde4c40000 - 0x00007ffde5900000 	C:\Java\bin\server\jvm.dll
0x00007ffe396c0000 - 0x00007ffe396e7000 	C:\WINDOWS\SYSTEM32\WINMM.dll
0x00007ffe3d8e0000 - 0x00007ffe3d8e9000 	C:\WINDOWS\SYSTEM32\WSOCK32.dll
0x00007ffe42ba0000 - 0x00007ffe42c0b000 	C:\WINDOWS\System32\WS2_32.dll
0x00007ffe3f070000 - 0x00007ffe3f082000 	C:\WINDOWS\SYSTEM32\kernel.appcore.dll
0x00007ffe18f90000 - 0x00007ffe18f9a000 	C:\Java\bin\jimage.dll
0x00007ffe2f0c0000 - 0x00007ffe2f2a4000 	C:\WINDOWS\SYSTEM32\DBGHELP.DLL
0x00007ffe2f080000 - 0x00007ffe2f0b5000 	C:\WINDOWS\SYSTEM32\dbgcore.DLL
0x00007ffe41800000 - 0x00007ffe41882000 	C:\WINDOWS\System32\bcryptPrimitives.dll
0x00007ffe28530000 - 0x00007ffe2856c000 	C:\Java\bin\jdwp.dll
0x00007ffe18010000 - 0x00007ffe18036000 	C:\Java\bin\java.dll
0x00007ffe17f30000 - 0x00007ffe18007000 	C:\Java\bin\jsvml.dll
0x00007ffe41c70000 - 0x00007ffe423b5000 	C:\WINDOWS\System32\SHELL32.dll
0x00007ffe3f270000 - 0x00007ffe3fa02000 	C:\WINDOWS\SYSTEM32\windows.storage.dll
0x00007ffe42f20000 - 0x00007ffe43275000 	C:\WINDOWS\System32\combase.dll
0x00007ffe40ba0000 - 0x00007ffe40bd0000 	C:\WINDOWS\SYSTEM32\Wldp.dll
0x00007ffe41b00000 - 0x00007ffe41bad000 	C:\WINDOWS\System32\SHCORE.dll
0x00007ffe42b40000 - 0x00007ffe42b95000 	C:\WINDOWS\System32\shlwapi.dll
0x00007ffe410f0000 - 0x00007ffe4110f000 	C:\WINDOWS\SYSTEM32\profapi.dll
0x00007ffe17f10000 - 0x00007ffe17f23000 	C:\Java\bin\net.dll
0x00007ffe34670000 - 0x00007ffe3477a000 	C:\WINDOWS\SYSTEM32\WINHTTP.dll
0x00007ffe40890000 - 0x00007ffe408fa000 	C:\WINDOWS\system32\mswsock.dll
0x00007ffe17ef0000 - 0x00007ffe17f06000 	C:\Java\bin\nio.dll
0x00007ffe3a9a0000 - 0x00007ffe3a9ab000 	C:\Java\bin\dt_shmem.dll
0x00007ffe17ed0000 - 0x00007ffe17ee8000 	C:\Java\bin\zip.dll
0x00007ffe17d30000 - 0x00007ffe17ec1000 	C:\Java\bin\awt.dll
0x00007ffe426d0000 - 0x00007ffe4279d000 	C:\WINDOWS\System32\OLEAUT32.dll
0x00007ffe3e9d0000 - 0x00007ffe3ea60000 	C:\WINDOWS\SYSTEM32\apphelp.dll
0x00007ffe3eba0000 - 0x00007ffe3ec3e000 	C:\WINDOWS\system32\uxtheme.dll
0x00007ffe428c0000 - 0x00007ffe429d4000 	C:\WINDOWS\System32\MSCTF.dll
0x00007ffe43280000 - 0x00007ffe433aa000 	C:\WINDOWS\System32\ole32.dll
0x00007ffe3ef60000 - 0x00007ffe3ef8f000 	C:\WINDOWS\system32\DWMAPI.DLL
0x00007ffe217f0000 - 0x00007ffe21876000 	C:\Java\bin\freetype.dll
0x00007ffe21720000 - 0x00007ffe217e6000 	C:\Java\bin\fontmanager.dll
0x00007ffe18070000 - 0x00007ffe18195000 	C:\WINDOWS\system32\opengl32.dll
0x00007ffe28570000 - 0x00007ffe2859c000 	C:\WINDOWS\SYSTEM32\GLU32.dll
0x00007ffdf84a0000 - 0x00007ffdf866e000 	C:\WINDOWS\system32\d3d9.dll
0x00007ffe36a90000 - 0x00007ffe36c6d000 	C:\WINDOWS\System32\DriverStore\FileRepository\c0334186.inf_amd64_89077b1f087d60d3\B334040\aticfx64.dll
0x00007ffe21150000 - 0x00007ffe2117e000 	C:\WINDOWS\System32\DriverStore\FileRepository\c0334186.inf_amd64_89077b1f087d60d3\B334040\atiu9p64.dll
0x00007ffde3510000 - 0x00007ffde404c000 	C:\WINDOWS\System32\DriverStore\FileRepository\c0334186.inf_amd64_89077b1f087d60d3\B334040\atiumd64.dll
0x00000000530e0000 - 0x0000000053cbb000 	C:\WINDOWS\System32\DriverStore\FileRepository\c0334186.inf_amd64_89077b1f087d60d3\B334040\atiumd6a.dll
0x00007ffe41020000 - 0x00007ffe4106b000 	C:\WINDOWS\SYSTEM32\POWRPROF.dll
0x00007ffe41000000 - 0x00007ffe41012000 	C:\WINDOWS\SYSTEM32\UMPDC.dll
0x00007ffe35270000 - 0x00007ffe352ab000 	C:\WINDOWS\SYSTEM32\dxcore.dll
0x00007ffe41940000 - 0x00007ffe4198e000 	C:\WINDOWS\System32\cfgmgr32.dll
0x00007ffe424f0000 - 0x00007ffe42599000 	C:\WINDOWS\System32\clbcatq.dll
0x00007ffe3ae60000 - 0x00007ffe3b014000 	C:\WINDOWS\SYSTEM32\WindowsCodecs.dll
0x00007ffe41990000 - 0x00007ffe419b7000 	C:\WINDOWS\System32\bcrypt.dll
0x00007ffe20b30000 - 0x00007ffe20b6e000 	C:\WINDOWS\system32\dataexchange.dll
0x00007ffe3d5b0000 - 0x00007ffe3d813000 	C:\WINDOWS\system32\d3d11.dll
0x00007ffe3dec0000 - 0x00007ffe3e0a3000 	C:\WINDOWS\system32\dcomp.dll
0x00007ffe3fa70000 - 0x00007ffe3fb63000 	C:\WINDOWS\system32\dxgi.dll
0x00007ffe3abb0000 - 0x00007ffe3adb0000 	C:\WINDOWS\system32\twinapi.appcore.dll
0x00007ffe39820000 - 0x00007ffe39919000 	C:\WINDOWS\SYSTEM32\textinputframework.dll
0x00007ffe3e0b0000 - 0x00007ffe3e40e000 	C:\WINDOWS\System32\CoreUIComponents.dll
0x00007ffe402d0000 - 0x00007ffe40303000 	C:\WINDOWS\SYSTEM32\ntmarta.dll
0x00007ffe3cff0000 - 0x00007ffe3d144000 	C:\WINDOWS\SYSTEM32\wintypes.dll
0x00007ffe3e790000 - 0x00007ffe3e882000 	C:\WINDOWS\System32\CoreMessaging.dll

dbghelp: loaded successfully - version: 4.0.5 - missing functions: none
symbol engine: initialized successfully - sym options: 0x614 - pdb path: .;C:\Java\bin;C:\WINDOWS\SYSTEM32;C:\WINDOWS\WinSxS\amd64_microsoft.windows.common-controls_6595b64144ccf1df_6.0.19041.1110_none_60b5254171f9507e;C:\Java\bin\server;C:\WINDOWS\System32\DriverStore\FileRepository\c0334186.inf_amd64_89077b1f087d60d3\B334040

VM Arguments:
jvm_args: -Dfile.encoding=UTF-8 -agentlib:jdwp=transport=dt_shmem,address=javadebug3157 --module-path=C:\Users\Rioan\OneDrive\Desktop\Isaac Project\databasee_1\build\classes 
java_command: databasee.login
java_class_path (initial): C:\Users\Rioan\OneDrive\Desktop\Beginners\JCalendar.jar;C:\Users\Rioan\OneDrive\Desktop\Beginners\netbeans\java\modules\ext\AbsoluteLayout.jar;C:\Users\Rioan\OneDrive\Desktop\Isaac Project\databasee_1\build\classes
Launcher Type: SUN_STANDARD

[Global flags]
     intx CICompilerCount                          = 4                                         {product} {ergonomic}
     uint ConcGCThreads                            = 2                                         {product} {ergonomic}
     uint G1ConcRefinementThreads                  = 8                                         {product} {ergonomic}
   size_t G1HeapRegionSize                         = 1048576                                   {product} {ergonomic}
    uintx GCDrainStackTargetSize                   = 64                                        {product} {ergonomic}
   size_t InitialHeapSize                          = 58720256                                  {product} {ergonomic}
   size_t MarkStackSize                            = 4194304                                   {product} {ergonomic}
   size_t MaxHeapSize                              = 914358272                                 {product} {ergonomic}
   size_t MaxNewSize                               = 548405248                                 {product} {ergonomic}
   size_t MinHeapDeltaBytes                        = 1048576                                   {product} {ergonomic}
   size_t MinHeapSize                              = 8388608                                   {product} {ergonomic}
    uintx NonNMethodCodeHeapSize                   = 5839372                                {pd product} {ergonomic}
    uintx NonProfiledCodeHeapSize                  = 122909434                              {pd product} {ergonomic}
    uintx ProfiledCodeHeapSize                     = 122909434                              {pd product} {ergonomic}
    uintx ReservedCodeCacheSize                    = 251658240                              {pd product} {ergonomic}
     bool SegmentedCodeCache                       = true                                      {product} {ergonomic}
   size_t SoftMaxHeapSize                          = 914358272                              {manageable} {ergonomic}
     bool UseCompressedClassPointers               = true                           {product lp64_product} {ergonomic}
     bool UseCompressedOops                        = true                           {product lp64_product} {ergonomic}
     bool UseG1GC                                  = true                                      {product} {ergonomic}
     bool UseLargePagesIndividualAllocation        = false                                  {pd product} {ergonomic}

Logging:
Log output configuration:
 #0: stdout all=warning uptime,level,tags foldmultilines=false
 #1: stderr all=off uptime,level,tags foldmultilines=false

Environment Variables:
PATH=C:\Program Files\Common Files\Oracle\Java\javapath;C:\ProgramData\Oracle\Java\javapath;C:\WINDOWS\system32;C:\WINDOWS;C:\WINDOWS\System32\Wbem;C:\WINDOWS\System32\WindowsPowerShell\v1.0\;C:\WINDOWS\System32\OpenSSH\;C:\scrcpy;C:\Users\Rioan\AppData\Local\Microsoft\WindowsApps;
USERNAME=Rioan
OS=Windows_NT
PROCESSOR_IDENTIFIER=AMD64 Family 23 Model 17 Stepping 0, AuthenticAMD
TMP=C:\Users\Rioan\AppData\Local\Temp
TEMP=C:\Users\Rioan\AppData\Local\Temp



---------------  S Y S T E M  ---------------

OS:
 Windows 10 , 64 bit Build 19041 (10.0.19041.2546)
OS uptime: 0 days 0:25 hours

CPU: total 8 (initial active 8) (8 cores per cpu, 2 threads per core) family 23 model 17 stepping 0 microcode 0x0, cx8, cmov, fxsr, ht, mmx, 3dnowpref, sse, sse2, sse3, ssse3, sse4a, sse4.1, sse4.2, popcnt, lzcnt, tsc, tscinvbit, avx, avx2, aes, clmul, bmi1, bmi2, adx, sha, fma, vzeroupper, clflush, clflushopt, rdtscp

Memory: 4k page, system-wide physical 3484M (218M free)
TotalPageFile size 14236M (AvailPageFile size 0M)
current process WorkingSet (physical memory assigned to process): 48M, peak: 82M
current process commit charge ("private bytes"): 219M, peak: 226M

vm_info: Java HotSpot(TM) 64-Bit Server VM (19.0.2+7-44) for windows-amd64 JRE (19.0.2+7-44), built on 2022-11-30T18:02:09Z by "mach5one" with MS VC++ 17.1 (VS2022)

END.
