#
# There is insufficient memory for the Java Runtime Environment to continue.
# Native memory allocation (malloc) failed to allocate 8256 bytes for AllocateHeap
# Possible reasons:
#   The system is out of physical RAM or swap space
#   The process is running with CompressedOops enabled, and the Java Heap may be blocking the growth of the native heap
# Possible solutions:
#   Reduce memory load on the system
#   Increase physical memory or swap space
#   Check if swap backing store is full
#   Decrease Java heap size (-Xmx/-Xms)
#   Decrease number of Java threads
#   Decrease Java thread stack sizes (-Xss)
#   Set larger code cache with -XX:ReservedCodeCacheSize=
#   JVM is running with Unscaled Compressed Oops mode in which the Java heap is
#     placed in the first 4GB address space. The Java Heap base address is the
#     maximum limit for the native heap growth. Please use -XX:HeapBaseMinAddress
#     to set the Java Heap base and to place the Java Heap above 4GB virtual address.
# This output file may be truncated or incomplete.
#
#  Out of Memory Error (allocation.cpp:44), pid=18828, tid=20716
#
# JRE version: Java(TM) SE Runtime Environment (19.0.2+7) (build 19.0.2+7-44)
# Java VM: Java HotSpot(TM) 64-Bit Server VM (19.0.2+7-44, mixed mode, sharing, tiered, compressed oops, compressed class ptrs, g1 gc, windows-amd64)
# No core dump will be written. Minidumps are not enabled by default on client versions of Windows
#

---------------  S U M M A R Y ------------

Command Line: -Dfile.encoding=UTF-8 -agentlib:jdwp=transport=dt_shmem,address=javadebug9622 --module-path=C:\Users\Rioan\OneDrive\Desktop\Isaac Project\databasee_1\build\classes databasee.login

Host: AMD Ryzen 5 2500U with Radeon Vega Mobile Gfx  , 8 cores, 3G,  Windows 10 , 64 bit Build 19041 (10.0.19041.2546)
Time: Sun Apr  2 08:59:23 2023 China Standard Time elapsed time: 59.651647 seconds (0d 0h 0m 59s)

---------------  T H R E A D  ---------------

Current thread (0x000001c1d705b5d0):  JavaThread "main" [_thread_in_vm, id=20716, stack(0x00000098bc600000,0x00000098bc700000)]

Stack: [0x00000098bc600000,0x00000098bc700000]
Native frames: (J=compiled Java code, j=interpreted, Vv=VM code, C=native code)
V  [jvm.dll+0x6ee21a]
V  [jvm.dll+0x85765e]
V  [jvm.dll+0x85904e]
V  [jvm.dll+0x859703]
V  [jvm.dll+0x28298f]
V  [jvm.dll+0xc3f34]
V  [jvm.dll+0x80aaff]
V  [jvm.dll+0x80b448]
V  [jvm.dll+0x80af6d]
V  [jvm.dll+0x807e4e]
V  [jvm.dll+0x25be8a]
V  [jvm.dll+0x25a7d8]
V  [jvm.dll+0x2585fd]
V  [jvm.dll+0x802198]
V  [jvm.dll+0x44ae8f]
V  [jvm.dll+0x44c811]
C  [jli.dll+0x5287]
C  [ucrtbase.dll+0x21bb2]
C  [KERNEL32.DLL+0x17614]
C  [ntdll.dll+0x526a1]


---------------  P R O C E S S  ---------------

Threads class SMR info:
_java_thread_list=0x000001c1f2d2cf40, length=9, elements={
0x000001c1d705b5d0, 0x000001c1f2d2e620, 0x000001c1f7002230, 0x000001c1f2d2f210,
0x000001c1f2d2fb40, 0x000001c1f2d30470, 0x000001c1f2d32db0, 0x000001c1f2d33b50,
0x000001c1f2d35430
}
_to_delete_list=0x000001c1f2d2d030, length=8, elements={
0x000001c1d705b5d0, 0x000001c1f2d2e620, 0x000001c1f7002230, 0x000001c1f2d2f210,
0x000001c1f2d2fb40, 0x000001c1f2d30470, 0x000001c1f2d32db0, 0x000001c1f2d33b50
}

Java Threads: ( => current thread )
=>0x000001c1d705b5d0 JavaThread "main" [_thread_in_vm, id=20716, stack(0x00000098bc600000,0x00000098bc700000)]
  0x000001c1f2d2e620 JavaThread "Reference Handler" daemon [_thread_blocked, id=18008, stack(0x00000098bc500000,0x00000098bc600000)]
  0x000001c1f7002230 JavaThread "Finalizer" daemon [_thread_blocked, id=18016, stack(0x00000098bcd00000,0x00000098bce00000)]
  0x000001c1f2d2f210 JavaThread "Signal Dispatcher" daemon [_thread_new, id=18028, stack(0x00000098bce00000,0x00000098bcf00000)]
  0x000001c1f2d2fb40 JavaThread "Attach Listener" daemon [_thread_new, id=18024, stack(0x00000098bcf00000,0x00000098bd000000)]
  0x000001c1f2d30470 JavaThread "Service Thread" daemon [_thread_blocked, id=18064, stack(0x00000098bd000000,0x00000098bd100000)]
  0x000001c1f2d32db0 JavaThread "Monitor Deflation Thread" daemon [_thread_new, id=18068, stack(0x00000098bd100000,0x00000098bd200000)]
  0x000001c1f2d33b50 JavaThread "C2 CompilerThread0" daemon [_thread_in_vm, id=18060, stack(0x00000098bd200000,0x00000098bd300000)]
  0x000001c1f2d35430 JavaThread "C1 CompilerThread0" daemon [_thread_new, id=14736, stack(0x0000000000000000,0x0000000000000000)]

Other Threads:
  0x000001c1d7128710 VMThread "VM Thread" [stack: 0x00000098bcc00000,0x00000098bcd00000] [id=21468]
  0x000001c1d7098d80 WorkerThread "GC Thread#0" [stack: 0x00000098bc700000,0x00000098bc800000] [id=21032]
  0x000001c1d70a19f0 ConcurrentGCThread "G1 Main Marker" [stack: 0x00000098bc800000,0x00000098bc900000] [id=21040]
  0x000001c1d70a25c0 WorkerThread "G1 Conc#0" [stack: 0x00000098bc900000,0x00000098bca00000] [id=21048]
  0x000001c1d7108860 ConcurrentGCThread "G1 Refine#0" [stack: 0x00000098bca00000,0x00000098bcb00000] [id=21056]
  0x000001c1d71093a0 ConcurrentGCThread "G1 Service" [stack: 0x00000098bcb00000,0x00000098bcc00000] [id=21064]

Threads with active compile tasks:

VM state: not at safepoint (normal execution)

VM Mutex/Monitor currently owned by a thread:  ([mutex/lock_event])
[0x000001c1d70571c0] CompileThread_lock - owner thread: 0x000001c1f2d33b50
[0x000001c1d7055f30] Threads_lock - owner thread: 0x000001c1d705b5d0

Heap address: 0x00000000c9800000, size: 872 MB, Compressed Oops mode: 32-bit

CDS archive(s) mapped at: [0x0000000800000000-0x0000000800c40000-0x0000000800c40000), size 12845056, SharedBaseAddress: 0x0000000800000000, ArchiveRelocationMode: 0.
Compressed class space mapped at: 0x0000000801000000-0x0000000841000000, reserved size: 1073741824
Narrow klass base: 0x0000000800000000, Narrow klass shift: 0, Narrow klass range: 0x100000000

GC Precious Log:
 CardTable entry size: 512
 Card Set container configuration: InlinePtr #cards 5 size 8 Array Of Cards #cards 12 size 40 Howl #buckets 4 coarsen threshold 1843 Howl Bitmap #cards 512 size 80 coarsen threshold 460 Card regions per heap region 1 cards per card region 2048
 CPUs: 8 total, 8 available
 Memory: 3484M
 Large Page Support: Disabled
 NUMA Support: Disabled
 Compressed Oops: Enabled (32-bit)
 Heap Region Size: 1M
 Heap Min Capacity: 8M
 Heap Initial Capacity: 56M
 Heap Max Capacity: 872M
 Pre-touch: Disabled
 Parallel Workers: 8
 Concurrent Workers: 2
 Concurrent Refinement Workers: 8
 Periodic GC: Disabled

Heap:
 garbage-first heap   total 57344K, used 0K [0x00000000c9800000, 0x0000000100000000)
  region size 1024K, 1 young (1024K), 0 survivors (0K)
 Metaspace       used 35K, committed 128K, reserved 1114112K
  class space    used 0K, committed 64K, reserved 1048576K

Heap Regions: E=young(eden), S=young(survivor), O=old, HS=humongous(starts), HC=humongous(continues), CS=collection set, F=free, OA=open archive, CA=closed archive, TAMS=top-at-mark-start (previous, next)
|   0|0x00000000c9800000, 0x00000000c9800000, 0x00000000c9900000|  0%| F|  |TAMS 0x00000000c9800000, 0x00000000c9800000| Untracked 
|   1|0x00000000c9900000, 0x00000000c9900000, 0x00000000c9a00000|  0%| F|  |TAMS 0x00000000c9900000, 0x00000000c9900000| Untracked 
|   2|0x00000000c9a00000, 0x00000000c9a00000, 0x00000000c9b00000|  0%| F|  |TAMS 0x00000000c9a00000, 0x00000000c9a00000| Untracked 
|   3|0x00000000c9b00000, 0x00000000c9b00000, 0x00000000c9c00000|  0%| F|  |TAMS 0x00000000c9b00000, 0x00000000c9b00000| Untracked 
|   4|0x00000000c9c00000, 0x00000000c9c00000, 0x00000000c9d00000|  0%| F|  |TAMS 0x00000000c9c00000, 0x00000000c9c00000| Untracked 
|   5|0x00000000c9d00000, 0x00000000c9d00000, 0x00000000c9e00000|  0%| F|  |TAMS 0x00000000c9d00000, 0x00000000c9d00000| Untracked 
|   6|0x00000000c9e00000, 0x00000000c9e00000, 0x00000000c9f00000|  0%| F|  |TAMS 0x00000000c9e00000, 0x00000000c9e00000| Untracked 
|   7|0x00000000c9f00000, 0x00000000c9f00000, 0x00000000ca000000|  0%| F|  |TAMS 0x00000000c9f00000, 0x00000000c9f00000| Untracked 
|   8|0x00000000ca000000, 0x00000000ca000000, 0x00000000ca100000|  0%| F|  |TAMS 0x00000000ca000000, 0x00000000ca000000| Untracked 
|   9|0x00000000ca100000, 0x00000000ca100000, 0x00000000ca200000|  0%| F|  |TAMS 0x00000000ca100000, 0x00000000ca100000| Untracked 
|  10|0x00000000ca200000, 0x00000000ca200000, 0x00000000ca300000|  0%| F|  |TAMS 0x00000000ca200000, 0x00000000ca200000| Untracked 
|  11|0x00000000ca300000, 0x00000000ca300000, 0x00000000ca400000|  0%| F|  |TAMS 0x00000000ca300000, 0x00000000ca300000| Untracked 
|  12|0x00000000ca400000, 0x00000000ca400000, 0x00000000ca500000|  0%| F|  |TAMS 0x00000000ca400000, 0x00000000ca400000| Untracked 
|  13|0x00000000ca500000, 0x00000000ca500000, 0x00000000ca600000|  0%| F|  |TAMS 0x00000000ca500000, 0x00000000ca500000| Untracked 
|  14|0x00000000ca600000, 0x00000000ca600000, 0x00000000ca700000|  0%| F|  |TAMS 0x00000000ca600000, 0x00000000ca600000| Untracked 
|  15|0x00000000ca700000, 0x00000000ca700000, 0x00000000ca800000|  0%| F|  |TAMS 0x00000000ca700000, 0x00000000ca700000| Untracked 
|  16|0x00000000ca800000, 0x00000000ca800000, 0x00000000ca900000|  0%| F|  |TAMS 0x00000000ca800000, 0x00000000ca800000| Untracked 
|  17|0x00000000ca900000, 0x00000000ca900000, 0x00000000caa00000|  0%| F|  |TAMS 0x00000000ca900000, 0x00000000ca900000| Untracked 
|  18|0x00000000caa00000, 0x00000000caa00000, 0x00000000cab00000|  0%| F|  |TAMS 0x00000000caa00000, 0x00000000caa00000| Untracked 
|  19|0x00000000cab00000, 0x00000000cab00000, 0x00000000cac00000|  0%| F|  |TAMS 0x00000000cab00000, 0x00000000cab00000| Untracked 
|  20|0x00000000cac00000, 0x00000000cac00000, 0x00000000cad00000|  0%| F|  |TAMS 0x00000000cac00000, 0x00000000cac00000| Untracked 
|  21|0x00000000cad00000, 0x00000000cad00000, 0x00000000cae00000|  0%| F|  |TAMS 0x00000000cad00000, 0x00000000cad00000| Untracked 
|  22|0x00000000cae00000, 0x00000000cae00000, 0x00000000caf00000|  0%| F|  |TAMS 0x00000000cae00000, 0x00000000cae00000| Untracked 
|  23|0x00000000caf00000, 0x00000000caf00000, 0x00000000cb000000|  0%| F|  |TAMS 0x00000000caf00000, 0x00000000caf00000| Untracked 
|  24|0x00000000cb000000, 0x00000000cb000000, 0x00000000cb100000|  0%| F|  |TAMS 0x00000000cb000000, 0x00000000cb000000| Untracked 
|  25|0x00000000cb100000, 0x00000000cb100000, 0x00000000cb200000|  0%| F|  |TAMS 0x00000000cb100000, 0x00000000cb100000| Untracked 
|  26|0x00000000cb200000, 0x00000000cb200000, 0x00000000cb300000|  0%| F|  |TAMS 0x00000000cb200000, 0x00000000cb200000| Untracked 
|  27|0x00000000cb300000, 0x00000000cb300000, 0x00000000cb400000|  0%| F|  |TAMS 0x00000000cb300000, 0x00000000cb300000| Untracked 
|  28|0x00000000cb400000, 0x00000000cb400000, 0x00000000cb500000|  0%| F|  |TAMS 0x00000000cb400000, 0x00000000cb400000| Untracked 
|  29|0x00000000cb500000, 0x00000000cb500000, 0x00000000cb600000|  0%| F|  |TAMS 0x00000000cb500000, 0x00000000cb500000| Untracked 
|  30|0x00000000cb600000, 0x00000000cb600000, 0x00000000cb700000|  0%| F|  |TAMS 0x00000000cb600000, 0x00000000cb600000| Untracked 
|  31|0x00000000cb700000, 0x00000000cb700000, 0x00000000cb800000|  0%| F|  |TAMS 0x00000000cb700000, 0x00000000cb700000| Untracked 
|  32|0x00000000cb800000, 0x00000000cb800000, 0x00000000cb900000|  0%| F|  |TAMS 0x00000000cb800000, 0x00000000cb800000| Untracked 
|  33|0x00000000cb900000, 0x00000000cb900000, 0x00000000cba00000|  0%| F|  |TAMS 0x00000000cb900000, 0x00000000cb900000| Untracked 
|  34|0x00000000cba00000, 0x00000000cba00000, 0x00000000cbb00000|  0%| F|  |TAMS 0x00000000cba00000, 0x00000000cba00000| Untracked 
|  35|0x00000000cbb00000, 0x00000000cbb00000, 0x00000000cbc00000|  0%| F|  |TAMS 0x00000000cbb00000, 0x00000000cbb00000| Untracked 
|  36|0x00000000cbc00000, 0x00000000cbc00000, 0x00000000cbd00000|  0%| F|  |TAMS 0x00000000cbc00000, 0x00000000cbc00000| Untracked 
|  37|0x00000000cbd00000, 0x00000000cbd00000, 0x00000000cbe00000|  0%| F|  |TAMS 0x00000000cbd00000, 0x00000000cbd00000| Untracked 
|  38|0x00000000cbe00000, 0x00000000cbe00000, 0x00000000cbf00000|  0%| F|  |TAMS 0x00000000cbe00000, 0x00000000cbe00000| Untracked 
|  39|0x00000000cbf00000, 0x00000000cbf00000, 0x00000000cc000000|  0%| F|  |TAMS 0x00000000cbf00000, 0x00000000cbf00000| Untracked 
|  40|0x00000000cc000000, 0x00000000cc000000, 0x00000000cc100000|  0%| F|  |TAMS 0x00000000cc000000, 0x00000000cc000000| Untracked 
|  41|0x00000000cc100000, 0x00000000cc100000, 0x00000000cc200000|  0%| F|  |TAMS 0x00000000cc100000, 0x00000000cc100000| Untracked 
|  42|0x00000000cc200000, 0x00000000cc200000, 0x00000000cc300000|  0%| F|  |TAMS 0x00000000cc200000, 0x00000000cc200000| Untracked 
|  43|0x00000000cc300000, 0x00000000cc300000, 0x00000000cc400000|  0%| F|  |TAMS 0x00000000cc300000, 0x00000000cc300000| Untracked 
|  44|0x00000000cc400000, 0x00000000cc400000, 0x00000000cc500000|  0%| F|  |TAMS 0x00000000cc400000, 0x00000000cc400000| Untracked 
|  45|0x00000000cc500000, 0x00000000cc500000, 0x00000000cc600000|  0%| F|  |TAMS 0x00000000cc500000, 0x00000000cc500000| Untracked 
|  46|0x00000000cc600000, 0x00000000cc600000, 0x00000000cc700000|  0%| F|  |TAMS 0x00000000cc600000, 0x00000000cc600000| Untracked 
|  47|0x00000000cc700000, 0x00000000cc700000, 0x00000000cc800000|  0%| F|  |TAMS 0x00000000cc700000, 0x00000000cc700000| Untracked 
|  48|0x00000000cc800000, 0x00000000cc800000, 0x00000000cc900000|  0%| F|  |TAMS 0x00000000cc800000, 0x00000000cc800000| Untracked 
|  49|0x00000000cc900000, 0x00000000cc900000, 0x00000000cca00000|  0%| F|  |TAMS 0x00000000cc900000, 0x00000000cc900000| Untracked 
|  50|0x00000000cca00000, 0x00000000cca00000, 0x00000000ccb00000|  0%| F|  |TAMS 0x00000000cca00000, 0x00000000cca00000| Untracked 
|  51|0x00000000ccb00000, 0x00000000ccb00000, 0x00000000ccc00000|  0%| F|  |TAMS 0x00000000ccb00000, 0x00000000ccb00000| Untracked 
|  52|0x00000000ccc00000, 0x00000000ccc00000, 0x00000000ccd00000|  0%| F|  |TAMS 0x00000000ccc00000, 0x00000000ccc00000| Untracked 
|  53|0x00000000ccd00000, 0x00000000ccd00000, 0x00000000cce00000|  0%| F|  |TAMS 0x00000000ccd00000, 0x00000000ccd00000| Untracked 
|  54|0x00000000cce00000, 0x00000000cce00000, 0x00000000ccf00000|  0%| F|  |TAMS 0x00000000cce00000, 0x00000000cce00000| Untracked 
|  55|0x00000000ccf00000, 0x00000000cd000000, 0x00000000cd000000|100%| E|  |TAMS 0x00000000ccf00000, 0x00000000ccf00000| Complete 

Card table byte_map: [0x000001c1ee4c0000,0x000001c1ee680000] _byte_map_base: 0x000001c1ede74000

Marking Bits (Prev, Next): (CMBitMap*) 0x000001c1d709a3c0, (CMBitMap*) 0x000001c1d709a400
 Prev Bits: [0x000001c1ee840000, 0x000001c1ef5e0000)
 Next Bits: [0x000001c1ef5e0000, 0x000001c1f0380000)

Polling page: 0x000001c1d4fa0000

Metaspace:

Usage:
  Non-class:     34.64 KB used.
      Class:    960 bytes used.
       Both:     35.58 KB used.

Virtual space:
  Non-class space:       64.00 MB reserved,      64.00 KB ( <1%) committed,  1 nodes.
      Class space:        1.00 GB reserved,      64.00 KB ( <1%) committed,  1 nodes.
             Both:        1.06 GB reserved,     128.00 KB ( <1%) committed. 

Chunk freelists:
   Non-Class:  0 bytes
       Class:  3.75 MB
        Both:  3.75 MB

MaxMetaspaceSize: unlimited
CompressedClassSpaceSize: 1.00 GB
Initial GC threshold: 21.00 MB
Current GC threshold: 21.00 MB
CDS: on
MetaspaceReclaimPolicy: balanced
 - commit_granule_bytes: 65536.
 - commit_granule_words: 8192.
 - virtual_space_node_default_size: 8388608.
 - enlarge_chunks_in_place: 1.
 - new_chunks_are_fully_committed: 0.
 - uncommit_free_chunks: 1.
 - use_allocation_guard: 0.


Internal statistics:

num_allocs_failed_limit: 0.
num_arena_births: 2.
num_arena_deaths: 0.
num_vsnodes_births: 2.
num_vsnodes_deaths: 0.
num_space_committed: 2.
num_space_uncommitted: 0.
num_chunks_returned_to_freelist: 0.
num_chunks_taken_from_freelist: 3.
num_chunk_merges: 0.
num_chunk_splits: 1.
num_chunks_enlarged: 0.
num_inconsistent_stats: 0.

CodeHeap 'non-profiled nmethods': size=120000Kb used=0Kb max_used=0Kb free=120000Kb
 bounds [0x000001c1e6aa0000, 0x000001c1e6d10000, 0x000001c1edfd0000]
CodeHeap 'profiled nmethods': size=120000Kb used=0Kb max_used=0Kb free=120000Kb
 bounds [0x000001c1defd0000, 0x000001c1df240000, 0x000001c1e6500000]
CodeHeap 'non-nmethods': size=5760Kb used=558Kb max_used=558Kb free=5201Kb
 bounds [0x000001c1e6500000, 0x000001c1e6770000, 0x000001c1e6aa0000]
 total_blobs=211 nmethods=0 adapters=174
 compilation: enabled
              stopped_count=0, restarted_count=0
 full_count=0

Compilation events (0 events):
No events

GC Heap History (0 events):
No events

Dll operation events (2 events):
Event: 4.266 Loaded shared library C:\Java\bin\java.dll
Event: 12.437 Loaded shared library C:\Java\bin\jsvml.dll

Deoptimization events (0 events):
No events

Classes loaded (0 events):
No events

Classes unloaded (0 events):
No events

Classes redefined (0 events):
No events

Internal exceptions (0 events):
No events

VM Operations (0 events):
No events

Events (8 events):
Event: 12.438 Thread 0x000001c1d705b5d0 Thread added: 0x000001c1d705b5d0
Event: 56.128 Thread 0x000001c1f2d2e620 Thread added: 0x000001c1f2d2e620
Event: 56.129 Thread 0x000001c1f7002230 Thread added: 0x000001c1f7002230
Event: 56.130 Thread 0x000001c1f2d2f210 Thread added: 0x000001c1f2d2f210
Event: 56.130 Thread 0x000001c1f2d2fb40 Thread added: 0x000001c1f2d2fb40
Event: 56.131 Thread 0x000001c1f2d30470 Thread added: 0x000001c1f2d30470
Event: 56.131 Thread 0x000001c1f2d32db0 Thread added: 0x000001c1f2d32db0
Event: 56.131 Thread 0x000001c1f2d33b50 Thread added: 0x000001c1f2d33b50


Dynamic libraries:
0x00007ff7e9630000 - 0x00007ff7e9640000 	C:\Java\bin\java.exe
0x00007ffc59ed0000 - 0x00007ffc5a0c8000 	C:\WINDOWS\SYSTEM32\ntdll.dll
0x00007ffc58980000 - 0x00007ffc58a3f000 	C:\WINDOWS\System32\KERNEL32.DLL
0x00007ffc575d0000 - 0x00007ffc578a2000 	C:\WINDOWS\System32\KERNELBASE.dll
0x00007ffc579b0000 - 0x00007ffc57ab0000 	C:\WINDOWS\System32\ucrtbase.dll
0x00007ffc11f90000 - 0x00007ffc11fa8000 	C:\Java\bin\jli.dll
0x00007ffc59320000 - 0x00007ffc593ce000 	C:\WINDOWS\System32\ADVAPI32.dll
0x00007ffc588e0000 - 0x00007ffc5897e000 	C:\WINDOWS\System32\msvcrt.dll
0x00007ffc2f480000 - 0x00007ffc2f49b000 	C:\Java\bin\VCRUNTIME140.dll
0x00007ffc586d0000 - 0x00007ffc5876c000 	C:\WINDOWS\System32\sechost.dll
0x00007ffc58ca0000 - 0x00007ffc58dc4000 	C:\WINDOWS\System32\RPCRT4.dll
0x00007ffc593d0000 - 0x00007ffc59571000 	C:\WINDOWS\System32\USER32.dll
0x00007ffc45110000 - 0x00007ffc453aa000 	C:\WINDOWS\WinSxS\amd64_microsoft.windows.common-controls_6595b64144ccf1df_6.0.19041.1110_none_60b5254171f9507e\COMCTL32.dll
0x00007ffc57ab0000 - 0x00007ffc57ad2000 	C:\WINDOWS\System32\win32u.dll
0x00007ffc58890000 - 0x00007ffc588bb000 	C:\WINDOWS\System32\GDI32.dll
0x00007ffc57b10000 - 0x00007ffc57c1f000 	C:\WINDOWS\System32\gdi32full.dll
0x00007ffc57e80000 - 0x00007ffc57f1d000 	C:\WINDOWS\System32\msvcp_win.dll
0x00007ffc4fb80000 - 0x00007ffc4fb8a000 	C:\WINDOWS\SYSTEM32\VERSION.dll
0x00007ffc59880000 - 0x00007ffc598b0000 	C:\WINDOWS\System32\IMM32.DLL
0x00007ffc17e80000 - 0x00007ffc17e8c000 	C:\Java\bin\vcruntime140_1.dll
0x00007ffc0a1f0000 - 0x00007ffc0a27e000 	C:\Java\bin\msvcp140.dll
0x00007ffc0a500000 - 0x00007ffc0b1c0000 	C:\Java\bin\server\jvm.dll
0x00007ffc2f930000 - 0x00007ffc2f939000 	C:\WINDOWS\SYSTEM32\WSOCK32.dll
0x00007ffc4e910000 - 0x00007ffc4e937000 	C:\WINDOWS\SYSTEM32\WINMM.dll
0x00007ffc59130000 - 0x00007ffc5919b000 	C:\WINDOWS\System32\WS2_32.dll
0x00007ffc55490000 - 0x00007ffc554a2000 	C:\WINDOWS\SYSTEM32\kernel.appcore.dll
0x00007ffc16fe0000 - 0x00007ffc16fea000 	C:\Java\bin\jimage.dll
0x00007ffc49910000 - 0x00007ffc49af4000 	C:\WINDOWS\SYSTEM32\DBGHELP.DLL
0x00007ffc498d0000 - 0x00007ffc49905000 	C:\WINDOWS\SYSTEM32\dbgcore.DLL
0x00007ffc57df0000 - 0x00007ffc57e72000 	C:\WINDOWS\System32\bcryptPrimitives.dll
0x00007ffc11b80000 - 0x00007ffc11bbc000 	C:\Java\bin\jdwp.dll
0x00007ffc14560000 - 0x00007ffc14586000 	C:\Java\bin\java.dll
0x00007ffc0a420000 - 0x00007ffc0a4f7000 	C:\Java\bin\jsvml.dll
0x00007ffc57f20000 - 0x00007ffc58665000 	C:\WINDOWS\System32\SHELL32.dll
0x00007ffc55690000 - 0x00007ffc55e22000 	C:\WINDOWS\SYSTEM32\windows.storage.dll
0x00007ffc58dd0000 - 0x00007ffc59125000 	C:\WINDOWS\System32\combase.dll
0x00007ffc56f50000 - 0x00007ffc56f80000 	C:\WINDOWS\SYSTEM32\Wldp.dll
0x00007ffc58bf0000 - 0x00007ffc58c9d000 	C:\WINDOWS\System32\SHCORE.dll
0x00007ffc59960000 - 0x00007ffc599b5000 	C:\WINDOWS\System32\shlwapi.dll
0x00007ffc57510000 - 0x00007ffc5752f000 	C:\WINDOWS\SYSTEM32\profapi.dll

dbghelp: loaded successfully - version: 4.0.5 - missing functions: none
symbol engine: initialized successfully - sym options: 0x614 - pdb path: .;C:\Java\bin;C:\WINDOWS\SYSTEM32;C:\WINDOWS\WinSxS\amd64_microsoft.windows.common-controls_6595b64144ccf1df_6.0.19041.1110_none_60b5254171f9507e;C:\Java\bin\server

VM Arguments:
jvm_args: -Dfile.encoding=UTF-8 -agentlib:jdwp=transport=dt_shmem,address=javadebug9622 --module-path=C:\Users\Rioan\OneDrive\Desktop\Isaac Project\databasee_1\build\classes 
java_command: databasee.login
java_class_path (initial): C:\Users\Rioan\OneDrive\Desktop\Beginners\JCalendar.jar;C:\Users\Rioan\OneDrive\Desktop\Beginners\netbeans\java\modules\ext\AbsoluteLayout.jar;C:\Users\Rioan\OneDrive\Desktop\Isaac Project\databasee_1\build\classes
Launcher Type: SUN_STANDARD

[Global flags]
     intx CICompilerCount                          = 4                                         {product} {ergonomic}
     uint ConcGCThreads                            = 2                                         {product} {ergonomic}
     uint G1ConcRefinementThreads                  = 8                                         {product} {ergonomic}
   size_t G1HeapRegionSize                         = 1048576                                   {product} {ergonomic}
    uintx GCDrainStackTargetSize                   = 64                                        {product} {ergonomic}
   size_t InitialHeapSize                          = 58720256                                  {product} {ergonomic}
   size_t MarkStackSize                            = 4194304                                   {product} {ergonomic}
   size_t MaxHeapSize                              = 914358272                                 {product} {ergonomic}
   size_t MaxNewSize                               = 548405248                                 {product} {ergonomic}
   size_t MinHeapDeltaBytes                        = 1048576                                   {product} {ergonomic}
   size_t MinHeapSize                              = 8388608                                   {product} {ergonomic}
    uintx NonNMethodCodeHeapSize                   = 5839372                                {pd product} {ergonomic}
    uintx NonProfiledCodeHeapSize                  = 122909434                              {pd product} {ergonomic}
    uintx ProfiledCodeHeapSize                     = 122909434                              {pd product} {ergonomic}
    uintx ReservedCodeCacheSize                    = 251658240                              {pd product} {ergonomic}
     bool SegmentedCodeCache                       = true                                      {product} {ergonomic}
   size_t SoftMaxHeapSize                          = 914358272                              {manageable} {ergonomic}
     bool UseCompressedClassPointers               = true                           {product lp64_product} {ergonomic}
     bool UseCompressedOops                        = true                           {product lp64_product} {ergonomic}
     bool UseG1GC                                  = true                                      {product} {ergonomic}
     bool UseLargePagesIndividualAllocation        = false                                  {pd product} {ergonomic}

Logging:
Log output configuration:
 #0: stdout all=warning uptime,level,tags foldmultilines=false
 #1: stderr all=off uptime,level,tags foldmultilines=false

Environment Variables:
PATH=C:\Program Files\Common Files\Oracle\Java\javapath;C:\ProgramData\Oracle\Java\javapath;C:\WINDOWS\system32;C:\WINDOWS;C:\WINDOWS\System32\Wbem;C:\WINDOWS\System32\WindowsPowerShell\v1.0\;C:\WINDOWS\System32\OpenSSH\;C:\scrcpy;C:\Users\Rioan\AppData\Local\Microsoft\WindowsApps;
USERNAME=Rioan
OS=Windows_NT
PROCESSOR_IDENTIFIER=AMD64 Family 23 Model 17 Stepping 0, AuthenticAMD
TMP=C:\Users\Rioan\AppData\Local\Temp
TEMP=C:\Users\Rioan\AppData\Local\Temp



---------------  S Y S T E M  ---------------

OS:
 Windows 10 , 64 bit Build 19041 (10.0.19041.2546)
OS uptime: 0 days 0:10 hours

CPU: total 8 (initial active 8) (8 cores per cpu, 2 threads per core) family 23 model 17 stepping 0 microcode 0x0, cx8, cmov, fxsr, ht, mmx, 3dnowpref, sse, sse2, sse3, ssse3, sse4a, sse4.1, sse4.2, popcnt, lzcnt, tsc, tscinvbit, avx, avx2, aes, clmul, bmi1, bmi2, adx, sha, fma, vzeroupper, clflush, clflushopt, rdtscp

Memory: 4k page, system-wide physical 3484M (269M free)
TotalPageFile size 14236M (AvailPageFile size 414M)
current process WorkingSet (physical memory assigned to process): 20M, peak: 20M
current process commit charge ("private bytes"): 133M, peak: 133M

vm_info: Java HotSpot(TM) 64-Bit Server VM (19.0.2+7-44) for windows-amd64 JRE (19.0.2+7-44), built on 2022-11-30T18:02:09Z by "mach5one" with MS VC++ 17.1 (VS2022)

END.
