#
# There is insufficient memory for the Java Runtime Environment to continue.
# Native memory allocation (mmap) failed to map 65536 bytes for Failed to commit metaspace.
# Possible reasons:
#   The system is out of physical RAM or swap space
#   The process is running with CompressedOops enabled, and the Java Heap may be blocking the growth of the native heap
# Possible solutions:
#   Reduce memory load on the system
#   Increase physical memory or swap space
#   Check if swap backing store is full
#   Decrease Java heap size (-Xmx/-Xms)
#   Decrease number of Java threads
#   Decrease Java thread stack sizes (-Xss)
#   Set larger code cache with -XX:ReservedCodeCacheSize=
#   JVM is running with Unscaled Compressed Oops mode in which the Java heap is
#     placed in the first 4GB address space. The Java Heap base address is the
#     maximum limit for the native heap growth. Please use -XX:HeapBaseMinAddress
#     to set the Java Heap base and to place the Java Heap above 4GB virtual address.
# This output file may be truncated or incomplete.
#
#  Out of Memory Error (virtualSpaceNode.cpp:110), pid=4352, tid=11840
#
# JRE version: Java(TM) SE Runtime Environment (19.0.2+7) (build 19.0.2+7-44)
# Java VM: Java HotSpot(TM) 64-Bit Server VM (19.0.2+7-44, mixed mode, sharing, tiered, compressed oops, compressed class ptrs, g1 gc, windows-amd64)
# No core dump will be written. Minidumps are not enabled by default on client versions of Windows
#

---------------  S U M M A R Y ------------

Command Line: -Dfile.encoding=UTF-8 -agentlib:jdwp=transport=dt_shmem,address=javadebug568 --module-path=C:\Users\Rioan\OneDrive\Desktop\Isaac Project\databasee_1\build\classes databasee.login

Host: AMD Ryzen 5 2500U with Radeon Vega Mobile Gfx  , 8 cores, 3G,  Windows 10 , 64 bit Build 19041 (10.0.19041.2546)
Time: Sat Apr  1 18:08:33 2023 China Standard Time elapsed time: 8.355723 seconds (0d 0h 0m 8s)

---------------  T H R E A D  ---------------

Current thread (0x000002056ab7a3f0):  JavaThread "main" [_thread_in_vm, id=11840, stack(0x0000000934c00000,0x0000000934d00000)]

Stack: [0x0000000934c00000,0x0000000934d00000]
Native frames: (J=compiled Java code, j=interpreted, Vv=VM code, C=native code)
V  [jvm.dll+0x6ee21a]
V  [jvm.dll+0x85765e]
V  [jvm.dll+0x85904e]
V  [jvm.dll+0x859703]
V  [jvm.dll+0x28298f]
V  [jvm.dll+0x8532db]
V  [jvm.dll+0x692cb6]
V  [jvm.dll+0x692d1a]
V  [jvm.dll+0x695613]
V  [jvm.dll+0x6954de]
V  [jvm.dll+0x6936de]
V  [jvm.dll+0x26e12f]
V  [jvm.dll+0x69dcc5]
V  [jvm.dll+0x21e072]
V  [jvm.dll+0x21e5a5]
V  [jvm.dll+0x21ef01]
V  [jvm.dll+0x2146a1]
V  [jvm.dll+0x5a9cb6]
V  [jvm.dll+0x2257aa]
V  [jvm.dll+0x7cc802]
V  [jvm.dll+0x7cdc4a]
V  [jvm.dll+0x7cdf78]
V  [jvm.dll+0x271e1b]
V  [jvm.dll+0x27203f]
V  [jvm.dll+0x5cb4e8]
V  [jvm.dll+0x5ce447]
V  [jvm.dll+0x3ddda7]
V  [jvm.dll+0x3dd3ff]
C  0x0000020507567601

Java frames: (J=compiled Java code, j=interpreted, Vv=VM code)
j  java.awt.Toolkit.initStatic()V+7 java.desktop@19.0.2
j  java.awt.Toolkit.<clinit>()V+20 java.desktop@19.0.2
v  ~StubRoutines::call_stub 0x000002050753100e
j  java.awt.Component.<clinit>()V+93 java.desktop@19.0.2
v  ~StubRoutines::call_stub 0x000002050753100e

---------------  P R O C E S S  ---------------

Threads class SMR info:
_java_thread_list=0x000002057be30d80, length=15, elements={
0x000002056ab7a3f0, 0x000002057784cfd0, 0x000002057784fd70, 0x00000205778519b0,
0x00000205778522e0, 0x0000020577852c10, 0x0000020577853540, 0x00000205778541a0,
0x0000020577856360, 0x000002057785e6d0, 0x000002057bc08070, 0x000002057bd04360,
0x000002057bd05300, 0x000002057be19e70, 0x000002057be3b8f0
}

Java Threads: ( => current thread )
=>0x000002056ab7a3f0 JavaThread "main" [_thread_in_vm, id=11840, stack(0x0000000934c00000,0x0000000934d00000)]
  0x000002057784cfd0 JavaThread "Reference Handler" daemon [_thread_blocked, id=12280, stack(0x0000000935300000,0x0000000935400000)]
  0x000002057784fd70 JavaThread "Finalizer" daemon [_thread_blocked, id=12284, stack(0x0000000935400000,0x0000000935500000)]
  0x00000205778519b0 JavaThread "Signal Dispatcher" daemon [_thread_blocked, id=10604, stack(0x0000000935500000,0x0000000935600000)]
  0x00000205778522e0 JavaThread "Attach Listener" daemon [_thread_blocked, id=7580, stack(0x0000000935600000,0x0000000935700000)]
  0x0000020577852c10 JavaThread "Service Thread" daemon [_thread_blocked, id=10232, stack(0x0000000935700000,0x0000000935800000)]
  0x0000020577853540 JavaThread "Monitor Deflation Thread" daemon [_thread_blocked, id=10508, stack(0x0000000935800000,0x0000000935900000)]
  0x00000205778541a0 JavaThread "C2 CompilerThread0" daemon [_thread_blocked, id=10524, stack(0x0000000935900000,0x0000000935a00000)]
  0x0000020577856360 JavaThread "C1 CompilerThread0" daemon [_thread_blocked, id=9012, stack(0x0000000935a00000,0x0000000935b00000)]
  0x000002057785e6d0 JavaThread "Sweeper thread" daemon [_thread_blocked, id=10520, stack(0x0000000935b00000,0x0000000935c00000)]
  0x000002057bc08070 JavaThread "Common-Cleaner" daemon [_thread_blocked, id=12416, stack(0x0000000935c00000,0x0000000935d00000)]
  0x000002057bd04360 JavaThread "JDWP Transport Listener: dt_shmem" daemon [_thread_blocked, id=12804, stack(0x0000000935d00000,0x0000000935e00000)]
  0x000002057bd05300 JavaThread "JDWP Event Helper Thread" daemon [_thread_blocked, id=12808, stack(0x0000000935e00000,0x0000000935f00000)]
  0x000002057be19e70 JavaThread "JDWP Command Reader" daemon [_thread_in_native, id=12812, stack(0x0000000935f00000,0x0000000936000000)]
  0x000002057be3b8f0 JavaThread "Notification Thread" daemon [_thread_blocked, id=14032, stack(0x0000000936000000,0x0000000936100000)]

Other Threads:
  0x000002056ac44b30 VMThread "VM Thread" [stack: 0x0000000935200000,0x0000000935300000] [id=12068]
  0x000002057bd05850 WatcherThread "VM Periodic Task Thread" [stack: 0x0000000936100000,0x0000000936200000] [id=21436]
  0x000002056abb7aa0 WorkerThread "GC Thread#0" [stack: 0x0000000934d00000,0x0000000934e00000] [id=11928]
  0x000002056abc0710 ConcurrentGCThread "G1 Main Marker" [stack: 0x0000000934e00000,0x0000000934f00000] [id=11932]
  0x000002056abc1140 WorkerThread "G1 Conc#0" [stack: 0x0000000934f00000,0x0000000935000000] [id=11940]
  0x000002056ac23140 ConcurrentGCThread "G1 Refine#0" [stack: 0x0000000935000000,0x0000000935100000] [id=11948]
  0x000002056ac23e20 ConcurrentGCThread "G1 Service" [stack: 0x0000000935100000,0x0000000935200000] [id=11952]

Threads with active compile tasks:

VM state: not at safepoint (normal execution)

VM Mutex/Monitor currently owned by a thread:  ([mutex/lock_event])
[0x000002056ab785c0] Metaspace_lock - owner thread: 0x000002056ab7a3f0

Heap address: 0x00000000c9800000, size: 872 MB, Compressed Oops mode: 32-bit

CDS archive(s) mapped at: [0x0000000800000000-0x0000000800c40000-0x0000000800c40000), size 12845056, SharedBaseAddress: 0x0000000800000000, ArchiveRelocationMode: 0.
Compressed class space mapped at: 0x0000000801000000-0x0000000841000000, reserved size: 1073741824
Narrow klass base: 0x0000000800000000, Narrow klass shift: 0, Narrow klass range: 0x100000000

GC Precious Log:
 CardTable entry size: 512
 Card Set container configuration: InlinePtr #cards 5 size 8 Array Of Cards #cards 12 size 40 Howl #buckets 4 coarsen threshold 1843 Howl Bitmap #cards 512 size 80 coarsen threshold 460 Card regions per heap region 1 cards per card region 2048
 CPUs: 8 total, 8 available
 Memory: 3484M
 Large Page Support: Disabled
 NUMA Support: Disabled
 Compressed Oops: Enabled (32-bit)
 Heap Region Size: 1M
 Heap Min Capacity: 8M
 Heap Initial Capacity: 56M
 Heap Max Capacity: 872M
 Pre-touch: Disabled
 Parallel Workers: 8
 Concurrent Workers: 2
 Concurrent Refinement Workers: 8
 Periodic GC: Disabled

Heap:
 garbage-first heap   total 57344K, used 2048K [0x00000000c9800000, 0x0000000100000000)
  region size 1024K, 3 young (3072K), 0 survivors (0K)
 Metaspace       used 1141K, committed 1280K, reserved 1114112K
  class space    used 105K, committed 192K, reserved 1048576K

Heap Regions: E=young(eden), S=young(survivor), O=old, HS=humongous(starts), HC=humongous(continues), CS=collection set, F=free, OA=open archive, CA=closed archive, TAMS=top-at-mark-start (previous, next)
|   0|0x00000000c9800000, 0x00000000c9800000, 0x00000000c9900000|  0%| F|  |TAMS 0x00000000c9800000, 0x00000000c9800000| Untracked 
|   1|0x00000000c9900000, 0x00000000c9900000, 0x00000000c9a00000|  0%| F|  |TAMS 0x00000000c9900000, 0x00000000c9900000| Untracked 
|   2|0x00000000c9a00000, 0x00000000c9a00000, 0x00000000c9b00000|  0%| F|  |TAMS 0x00000000c9a00000, 0x00000000c9a00000| Untracked 
|   3|0x00000000c9b00000, 0x00000000c9b00000, 0x00000000c9c00000|  0%| F|  |TAMS 0x00000000c9b00000, 0x00000000c9b00000| Untracked 
|   4|0x00000000c9c00000, 0x00000000c9c00000, 0x00000000c9d00000|  0%| F|  |TAMS 0x00000000c9c00000, 0x00000000c9c00000| Untracked 
|   5|0x00000000c9d00000, 0x00000000c9d00000, 0x00000000c9e00000|  0%| F|  |TAMS 0x00000000c9d00000, 0x00000000c9d00000| Untracked 
|   6|0x00000000c9e00000, 0x00000000c9e00000, 0x00000000c9f00000|  0%| F|  |TAMS 0x00000000c9e00000, 0x00000000c9e00000| Untracked 
|   7|0x00000000c9f00000, 0x00000000c9f00000, 0x00000000ca000000|  0%| F|  |TAMS 0x00000000c9f00000, 0x00000000c9f00000| Untracked 
|   8|0x00000000ca000000, 0x00000000ca000000, 0x00000000ca100000|  0%| F|  |TAMS 0x00000000ca000000, 0x00000000ca000000| Untracked 
|   9|0x00000000ca100000, 0x00000000ca100000, 0x00000000ca200000|  0%| F|  |TAMS 0x00000000ca100000, 0x00000000ca100000| Untracked 
|  10|0x00000000ca200000, 0x00000000ca200000, 0x00000000ca300000|  0%| F|  |TAMS 0x00000000ca200000, 0x00000000ca200000| Untracked 
|  11|0x00000000ca300000, 0x00000000ca300000, 0x00000000ca400000|  0%| F|  |TAMS 0x00000000ca300000, 0x00000000ca300000| Untracked 
|  12|0x00000000ca400000, 0x00000000ca400000, 0x00000000ca500000|  0%| F|  |TAMS 0x00000000ca400000, 0x00000000ca400000| Untracked 
|  13|0x00000000ca500000, 0x00000000ca500000, 0x00000000ca600000|  0%| F|  |TAMS 0x00000000ca500000, 0x00000000ca500000| Untracked 
|  14|0x00000000ca600000, 0x00000000ca600000, 0x00000000ca700000|  0%| F|  |TAMS 0x00000000ca600000, 0x00000000ca600000| Untracked 
|  15|0x00000000ca700000, 0x00000000ca700000, 0x00000000ca800000|  0%| F|  |TAMS 0x00000000ca700000, 0x00000000ca700000| Untracked 
|  16|0x00000000ca800000, 0x00000000ca800000, 0x00000000ca900000|  0%| F|  |TAMS 0x00000000ca800000, 0x00000000ca800000| Untracked 
|  17|0x00000000ca900000, 0x00000000ca900000, 0x00000000caa00000|  0%| F|  |TAMS 0x00000000ca900000, 0x00000000ca900000| Untracked 
|  18|0x00000000caa00000, 0x00000000caa00000, 0x00000000cab00000|  0%| F|  |TAMS 0x00000000caa00000, 0x00000000caa00000| Untracked 
|  19|0x00000000cab00000, 0x00000000cab00000, 0x00000000cac00000|  0%| F|  |TAMS 0x00000000cab00000, 0x00000000cab00000| Untracked 
|  20|0x00000000cac00000, 0x00000000cac00000, 0x00000000cad00000|  0%| F|  |TAMS 0x00000000cac00000, 0x00000000cac00000| Untracked 
|  21|0x00000000cad00000, 0x00000000cad00000, 0x00000000cae00000|  0%| F|  |TAMS 0x00000000cad00000, 0x00000000cad00000| Untracked 
|  22|0x00000000cae00000, 0x00000000cae00000, 0x00000000caf00000|  0%| F|  |TAMS 0x00000000cae00000, 0x00000000cae00000| Untracked 
|  23|0x00000000caf00000, 0x00000000caf00000, 0x00000000cb000000|  0%| F|  |TAMS 0x00000000caf00000, 0x00000000caf00000| Untracked 
|  24|0x00000000cb000000, 0x00000000cb000000, 0x00000000cb100000|  0%| F|  |TAMS 0x00000000cb000000, 0x00000000cb000000| Untracked 
|  25|0x00000000cb100000, 0x00000000cb100000, 0x00000000cb200000|  0%| F|  |TAMS 0x00000000cb100000, 0x00000000cb100000| Untracked 
|  26|0x00000000cb200000, 0x00000000cb200000, 0x00000000cb300000|  0%| F|  |TAMS 0x00000000cb200000, 0x00000000cb200000| Untracked 
|  27|0x00000000cb300000, 0x00000000cb300000, 0x00000000cb400000|  0%| F|  |TAMS 0x00000000cb300000, 0x00000000cb300000| Untracked 
|  28|0x00000000cb400000, 0x00000000cb400000, 0x00000000cb500000|  0%| F|  |TAMS 0x00000000cb400000, 0x00000000cb400000| Untracked 
|  29|0x00000000cb500000, 0x00000000cb500000, 0x00000000cb600000|  0%| F|  |TAMS 0x00000000cb500000, 0x00000000cb500000| Untracked 
|  30|0x00000000cb600000, 0x00000000cb600000, 0x00000000cb700000|  0%| F|  |TAMS 0x00000000cb600000, 0x00000000cb600000| Untracked 
|  31|0x00000000cb700000, 0x00000000cb700000, 0x00000000cb800000|  0%| F|  |TAMS 0x00000000cb700000, 0x00000000cb700000| Untracked 
|  32|0x00000000cb800000, 0x00000000cb800000, 0x00000000cb900000|  0%| F|  |TAMS 0x00000000cb800000, 0x00000000cb800000| Untracked 
|  33|0x00000000cb900000, 0x00000000cb900000, 0x00000000cba00000|  0%| F|  |TAMS 0x00000000cb900000, 0x00000000cb900000| Untracked 
|  34|0x00000000cba00000, 0x00000000cba00000, 0x00000000cbb00000|  0%| F|  |TAMS 0x00000000cba00000, 0x00000000cba00000| Untracked 
|  35|0x00000000cbb00000, 0x00000000cbb00000, 0x00000000cbc00000|  0%| F|  |TAMS 0x00000000cbb00000, 0x00000000cbb00000| Untracked 
|  36|0x00000000cbc00000, 0x00000000cbc00000, 0x00000000cbd00000|  0%| F|  |TAMS 0x00000000cbc00000, 0x00000000cbc00000| Untracked 
|  37|0x00000000cbd00000, 0x00000000cbd00000, 0x00000000cbe00000|  0%| F|  |TAMS 0x00000000cbd00000, 0x00000000cbd00000| Untracked 
|  38|0x00000000cbe00000, 0x00000000cbe00000, 0x00000000cbf00000|  0%| F|  |TAMS 0x00000000cbe00000, 0x00000000cbe00000| Untracked 
|  39|0x00000000cbf00000, 0x00000000cbf00000, 0x00000000cc000000|  0%| F|  |TAMS 0x00000000cbf00000, 0x00000000cbf00000| Untracked 
|  40|0x00000000cc000000, 0x00000000cc000000, 0x00000000cc100000|  0%| F|  |TAMS 0x00000000cc000000, 0x00000000cc000000| Untracked 
|  41|0x00000000cc100000, 0x00000000cc100000, 0x00000000cc200000|  0%| F|  |TAMS 0x00000000cc100000, 0x00000000cc100000| Untracked 
|  42|0x00000000cc200000, 0x00000000cc200000, 0x00000000cc300000|  0%| F|  |TAMS 0x00000000cc200000, 0x00000000cc200000| Untracked 
|  43|0x00000000cc300000, 0x00000000cc300000, 0x00000000cc400000|  0%| F|  |TAMS 0x00000000cc300000, 0x00000000cc300000| Untracked 
|  44|0x00000000cc400000, 0x00000000cc400000, 0x00000000cc500000|  0%| F|  |TAMS 0x00000000cc400000, 0x00000000cc400000| Untracked 
|  45|0x00000000cc500000, 0x00000000cc500000, 0x00000000cc600000|  0%| F|  |TAMS 0x00000000cc500000, 0x00000000cc500000| Untracked 
|  46|0x00000000cc600000, 0x00000000cc600000, 0x00000000cc700000|  0%| F|  |TAMS 0x00000000cc600000, 0x00000000cc600000| Untracked 
|  47|0x00000000cc700000, 0x00000000cc700000, 0x00000000cc800000|  0%| F|  |TAMS 0x00000000cc700000, 0x00000000cc700000| Untracked 
|  48|0x00000000cc800000, 0x00000000cc800000, 0x00000000cc900000|  0%| F|  |TAMS 0x00000000cc800000, 0x00000000cc800000| Untracked 
|  49|0x00000000cc900000, 0x00000000cc900000, 0x00000000cca00000|  0%| F|  |TAMS 0x00000000cc900000, 0x00000000cc900000| Untracked 
|  50|0x00000000cca00000, 0x00000000cca00000, 0x00000000ccb00000|  0%| F|  |TAMS 0x00000000cca00000, 0x00000000cca00000| Untracked 
|  51|0x00000000ccb00000, 0x00000000ccb00000, 0x00000000ccc00000|  0%| F|  |TAMS 0x00000000ccb00000, 0x00000000ccb00000| Untracked 
|  52|0x00000000ccc00000, 0x00000000ccc00000, 0x00000000ccd00000|  0%| F|  |TAMS 0x00000000ccc00000, 0x00000000ccc00000| Untracked 
|  53|0x00000000ccd00000, 0x00000000cce00000, 0x00000000cce00000|100%| E|  |TAMS 0x00000000ccd00000, 0x00000000ccd00000| Complete 
|  54|0x00000000cce00000, 0x00000000ccf00000, 0x00000000ccf00000|100%| E|CS|TAMS 0x00000000cce00000, 0x00000000cce00000| Complete 
|  55|0x00000000ccf00000, 0x00000000cd000000, 0x00000000cd000000|100%| E|CS|TAMS 0x00000000ccf00000, 0x00000000ccf00000| Complete 

Card table byte_map: [0x0000020572fe0000,0x00000205731a0000] _byte_map_base: 0x0000020572994000

Marking Bits (Prev, Next): (CMBitMap*) 0x000002056abb90e0, (CMBitMap*) 0x000002056abb9120
 Prev Bits: [0x0000020573360000, 0x0000020574100000)
 Next Bits: [0x0000020574100000, 0x0000020574ea0000)

Polling page: 0x0000020568b80000

Metaspace:

Usage:
  Non-class:      1.01 MB used.
      Class:    105.54 KB used.
       Both:      1.11 MB used.

Virtual space:
  Non-class space:       64.00 MB reserved,       1.06 MB (  2%) committed,  1 nodes.
      Class space:        1.00 GB reserved,     192.00 KB ( <1%) committed,  1 nodes.
             Both:        1.06 GB reserved,       1.25 MB ( <1%) committed. 

Chunk freelists:
   Non-Class:  3.98 MB
       Class:  3.74 MB
        Both:  7.72 MB

MaxMetaspaceSize: unlimited
CompressedClassSpaceSize: 1.00 GB
Initial GC threshold: 21.00 MB
Current GC threshold: 21.00 MB
CDS: on
MetaspaceReclaimPolicy: balanced
 - commit_granule_bytes: 65536.
 - commit_granule_words: 8192.
 - virtual_space_node_default_size: 8388608.
 - enlarge_chunks_in_place: 1.
 - new_chunks_are_fully_committed: 0.
 - uncommit_free_chunks: 1.
 - use_allocation_guard: 0.


Internal statistics:

num_allocs_failed_limit: 0.
num_arena_births: 8.
num_arena_deaths: 0.
num_vsnodes_births: 2.
num_vsnodes_deaths: 0.
num_space_committed: 20.
num_space_uncommitted: 0.
num_chunks_returned_to_freelist: 0.
num_chunks_taken_from_freelist: 10.
num_chunk_merges: 0.
num_chunk_splits: 5.
num_chunks_enlarged: 3.
num_inconsistent_stats: 0.

CodeHeap 'non-profiled nmethods': size=120000Kb used=71Kb max_used=71Kb free=119928Kb
 bounds [0x0000020507ad0000, 0x0000020507d40000, 0x000002050f000000]
CodeHeap 'profiled nmethods': size=120000Kb used=222Kb max_used=222Kb free=119777Kb
 bounds [0x0000020500000000, 0x0000020500270000, 0x0000020507530000]
CodeHeap 'non-nmethods': size=5760Kb used=1265Kb max_used=1279Kb free=4494Kb
 bounds [0x0000020507530000, 0x00000205077a0000, 0x0000020507ad0000]
 total_blobs=604 nmethods=209 adapters=306
 compilation: enabled
              stopped_count=0, restarted_count=0
 full_count=0

Compilation events (20 events):
Event: 8.319 Thread 0x0000020577856360  199       1       java.lang.Module::getDescriptor (5 bytes)
Event: 8.319 Thread 0x0000020577856360 nmethod 199 0x0000020507ae1210 code [0x0000020507ae13a0, 0x0000020507ae1458]
Event: 8.325 Thread 0x0000020577856360  200       3       java.lang.ref.Reference::reachabilityFence (1 bytes)
Event: 8.326 Thread 0x0000020577856360 nmethod 200 0x0000020500033d90 code [0x0000020500033f20, 0x0000020500034018]
Event: 8.326 Thread 0x0000020577856360  201       3       jdk.internal.util.Preconditions::checkIndex (18 bytes)
Event: 8.326 Thread 0x0000020577856360 nmethod 201 0x0000020500034090 code [0x0000020500034240, 0x0000020500034408]
Event: 8.326 Thread 0x0000020577856360  202       3       java.util.Objects::checkIndex (7 bytes)
Event: 8.326 Thread 0x00000205778541a0  205       4       java.lang.String::charAt (25 bytes)
Event: 8.326 Thread 0x0000020577856360 nmethod 202 0x0000020500034510 code [0x00000205000346a0, 0x00000205000347d8]
Event: 8.326 Thread 0x0000020577856360  203       3       java.nio.Buffer::session (20 bytes)
Event: 8.327 Thread 0x0000020577856360 nmethod 203 0x0000020500034890 code [0x0000020500034a60, 0x0000020500034d48]
Event: 8.327 Thread 0x0000020577856360  204       3       java.nio.Buffer::checkIndex (9 bytes)
Event: 8.327 Thread 0x0000020577856360 nmethod 204 0x0000020500034e10 code [0x0000020500034fc0, 0x0000020500035178]
Event: 8.327 Thread 0x0000020577856360  206   !   3       java.nio.DirectByteBuffer::get (34 bytes)
Event: 8.328 Thread 0x0000020577856360 nmethod 206 0x0000020500035290 code [0x00000205000354e0, 0x0000020500035ed8]
Event: 8.328 Thread 0x0000020577856360  207       3       java.nio.DirectByteBuffer::ix (10 bytes)
Event: 8.328 Thread 0x0000020577856360 nmethod 207 0x0000020500036410 code [0x00000205000365a0, 0x00000205000366b8]
Event: 8.328 Thread 0x0000020577856360  209       3       jdk.internal.jimage.ImageStringsReader::unmaskedHashCode (166 bytes)
Event: 8.329 Thread 0x00000205778541a0 nmethod 205 0x0000020507ae1910 code [0x0000020507ae1aa0, 0x0000020507ae1bc8]
Event: 8.330 Thread 0x0000020577856360 nmethod 209 0x0000020500036790 code [0x00000205000369e0, 0x0000020500037578]

GC Heap History (0 events):
No events

Dll operation events (6 events):
Event: 0.026 Loaded shared library C:\Java\bin\java.dll
Event: 0.259 Loaded shared library C:\Java\bin\jsvml.dll
Event: 0.828 Loaded shared library C:\Java\bin\net.dll
Event: 0.873 Loaded shared library C:\Java\bin\nio.dll
Event: 7.545 Loaded shared library C:\Java\bin\zip.dll
Event: 8.323 Loaded shared library C:\Java\bin\jimage.dll

Deoptimization events (0 events):
No events

Classes loaded (20 events):
Event: 8.315 Loading class jdk/internal/logger/LazyLoggers$LazyLoggerFactories done
Event: 8.331 Loading class jdk/internal/logger/LazyLoggers$JdkLazyLogger
Event: 8.331 Loading class jdk/internal/logger/LazyLoggers$LazyLoggerWrapper
Event: 8.331 Loading class jdk/internal/logger/AbstractLoggerWrapper
Event: 8.332 Loading class jdk/internal/logger/AbstractLoggerWrapper done
Event: 8.332 Loading class jdk/internal/logger/LazyLoggers$LazyLoggerWrapper done
Event: 8.332 Loading class jdk/internal/logger/LazyLoggers$JdkLazyLogger done
Event: 8.332 Loading class jdk/internal/logger/LazyLoggers$LazyLoggerAccessor
Event: 8.332 Loading class jdk/internal/logger/LazyLoggers$LoggerAccessor
Event: 8.332 Loading class jdk/internal/logger/LazyLoggers$LoggerAccessor done
Event: 8.332 Loading class jdk/internal/logger/LazyLoggers$LazyLoggerAccessor done
Event: 8.333 Loading class java/awt/Component$AWTTreeLock
Event: 8.333 Loading class java/awt/Component$AWTTreeLock done
Event: 8.333 Loading class java/awt/Toolkit
Event: 8.333 Loading class java/awt/Toolkit done
Event: 8.334 Loading class java/awt/Toolkit$3
Event: 8.334 Loading class sun/awt/AWTAccessor$ToolkitAccessor
Event: 8.334 Loading class sun/awt/AWTAccessor$ToolkitAccessor done
Event: 8.334 Loading class java/awt/Toolkit$3 done
Event: 8.334 Loading class sun/awt/AWTAccessor

Classes unloaded (0 events):
No events

Classes redefined (0 events):
No events

Internal exceptions (3 events):
Event: 0.896 Thread 0x000002056ab7a3f0 Exception <a 'sun/nio/fs/WindowsException'{0x00000000cce45370}> (0x00000000cce45370) 
thrown [s\open\src\hotspot\share\prims\jni.cpp, line 517]
Event: 0.897 Thread 0x000002056ab7a3f0 Exception <a 'sun/nio/fs/WindowsException'{0x00000000cce458c0}> (0x00000000cce458c0) 
thrown [s\open\src\hotspot\share\prims\jni.cpp, line 517]
Event: 0.902 Thread 0x000002056ab7a3f0 Exception <a 'sun/nio/fs/WindowsException'{0x00000000cce47c50}> (0x00000000cce47c50) 
thrown [s\open\src\hotspot\share\prims\jni.cpp, line 517]

VM Operations (16 events):
Event: 0.905 Executing VM operation: HandshakeAllThreads
Event: 0.905 Executing VM operation: HandshakeAllThreads done
Event: 1.556 Executing VM operation: ChangeBreakpoints
Event: 1.637 Executing VM operation: ChangeBreakpoints done
Event: 7.646 Executing VM operation: ChangeBreakpoints
Event: 7.646 Executing VM operation: ChangeBreakpoints done
Event: 7.647 Executing VM operation: ChangeBreakpoints
Event: 7.647 Executing VM operation: ChangeBreakpoints done
Event: 7.648 Executing VM operation: ChangeBreakpoints
Event: 7.648 Executing VM operation: ChangeBreakpoints done
Event: 7.650 Executing VM operation: ChangeBreakpoints
Event: 7.650 Executing VM operation: ChangeBreakpoints done
Event: 7.653 Executing VM operation: ChangeBreakpoints
Event: 7.653 Executing VM operation: ChangeBreakpoints done
Event: 7.655 Executing VM operation: ChangeBreakpoints
Event: 7.655 Executing VM operation: ChangeBreakpoints done

Events (15 events):
Event: 0.260 Thread 0x000002056ab7a3f0 Thread added: 0x000002056ab7a3f0
Event: 0.581 Thread 0x000002057784cfd0 Thread added: 0x000002057784cfd0
Event: 0.581 Thread 0x000002057784fd70 Thread added: 0x000002057784fd70
Event: 0.582 Thread 0x00000205778519b0 Thread added: 0x00000205778519b0
Event: 0.582 Thread 0x00000205778522e0 Thread added: 0x00000205778522e0
Event: 0.582 Thread 0x0000020577852c10 Thread added: 0x0000020577852c10
Event: 0.582 Thread 0x0000020577853540 Thread added: 0x0000020577853540
Event: 0.582 Thread 0x00000205778541a0 Thread added: 0x00000205778541a0
Event: 0.590 Thread 0x0000020577856360 Thread added: 0x0000020577856360
Event: 0.590 Thread 0x000002057785e6d0 Thread added: 0x000002057785e6d0
Event: 0.658 Thread 0x000002057bc08070 Thread added: 0x000002057bc08070
Event: 1.418 Thread 0x000002057bd04360 Thread added: 0x000002057bd04360
Event: 1.419 Thread 0x000002057bd05300 Thread added: 0x000002057bd05300
Event: 1.556 Thread 0x000002057be19e70 Thread added: 0x000002057be19e70
Event: 7.427 Thread 0x000002057be3b8f0 Thread added: 0x000002057be3b8f0


Dynamic libraries:
0x00007ff68a850000 - 0x00007ff68a860000 	C:\Java\bin\java.exe
0x00007ff916070000 - 0x00007ff916268000 	C:\WINDOWS\SYSTEM32\ntdll.dll
0x00007ff914d40000 - 0x00007ff914dff000 	C:\WINDOWS\System32\KERNEL32.DLL
0x00007ff913ba0000 - 0x00007ff913e72000 	C:\WINDOWS\System32\KERNELBASE.dll
0x00007ff913a70000 - 0x00007ff913b70000 	C:\WINDOWS\System32\ucrtbase.dll
0x00007ff8f5560000 - 0x00007ff8f5578000 	C:\Java\bin\jli.dll
0x00007ff914760000 - 0x00007ff91480e000 	C:\WINDOWS\System32\ADVAPI32.dll
0x00007ff915360000 - 0x00007ff9153fe000 	C:\WINDOWS\System32\msvcrt.dll
0x00007ff9148c0000 - 0x00007ff91495c000 	C:\WINDOWS\System32\sechost.dll
0x00007ff915e40000 - 0x00007ff915f64000 	C:\WINDOWS\System32\RPCRT4.dll
0x00007ff914120000 - 0x00007ff9142c1000 	C:\WINDOWS\System32\USER32.dll
0x00007ff913b70000 - 0x00007ff913b92000 	C:\WINDOWS\System32\win32u.dll
0x00007ff914c30000 - 0x00007ff914c5b000 	C:\WINDOWS\System32\GDI32.dll
0x00007ff913880000 - 0x00007ff91398f000 	C:\WINDOWS\System32\gdi32full.dll
0x00007ff913770000 - 0x00007ff91380d000 	C:\WINDOWS\System32\msvcp_win.dll
0x00007ff8c9cb0000 - 0x00007ff8c9ccb000 	C:\Java\bin\VCRUNTIME140.dll
0x00007ff902a00000 - 0x00007ff902c9a000 	C:\WINDOWS\WinSxS\amd64_microsoft.windows.common-controls_6595b64144ccf1df_6.0.19041.1110_none_60b5254171f9507e\COMCTL32.dll
0x00007ff90c3c0000 - 0x00007ff90c3ca000 	C:\WINDOWS\SYSTEM32\VERSION.dll
0x00007ff915270000 - 0x00007ff9152a0000 	C:\WINDOWS\System32\IMM32.DLL
0x00007ff8e6aa0000 - 0x00007ff8e6aac000 	C:\Java\bin\vcruntime140_1.dll
0x00007ff8c6930000 - 0x00007ff8c69be000 	C:\Java\bin\msvcp140.dll
0x00007ff8c5480000 - 0x00007ff8c6140000 	C:\Java\bin\server\jvm.dll
0x00007ff8e8030000 - 0x00007ff8e8039000 	C:\WINDOWS\SYSTEM32\WSOCK32.dll
0x00007ff914960000 - 0x00007ff9149cb000 	C:\WINDOWS\System32\WS2_32.dll
0x00007ff90c390000 - 0x00007ff90c3b7000 	C:\WINDOWS\SYSTEM32\WINMM.dll
0x00007ff911630000 - 0x00007ff911642000 	C:\WINDOWS\SYSTEM32\kernel.appcore.dll
0x00007ff8e6850000 - 0x00007ff8e685a000 	C:\Java\bin\jimage.dll
0x00007ff9012e0000 - 0x00007ff9014c4000 	C:\WINDOWS\SYSTEM32\DBGHELP.DLL
0x00007ff901530000 - 0x00007ff901565000 	C:\WINDOWS\SYSTEM32\dbgcore.DLL
0x00007ff913fe0000 - 0x00007ff914062000 	C:\WINDOWS\System32\bcryptPrimitives.dll
0x00007ff8e68a0000 - 0x00007ff8e68dc000 	C:\Java\bin\jdwp.dll
0x00007ff8c5410000 - 0x00007ff8c5436000 	C:\Java\bin\java.dll
0x00007ff8c5330000 - 0x00007ff8c5407000 	C:\Java\bin\jsvml.dll
0x00007ff915420000 - 0x00007ff915b65000 	C:\WINDOWS\System32\SHELL32.dll
0x00007ff911830000 - 0x00007ff911fc2000 	C:\WINDOWS\SYSTEM32\windows.storage.dll
0x00007ff914400000 - 0x00007ff914755000 	C:\WINDOWS\System32\combase.dll
0x00007ff913160000 - 0x00007ff913190000 	C:\WINDOWS\SYSTEM32\Wldp.dll
0x00007ff9152a0000 - 0x00007ff91534d000 	C:\WINDOWS\System32\SHCORE.dll
0x00007ff914b30000 - 0x00007ff914b85000 	C:\WINDOWS\System32\shlwapi.dll
0x00007ff9136b0000 - 0x00007ff9136cf000 	C:\WINDOWS\SYSTEM32\profapi.dll
0x00007ff8c5310000 - 0x00007ff8c5323000 	C:\Java\bin\net.dll
0x00007ff90b820000 - 0x00007ff90b92a000 	C:\WINDOWS\SYSTEM32\WINHTTP.dll
0x00007ff912ec0000 - 0x00007ff912f2a000 	C:\WINDOWS\system32\mswsock.dll
0x00007ff8c52f0000 - 0x00007ff8c5306000 	C:\Java\bin\nio.dll
0x00007ff8ead70000 - 0x00007ff8ead7b000 	C:\Java\bin\dt_shmem.dll
0x00007ff90de50000 - 0x00007ff90de68000 	C:\Java\bin\zip.dll

dbghelp: loaded successfully - version: 4.0.5 - missing functions: none
symbol engine: initialized successfully - sym options: 0x614 - pdb path: .;C:\Java\bin;C:\WINDOWS\SYSTEM32;C:\WINDOWS\WinSxS\amd64_microsoft.windows.common-controls_6595b64144ccf1df_6.0.19041.1110_none_60b5254171f9507e;C:\Java\bin\server

VM Arguments:
jvm_args: -Dfile.encoding=UTF-8 -agentlib:jdwp=transport=dt_shmem,address=javadebug568 --module-path=C:\Users\Rioan\OneDrive\Desktop\Isaac Project\databasee_1\build\classes 
java_command: databasee.login
java_class_path (initial): C:\Users\Rioan\OneDrive\Desktop\Beginners\JCalendar.jar;C:\Users\Rioan\OneDrive\Desktop\Beginners\netbeans\java\modules\ext\AbsoluteLayout.jar;C:\Users\Rioan\OneDrive\Desktop\Isaac Project\databasee_1\build\classes
Launcher Type: SUN_STANDARD

[Global flags]
     intx CICompilerCount                          = 4                                         {product} {ergonomic}
     uint ConcGCThreads                            = 2                                         {product} {ergonomic}
     uint G1ConcRefinementThreads                  = 8                                         {product} {ergonomic}
   size_t G1HeapRegionSize                         = 1048576                                   {product} {ergonomic}
    uintx GCDrainStackTargetSize                   = 64                                        {product} {ergonomic}
   size_t InitialHeapSize                          = 58720256                                  {product} {ergonomic}
   size_t MarkStackSize                            = 4194304                                   {product} {ergonomic}
   size_t MaxHeapSize                              = 914358272                                 {product} {ergonomic}
   size_t MaxNewSize                               = 548405248                                 {product} {ergonomic}
   size_t MinHeapDeltaBytes                        = 1048576                                   {product} {ergonomic}
   size_t MinHeapSize                              = 8388608                                   {product} {ergonomic}
    uintx NonNMethodCodeHeapSize                   = 5839372                                {pd product} {ergonomic}
    uintx NonProfiledCodeHeapSize                  = 122909434                              {pd product} {ergonomic}
    uintx ProfiledCodeHeapSize                     = 122909434                              {pd product} {ergonomic}
    uintx ReservedCodeCacheSize                    = 251658240                              {pd product} {ergonomic}
     bool SegmentedCodeCache                       = true                                      {product} {ergonomic}
   size_t SoftMaxHeapSize                          = 914358272                              {manageable} {ergonomic}
     bool UseCompressedClassPointers               = true                           {product lp64_product} {ergonomic}
     bool UseCompressedOops                        = true                           {product lp64_product} {ergonomic}
     bool UseG1GC                                  = true                                      {product} {ergonomic}
     bool UseLargePagesIndividualAllocation        = false                                  {pd product} {ergonomic}

Logging:
Log output configuration:
 #0: stdout all=warning uptime,level,tags foldmultilines=false
 #1: stderr all=off uptime,level,tags foldmultilines=false

Environment Variables:
PATH=C:\Program Files\Common Files\Oracle\Java\javapath;C:\ProgramData\Oracle\Java\javapath;C:\WINDOWS\system32;C:\WINDOWS;C:\WINDOWS\System32\Wbem;C:\WINDOWS\System32\WindowsPowerShell\v1.0\;C:\WINDOWS\System32\OpenSSH\;C:\scrcpy;C:\Users\Rioan\AppData\Local\Microsoft\WindowsApps;
USERNAME=Rioan
OS=Windows_NT
PROCESSOR_IDENTIFIER=AMD64 Family 23 Model 17 Stepping 0, AuthenticAMD
TMP=C:\Users\Rioan\AppData\Local\Temp
TEMP=C:\Users\Rioan\AppData\Local\Temp



---------------  S Y S T E M  ---------------

OS:
 Windows 10 , 64 bit Build 19041 (10.0.19041.2546)
OS uptime: 0 days 0:19 hours

CPU: total 8 (initial active 8) (8 cores per cpu, 2 threads per core) family 23 model 17 stepping 0 microcode 0x0, cx8, cmov, fxsr, ht, mmx, 3dnowpref, sse, sse2, sse3, ssse3, sse4a, sse4.1, sse4.2, popcnt, lzcnt, tsc, tscinvbit, avx, avx2, aes, clmul, bmi1, bmi2, adx, sha, fma, vzeroupper, clflush, clflushopt, rdtscp

Memory: 4k page, system-wide physical 3484M (286M free)
TotalPageFile size 14236M (AvailPageFile size 197M)
current process WorkingSet (physical memory assigned to process): 35M, peak: 35M
current process commit charge ("private bytes"): 137M, peak: 137M

vm_info: Java HotSpot(TM) 64-Bit Server VM (19.0.2+7-44) for windows-amd64 JRE (19.0.2+7-44), built on 2022-11-30T18:02:09Z by "mach5one" with MS VC++ 17.1 (VS2022)

END.
