#
# There is insufficient memory for the Java Runtime Environment to continue.
# Native memory allocation (malloc) failed to allocate 32744 bytes for Chunk::new
# Possible reasons:
#   The system is out of physical RAM or swap space
#   The process is running with CompressedOops enabled, and the Java Heap may be blocking the growth of the native heap
# Possible solutions:
#   Reduce memory load on the system
#   Increase physical memory or swap space
#   Check if swap backing store is full
#   Decrease Java heap size (-Xmx/-Xms)
#   Decrease number of Java threads
#   Decrease Java thread stack sizes (-Xss)
#   Set larger code cache with -XX:ReservedCodeCacheSize=
#   JVM is running with Unscaled Compressed Oops mode in which the Java heap is
#     placed in the first 4GB address space. The Java Heap base address is the
#     maximum limit for the native heap growth. Please use -XX:HeapBaseMinAddress
#     to set the Java Heap base and to place the Java Heap above 4GB virtual address.
# This output file may be truncated or incomplete.
#
#  Out of Memory Error (arena.cpp:184), pid=24784, tid=25324
#
# JRE version: Java(TM) SE Runtime Environment (19.0.2+7) (build 19.0.2+7-44)
# Java VM: Java HotSpot(TM) 64-Bit Server VM (19.0.2+7-44, mixed mode, sharing, tiered, compressed oops, compressed class ptrs, g1 gc, windows-amd64)
# No core dump will be written. Minidumps are not enabled by default on client versions of Windows
#

---------------  S U M M A R Y ------------

Command Line: -Dfile.encoding=UTF-8 -agentlib:jdwp=transport=dt_shmem,address=javadebug8279 --module-path=C:\Users\Rioan\OneDrive\Desktop\Isaac Project\databasee_1\build\classes databasee.login

Host: AMD Ryzen 5 2500U with Radeon Vega Mobile Gfx  , 8 cores, 3G,  Windows 10 , 64 bit Build 19041 (10.0.19041.2546)
Time: Sat Apr  1 18:46:58 2023 China Standard Time elapsed time: 757.473804 seconds (0d 0h 12m 37s)

---------------  T H R E A D  ---------------

Current thread (0x000002622c13c100):  JavaThread "C2 CompilerThread0" daemon [_thread_in_native, id=25324, stack(0x000000cdd3b00000,0x000000cdd3c00000)]


Current CompileTask:
C2: 757474 2025   !   4       sun.java2d.pipe.DrawImage::renderImageScale (158 bytes)

Stack: [0x000000cdd3b00000,0x000000cdd3c00000]
Native frames: (J=compiled Java code, j=interpreted, Vv=VM code, C=native code)
V  [jvm.dll+0x6ee21a]
V  [jvm.dll+0x85765e]
V  [jvm.dll+0x85904e]
V  [jvm.dll+0x859703]
V  [jvm.dll+0x28298f]
V  [jvm.dll+0xc9adf]
V  [jvm.dll+0xc9e65]
V  [jvm.dll+0x2f7d04]
V  [jvm.dll+0x5f076b]
V  [jvm.dll+0x255483]
V  [jvm.dll+0x24dd00]
V  [jvm.dll+0x24b673]
V  [jvm.dll+0x1d6ce1]
V  [jvm.dll+0x25b25a]
V  [jvm.dll+0x2596e8]
V  [jvm.dll+0x807588]
V  [jvm.dll+0x80125a]
V  [jvm.dll+0x6ecf0b]
C  [ucrtbase.dll+0x21bb2]
C  [KERNEL32.DLL+0x17614]
C  [ntdll.dll+0x526a1]


---------------  P R O C E S S  ---------------

Threads class SMR info:
_java_thread_list=0x0000026235d03bb0, length=19, elements={
0x000002622c132770, 0x000002622c133700, 0x000002622c138c90, 0x000002622c1395c0,
0x000002622c139ef0, 0x000002622c13ab60, 0x000002622c13c100, 0x000002622c1654e0,
0x000002622c181410, 0x000002622c180420, 0x0000026230537e00, 0x000002622c180ec0,
0x000002622c181960, 0x000002622c17f430, 0x000002622c181eb0, 0x000002622c180970,
0x000002622c17f980, 0x000002622c182400, 0x000002622c17eee0
}

Java Threads: ( => current thread )
  0x000002622c132770 JavaThread "Reference Handler" daemon [_thread_blocked, id=10412, stack(0x000000cdd3500000,0x000000cdd3600000)]
  0x000002622c133700 JavaThread "Finalizer" daemon [_thread_blocked, id=21040, stack(0x000000cdd3600000,0x000000cdd3700000)]
  0x000002622c138c90 JavaThread "Signal Dispatcher" daemon [_thread_blocked, id=23572, stack(0x000000cdd3700000,0x000000cdd3800000)]
  0x000002622c1395c0 JavaThread "Attach Listener" daemon [_thread_blocked, id=21204, stack(0x000000cdd3800000,0x000000cdd3900000)]
  0x000002622c139ef0 JavaThread "Service Thread" daemon [_thread_blocked, id=18840, stack(0x000000cdd3900000,0x000000cdd3a00000)]
  0x000002622c13ab60 JavaThread "Monitor Deflation Thread" daemon [_thread_blocked, id=25336, stack(0x000000cdd3a00000,0x000000cdd3b00000)]
=>0x000002622c13c100 JavaThread "C2 CompilerThread0" daemon [_thread_in_native, id=25324, stack(0x000000cdd3b00000,0x000000cdd3c00000)]
  0x000002622c1654e0 JavaThread "C1 CompilerThread0" daemon [_thread_in_native, id=25376, stack(0x000000cdd3c00000,0x000000cdd3d00000)]
  0x000002622c181410 JavaThread "Sweeper thread" daemon [_thread_blocked, id=25556, stack(0x000000cdd3d00000,0x000000cdd3e00000)]
  0x000002622c180420 JavaThread "Common-Cleaner" daemon [_thread_blocked, id=25424, stack(0x000000cdd3e00000,0x000000cdd3f00000)]
  0x0000026230537e00 JavaThread "JDWP Event Helper Thread" daemon [_thread_blocked, id=26836, stack(0x000000cdd2d00000,0x000000cdd2e00000)]
  0x000002622c180ec0 JavaThread "Notification Thread" daemon [_thread_blocked, id=29680, stack(0x000000cdd4000000,0x000000cdd4100000)]
  0x000002622c181960 JavaThread "Java2D Disposer" daemon [_thread_blocked, id=10120, stack(0x000000cdd4100000,0x000000cdd4200000)]
  0x000002622c17f430 JavaThread "AWT-Windows" daemon [_thread_in_native, id=6288, stack(0x000000cdd4300000,0x000000cdd4400000)]
  0x000002622c181eb0 JavaThread "AWT-Shutdown" [_thread_blocked, id=7956, stack(0x000000cdd4200000,0x000000cdd4300000)]
  0x000002622c180970 JavaThread "AWT-EventQueue-0" [_thread_blocked, id=8328, stack(0x000000cdd4400000,0x000000cdd4500000)]
  0x000002622c17f980 JavaThread "DestroyJavaVM" [_thread_blocked, id=25676, stack(0x000000cdd2e00000,0x000000cdd2f00000)]
  0x000002622c182400 JavaThread "D3D Screen Updater" daemon [_thread_blocked, id=11616, stack(0x000000cdd4e00000,0x000000cdd4f00000)]
  0x000002622c17eee0 JavaThread "TimerQueue" daemon [_thread_blocked, id=11876, stack(0x000000cdd5000000,0x000000cdd5100000)]

Other Threads:
  0x0000026210529960 VMThread "VM Thread" [stack: 0x000000cdd2b00000,0x000000cdd2c00000] [id=26260]
  0x000002622c121730 WatcherThread "VM Periodic Task Thread" [stack: 0x000000cdd2c00000,0x000000cdd2d00000] [id=29072]
  0x000002621049a6a0 WorkerThread "GC Thread#0" [stack: 0x000000cdd2f00000,0x000000cdd3000000] [id=25884]
  0x00000262104a23b0 ConcurrentGCThread "G1 Main Marker" [stack: 0x000000cdd3000000,0x000000cdd3100000] [id=25892]
  0x00000262104a3490 WorkerThread "G1 Conc#0" [stack: 0x000000cdd3100000,0x000000cdd3200000] [id=25900]
  0x00000262105069b0 ConcurrentGCThread "G1 Refine#0" [stack: 0x000000cdd3200000,0x000000cdd3300000] [id=25912]
  0x0000026210507400 ConcurrentGCThread "G1 Service" [stack: 0x000000cdd3300000,0x000000cdd3400000] [id=25916]

Threads with active compile tasks:
C2 CompilerThread0   765407 2025   !   4       sun.java2d.pipe.DrawImage::renderImageScale (158 bytes)
C1 CompilerThread0   765407 2027       3       java.util.concurrent.locks.AbstractQueuedSynchronizer$ConditionObject::doSignal (54 bytes)

VM state: not at safepoint (normal execution)

VM Mutex/Monitor currently owned by a thread: None

Heap address: 0x00000000c9800000, size: 872 MB, Compressed Oops mode: 32-bit

CDS archive(s) mapped at: [0x0000000800000000-0x0000000800c40000-0x0000000800c40000), size 12845056, SharedBaseAddress: 0x0000000800000000, ArchiveRelocationMode: 0.
Compressed class space mapped at: 0x0000000801000000-0x0000000841000000, reserved size: 1073741824
Narrow klass base: 0x0000000800000000, Narrow klass shift: 0, Narrow klass range: 0x100000000

GC Precious Log:
 CardTable entry size: 512
 Card Set container configuration: InlinePtr #cards 5 size 8 Array Of Cards #cards 12 size 40 Howl #buckets 4 coarsen threshold 1843 Howl Bitmap #cards 512 size 80 coarsen threshold 460 Card regions per heap region 1 cards per card region 2048
 CPUs: 8 total, 8 available
 Memory: 3484M
 Large Page Support: Disabled
 NUMA Support: Disabled
 Compressed Oops: Enabled (32-bit)
 Heap Region Size: 1M
 Heap Min Capacity: 8M
 Heap Initial Capacity: 56M
 Heap Max Capacity: 872M
 Pre-touch: Disabled
 Parallel Workers: 8
 Concurrent Workers: 2
 Concurrent Refinement Workers: 8
 Periodic GC: Disabled

Heap:
 garbage-first heap   total 57344K, used 22528K [0x00000000c9800000, 0x0000000100000000)
  region size 1024K, 20 young (20480K), 0 survivors (0K)
 Metaspace       used 10983K, committed 11200K, reserved 1114112K
  class space    used 1166K, committed 1280K, reserved 1048576K

Heap Regions: E=young(eden), S=young(survivor), O=old, HS=humongous(starts), HC=humongous(continues), CS=collection set, F=free, OA=open archive, CA=closed archive, TAMS=top-at-mark-start (previous, next)
|   0|0x00000000c9800000, 0x00000000c9900000, 0x00000000c9900000|100%|HS|  |TAMS 0x00000000c9800000, 0x00000000c9800000| Complete 
|   1|0x00000000c9900000, 0x00000000c9a00000, 0x00000000c9a00000|100%|HC|  |TAMS 0x00000000c9900000, 0x00000000c9900000| Complete 
|   2|0x00000000c9a00000, 0x00000000c9b00000, 0x00000000c9b00000|100%|HC|  |TAMS 0x00000000c9a00000, 0x00000000c9a00000| Complete 
|   3|0x00000000c9b00000, 0x00000000c9b00000, 0x00000000c9c00000|  0%| F|  |TAMS 0x00000000c9b00000, 0x00000000c9b00000| Untracked 
|   4|0x00000000c9c00000, 0x00000000c9c00000, 0x00000000c9d00000|  0%| F|  |TAMS 0x00000000c9c00000, 0x00000000c9c00000| Untracked 
|   5|0x00000000c9d00000, 0x00000000c9d00000, 0x00000000c9e00000|  0%| F|  |TAMS 0x00000000c9d00000, 0x00000000c9d00000| Untracked 
|   6|0x00000000c9e00000, 0x00000000c9e00000, 0x00000000c9f00000|  0%| F|  |TAMS 0x00000000c9e00000, 0x00000000c9e00000| Untracked 
|   7|0x00000000c9f00000, 0x00000000c9f00000, 0x00000000ca000000|  0%| F|  |TAMS 0x00000000c9f00000, 0x00000000c9f00000| Untracked 
|   8|0x00000000ca000000, 0x00000000ca000000, 0x00000000ca100000|  0%| F|  |TAMS 0x00000000ca000000, 0x00000000ca000000| Untracked 
|   9|0x00000000ca100000, 0x00000000ca100000, 0x00000000ca200000|  0%| F|  |TAMS 0x00000000ca100000, 0x00000000ca100000| Untracked 
|  10|0x00000000ca200000, 0x00000000ca200000, 0x00000000ca300000|  0%| F|  |TAMS 0x00000000ca200000, 0x00000000ca200000| Untracked 
|  11|0x00000000ca300000, 0x00000000ca300000, 0x00000000ca400000|  0%| F|  |TAMS 0x00000000ca300000, 0x00000000ca300000| Untracked 
|  12|0x00000000ca400000, 0x00000000ca400000, 0x00000000ca500000|  0%| F|  |TAMS 0x00000000ca400000, 0x00000000ca400000| Untracked 
|  13|0x00000000ca500000, 0x00000000ca500000, 0x00000000ca600000|  0%| F|  |TAMS 0x00000000ca500000, 0x00000000ca500000| Untracked 
|  14|0x00000000ca600000, 0x00000000ca600000, 0x00000000ca700000|  0%| F|  |TAMS 0x00000000ca600000, 0x00000000ca600000| Untracked 
|  15|0x00000000ca700000, 0x00000000ca700000, 0x00000000ca800000|  0%| F|  |TAMS 0x00000000ca700000, 0x00000000ca700000| Untracked 
|  16|0x00000000ca800000, 0x00000000ca800000, 0x00000000ca900000|  0%| F|  |TAMS 0x00000000ca800000, 0x00000000ca800000| Untracked 
|  17|0x00000000ca900000, 0x00000000ca900000, 0x00000000caa00000|  0%| F|  |TAMS 0x00000000ca900000, 0x00000000ca900000| Untracked 
|  18|0x00000000caa00000, 0x00000000caa00000, 0x00000000cab00000|  0%| F|  |TAMS 0x00000000caa00000, 0x00000000caa00000| Untracked 
|  19|0x00000000cab00000, 0x00000000cab00000, 0x00000000cac00000|  0%| F|  |TAMS 0x00000000cab00000, 0x00000000cab00000| Untracked 
|  20|0x00000000cac00000, 0x00000000cac00000, 0x00000000cad00000|  0%| F|  |TAMS 0x00000000cac00000, 0x00000000cac00000| Untracked 
|  21|0x00000000cad00000, 0x00000000cad00000, 0x00000000cae00000|  0%| F|  |TAMS 0x00000000cad00000, 0x00000000cad00000| Untracked 
|  22|0x00000000cae00000, 0x00000000cae00000, 0x00000000caf00000|  0%| F|  |TAMS 0x00000000cae00000, 0x00000000cae00000| Untracked 
|  23|0x00000000caf00000, 0x00000000caf00000, 0x00000000cb000000|  0%| F|  |TAMS 0x00000000caf00000, 0x00000000caf00000| Untracked 
|  24|0x00000000cb000000, 0x00000000cb000000, 0x00000000cb100000|  0%| F|  |TAMS 0x00000000cb000000, 0x00000000cb000000| Untracked 
|  25|0x00000000cb100000, 0x00000000cb100000, 0x00000000cb200000|  0%| F|  |TAMS 0x00000000cb100000, 0x00000000cb100000| Untracked 
|  26|0x00000000cb200000, 0x00000000cb200000, 0x00000000cb300000|  0%| F|  |TAMS 0x00000000cb200000, 0x00000000cb200000| Untracked 
|  27|0x00000000cb300000, 0x00000000cb300000, 0x00000000cb400000|  0%| F|  |TAMS 0x00000000cb300000, 0x00000000cb300000| Untracked 
|  28|0x00000000cb400000, 0x00000000cb400000, 0x00000000cb500000|  0%| F|  |TAMS 0x00000000cb400000, 0x00000000cb400000| Untracked 
|  29|0x00000000cb500000, 0x00000000cb500000, 0x00000000cb600000|  0%| F|  |TAMS 0x00000000cb500000, 0x00000000cb500000| Untracked 
|  30|0x00000000cb600000, 0x00000000cb600000, 0x00000000cb700000|  0%| F|  |TAMS 0x00000000cb600000, 0x00000000cb600000| Untracked 
|  31|0x00000000cb700000, 0x00000000cb700000, 0x00000000cb800000|  0%| F|  |TAMS 0x00000000cb700000, 0x00000000cb700000| Untracked 
|  32|0x00000000cb800000, 0x00000000cb800000, 0x00000000cb900000|  0%| F|  |TAMS 0x00000000cb800000, 0x00000000cb800000| Untracked 
|  33|0x00000000cb900000, 0x00000000cb900000, 0x00000000cba00000|  0%| F|  |TAMS 0x00000000cb900000, 0x00000000cb900000| Untracked 
|  34|0x00000000cba00000, 0x00000000cba00000, 0x00000000cbb00000|  0%| F|  |TAMS 0x00000000cba00000, 0x00000000cba00000| Untracked 
|  35|0x00000000cbb00000, 0x00000000cbb00000, 0x00000000cbc00000|  0%| F|  |TAMS 0x00000000cbb00000, 0x00000000cbb00000| Untracked 
|  36|0x00000000cbc00000, 0x00000000cbc76450, 0x00000000cbd00000| 46%| E|  |TAMS 0x00000000cbc00000, 0x00000000cbc00000| Complete 
|  37|0x00000000cbd00000, 0x00000000cbe00000, 0x00000000cbe00000|100%| E|CS|TAMS 0x00000000cbd00000, 0x00000000cbd00000| Complete 
|  38|0x00000000cbe00000, 0x00000000cbf00000, 0x00000000cbf00000|100%| E|CS|TAMS 0x00000000cbe00000, 0x00000000cbe00000| Complete 
|  39|0x00000000cbf00000, 0x00000000cc000000, 0x00000000cc000000|100%| E|CS|TAMS 0x00000000cbf00000, 0x00000000cbf00000| Complete 
|  40|0x00000000cc000000, 0x00000000cc100000, 0x00000000cc100000|100%| E|CS|TAMS 0x00000000cc000000, 0x00000000cc000000| Complete 
|  41|0x00000000cc100000, 0x00000000cc200000, 0x00000000cc200000|100%| E|CS|TAMS 0x00000000cc100000, 0x00000000cc100000| Complete 
|  42|0x00000000cc200000, 0x00000000cc300000, 0x00000000cc300000|100%| E|CS|TAMS 0x00000000cc200000, 0x00000000cc200000| Complete 
|  43|0x00000000cc300000, 0x00000000cc400000, 0x00000000cc400000|100%| E|CS|TAMS 0x00000000cc300000, 0x00000000cc300000| Complete 
|  44|0x00000000cc400000, 0x00000000cc500000, 0x00000000cc500000|100%| E|CS|TAMS 0x00000000cc400000, 0x00000000cc400000| Complete 
|  45|0x00000000cc500000, 0x00000000cc600000, 0x00000000cc600000|100%| E|CS|TAMS 0x00000000cc500000, 0x00000000cc500000| Complete 
|  46|0x00000000cc600000, 0x00000000cc700000, 0x00000000cc700000|100%| E|CS|TAMS 0x00000000cc600000, 0x00000000cc600000| Complete 
|  47|0x00000000cc700000, 0x00000000cc800000, 0x00000000cc800000|100%| E|CS|TAMS 0x00000000cc700000, 0x00000000cc700000| Complete 
|  48|0x00000000cc800000, 0x00000000cc900000, 0x00000000cc900000|100%| E|CS|TAMS 0x00000000cc800000, 0x00000000cc800000| Complete 
|  49|0x00000000cc900000, 0x00000000cca00000, 0x00000000cca00000|100%| E|CS|TAMS 0x00000000cc900000, 0x00000000cc900000| Complete 
|  50|0x00000000cca00000, 0x00000000ccb00000, 0x00000000ccb00000|100%| E|CS|TAMS 0x00000000cca00000, 0x00000000cca00000| Complete 
|  51|0x00000000ccb00000, 0x00000000ccc00000, 0x00000000ccc00000|100%| E|CS|TAMS 0x00000000ccb00000, 0x00000000ccb00000| Complete 
|  52|0x00000000ccc00000, 0x00000000ccd00000, 0x00000000ccd00000|100%| E|CS|TAMS 0x00000000ccc00000, 0x00000000ccc00000| Complete 
|  53|0x00000000ccd00000, 0x00000000cce00000, 0x00000000cce00000|100%| E|CS|TAMS 0x00000000ccd00000, 0x00000000ccd00000| Complete 
|  54|0x00000000cce00000, 0x00000000ccf00000, 0x00000000ccf00000|100%| E|CS|TAMS 0x00000000cce00000, 0x00000000cce00000| Complete 
|  55|0x00000000ccf00000, 0x00000000cd000000, 0x00000000cd000000|100%| E|CS|TAMS 0x00000000ccf00000, 0x00000000ccf00000| Complete 

Card table byte_map: [0x00000262278c0000,0x0000026227a80000] _byte_map_base: 0x0000026227274000

Marking Bits (Prev, Next): (CMBitMap*) 0x000002621049abe0, (CMBitMap*) 0x000002621049ac20
 Prev Bits: [0x0000026227c40000, 0x00000262289e0000)
 Next Bits: [0x00000262289e0000, 0x0000026229780000)

Polling page: 0x000002620e350000

Metaspace:

Usage:
  Non-class:      9.59 MB used.
      Class:      1.14 MB used.
       Both:     10.73 MB used.

Virtual space:
  Non-class space:       64.00 MB reserved,       9.69 MB ( 15%) committed,  1 nodes.
      Class space:        1.00 GB reserved,       1.25 MB ( <1%) committed,  1 nodes.
             Both:        1.06 GB reserved,      10.94 MB (  1%) committed. 

Chunk freelists:
   Non-Class:  2.00 MB
       Class:  2.74 MB
        Both:  4.74 MB

MaxMetaspaceSize: unlimited
CompressedClassSpaceSize: 1.00 GB
Initial GC threshold: 21.00 MB
Current GC threshold: 21.00 MB
CDS: on
MetaspaceReclaimPolicy: balanced
 - commit_granule_bytes: 65536.
 - commit_granule_words: 8192.
 - virtual_space_node_default_size: 8388608.
 - enlarge_chunks_in_place: 1.
 - new_chunks_are_fully_committed: 0.
 - uncommit_free_chunks: 1.
 - use_allocation_guard: 0.


Internal statistics:

num_allocs_failed_limit: 0.
num_arena_births: 164.
num_arena_deaths: 0.
num_vsnodes_births: 2.
num_vsnodes_deaths: 0.
num_space_committed: 175.
num_space_uncommitted: 0.
num_chunks_returned_to_freelist: 0.
num_chunks_taken_from_freelist: 205.
num_chunk_merges: 0.
num_chunk_splits: 127.
num_chunks_enlarged: 71.
num_inconsistent_stats: 0.

CodeHeap 'non-profiled nmethods': size=120000Kb used=947Kb max_used=947Kb free=119052Kb
 bounds [0x000002621fea0000, 0x0000026220110000, 0x00000262273d0000]
CodeHeap 'profiled nmethods': size=120000Kb used=3811Kb max_used=3811Kb free=116188Kb
 bounds [0x00000262183d0000, 0x0000026218790000, 0x000002621f900000]
CodeHeap 'non-nmethods': size=5760Kb used=1480Kb max_used=1530Kb free=4279Kb
 bounds [0x000002621f900000, 0x000002621fb70000, 0x000002621fea0000]
 total_blobs=2701 nmethods=2023 adapters=589
 compilation: enabled
              stopped_count=0, restarted_count=0
 full_count=0

Compilation events (20 events):
Event: 750.109 Thread 0x000002622c1654e0 2016  s    3       java.awt.geom.Path2D::closePath (46 bytes)
Event: 750.110 Thread 0x000002622c1654e0 nmethod 2016 0x0000026218784410 code [0x00000262187845c0, 0x0000026218784928]
Event: 750.116 Thread 0x000002622c13c100 nmethod 2013 0x000002621ff8be10 code [0x000002621ff8bfe0, 0x000002621ff8c5a8]
Event: 750.569 Thread 0x000002622c1654e0 2017       3       javax.swing.Timer$DoPostEvent::run (85 bytes)
Event: 750.571 Thread 0x000002622c1654e0 nmethod 2017 0x0000026218784a90 code [0x0000026218784ce0, 0x0000026218785548]
Event: 750.571 Thread 0x000002622c1654e0 2018       3       java.util.concurrent.atomic.AtomicBoolean::get (13 bytes)
Event: 750.571 Thread 0x000002622c1654e0 nmethod 2018 0x0000026218785890 code [0x0000026218785a20, 0x0000026218785b98]
Event: 750.571 Thread 0x000002622c1654e0 2019       3       java.awt.event.ActionEvent::<init> (24 bytes)
Event: 750.572 Thread 0x000002622c1654e0 nmethod 2019 0x0000026218785c10 code [0x0000026218785dc0, 0x0000026218785f88]
Event: 753.099 Thread 0x000002622c1654e0 2020       3       javax.swing.RepaintManager::scheduleProcessingRunnable (69 bytes)
Event: 753.101 Thread 0x000002622c1654e0 nmethod 2020 0x0000026218786090 code [0x00000262187863e0, 0x0000026218787688]
Event: 753.107 Thread 0x000002622c13c100 2021       4       java.awt.geom.AffineTransform::setTransform (65 bytes)
Event: 753.108 Thread 0x000002622c13c100 nmethod 2021 0x000002621ff8c910 code [0x000002621ff8caa0, 0x000002621ff8cb78]
Event: 754.317 Thread 0x000002622c1654e0 2022       3       sun.java2d.pipe.DrawImage::imageReady (30 bytes)
Event: 754.318 Thread 0x000002622c1654e0 nmethod 2022 0x0000026218787d10 code [0x0000026218787ee0, 0x00000262187883f8]
Event: 754.318 Thread 0x000002622c1654e0 2023  s    3       sun.awt.image.ToolkitImage::getImageRep (37 bytes)
Event: 754.318 Thread 0x000002622c1654e0 nmethod 2023 0x0000026218788590 code [0x0000026218788760, 0x0000026218788b98]
Event: 754.320 Thread 0x000002622c13c100 2024       4       sun.java2d.d3d.D3DBlitLoops::createPackedParams (60 bytes)
Event: 754.321 Thread 0x000002622c13c100 nmethod 2024 0x000002621ff8cc10 code [0x000002621ff8cda0, 0x000002621ff8ce98]
Event: 754.322 Thread 0x000002622c13c100 2025   !   4       sun.java2d.pipe.DrawImage::renderImageScale (158 bytes)

GC Heap History (0 events):
No events

Dll operation events (9 events):
Event: 6.365 Loaded shared library C:\Java\bin\java.dll
Event: 38.422 Loaded shared library C:\Java\bin\jsvml.dll
Event: 116.862 Loaded shared library C:\Java\bin\net.dll
Event: 116.866 Loaded shared library C:\Java\bin\nio.dll
Event: 531.789 Loaded shared library C:\Java\bin\zip.dll
Event: 539.105 Loaded shared library C:\Java\bin\jimage.dll
Event: 544.053 Loaded shared library C:\Java\bin\awt.dll
Event: 549.921 Loaded shared library C:\Java\bin\freetype.dll
Event: 550.036 Loaded shared library C:\Java\bin\fontmanager.dll

Deoptimization events (20 events):
Event: 610.079 Thread 0x000002622c180970 DEOPT PACKING pc=0x000002621855e421 sp=0x000000cdd44fd320
Event: 610.079 Thread 0x000002622c180970 DEOPT UNPACKING pc=0x000002621f967543 sp=0x000000cdd44fc790 mode 0
Event: 613.349 Thread 0x000002622c180970 DEOPT PACKING pc=0x0000026218402cea sp=0x000000cdd44fe210
Event: 613.349 Thread 0x000002622c180970 DEOPT UNPACKING pc=0x000002621f967543 sp=0x000000cdd44fd630 mode 0
Event: 627.336 Thread 0x000002622c180970 DEOPT PACKING pc=0x00000262185a2365 sp=0x000000cdd44fd6e0
Event: 627.336 Thread 0x000002622c180970 DEOPT UNPACKING pc=0x000002621f967543 sp=0x000000cdd44fcb38 mode 0
Event: 632.951 Thread 0x000002622c180970 DEOPT PACKING pc=0x00000262186179f2 sp=0x000000cdd44fd760
Event: 632.951 Thread 0x000002622c180970 DEOPT UNPACKING pc=0x000002621f967543 sp=0x000000cdd44fcb80 mode 0
Event: 633.372 Thread 0x000002622c180970 DEOPT PACKING pc=0x00000262185f271a sp=0x000000cdd44fd530
Event: 633.372 Thread 0x000002622c180970 DEOPT UNPACKING pc=0x000002621f967543 sp=0x000000cdd44fc9b0 mode 0
Event: 636.869 Thread 0x000002622c180970 DEOPT PACKING pc=0x000002621857e4c1 sp=0x000000cdd44fd730
Event: 636.869 Thread 0x000002622c180970 DEOPT UNPACKING pc=0x000002621f967543 sp=0x000000cdd44fcbc0 mode 0
Event: 640.901 Thread 0x000002622c180970 DEOPT PACKING pc=0x0000026218593e6f sp=0x000000cdd44fd740
Event: 640.901 Thread 0x000002622c180970 DEOPT UNPACKING pc=0x000002621f967543 sp=0x000000cdd44fcb60 mode 0
Event: 649.989 Thread 0x000002622c180970 DEOPT PACKING pc=0x0000026218611008 sp=0x000000cdd44fd540
Event: 649.989 Thread 0x000002622c180970 DEOPT UNPACKING pc=0x000002621f967543 sp=0x000000cdd44fc8f8 mode 0
Event: 662.094 Thread 0x000002622c180970 DEOPT PACKING pc=0x00000262186815ed sp=0x000000cdd44fd560
Event: 662.094 Thread 0x000002622c180970 DEOPT UNPACKING pc=0x000002621f967543 sp=0x000000cdd44fca00 mode 0
Event: 666.647 Thread 0x000002622c180970 DEOPT PACKING pc=0x00000262183d8d55 sp=0x000000cdd44fe180
Event: 666.647 Thread 0x000002622c180970 DEOPT UNPACKING pc=0x000002621f967543 sp=0x000000cdd44fd5f8 mode 0

Classes loaded (20 events):
Event: 604.413 Loading class java/util/concurrent/DelayQueue
Event: 604.986 Loading class java/util/concurrent/BlockingQueue
Event: 605.009 Loading class java/util/concurrent/BlockingQueue done
Event: 605.009 Loading class java/util/concurrent/DelayQueue done
Event: 605.009 Loading class java/util/PriorityQueue
Event: 605.222 Loading class java/util/PriorityQueue done
Event: 605.323 Loading class javax/swing/TimerQueue$DelayedTimer
Event: 605.611 Loading class java/util/concurrent/Delayed
Event: 605.611 Loading class java/util/concurrent/Delayed done
Event: 605.611 Loading class javax/swing/TimerQueue$DelayedTimer done
Event: 605.612 Loading class java/awt/TextComponent
Event: 605.628 Loading class java/awt/TextComponent done
Event: 605.668 Loading class java/awt/geom/Path2D$Float$TxIterator
Event: 606.017 Loading class java/util/concurrent/TimeUnit$1
Event: 606.153 Loading class java/awt/geom/Path2D$Iterator
Event: 606.153 Loading class java/util/concurrent/TimeUnit$1 done
Event: 606.186 Loading class java/awt/geom/Path2D$Iterator done
Event: 606.186 Loading class java/awt/geom/Path2D$Float$TxIterator done
Event: 607.118 Loading class javax/swing/Timer$1
Event: 607.243 Loading class javax/swing/Timer$1 done

Classes unloaded (0 events):
No events

Classes redefined (0 events):
No events

Internal exceptions (20 events):
Event: 553.540 Thread 0x000002621045d050 Exception <a 'java/lang/ClassNotFoundException'{0x00000000cc903568}: ToggleButton> (0x00000000cc903568) 
thrown [s\open\src\hotspot\share\classfile\systemDictionary.cpp, line 255]
Event: 553.540 Thread 0x000002621045d050 Exception <a 'java/lang/ClassNotFoundException'{0x00000000cc9039a8}: javax/swing/JToolBarSeparator> (0x00000000cc9039a8) 
thrown [s\open\src\hotspot\share\classfile\systemDictionary.cpp, line 255]
Event: 553.540 Thread 0x000002621045d050 Exception <a 'java/lang/ClassNotFoundException'{0x00000000cc903cb8}: ToolBarSeparator> (0x00000000cc903cb8) 
thrown [s\open\src\hotspot\share\classfile\systemDictionary.cpp, line 255]
Event: 553.541 Thread 0x000002621045d050 Exception <a 'java/lang/ClassNotFoundException'{0x00000000cc9041d0}: ToolTip> (0x00000000cc9041d0) 
thrown [s\open\src\hotspot\share\classfile\systemDictionary.cpp, line 255]
Event: 553.543 Thread 0x000002621045d050 Exception <a 'java/lang/ClassNotFoundException'{0x00000000cc904b20}: Tree> (0x00000000cc904b20) 
thrown [s\open\src\hotspot\share\classfile\systemDictionary.cpp, line 255]
Event: 553.543 Thread 0x000002621045d050 Exception <a 'java/lang/ClassNotFoundException'{0x00000000cc905018}: Tree> (0x00000000cc905018) 
thrown [s\open\src\hotspot\share\classfile\systemDictionary.cpp, line 255]
Event: 553.543 Thread 0x000002621045d050 Exception <a 'java/lang/ClassNotFoundException'{0x00000000cc905388}: javax/swing/JTreeCell> (0x00000000cc905388) 
thrown [s\open\src\hotspot\share\classfile\systemDictionary.cpp, line 255]
Event: 553.543 Thread 0x000002621045d050 Exception <a 'java/lang/ClassNotFoundException'{0x00000000cc905690}: TreeCell> (0x00000000cc905690) 
thrown [s\open\src\hotspot\share\classfile\systemDictionary.cpp, line 255]
Event: 553.544 Thread 0x000002621045d050 Exception <a 'java/lang/ClassNotFoundException'{0x00000000cc905e48}: RootPane> (0x00000000cc905e48) 
thrown [s\open\src\hotspot\share\classfile\systemDictionary.cpp, line 255]
Event: 554.203 Thread 0x000002621045d050 Exception <a 'java/lang/ClassNotFoundException'{0x00000000cc908c58}: com/sun/swing/internal/plaf/metal/resources/spi/metalProvider> (0x00000000cc908c58) 
thrown [s\open\src\hotspot\share\classfile\systemDictionary.cpp, line 255]
Event: 554.611 Thread 0x000002621045d050 Exception <a 'java/lang/ClassNotFoundException'{0x00000000cc90c8d8}: com/sun/swing/internal/plaf/basic/resources/spi/basicProvider> (0x00000000cc90c8d8) 
thrown [s\open\src\hotspot\share\classfile\systemDictionary.cpp, line 255]
Event: 567.849 Thread 0x000002622c180970 Exception <a 'java/lang/ClassNotFoundException'{0x00000000cc802080}: com/sun/swing/internal/plaf/synth/resources/spi/synthProvider> (0x00000000cc802080) 
thrown [s\open\src\hotspot\share\classfile\systemDictionary.cpp, line 255]
Event: 569.232 Thread 0x000002622c180970 Exception <a 'java/lang/NoSuchMethodError'{0x00000000cc845870}: 'int java.lang.invoke.Invokers$Holder.invokeExact_MT(java.lang.Object, java.lang.Object)'> (0x00000000cc845870) 
thrown [s\open\src\hotspot\share\interpreter\linkResolver.cpp, line 774]
Event: 569.461 Thread 0x000002622c180970 Exception <a 'java/lang/NoSuchMethodError'{0x00000000cc851db8}: 'java.lang.Object java.lang.invoke.DirectMethodHandle$Holder.newInvokeSpecial(java.lang.Object, java.lang.Object, int)'> (0x00000000cc851db8) 
thrown [s\open\src\hotspot\share\interpreter\linkResolver.cpp, line 774]
Event: 569.812 Thread 0x000002622c180970 Exception <a 'java/lang/NoSuchMethodError'{0x00000000cc857000}: 'int java.lang.invoke.DirectMethodHandle$Holder.invokeSpecial(java.lang.Object, java.lang.Object, java.lang.Object, int)'> (0x00000000cc857000) 
thrown [s\open\src\hotspot\share\interpreter\linkResolver.cpp, line 774]
Event: 569.816 Thread 0x000002622c180970 Exception <a 'java/lang/NoSuchMethodError'{0x00000000cc869900}: 'java.lang.Object java.lang.invoke.DirectMethodHandle$Holder.invokeStatic(java.lang.Object, java.lang.Object, java.lang.Object, java.lang.Object, int)'> (0x00000000cc869900) 
thrown [s\open\src\hotspot\share\interpreter\linkResolver.cpp, line 774]
Event: 569.822 Thread 0x000002622c180970 Exception <a 'java/lang/NoSuchMethodError'{0x00000000cc875908}: 'int java.lang.invoke.DirectMethodHandle$Holder.invokeSpecial(java.lang.Object, java.lang.Object, java.lang.Object)'> (0x00000000cc875908) 
thrown [s\open\src\hotspot\share\interpreter\linkResolver.cpp, line 774]
Event: 572.401 Thread 0x000002622c17fed0 Exception <a 'java/lang/NoSuchMethodError'{0x00000000cc8fbba0}: 'java.lang.Object java.lang.invoke.DirectMethodHandle$Holder.newInvokeSpecial(java.lang.Object, java.lang.Object, java.lang.Object, int, int, int, int, int)'> (0x00000000cc8fbba0) 
thrown [s\open\src\hotspot\share\interpreter\linkResolver.cpp, line 774]
Event: 575.478 Thread 0x000002622c180970 Exception <a 'java/lang/NoSuchMethodError'{0x00000000cc8e66b8}: 'void java.lang.invoke.DirectMethodHandle$Holder.invokeStaticInit(java.lang.Object)'> (0x00000000cc8e66b8) 
thrown [s\open\src\hotspot\share\interpreter\linkResolver.cpp, line 774]
Event: 585.109 Thread 0x000002622c17f430 Exception <a 'java/lang/NoSuchMethodError'{0x00000000ccb0fa10}: 'void java.lang.invoke.DirectMethodHandle$Holder.invokeVirtual(java.lang.Object, java.lang.Object)'> (0x00000000ccb0fa10) 
thrown [s\open\src\hotspot\share\interpreter\linkResolver.cpp, line 774]

VM Operations (20 events):
Event: 714.464 Executing VM operation: Cleanup
Event: 714.465 Executing VM operation: Cleanup done
Event: 715.473 Executing VM operation: Cleanup
Event: 715.473 Executing VM operation: Cleanup done
Event: 721.537 Executing VM operation: Cleanup
Event: 721.537 Executing VM operation: Cleanup done
Event: 728.574 Executing VM operation: Cleanup
Event: 728.574 Executing VM operation: Cleanup done
Event: 739.621 Executing VM operation: Cleanup
Event: 739.622 Executing VM operation: Cleanup done
Event: 740.623 Executing VM operation: Cleanup
Event: 740.623 Executing VM operation: Cleanup done
Event: 746.644 Executing VM operation: Cleanup
Event: 746.644 Executing VM operation: Cleanup done
Event: 747.646 Executing VM operation: Cleanup
Event: 747.647 Executing VM operation: Cleanup done
Event: 749.656 Executing VM operation: Cleanup
Event: 749.656 Executing VM operation: Cleanup done
Event: 750.658 Executing VM operation: Cleanup
Event: 750.658 Executing VM operation: Cleanup done

Events (20 events):
Event: 200.795 Thread 0x000002622c121320 Thread added: 0x000002622c121320
Event: 201.182 Thread 0x0000026230537e00 Thread added: 0x0000026230537e00
Event: 201.182 Thread 0x000002623053a360 Thread added: 0x000002623053a360
Event: 513.717 Thread 0x000002623053a360 Thread exited: 0x000002623053a360
Event: 514.552 Thread 0x000002622c121320 Thread exited: 0x000002622c121320
Event: 514.552 Thread 0x000002622c180ec0 Thread added: 0x000002622c180ec0
Event: 545.730 Thread 0x000002622c181960 Thread added: 0x000002622c181960
Event: 545.732 Thread 0x000002622c181eb0 Thread added: 0x000002622c181eb0
Event: 545.750 Thread 0x000002622c17f430 Thread added: 0x000002622c17f430
Event: 548.124 Thread 0x000002622c181eb0 Thread exited: 0x000002622c181eb0
Event: 554.891 Thread 0x000002622c181eb0 Thread added: 0x000002622c181eb0
Event: 555.898 Thread 0x000002622c181eb0 Thread exited: 0x000002622c181eb0
Event: 557.133 Thread 0x000002622c181eb0 Thread added: 0x000002622c181eb0
Event: 557.142 Thread 0x000002622c180970 Thread added: 0x000002622c180970
Event: 557.191 Thread 0x000002621045d050 Thread exited: 0x000002621045d050
Event: 557.191 Thread 0x000002622c17f980 Thread added: 0x000002622c17f980
Event: 572.248 Thread 0x000002622c17fed0 Thread added: 0x000002622c17fed0
Event: 580.456 Thread 0x000002622c17fed0 Thread exited: 0x000002622c17fed0
Event: 586.507 Thread 0x000002622c182400 Thread added: 0x000002622c182400
Event: 605.323 Thread 0x000002622c17eee0 Thread added: 0x000002622c17eee0


Dynamic libraries:
0x00007ff7c2490000 - 0x00007ff7c24a0000 	C:\Java\bin\java.exe
0x00007ffe43ab0000 - 0x00007ffe43ca8000 	C:\WINDOWS\SYSTEM32\ntdll.dll
0x00007ffe427a0000 - 0x00007ffe4285f000 	C:\WINDOWS\System32\KERNEL32.DLL
0x00007ffe412b0000 - 0x00007ffe41582000 	C:\WINDOWS\System32\KERNELBASE.dll
0x00007ffe411b0000 - 0x00007ffe412b0000 	C:\WINDOWS\System32\ucrtbase.dll
0x00007ffe39a70000 - 0x00007ffe39a88000 	C:\Java\bin\jli.dll
0x00007ffe42440000 - 0x00007ffe424ee000 	C:\WINDOWS\System32\ADVAPI32.dll
0x00007ffe43560000 - 0x00007ffe435fe000 	C:\WINDOWS\System32\msvcrt.dll
0x00007ffe42ca0000 - 0x00007ffe42d3c000 	C:\WINDOWS\System32\sechost.dll
0x00007ffe425a0000 - 0x00007ffe426c4000 	C:\WINDOWS\System32\RPCRT4.dll
0x00007ffe433b0000 - 0x00007ffe43551000 	C:\WINDOWS\System32\USER32.dll
0x00007ffe419c0000 - 0x00007ffe419e2000 	C:\WINDOWS\System32\win32u.dll
0x00007ffe2f8a0000 - 0x00007ffe2fb3a000 	C:\WINDOWS\WinSxS\amd64_microsoft.windows.common-controls_6595b64144ccf1df_6.0.19041.1110_none_60b5254171f9507e\COMCTL32.dll
0x00007ffe42c70000 - 0x00007ffe42c9b000 	C:\WINDOWS\System32\GDI32.dll
0x00007ffe416f0000 - 0x00007ffe417ff000 	C:\WINDOWS\System32\gdi32full.dll
0x00007ffe419f0000 - 0x00007ffe41a8d000 	C:\WINDOWS\System32\msvcp_win.dll
0x00007ffe18fa0000 - 0x00007ffe18fbb000 	C:\Java\bin\VCRUNTIME140.dll
0x00007ffe39a90000 - 0x00007ffe39a9a000 	C:\WINDOWS\SYSTEM32\VERSION.dll
0x00007ffe42d40000 - 0x00007ffe42d70000 	C:\WINDOWS\System32\IMM32.DLL
0x00007ffe26570000 - 0x00007ffe2657c000 	C:\Java\bin\vcruntime140_1.dll
0x00007ffe17ca0000 - 0x00007ffe17d2e000 	C:\Java\bin\msvcp140.dll
0x00007ffde4c40000 - 0x00007ffde5900000 	C:\Java\bin\server\jvm.dll
0x00007ffe3d8e0000 - 0x00007ffe3d8e9000 	C:\WINDOWS\SYSTEM32\WSOCK32.dll
0x00007ffe396c0000 - 0x00007ffe396e7000 	C:\WINDOWS\SYSTEM32\WINMM.dll
0x00007ffe42ba0000 - 0x00007ffe42c0b000 	C:\WINDOWS\System32\WS2_32.dll
0x00007ffe3f070000 - 0x00007ffe3f082000 	C:\WINDOWS\SYSTEM32\kernel.appcore.dll
0x00007ffe18f90000 - 0x00007ffe18f9a000 	C:\Java\bin\jimage.dll
0x00007ffe2f0c0000 - 0x00007ffe2f2a4000 	C:\WINDOWS\SYSTEM32\DBGHELP.DLL
0x00007ffe2f080000 - 0x00007ffe2f0b5000 	C:\WINDOWS\SYSTEM32\dbgcore.DLL
0x00007ffe41800000 - 0x00007ffe41882000 	C:\WINDOWS\System32\bcryptPrimitives.dll
0x00007ffe28530000 - 0x00007ffe2856c000 	C:\Java\bin\jdwp.dll
0x00007ffe18010000 - 0x00007ffe18036000 	C:\Java\bin\java.dll
0x00007ffe17f30000 - 0x00007ffe18007000 	C:\Java\bin\jsvml.dll
0x00007ffe41c70000 - 0x00007ffe423b5000 	C:\WINDOWS\System32\SHELL32.dll
0x00007ffe3f270000 - 0x00007ffe3fa02000 	C:\WINDOWS\SYSTEM32\windows.storage.dll
0x00007ffe42f20000 - 0x00007ffe43275000 	C:\WINDOWS\System32\combase.dll
0x00007ffe40ba0000 - 0x00007ffe40bd0000 	C:\WINDOWS\SYSTEM32\Wldp.dll
0x00007ffe41b00000 - 0x00007ffe41bad000 	C:\WINDOWS\System32\SHCORE.dll
0x00007ffe42b40000 - 0x00007ffe42b95000 	C:\WINDOWS\System32\shlwapi.dll
0x00007ffe410f0000 - 0x00007ffe4110f000 	C:\WINDOWS\SYSTEM32\profapi.dll
0x00007ffe17f10000 - 0x00007ffe17f23000 	C:\Java\bin\net.dll
0x00007ffe34670000 - 0x00007ffe3477a000 	C:\WINDOWS\SYSTEM32\WINHTTP.dll
0x00007ffe40890000 - 0x00007ffe408fa000 	C:\WINDOWS\system32\mswsock.dll
0x00007ffe17ef0000 - 0x00007ffe17f06000 	C:\Java\bin\nio.dll
0x00007ffe3a9a0000 - 0x00007ffe3a9ab000 	C:\Java\bin\dt_shmem.dll
0x00007ffe17ed0000 - 0x00007ffe17ee8000 	C:\Java\bin\zip.dll
0x00007ffe17d30000 - 0x00007ffe17ec1000 	C:\Java\bin\awt.dll
0x00007ffe426d0000 - 0x00007ffe4279d000 	C:\WINDOWS\System32\OLEAUT32.dll
0x00007ffe3e9d0000 - 0x00007ffe3ea60000 	C:\WINDOWS\SYSTEM32\apphelp.dll
0x00007ffe3eba0000 - 0x00007ffe3ec3e000 	C:\WINDOWS\system32\uxtheme.dll
0x00007ffe428c0000 - 0x00007ffe429d4000 	C:\WINDOWS\System32\MSCTF.dll
0x00007ffe43280000 - 0x00007ffe433aa000 	C:\WINDOWS\System32\ole32.dll
0x00007ffe3ef60000 - 0x00007ffe3ef8f000 	C:\WINDOWS\system32\DWMAPI.DLL
0x00007ffe217f0000 - 0x00007ffe21876000 	C:\Java\bin\freetype.dll
0x00007ffe21720000 - 0x00007ffe217e6000 	C:\Java\bin\fontmanager.dll
0x00007ffe18070000 - 0x00007ffe18195000 	C:\WINDOWS\system32\opengl32.dll
0x00007ffe28570000 - 0x00007ffe2859c000 	C:\WINDOWS\SYSTEM32\GLU32.dll
0x00007ffdf84a0000 - 0x00007ffdf866e000 	C:\WINDOWS\system32\d3d9.dll
0x00007ffe36a90000 - 0x00007ffe36c6d000 	C:\WINDOWS\System32\DriverStore\FileRepository\c0334186.inf_amd64_89077b1f087d60d3\B334040\aticfx64.dll
0x00007ffe21150000 - 0x00007ffe2117e000 	C:\WINDOWS\System32\DriverStore\FileRepository\c0334186.inf_amd64_89077b1f087d60d3\B334040\atiu9p64.dll
0x00007ffde3510000 - 0x00007ffde404c000 	C:\WINDOWS\System32\DriverStore\FileRepository\c0334186.inf_amd64_89077b1f087d60d3\B334040\atiumd64.dll
0x00000000530e0000 - 0x0000000053cbb000 	C:\WINDOWS\System32\DriverStore\FileRepository\c0334186.inf_amd64_89077b1f087d60d3\B334040\atiumd6a.dll
0x00007ffe41020000 - 0x00007ffe4106b000 	C:\WINDOWS\SYSTEM32\POWRPROF.dll
0x00007ffe41000000 - 0x00007ffe41012000 	C:\WINDOWS\SYSTEM32\UMPDC.dll
0x00007ffe35270000 - 0x00007ffe352ab000 	C:\WINDOWS\SYSTEM32\dxcore.dll
0x00007ffe41940000 - 0x00007ffe4198e000 	C:\WINDOWS\System32\cfgmgr32.dll
0x00007ffe424f0000 - 0x00007ffe42599000 	C:\WINDOWS\System32\clbcatq.dll
0x00007ffe3ae60000 - 0x00007ffe3b014000 	C:\WINDOWS\SYSTEM32\WindowsCodecs.dll
0x00007ffe41990000 - 0x00007ffe419b7000 	C:\WINDOWS\System32\bcrypt.dll
0x00007ffe20b30000 - 0x00007ffe20b6e000 	C:\WINDOWS\system32\dataexchange.dll
0x00007ffe3d5b0000 - 0x00007ffe3d813000 	C:\WINDOWS\system32\d3d11.dll
0x00007ffe3dec0000 - 0x00007ffe3e0a3000 	C:\WINDOWS\system32\dcomp.dll
0x00007ffe3fa70000 - 0x00007ffe3fb63000 	C:\WINDOWS\system32\dxgi.dll
0x00007ffe3abb0000 - 0x00007ffe3adb0000 	C:\WINDOWS\system32\twinapi.appcore.dll
0x00007ffe39820000 - 0x00007ffe39919000 	C:\WINDOWS\SYSTEM32\textinputframework.dll
0x00007ffe3e0b0000 - 0x00007ffe3e40e000 	C:\WINDOWS\System32\CoreUIComponents.dll
0x00007ffe402d0000 - 0x00007ffe40303000 	C:\WINDOWS\SYSTEM32\ntmarta.dll
0x00007ffe3cff0000 - 0x00007ffe3d144000 	C:\WINDOWS\SYSTEM32\wintypes.dll
0x00007ffe3e790000 - 0x00007ffe3e882000 	C:\WINDOWS\System32\CoreMessaging.dll

dbghelp: loaded successfully - version: 4.0.5 - missing functions: none
symbol engine: initialized successfully - sym options: 0x614 - pdb path: .;C:\Java\bin;C:\WINDOWS\SYSTEM32;C:\WINDOWS\WinSxS\amd64_microsoft.windows.common-controls_6595b64144ccf1df_6.0.19041.1110_none_60b5254171f9507e;C:\Java\bin\server;C:\WINDOWS\System32\DriverStore\FileRepository\c0334186.inf_amd64_89077b1f087d60d3\B334040

VM Arguments:
jvm_args: -Dfile.encoding=UTF-8 -agentlib:jdwp=transport=dt_shmem,address=javadebug8279 --module-path=C:\Users\Rioan\OneDrive\Desktop\Isaac Project\databasee_1\build\classes 
java_command: databasee.login
java_class_path (initial): C:\Users\Rioan\OneDrive\Desktop\Beginners\JCalendar.jar;C:\Users\Rioan\OneDrive\Desktop\Beginners\netbeans\java\modules\ext\AbsoluteLayout.jar;C:\Users\Rioan\OneDrive\Desktop\Isaac Project\databasee_1\build\classes
Launcher Type: SUN_STANDARD

[Global flags]
     intx CICompilerCount                          = 4                                         {product} {ergonomic}
     uint ConcGCThreads                            = 2                                         {product} {ergonomic}
     uint G1ConcRefinementThreads                  = 8                                         {product} {ergonomic}
   size_t G1HeapRegionSize                         = 1048576                                   {product} {ergonomic}
    uintx GCDrainStackTargetSize                   = 64                                        {product} {ergonomic}
   size_t InitialHeapSize                          = 58720256                                  {product} {ergonomic}
   size_t MarkStackSize                            = 4194304                                   {product} {ergonomic}
   size_t MaxHeapSize                              = 914358272                                 {product} {ergonomic}
   size_t MaxNewSize                               = 548405248                                 {product} {ergonomic}
   size_t MinHeapDeltaBytes                        = 1048576                                   {product} {ergonomic}
   size_t MinHeapSize                              = 8388608                                   {product} {ergonomic}
    uintx NonNMethodCodeHeapSize                   = 5839372                                {pd product} {ergonomic}
    uintx NonProfiledCodeHeapSize                  = 122909434                              {pd product} {ergonomic}
    uintx ProfiledCodeHeapSize                     = 122909434                              {pd product} {ergonomic}
    uintx ReservedCodeCacheSize                    = 251658240                              {pd product} {ergonomic}
     bool SegmentedCodeCache                       = true                                      {product} {ergonomic}
   size_t SoftMaxHeapSize                          = 914358272                              {manageable} {ergonomic}
     bool UseCompressedClassPointers               = true                           {product lp64_product} {ergonomic}
     bool UseCompressedOops                        = true                           {product lp64_product} {ergonomic}
     bool UseG1GC                                  = true                                      {product} {ergonomic}
     bool UseLargePagesIndividualAllocation        = false                                  {pd product} {ergonomic}

Logging:
Log output configuration:
 #0: stdout all=warning uptime,level,tags foldmultilines=false
 #1: stderr all=off uptime,level,tags foldmultilines=false

Environment Variables:
PATH=C:\Program Files\Common Files\Oracle\Java\javapath;C:\ProgramData\Oracle\Java\javapath;C:\WINDOWS\system32;C:\WINDOWS;C:\WINDOWS\System32\Wbem;C:\WINDOWS\System32\WindowsPowerShell\v1.0\;C:\WINDOWS\System32\OpenSSH\;C:\scrcpy;C:\Users\Rioan\AppData\Local\Microsoft\WindowsApps;
USERNAME=Rioan
OS=Windows_NT
PROCESSOR_IDENTIFIER=AMD64 Family 23 Model 17 Stepping 0, AuthenticAMD
TMP=C:\Users\Rioan\AppData\Local\Temp
TEMP=C:\Users\Rioan\AppData\Local\Temp



---------------  S Y S T E M  ---------------

OS:
 Windows 10 , 64 bit Build 19041 (10.0.19041.2546)
OS uptime: 0 days 0:25 hours

CPU: total 8 (initial active 8) (8 cores per cpu, 2 threads per core) family 23 model 17 stepping 0 microcode 0x0, cx8, cmov, fxsr, ht, mmx, 3dnowpref, sse, sse2, sse3, ssse3, sse4a, sse4.1, sse4.2, popcnt, lzcnt, tsc, tscinvbit, avx, avx2, aes, clmul, bmi1, bmi2, adx, sha, fma, vzeroupper, clflush, clflushopt, rdtscp

Memory: 4k page, system-wide physical 3484M (214M free)
TotalPageFile size 14236M (AvailPageFile size 0M)
current process WorkingSet (physical memory assigned to process): 49M, peak: 94M
current process commit charge ("private bytes"): 222M, peak: 222M

vm_info: Java HotSpot(TM) 64-Bit Server VM (19.0.2+7-44) for windows-amd64 JRE (19.0.2+7-44), built on 2022-11-30T18:02:09Z by "mach5one" with MS VC++ 17.1 (VS2022)

END.
