#
# There is insufficient memory for the Java Runtime Environment to continue.
# Native memory allocation (malloc) failed to allocate 32744 bytes for Chunk::new
# Possible reasons:
#   The system is out of physical RAM or swap space
#   The process is running with CompressedOops enabled, and the Java Heap may be blocking the growth of the native heap
# Possible solutions:
#   Reduce memory load on the system
#   Increase physical memory or swap space
#   Check if swap backing store is full
#   Decrease Java heap size (-Xmx/-Xms)
#   Decrease number of Java threads
#   Decrease Java thread stack sizes (-Xss)
#   Set larger code cache with -XX:ReservedCodeCacheSize=
#   JVM is running with Unscaled Compressed Oops mode in which the Java heap is
#     placed in the first 4GB address space. The Java Heap base address is the
#     maximum limit for the native heap growth. Please use -XX:HeapBaseMinAddress
#     to set the Java Heap base and to place the Java Heap above 4GB virtual address.
# This output file may be truncated or incomplete.
#
#  Out of Memory Error (arena.cpp:184), pid=22848, tid=8100
#
# JRE version: Java(TM) SE Runtime Environment (19.0.2+7) (build 19.0.2+7-44)
# Java VM: Java HotSpot(TM) 64-Bit Server VM (19.0.2+7-44, mixed mode, sharing, tiered, compressed oops, compressed class ptrs, g1 gc, windows-amd64)
# No core dump will be written. Minidumps are not enabled by default on client versions of Windows
#

---------------  S U M M A R Y ------------

Command Line: -Dfile.encoding=UTF-8 -agentlib:jdwp=transport=dt_shmem,address=javadebug290 --module-path=C:\Users\Rioan\OneDrive\Desktop\Isaac Project\databasee_1\build\classes databasee.login

Host: AMD Ryzen 5 2500U with Radeon Vega Mobile Gfx  , 8 cores, 3G,  Windows 10 , 64 bit Build 19041 (10.0.19041.2546)
Time: Sun Apr  2 10:11:39 2023 China Standard Time elapsed time: 1.082791 seconds (0d 0h 0m 1s)

---------------  T H R E A D  ---------------

Current thread (0x000002025d48bc40):  JavaThread "C1 CompilerThread0" daemon [_thread_in_native, id=8100, stack(0x0000001962100000,0x0000001962200000)]


Current CompileTask:
C1:   1083  179       3       java.lang.StringBuilder::append (8 bytes)

Stack: [0x0000001962100000,0x0000001962200000]
Native frames: (J=compiled Java code, j=interpreted, Vv=VM code, C=native code)
V  [jvm.dll+0x6ee21a]
V  [jvm.dll+0x85765e]
V  [jvm.dll+0x85904e]
V  [jvm.dll+0x859703]
V  [jvm.dll+0x28298f]
V  [jvm.dll+0xc9adf]
V  [jvm.dll+0xc9e65]
V  [jvm.dll+0x1a8eaf]
V  [jvm.dll+0x1a7b9b]
V  [jvm.dll+0x1616d3]
V  [jvm.dll+0x160fb2]
V  [jvm.dll+0x161208]
V  [jvm.dll+0x160666]
V  [jvm.dll+0x16235d]
V  [jvm.dll+0x25b25a]
V  [jvm.dll+0x2596e8]
V  [jvm.dll+0x807588]
V  [jvm.dll+0x80125a]
V  [jvm.dll+0x6ecf0b]
C  [ucrtbase.dll+0x21bb2]
C  [KERNEL32.DLL+0x17614]
C  [ntdll.dll+0x526a1]


---------------  P R O C E S S  ---------------

Threads class SMR info:
_java_thread_list=0x000002025d4b0b70, length=11, elements={
0x000002024174ba60, 0x000002025d41d330, 0x000002025d4200d0, 0x000002025d421d10,
0x000002025d422640, 0x000002025d422f70, 0x000002025d4238a0, 0x000002025d424500,
0x000002025d48bc40, 0x000002025d497370, 0x0000020261847ca0
}

Java Threads: ( => current thread )
  0x000002024174ba60 JavaThread "main" [_thread_in_native, id=6764, stack(0x0000001961300000,0x0000001961400000)]
  0x000002025d41d330 JavaThread "Reference Handler" daemon [_thread_blocked, id=3760, stack(0x0000001961a00000,0x0000001961b00000)]
  0x000002025d4200d0 JavaThread "Finalizer" daemon [_thread_blocked, id=9336, stack(0x0000001961b00000,0x0000001961c00000)]
  0x000002025d421d10 JavaThread "Signal Dispatcher" daemon [_thread_blocked, id=24332, stack(0x0000001961c00000,0x0000001961d00000)]
  0x000002025d422640 JavaThread "Attach Listener" daemon [_thread_blocked, id=716, stack(0x0000001961d00000,0x0000001961e00000)]
  0x000002025d422f70 JavaThread "Service Thread" daemon [_thread_blocked, id=10020, stack(0x0000001961e00000,0x0000001961f00000)]
  0x000002025d4238a0 JavaThread "Monitor Deflation Thread" daemon [_thread_blocked, id=10120, stack(0x0000001961f00000,0x0000001962000000)]
  0x000002025d424500 JavaThread "C2 CompilerThread0" daemon [_thread_in_native, id=9664, stack(0x0000001962000000,0x0000001962100000)]
=>0x000002025d48bc40 JavaThread "C1 CompilerThread0" daemon [_thread_in_native, id=8100, stack(0x0000001962100000,0x0000001962200000)]
  0x000002025d497370 JavaThread "Sweeper thread" daemon [_thread_blocked, id=11540, stack(0x0000001962200000,0x0000001962300000)]
  0x0000020261847ca0 JavaThread "Common-Cleaner" daemon [_thread_blocked, id=10340, stack(0x0000001962300000,0x0000001962400000)]

Other Threads:
  0x0000020241815000 VMThread "VM Thread" [stack: 0x0000001961900000,0x0000001961a00000] [id=24716]
  0x0000020241788f20 WorkerThread "GC Thread#0" [stack: 0x0000001961400000,0x0000001961500000] [id=8104]
  0x0000020241791b90 ConcurrentGCThread "G1 Main Marker" [stack: 0x0000001961500000,0x0000001961600000] [id=9356]
  0x00000202417925c0 WorkerThread "G1 Conc#0" [stack: 0x0000001961600000,0x0000001961700000] [id=9276]
  0x00000202417f39c0 ConcurrentGCThread "G1 Refine#0" [stack: 0x0000001961700000,0x0000001961800000] [id=8536]
  0x00000202417f4500 ConcurrentGCThread "G1 Service" [stack: 0x0000001961800000,0x0000001961900000] [id=14156]

Threads with active compile tasks:
C2 CompilerThread0     1493  165       4       java.util.HashMap::putVal (300 bytes)
C1 CompilerThread0     1493  179       3       java.lang.StringBuilder::append (8 bytes)

VM state: not at safepoint (normal execution)

VM Mutex/Monitor currently owned by a thread: None

Heap address: 0x00000000c9800000, size: 872 MB, Compressed Oops mode: 32-bit

CDS archive(s) mapped at: [0x0000000800000000-0x0000000800c40000-0x0000000800c40000), size 12845056, SharedBaseAddress: 0x0000000800000000, ArchiveRelocationMode: 0.
Compressed class space mapped at: 0x0000000801000000-0x0000000841000000, reserved size: 1073741824
Narrow klass base: 0x0000000800000000, Narrow klass shift: 0, Narrow klass range: 0x100000000

GC Precious Log:
 CardTable entry size: 512
 Card Set container configuration: InlinePtr #cards 5 size 8 Array Of Cards #cards 12 size 40 Howl #buckets 4 coarsen threshold 1843 Howl Bitmap #cards 512 size 80 coarsen threshold 460 Card regions per heap region 1 cards per card region 2048
 CPUs: 8 total, 8 available
 Memory: 3484M
 Large Page Support: Disabled
 NUMA Support: Disabled
 Compressed Oops: Enabled (32-bit)
 Heap Region Size: 1M
 Heap Min Capacity: 8M
 Heap Initial Capacity: 56M
 Heap Max Capacity: 872M
 Pre-touch: Disabled
 Parallel Workers: 8
 Concurrent Workers: 2
 Concurrent Refinement Workers: 8
 Periodic GC: Disabled

Heap:
 garbage-first heap   total 57344K, used 2048K [0x00000000c9800000, 0x0000000100000000)
  region size 1024K, 3 young (3072K), 0 survivors (0K)
 Metaspace       used 331K, committed 512K, reserved 1114112K
  class space    used 20K, committed 128K, reserved 1048576K

Heap Regions: E=young(eden), S=young(survivor), O=old, HS=humongous(starts), HC=humongous(continues), CS=collection set, F=free, OA=open archive, CA=closed archive, TAMS=top-at-mark-start (previous, next)
|   0|0x00000000c9800000, 0x00000000c9800000, 0x00000000c9900000|  0%| F|  |TAMS 0x00000000c9800000, 0x00000000c9800000| Untracked 
|   1|0x00000000c9900000, 0x00000000c9900000, 0x00000000c9a00000|  0%| F|  |TAMS 0x00000000c9900000, 0x00000000c9900000| Untracked 
|   2|0x00000000c9a00000, 0x00000000c9a00000, 0x00000000c9b00000|  0%| F|  |TAMS 0x00000000c9a00000, 0x00000000c9a00000| Untracked 
|   3|0x00000000c9b00000, 0x00000000c9b00000, 0x00000000c9c00000|  0%| F|  |TAMS 0x00000000c9b00000, 0x00000000c9b00000| Untracked 
|   4|0x00000000c9c00000, 0x00000000c9c00000, 0x00000000c9d00000|  0%| F|  |TAMS 0x00000000c9c00000, 0x00000000c9c00000| Untracked 
|   5|0x00000000c9d00000, 0x00000000c9d00000, 0x00000000c9e00000|  0%| F|  |TAMS 0x00000000c9d00000, 0x00000000c9d00000| Untracked 
|   6|0x00000000c9e00000, 0x00000000c9e00000, 0x00000000c9f00000|  0%| F|  |TAMS 0x00000000c9e00000, 0x00000000c9e00000| Untracked 
|   7|0x00000000c9f00000, 0x00000000c9f00000, 0x00000000ca000000|  0%| F|  |TAMS 0x00000000c9f00000, 0x00000000c9f00000| Untracked 
|   8|0x00000000ca000000, 0x00000000ca000000, 0x00000000ca100000|  0%| F|  |TAMS 0x00000000ca000000, 0x00000000ca000000| Untracked 
|   9|0x00000000ca100000, 0x00000000ca100000, 0x00000000ca200000|  0%| F|  |TAMS 0x00000000ca100000, 0x00000000ca100000| Untracked 
|  10|0x00000000ca200000, 0x00000000ca200000, 0x00000000ca300000|  0%| F|  |TAMS 0x00000000ca200000, 0x00000000ca200000| Untracked 
|  11|0x00000000ca300000, 0x00000000ca300000, 0x00000000ca400000|  0%| F|  |TAMS 0x00000000ca300000, 0x00000000ca300000| Untracked 
|  12|0x00000000ca400000, 0x00000000ca400000, 0x00000000ca500000|  0%| F|  |TAMS 0x00000000ca400000, 0x00000000ca400000| Untracked 
|  13|0x00000000ca500000, 0x00000000ca500000, 0x00000000ca600000|  0%| F|  |TAMS 0x00000000ca500000, 0x00000000ca500000| Untracked 
|  14|0x00000000ca600000, 0x00000000ca600000, 0x00000000ca700000|  0%| F|  |TAMS 0x00000000ca600000, 0x00000000ca600000| Untracked 
|  15|0x00000000ca700000, 0x00000000ca700000, 0x00000000ca800000|  0%| F|  |TAMS 0x00000000ca700000, 0x00000000ca700000| Untracked 
|  16|0x00000000ca800000, 0x00000000ca800000, 0x00000000ca900000|  0%| F|  |TAMS 0x00000000ca800000, 0x00000000ca800000| Untracked 
|  17|0x00000000ca900000, 0x00000000ca900000, 0x00000000caa00000|  0%| F|  |TAMS 0x00000000ca900000, 0x00000000ca900000| Untracked 
|  18|0x00000000caa00000, 0x00000000caa00000, 0x00000000cab00000|  0%| F|  |TAMS 0x00000000caa00000, 0x00000000caa00000| Untracked 
|  19|0x00000000cab00000, 0x00000000cab00000, 0x00000000cac00000|  0%| F|  |TAMS 0x00000000cab00000, 0x00000000cab00000| Untracked 
|  20|0x00000000cac00000, 0x00000000cac00000, 0x00000000cad00000|  0%| F|  |TAMS 0x00000000cac00000, 0x00000000cac00000| Untracked 
|  21|0x00000000cad00000, 0x00000000cad00000, 0x00000000cae00000|  0%| F|  |TAMS 0x00000000cad00000, 0x00000000cad00000| Untracked 
|  22|0x00000000cae00000, 0x00000000cae00000, 0x00000000caf00000|  0%| F|  |TAMS 0x00000000cae00000, 0x00000000cae00000| Untracked 
|  23|0x00000000caf00000, 0x00000000caf00000, 0x00000000cb000000|  0%| F|  |TAMS 0x00000000caf00000, 0x00000000caf00000| Untracked 
|  24|0x00000000cb000000, 0x00000000cb000000, 0x00000000cb100000|  0%| F|  |TAMS 0x00000000cb000000, 0x00000000cb000000| Untracked 
|  25|0x00000000cb100000, 0x00000000cb100000, 0x00000000cb200000|  0%| F|  |TAMS 0x00000000cb100000, 0x00000000cb100000| Untracked 
|  26|0x00000000cb200000, 0x00000000cb200000, 0x00000000cb300000|  0%| F|  |TAMS 0x00000000cb200000, 0x00000000cb200000| Untracked 
|  27|0x00000000cb300000, 0x00000000cb300000, 0x00000000cb400000|  0%| F|  |TAMS 0x00000000cb300000, 0x00000000cb300000| Untracked 
|  28|0x00000000cb400000, 0x00000000cb400000, 0x00000000cb500000|  0%| F|  |TAMS 0x00000000cb400000, 0x00000000cb400000| Untracked 
|  29|0x00000000cb500000, 0x00000000cb500000, 0x00000000cb600000|  0%| F|  |TAMS 0x00000000cb500000, 0x00000000cb500000| Untracked 
|  30|0x00000000cb600000, 0x00000000cb600000, 0x00000000cb700000|  0%| F|  |TAMS 0x00000000cb600000, 0x00000000cb600000| Untracked 
|  31|0x00000000cb700000, 0x00000000cb700000, 0x00000000cb800000|  0%| F|  |TAMS 0x00000000cb700000, 0x00000000cb700000| Untracked 
|  32|0x00000000cb800000, 0x00000000cb800000, 0x00000000cb900000|  0%| F|  |TAMS 0x00000000cb800000, 0x00000000cb800000| Untracked 
|  33|0x00000000cb900000, 0x00000000cb900000, 0x00000000cba00000|  0%| F|  |TAMS 0x00000000cb900000, 0x00000000cb900000| Untracked 
|  34|0x00000000cba00000, 0x00000000cba00000, 0x00000000cbb00000|  0%| F|  |TAMS 0x00000000cba00000, 0x00000000cba00000| Untracked 
|  35|0x00000000cbb00000, 0x00000000cbb00000, 0x00000000cbc00000|  0%| F|  |TAMS 0x00000000cbb00000, 0x00000000cbb00000| Untracked 
|  36|0x00000000cbc00000, 0x00000000cbc00000, 0x00000000cbd00000|  0%| F|  |TAMS 0x00000000cbc00000, 0x00000000cbc00000| Untracked 
|  37|0x00000000cbd00000, 0x00000000cbd00000, 0x00000000cbe00000|  0%| F|  |TAMS 0x00000000cbd00000, 0x00000000cbd00000| Untracked 
|  38|0x00000000cbe00000, 0x00000000cbe00000, 0x00000000cbf00000|  0%| F|  |TAMS 0x00000000cbe00000, 0x00000000cbe00000| Untracked 
|  39|0x00000000cbf00000, 0x00000000cbf00000, 0x00000000cc000000|  0%| F|  |TAMS 0x00000000cbf00000, 0x00000000cbf00000| Untracked 
|  40|0x00000000cc000000, 0x00000000cc000000, 0x00000000cc100000|  0%| F|  |TAMS 0x00000000cc000000, 0x00000000cc000000| Untracked 
|  41|0x00000000cc100000, 0x00000000cc100000, 0x00000000cc200000|  0%| F|  |TAMS 0x00000000cc100000, 0x00000000cc100000| Untracked 
|  42|0x00000000cc200000, 0x00000000cc200000, 0x00000000cc300000|  0%| F|  |TAMS 0x00000000cc200000, 0x00000000cc200000| Untracked 
|  43|0x00000000cc300000, 0x00000000cc300000, 0x00000000cc400000|  0%| F|  |TAMS 0x00000000cc300000, 0x00000000cc300000| Untracked 
|  44|0x00000000cc400000, 0x00000000cc400000, 0x00000000cc500000|  0%| F|  |TAMS 0x00000000cc400000, 0x00000000cc400000| Untracked 
|  45|0x00000000cc500000, 0x00000000cc500000, 0x00000000cc600000|  0%| F|  |TAMS 0x00000000cc500000, 0x00000000cc500000| Untracked 
|  46|0x00000000cc600000, 0x00000000cc600000, 0x00000000cc700000|  0%| F|  |TAMS 0x00000000cc600000, 0x00000000cc600000| Untracked 
|  47|0x00000000cc700000, 0x00000000cc700000, 0x00000000cc800000|  0%| F|  |TAMS 0x00000000cc700000, 0x00000000cc700000| Untracked 
|  48|0x00000000cc800000, 0x00000000cc800000, 0x00000000cc900000|  0%| F|  |TAMS 0x00000000cc800000, 0x00000000cc800000| Untracked 
|  49|0x00000000cc900000, 0x00000000cc900000, 0x00000000cca00000|  0%| F|  |TAMS 0x00000000cc900000, 0x00000000cc900000| Untracked 
|  50|0x00000000cca00000, 0x00000000cca00000, 0x00000000ccb00000|  0%| F|  |TAMS 0x00000000cca00000, 0x00000000cca00000| Untracked 
|  51|0x00000000ccb00000, 0x00000000ccb00000, 0x00000000ccc00000|  0%| F|  |TAMS 0x00000000ccb00000, 0x00000000ccb00000| Untracked 
|  52|0x00000000ccc00000, 0x00000000ccc00000, 0x00000000ccd00000|  0%| F|  |TAMS 0x00000000ccc00000, 0x00000000ccc00000| Untracked 
|  53|0x00000000ccd00000, 0x00000000ccd76478, 0x00000000cce00000| 46%| E|  |TAMS 0x00000000ccd00000, 0x00000000ccd00000| Complete 
|  54|0x00000000cce00000, 0x00000000ccf00000, 0x00000000ccf00000|100%| E|CS|TAMS 0x00000000cce00000, 0x00000000cce00000| Complete 
|  55|0x00000000ccf00000, 0x00000000cd000000, 0x00000000cd000000|100%| E|CS|TAMS 0x00000000ccf00000, 0x00000000ccf00000| Complete 

Card table byte_map: [0x0000020258bb0000,0x0000020258d70000] _byte_map_base: 0x0000020258564000

Marking Bits (Prev, Next): (CMBitMap*) 0x000002024178a560, (CMBitMap*) 0x000002024178a5a0
 Prev Bits: [0x0000020258f30000, 0x0000020259cd0000)
 Next Bits: [0x0000020259cd0000, 0x000002025aa70000)

Polling page: 0x0000020240f20000

Metaspace:

Usage:
  Non-class:    310.66 KB used.
      Class:     20.66 KB used.
       Both:    331.32 KB used.

Virtual space:
  Non-class space:       64.00 MB reserved,     384.00 KB ( <1%) committed,  1 nodes.
      Class space:        1.00 GB reserved,     128.00 KB ( <1%) committed,  1 nodes.
             Both:        1.06 GB reserved,     512.00 KB ( <1%) committed. 

Chunk freelists:
   Non-Class:  4.00 MB
       Class:  3.75 MB
        Both:  7.74 MB

MaxMetaspaceSize: unlimited
CompressedClassSpaceSize: 1.00 GB
Initial GC threshold: 21.00 MB
Current GC threshold: 21.00 MB
CDS: on
MetaspaceReclaimPolicy: balanced
 - commit_granule_bytes: 65536.
 - commit_granule_words: 8192.
 - virtual_space_node_default_size: 8388608.
 - enlarge_chunks_in_place: 1.
 - new_chunks_are_fully_committed: 0.
 - uncommit_free_chunks: 1.
 - use_allocation_guard: 0.


Internal statistics:

num_allocs_failed_limit: 0.
num_arena_births: 6.
num_arena_deaths: 0.
num_vsnodes_births: 2.
num_vsnodes_deaths: 0.
num_space_committed: 8.
num_space_uncommitted: 0.
num_chunks_returned_to_freelist: 0.
num_chunks_taken_from_freelist: 7.
num_chunk_merges: 0.
num_chunk_splits: 4.
num_chunks_enlarged: 2.
num_inconsistent_stats: 0.

CodeHeap 'non-profiled nmethods': size=120000Kb used=54Kb max_used=54Kb free=119945Kb
 bounds [0x0000020251190000, 0x0000020251400000, 0x00000202586c0000]
CodeHeap 'profiled nmethods': size=120000Kb used=187Kb max_used=187Kb free=119812Kb
 bounds [0x00000202496c0000, 0x0000020249930000, 0x0000020250bf0000]
CodeHeap 'non-nmethods': size=5760Kb used=1249Kb max_used=1262Kb free=4510Kb
 bounds [0x0000020250bf0000, 0x0000020250e60000, 0x0000020251190000]
 total_blobs=549 nmethods=175 adapters=285
 compilation: enabled
              stopped_count=0, restarted_count=0
 full_count=0

Compilation events (20 events):
Event: 1.017 Thread 0x000002025d48bc40 nmethod 169 0x00000202496ed210 code [0x00000202496ed3c0, 0x00000202496ed578]
Event: 1.017 Thread 0x000002025d48bc40  164       3       java.util.HashSet::iterator (13 bytes)
Event: 1.017 Thread 0x000002025d48bc40 nmethod 164 0x00000202496ed610 code [0x00000202496ed7c0, 0x00000202496eda58]
Event: 1.017 Thread 0x000002025d48bc40  174       3       java.util.concurrent.ConcurrentHashMap::casTabAt (21 bytes)
Event: 1.018 Thread 0x000002025d48bc40 nmethod 174 0x00000202496edb90 code [0x00000202496edd20, 0x00000202496ede98]
Event: 1.018 Thread 0x000002025d48bc40  170       3       java.util.ImmutableCollections$Set12::iterator (9 bytes)
Event: 1.018 Thread 0x000002025d48bc40 nmethod 170 0x00000202496edf10 code [0x00000202496ee0c0, 0x00000202496ee3b8]
Event: 1.018 Thread 0x000002025d48bc40  171       3       java.util.ImmutableCollections$Set12$1::<init> (32 bytes)
Event: 1.019 Thread 0x000002025d48bc40 nmethod 171 0x00000202496ee490 code [0x00000202496ee640, 0x00000202496ee878]
Event: 1.019 Thread 0x000002025d48bc40  172       1       java.lang.module.ModuleDescriptor::packages (5 bytes)
Event: 1.019 Thread 0x000002025d48bc40 nmethod 172 0x000002025119cf90 code [0x000002025119d120, 0x000002025119d1d8]
Event: 1.019 Thread 0x000002025d48bc40  173       1       java.lang.module.ResolvedModule::reference (5 bytes)
Event: 1.019 Thread 0x000002025d48bc40 nmethod 173 0x000002025119d290 code [0x000002025119d420, 0x000002025119d4d8]
Event: 1.020 Thread 0x000002025d48bc40  176       3       java.util.Optional::orElse (16 bytes)
Event: 1.021 Thread 0x000002025d48bc40 nmethod 176 0x00000202496ee990 code [0x00000202496eeb40, 0x00000202496eecb8]
Event: 1.021 Thread 0x000002025d48bc40  177       1       java.lang.AbstractStringBuilder::getValue (5 bytes)
Event: 1.021 Thread 0x000002025d48bc40 nmethod 177 0x000002025119d590 code [0x000002025119d720, 0x000002025119d7d8]
Event: 1.021 Thread 0x000002025d48bc40  178       1       java.lang.AbstractStringBuilder::length (5 bytes)
Event: 1.021 Thread 0x000002025d48bc40 nmethod 178 0x000002025119d890 code [0x000002025119da20, 0x000002025119dad8]
Event: 1.021 Thread 0x000002025d48bc40  179       3       java.lang.StringBuilder::append (8 bytes)

GC Heap History (0 events):
No events

Dll operation events (4 events):
Event: 0.294 Loaded shared library C:\Java\bin\java.dll
Event: 0.335 Loaded shared library C:\Java\bin\jsvml.dll
Event: 0.961 Loaded shared library C:\Java\bin\net.dll
Event: 0.967 Loaded shared library C:\Java\bin\nio.dll

Deoptimization events (0 events):
No events

Classes loaded (20 events):
Event: 0.973 Loading class java/nio/file/NoSuchFileException
Event: 0.973 Loading class java/nio/file/FileSystemException
Event: 0.973 Loading class java/io/IOException
Event: 0.973 Loading class java/io/IOException done
Event: 0.973 Loading class java/nio/file/FileSystemException done
Event: 0.973 Loading class java/nio/file/NoSuchFileException done
Event: 0.973 Loading class java/nio/file/Files$AcceptAllFilter
Event: 0.973 Loading class java/nio/file/DirectoryStream$Filter
Event: 0.974 Loading class java/nio/file/DirectoryStream$Filter done
Event: 0.974 Loading class java/nio/file/Files$AcceptAllFilter done
Event: 0.974 Loading class sun/nio/fs/WindowsDirectoryStream$WindowsDirectoryIterator
Event: 0.974 Loading class sun/nio/fs/WindowsDirectoryStream$WindowsDirectoryIterator done
Event: 0.975 Loading class sun/nio/fs/WindowsPath$WindowsPathWithAttributes
Event: 0.975 Loading class sun/nio/fs/BasicFileAttributesHolder
Event: 0.975 Loading class sun/nio/fs/BasicFileAttributesHolder done
Event: 0.975 Loading class sun/nio/fs/WindowsPath$WindowsPathWithAttributes done
Event: 0.977 Loading class java/nio/file/attribute/FileAttribute
Event: 0.977 Loading class java/nio/file/attribute/FileAttribute done
Event: 0.977 Loading class sun/nio/fs/WindowsSecurityDescriptor
Event: 0.978 Loading class sun/nio/fs/WindowsSecurityDescriptor done

Classes unloaded (0 events):
No events

Classes redefined (0 events):
No events

Internal exceptions (3 events):
Event: 0.971 Thread 0x000002024174ba60 Exception <a 'sun/nio/fs/WindowsException'{0x00000000cce45370}> (0x00000000cce45370) 
thrown [s\open\src\hotspot\share\prims\jni.cpp, line 517]
Event: 0.973 Thread 0x000002024174ba60 Exception <a 'sun/nio/fs/WindowsException'{0x00000000cce458c0}> (0x00000000cce458c0) 
thrown [s\open\src\hotspot\share\prims\jni.cpp, line 517]
Event: 0.978 Thread 0x000002024174ba60 Exception <a 'sun/nio/fs/WindowsException'{0x00000000cce47c50}> (0x00000000cce47c50) 
thrown [s\open\src\hotspot\share\prims\jni.cpp, line 517]

VM Operations (2 events):
Event: 0.984 Executing VM operation: HandshakeAllThreads
Event: 0.984 Executing VM operation: HandshakeAllThreads done

Events (11 events):
Event: 0.338 Thread 0x000002024174ba60 Thread added: 0x000002024174ba60
Event: 0.729 Thread 0x000002025d41d330 Thread added: 0x000002025d41d330
Event: 0.730 Thread 0x000002025d4200d0 Thread added: 0x000002025d4200d0
Event: 0.732 Thread 0x000002025d421d10 Thread added: 0x000002025d421d10
Event: 0.732 Thread 0x000002025d422640 Thread added: 0x000002025d422640
Event: 0.732 Thread 0x000002025d422f70 Thread added: 0x000002025d422f70
Event: 0.732 Thread 0x000002025d4238a0 Thread added: 0x000002025d4238a0
Event: 0.732 Thread 0x000002025d424500 Thread added: 0x000002025d424500
Event: 0.740 Thread 0x000002025d48bc40 Thread added: 0x000002025d48bc40
Event: 0.740 Thread 0x000002025d497370 Thread added: 0x000002025d497370
Event: 0.899 Thread 0x0000020261847ca0 Thread added: 0x0000020261847ca0


Dynamic libraries:
0x00007ff7e9630000 - 0x00007ff7e9640000 	C:\Java\bin\java.exe
0x00007ffc59ed0000 - 0x00007ffc5a0c8000 	C:\WINDOWS\SYSTEM32\ntdll.dll
0x00007ffc58980000 - 0x00007ffc58a3f000 	C:\WINDOWS\System32\KERNEL32.DLL
0x00007ffc575d0000 - 0x00007ffc578a2000 	C:\WINDOWS\System32\KERNELBASE.dll
0x00007ffc579b0000 - 0x00007ffc57ab0000 	C:\WINDOWS\System32\ucrtbase.dll
0x00007ffc11f90000 - 0x00007ffc11fa8000 	C:\Java\bin\jli.dll
0x00007ffc59320000 - 0x00007ffc593ce000 	C:\WINDOWS\System32\ADVAPI32.dll
0x00007ffc2f480000 - 0x00007ffc2f49b000 	C:\Java\bin\VCRUNTIME140.dll
0x00007ffc588e0000 - 0x00007ffc5897e000 	C:\WINDOWS\System32\msvcrt.dll
0x00007ffc586d0000 - 0x00007ffc5876c000 	C:\WINDOWS\System32\sechost.dll
0x00007ffc58ca0000 - 0x00007ffc58dc4000 	C:\WINDOWS\System32\RPCRT4.dll
0x00007ffc593d0000 - 0x00007ffc59571000 	C:\WINDOWS\System32\USER32.dll
0x00007ffc57ab0000 - 0x00007ffc57ad2000 	C:\WINDOWS\System32\win32u.dll
0x00007ffc58890000 - 0x00007ffc588bb000 	C:\WINDOWS\System32\GDI32.dll
0x00007ffc45110000 - 0x00007ffc453aa000 	C:\WINDOWS\WinSxS\amd64_microsoft.windows.common-controls_6595b64144ccf1df_6.0.19041.1110_none_60b5254171f9507e\COMCTL32.dll
0x00007ffc57b10000 - 0x00007ffc57c1f000 	C:\WINDOWS\System32\gdi32full.dll
0x00007ffc57e80000 - 0x00007ffc57f1d000 	C:\WINDOWS\System32\msvcp_win.dll
0x00007ffc4fb80000 - 0x00007ffc4fb8a000 	C:\WINDOWS\SYSTEM32\VERSION.dll
0x00007ffc59880000 - 0x00007ffc598b0000 	C:\WINDOWS\System32\IMM32.DLL
0x00007ffc17e80000 - 0x00007ffc17e8c000 	C:\Java\bin\vcruntime140_1.dll
0x00007ffc0a1f0000 - 0x00007ffc0a27e000 	C:\Java\bin\msvcp140.dll
0x00007ffc0a500000 - 0x00007ffc0b1c0000 	C:\Java\bin\server\jvm.dll
0x00007ffc2f930000 - 0x00007ffc2f939000 	C:\WINDOWS\SYSTEM32\WSOCK32.dll
0x00007ffc59130000 - 0x00007ffc5919b000 	C:\WINDOWS\System32\WS2_32.dll
0x00007ffc4e910000 - 0x00007ffc4e937000 	C:\WINDOWS\SYSTEM32\WINMM.dll
0x00007ffc55490000 - 0x00007ffc554a2000 	C:\WINDOWS\SYSTEM32\kernel.appcore.dll
0x00007ffc16fe0000 - 0x00007ffc16fea000 	C:\Java\bin\jimage.dll
0x00007ffc49910000 - 0x00007ffc49af4000 	C:\WINDOWS\SYSTEM32\DBGHELP.DLL
0x00007ffc498d0000 - 0x00007ffc49905000 	C:\WINDOWS\SYSTEM32\dbgcore.DLL
0x00007ffc57df0000 - 0x00007ffc57e72000 	C:\WINDOWS\System32\bcryptPrimitives.dll
0x00007ffc11b80000 - 0x00007ffc11bbc000 	C:\Java\bin\jdwp.dll
0x00007ffc14560000 - 0x00007ffc14586000 	C:\Java\bin\java.dll
0x00007ffc0a420000 - 0x00007ffc0a4f7000 	C:\Java\bin\jsvml.dll
0x00007ffc57f20000 - 0x00007ffc58665000 	C:\WINDOWS\System32\SHELL32.dll
0x00007ffc55690000 - 0x00007ffc55e22000 	C:\WINDOWS\SYSTEM32\windows.storage.dll
0x00007ffc58dd0000 - 0x00007ffc59125000 	C:\WINDOWS\System32\combase.dll
0x00007ffc56f50000 - 0x00007ffc56f80000 	C:\WINDOWS\SYSTEM32\Wldp.dll
0x00007ffc58bf0000 - 0x00007ffc58c9d000 	C:\WINDOWS\System32\SHCORE.dll
0x00007ffc59960000 - 0x00007ffc599b5000 	C:\WINDOWS\System32\shlwapi.dll
0x00007ffc57510000 - 0x00007ffc5752f000 	C:\WINDOWS\SYSTEM32\profapi.dll
0x00007ffc14510000 - 0x00007ffc14523000 	C:\Java\bin\net.dll
0x00007ffc4d480000 - 0x00007ffc4d58a000 	C:\WINDOWS\SYSTEM32\WINHTTP.dll
0x00007ffc56cb0000 - 0x00007ffc56d1a000 	C:\WINDOWS\system32\mswsock.dll
0x00007ffc10220000 - 0x00007ffc10236000 	C:\Java\bin\nio.dll
0x00007ffc2dff0000 - 0x00007ffc2dffb000 	C:\Java\bin\dt_shmem.dll

dbghelp: loaded successfully - version: 4.0.5 - missing functions: none
symbol engine: initialized successfully - sym options: 0x614 - pdb path: .;C:\Java\bin;C:\WINDOWS\SYSTEM32;C:\WINDOWS\WinSxS\amd64_microsoft.windows.common-controls_6595b64144ccf1df_6.0.19041.1110_none_60b5254171f9507e;C:\Java\bin\server

VM Arguments:
jvm_args: -Dfile.encoding=UTF-8 -agentlib:jdwp=transport=dt_shmem,address=javadebug290 --module-path=C:\Users\Rioan\OneDrive\Desktop\Isaac Project\databasee_1\build\classes 
java_command: databasee.login
java_class_path (initial): C:\Users\Rioan\OneDrive\Desktop\Beginners\JCalendar.jar;C:\Users\Rioan\OneDrive\Desktop\Beginners\netbeans\java\modules\ext\AbsoluteLayout.jar;C:\Users\Rioan\OneDrive\Desktop\Isaac Project\databasee_1\build\classes
Launcher Type: SUN_STANDARD

[Global flags]
     intx CICompilerCount                          = 4                                         {product} {ergonomic}
     uint ConcGCThreads                            = 2                                         {product} {ergonomic}
     uint G1ConcRefinementThreads                  = 8                                         {product} {ergonomic}
   size_t G1HeapRegionSize                         = 1048576                                   {product} {ergonomic}
    uintx GCDrainStackTargetSize                   = 64                                        {product} {ergonomic}
   size_t InitialHeapSize                          = 58720256                                  {product} {ergonomic}
   size_t MarkStackSize                            = 4194304                                   {product} {ergonomic}
   size_t MaxHeapSize                              = 914358272                                 {product} {ergonomic}
   size_t MaxNewSize                               = 548405248                                 {product} {ergonomic}
   size_t MinHeapDeltaBytes                        = 1048576                                   {product} {ergonomic}
   size_t MinHeapSize                              = 8388608                                   {product} {ergonomic}
    uintx NonNMethodCodeHeapSize                   = 5839372                                {pd product} {ergonomic}
    uintx NonProfiledCodeHeapSize                  = 122909434                              {pd product} {ergonomic}
    uintx ProfiledCodeHeapSize                     = 122909434                              {pd product} {ergonomic}
    uintx ReservedCodeCacheSize                    = 251658240                              {pd product} {ergonomic}
     bool SegmentedCodeCache                       = true                                      {product} {ergonomic}
   size_t SoftMaxHeapSize                          = 914358272                              {manageable} {ergonomic}
     bool UseCompressedClassPointers               = true                           {product lp64_product} {ergonomic}
     bool UseCompressedOops                        = true                           {product lp64_product} {ergonomic}
     bool UseG1GC                                  = true                                      {product} {ergonomic}
     bool UseLargePagesIndividualAllocation        = false                                  {pd product} {ergonomic}

Logging:
Log output configuration:
 #0: stdout all=warning uptime,level,tags foldmultilines=false
 #1: stderr all=off uptime,level,tags foldmultilines=false

Environment Variables:
PATH=C:\Program Files\Common Files\Oracle\Java\javapath;C:\ProgramData\Oracle\Java\javapath;C:\WINDOWS\system32;C:\WINDOWS;C:\WINDOWS\System32\Wbem;C:\WINDOWS\System32\WindowsPowerShell\v1.0\;C:\WINDOWS\System32\OpenSSH\;C:\scrcpy;C:\Users\Rioan\AppData\Local\Microsoft\WindowsApps;
USERNAME=Rioan
OS=Windows_NT
PROCESSOR_IDENTIFIER=AMD64 Family 23 Model 17 Stepping 0, AuthenticAMD
TMP=C:\Users\Rioan\AppData\Local\Temp
TEMP=C:\Users\Rioan\AppData\Local\Temp



---------------  S Y S T E M  ---------------

OS:
 Windows 10 , 64 bit Build 19041 (10.0.19041.2546)
OS uptime: 0 days 1:22 hours

CPU: total 8 (initial active 8) (8 cores per cpu, 2 threads per core) family 23 model 17 stepping 0 microcode 0x0, cx8, cmov, fxsr, ht, mmx, 3dnowpref, sse, sse2, sse3, ssse3, sse4a, sse4.1, sse4.2, popcnt, lzcnt, tsc, tscinvbit, avx, avx2, aes, clmul, bmi1, bmi2, adx, sha, fma, vzeroupper, clflush, clflushopt, rdtscp

Memory: 4k page, system-wide physical 3484M (471M free)
TotalPageFile size 14236M (AvailPageFile size 3M)
current process WorkingSet (physical memory assigned to process): 31M, peak: 31M
current process commit charge ("private bytes"): 135M, peak: 135M

vm_info: Java HotSpot(TM) 64-Bit Server VM (19.0.2+7-44) for windows-amd64 JRE (19.0.2+7-44), built on 2022-11-30T18:02:09Z by "mach5one" with MS VC++ 17.1 (VS2022)

END.
