#
# There is insufficient memory for the Java Runtime Environment to continue.
# Native memory allocation (malloc) failed to allocate 32744 bytes for Chunk::new
# Possible reasons:
#   The system is out of physical RAM or swap space
#   The process is running with CompressedOops enabled, and the Java Heap may be blocking the growth of the native heap
# Possible solutions:
#   Reduce memory load on the system
#   Increase physical memory or swap space
#   Check if swap backing store is full
#   Decrease Java heap size (-Xmx/-Xms)
#   Decrease number of Java threads
#   Decrease Java thread stack sizes (-Xss)
#   Set larger code cache with -XX:ReservedCodeCacheSize=
#   JVM is running with Unscaled Compressed Oops mode in which the Java heap is
#     placed in the first 4GB address space. The Java Heap base address is the
#     maximum limit for the native heap growth. Please use -XX:HeapBaseMinAddress
#     to set the Java Heap base and to place the Java Heap above 4GB virtual address.
# This output file may be truncated or incomplete.
#
#  Out of Memory Error (arena.cpp:184), pid=21444, tid=26192
#
# JRE version: Java(TM) SE Runtime Environment (19.0.2+7) (build 19.0.2+7-44)
# Java VM: Java HotSpot(TM) 64-Bit Server VM (19.0.2+7-44, mixed mode, sharing, tiered, compressed oops, compressed class ptrs, g1 gc, windows-amd64)
# No core dump will be written. Minidumps are not enabled by default on client versions of Windows
#

---------------  S U M M A R Y ------------

Command Line: -Dfile.encoding=UTF-8 -agentlib:jdwp=transport=dt_shmem,address=javadebug7572 --module-path=C:\Users\Rioan\OneDrive\Desktop\Isaac Project\databasee_1\build\classes databasee.login

Host: AMD Ryzen 5 2500U with Radeon Vega Mobile Gfx  , 8 cores, 3G,  Windows 10 , 64 bit Build 19041 (10.0.19041.2546)
Time: Sat Apr  1 18:46:58 2023 China Standard Time elapsed time: 771.750301 seconds (0d 0h 12m 51s)

---------------  T H R E A D  ---------------

Current thread (0x0000017efecf1f10):  JavaThread "C2 CompilerThread0" daemon [_thread_in_native, id=26192, stack(0x0000005db6600000,0x0000005db6700000)]


Current CompileTask:
C2: 771751 2001       4       sun.java2d.SunGraphics2D::setColor (108 bytes)

Stack: [0x0000005db6600000,0x0000005db6700000]
Native frames: (J=compiled Java code, j=interpreted, Vv=VM code, C=native code)
V  [jvm.dll+0x6ee21a]
V  [jvm.dll+0x85765e]
V  [jvm.dll+0x85904e]
V  [jvm.dll+0x859703]
V  [jvm.dll+0x28298f]
V  [jvm.dll+0xc9adf]
V  [jvm.dll+0xc9e65]
V  [jvm.dll+0x3c233d]
V  [jvm.dll+0x3c19e1]
V  [jvm.dll+0x3c1a24]
V  [jvm.dll+0x5d1208]
V  [jvm.dll+0x386110]
V  [jvm.dll+0x38555a]
V  [jvm.dll+0x24c3d9]
V  [jvm.dll+0x24b781]
V  [jvm.dll+0x1d6ce1]
V  [jvm.dll+0x25b25a]
V  [jvm.dll+0x2596e8]
V  [jvm.dll+0x807588]
V  [jvm.dll+0x80125a]
V  [jvm.dll+0x6ecf0b]
C  [ucrtbase.dll+0x21bb2]
C  [KERNEL32.DLL+0x17614]
C  [ntdll.dll+0x526a1]


---------------  P R O C E S S  ---------------

Threads class SMR info:
_java_thread_list=0x0000017e8b101460, length=19, elements={
0x0000017efecc2880, 0x0000017efecc5830, 0x0000017efeccacc0, 0x0000017efeccb5f0,
0x0000017efeccc2d0, 0x0000017efeced110, 0x0000017efecf1f10, 0x0000017efecfb490,
0x0000017efed094c0, 0x0000017efef0b380, 0x0000017efefedd10, 0x0000017efef0c8c0,
0x0000017efef0ce10, 0x0000017efef0b8d0, 0x0000017efef0d360, 0x0000017efef0be20,
0x0000017efef0c370, 0x0000017efef09e40, 0x0000017efef0a390
}

Java Threads: ( => current thread )
  0x0000017efecc2880 JavaThread "Reference Handler" daemon [_thread_blocked, id=26064, stack(0x0000005db6000000,0x0000005db6100000)]
  0x0000017efecc5830 JavaThread "Finalizer" daemon [_thread_blocked, id=26080, stack(0x0000005db6100000,0x0000005db6200000)]
  0x0000017efeccacc0 JavaThread "Signal Dispatcher" daemon [_thread_blocked, id=26124, stack(0x0000005db6200000,0x0000005db6300000)]
  0x0000017efeccb5f0 JavaThread "Attach Listener" daemon [_thread_blocked, id=26132, stack(0x0000005db6300000,0x0000005db6400000)]
  0x0000017efeccc2d0 JavaThread "Service Thread" daemon [_thread_blocked, id=26152, stack(0x0000005db6400000,0x0000005db6500000)]
  0x0000017efeced110 JavaThread "Monitor Deflation Thread" daemon [_thread_blocked, id=26180, stack(0x0000005db6500000,0x0000005db6600000)]
=>0x0000017efecf1f10 JavaThread "C2 CompilerThread0" daemon [_thread_in_native, id=26192, stack(0x0000005db6600000,0x0000005db6700000)]
  0x0000017efecfb490 JavaThread "C1 CompilerThread0" daemon [_thread_in_native, id=26208, stack(0x0000005db6700000,0x0000005db6800000)]
  0x0000017efed094c0 JavaThread "Sweeper thread" daemon [_thread_blocked, id=26216, stack(0x0000005db6800000,0x0000005db6900000)]
  0x0000017efef0b380 JavaThread "Common-Cleaner" daemon [_thread_blocked, id=21192, stack(0x0000005db5600000,0x0000005db5700000)]
  0x0000017efefedd10 JavaThread "JDWP Event Helper Thread" daemon [_thread_blocked, id=26844, stack(0x0000005db5800000,0x0000005db5900000)]
  0x0000017efef0c8c0 JavaThread "Notification Thread" daemon [_thread_blocked, id=29560, stack(0x0000005db6b00000,0x0000005db6c00000)]
  0x0000017efef0ce10 JavaThread "Java2D Disposer" daemon [_thread_blocked, id=28200, stack(0x0000005db6c00000,0x0000005db6d00000)]
  0x0000017efef0b8d0 JavaThread "AWT-Windows" daemon [_thread_in_native, id=9384, stack(0x0000005db6e00000,0x0000005db6f00000)]
  0x0000017efef0d360 JavaThread "AWT-Shutdown" [_thread_blocked, id=8696, stack(0x0000005db6d00000,0x0000005db6e00000)]
  0x0000017efef0be20 JavaThread "AWT-EventQueue-0" [_thread_blocked, id=6180, stack(0x0000005db6f00000,0x0000005db7000000)]
  0x0000017efef0c370 JavaThread "DestroyJavaVM" [_thread_blocked, id=24692, stack(0x0000005db5900000,0x0000005db5a00000)]
  0x0000017efef09e40 JavaThread "D3D Screen Updater" daemon [_thread_blocked, id=29212, stack(0x0000005db7900000,0x0000005db7a00000)]
  0x0000017efef0a390 JavaThread "TimerQueue" daemon [_thread_in_vm, id=11800, stack(0x0000005db7b00000,0x0000005db7c00000)]

Other Threads:
  0x0000017ee50ba630 VMThread "VM Thread" [stack: 0x0000005db5f00000,0x0000005db6000000] [id=25464]
  0x0000017efefd03b0 WatcherThread "VM Periodic Task Thread" [stack: 0x0000005db5700000,0x0000005db5800000] [id=27500]
  0x0000017ee5027dc0 WorkerThread "GC Thread#0" [stack: 0x0000005db5a00000,0x0000005db5b00000] [id=24992]
  0x0000017ee5030a30 ConcurrentGCThread "G1 Main Marker" [stack: 0x0000005db5b00000,0x0000005db5c00000] [id=24996]
  0x0000017ee5031600 WorkerThread "G1 Conc#0" [stack: 0x0000005db5c00000,0x0000005db5d00000] [id=25000]
  0x0000017ee50963f0 ConcurrentGCThread "G1 Refine#0" [stack: 0x0000005db5d00000,0x0000005db5e00000] [id=25004]
  0x0000017ee5096f30 ConcurrentGCThread "G1 Service" [stack: 0x0000005db5e00000,0x0000005db5f00000] [id=25008]

Threads with active compile tasks:
C2 CompilerThread0   779668 2001       4       sun.java2d.SunGraphics2D::setColor (108 bytes)
C1 CompilerThread0   779668 2000   !   3       javax.swing.JComponent::_paintImmediately (891 bytes)

VM state: not at safepoint (normal execution)

VM Mutex/Monitor currently owned by a thread: None

Heap address: 0x00000000c9800000, size: 872 MB, Compressed Oops mode: 32-bit

CDS archive(s) mapped at: [0x0000000800000000-0x0000000800c40000-0x0000000800c40000), size 12845056, SharedBaseAddress: 0x0000000800000000, ArchiveRelocationMode: 0.
Compressed class space mapped at: 0x0000000801000000-0x0000000841000000, reserved size: 1073741824
Narrow klass base: 0x0000000800000000, Narrow klass shift: 0, Narrow klass range: 0x100000000

GC Precious Log:
 CardTable entry size: 512
 Card Set container configuration: InlinePtr #cards 5 size 8 Array Of Cards #cards 12 size 40 Howl #buckets 4 coarsen threshold 1843 Howl Bitmap #cards 512 size 80 coarsen threshold 460 Card regions per heap region 1 cards per card region 2048
 CPUs: 8 total, 8 available
 Memory: 3484M
 Large Page Support: Disabled
 NUMA Support: Disabled
 Compressed Oops: Enabled (32-bit)
 Heap Region Size: 1M
 Heap Min Capacity: 8M
 Heap Initial Capacity: 56M
 Heap Max Capacity: 872M
 Pre-touch: Disabled
 Parallel Workers: 8
 Concurrent Workers: 2
 Concurrent Refinement Workers: 8
 Periodic GC: Disabled

Heap:
 garbage-first heap   total 57344K, used 22528K [0x00000000c9800000, 0x0000000100000000)
  region size 1024K, 20 young (20480K), 0 survivors (0K)
 Metaspace       used 10971K, committed 11200K, reserved 1114112K
  class space    used 1165K, committed 1280K, reserved 1048576K

Heap Regions: E=young(eden), S=young(survivor), O=old, HS=humongous(starts), HC=humongous(continues), CS=collection set, F=free, OA=open archive, CA=closed archive, TAMS=top-at-mark-start (previous, next)
|   0|0x00000000c9800000, 0x00000000c9900000, 0x00000000c9900000|100%|HS|  |TAMS 0x00000000c9800000, 0x00000000c9800000| Complete 
|   1|0x00000000c9900000, 0x00000000c9a00000, 0x00000000c9a00000|100%|HC|  |TAMS 0x00000000c9900000, 0x00000000c9900000| Complete 
|   2|0x00000000c9a00000, 0x00000000c9b00000, 0x00000000c9b00000|100%|HC|  |TAMS 0x00000000c9a00000, 0x00000000c9a00000| Complete 
|   3|0x00000000c9b00000, 0x00000000c9b00000, 0x00000000c9c00000|  0%| F|  |TAMS 0x00000000c9b00000, 0x00000000c9b00000| Untracked 
|   4|0x00000000c9c00000, 0x00000000c9c00000, 0x00000000c9d00000|  0%| F|  |TAMS 0x00000000c9c00000, 0x00000000c9c00000| Untracked 
|   5|0x00000000c9d00000, 0x00000000c9d00000, 0x00000000c9e00000|  0%| F|  |TAMS 0x00000000c9d00000, 0x00000000c9d00000| Untracked 
|   6|0x00000000c9e00000, 0x00000000c9e00000, 0x00000000c9f00000|  0%| F|  |TAMS 0x00000000c9e00000, 0x00000000c9e00000| Untracked 
|   7|0x00000000c9f00000, 0x00000000c9f00000, 0x00000000ca000000|  0%| F|  |TAMS 0x00000000c9f00000, 0x00000000c9f00000| Untracked 
|   8|0x00000000ca000000, 0x00000000ca000000, 0x00000000ca100000|  0%| F|  |TAMS 0x00000000ca000000, 0x00000000ca000000| Untracked 
|   9|0x00000000ca100000, 0x00000000ca100000, 0x00000000ca200000|  0%| F|  |TAMS 0x00000000ca100000, 0x00000000ca100000| Untracked 
|  10|0x00000000ca200000, 0x00000000ca200000, 0x00000000ca300000|  0%| F|  |TAMS 0x00000000ca200000, 0x00000000ca200000| Untracked 
|  11|0x00000000ca300000, 0x00000000ca300000, 0x00000000ca400000|  0%| F|  |TAMS 0x00000000ca300000, 0x00000000ca300000| Untracked 
|  12|0x00000000ca400000, 0x00000000ca400000, 0x00000000ca500000|  0%| F|  |TAMS 0x00000000ca400000, 0x00000000ca400000| Untracked 
|  13|0x00000000ca500000, 0x00000000ca500000, 0x00000000ca600000|  0%| F|  |TAMS 0x00000000ca500000, 0x00000000ca500000| Untracked 
|  14|0x00000000ca600000, 0x00000000ca600000, 0x00000000ca700000|  0%| F|  |TAMS 0x00000000ca600000, 0x00000000ca600000| Untracked 
|  15|0x00000000ca700000, 0x00000000ca700000, 0x00000000ca800000|  0%| F|  |TAMS 0x00000000ca700000, 0x00000000ca700000| Untracked 
|  16|0x00000000ca800000, 0x00000000ca800000, 0x00000000ca900000|  0%| F|  |TAMS 0x00000000ca800000, 0x00000000ca800000| Untracked 
|  17|0x00000000ca900000, 0x00000000ca900000, 0x00000000caa00000|  0%| F|  |TAMS 0x00000000ca900000, 0x00000000ca900000| Untracked 
|  18|0x00000000caa00000, 0x00000000caa00000, 0x00000000cab00000|  0%| F|  |TAMS 0x00000000caa00000, 0x00000000caa00000| Untracked 
|  19|0x00000000cab00000, 0x00000000cab00000, 0x00000000cac00000|  0%| F|  |TAMS 0x00000000cab00000, 0x00000000cab00000| Untracked 
|  20|0x00000000cac00000, 0x00000000cac00000, 0x00000000cad00000|  0%| F|  |TAMS 0x00000000cac00000, 0x00000000cac00000| Untracked 
|  21|0x00000000cad00000, 0x00000000cad00000, 0x00000000cae00000|  0%| F|  |TAMS 0x00000000cad00000, 0x00000000cad00000| Untracked 
|  22|0x00000000cae00000, 0x00000000cae00000, 0x00000000caf00000|  0%| F|  |TAMS 0x00000000cae00000, 0x00000000cae00000| Untracked 
|  23|0x00000000caf00000, 0x00000000caf00000, 0x00000000cb000000|  0%| F|  |TAMS 0x00000000caf00000, 0x00000000caf00000| Untracked 
|  24|0x00000000cb000000, 0x00000000cb000000, 0x00000000cb100000|  0%| F|  |TAMS 0x00000000cb000000, 0x00000000cb000000| Untracked 
|  25|0x00000000cb100000, 0x00000000cb100000, 0x00000000cb200000|  0%| F|  |TAMS 0x00000000cb100000, 0x00000000cb100000| Untracked 
|  26|0x00000000cb200000, 0x00000000cb200000, 0x00000000cb300000|  0%| F|  |TAMS 0x00000000cb200000, 0x00000000cb200000| Untracked 
|  27|0x00000000cb300000, 0x00000000cb300000, 0x00000000cb400000|  0%| F|  |TAMS 0x00000000cb300000, 0x00000000cb300000| Untracked 
|  28|0x00000000cb400000, 0x00000000cb400000, 0x00000000cb500000|  0%| F|  |TAMS 0x00000000cb400000, 0x00000000cb400000| Untracked 
|  29|0x00000000cb500000, 0x00000000cb500000, 0x00000000cb600000|  0%| F|  |TAMS 0x00000000cb500000, 0x00000000cb500000| Untracked 
|  30|0x00000000cb600000, 0x00000000cb600000, 0x00000000cb700000|  0%| F|  |TAMS 0x00000000cb600000, 0x00000000cb600000| Untracked 
|  31|0x00000000cb700000, 0x00000000cb700000, 0x00000000cb800000|  0%| F|  |TAMS 0x00000000cb700000, 0x00000000cb700000| Untracked 
|  32|0x00000000cb800000, 0x00000000cb800000, 0x00000000cb900000|  0%| F|  |TAMS 0x00000000cb800000, 0x00000000cb800000| Untracked 
|  33|0x00000000cb900000, 0x00000000cb900000, 0x00000000cba00000|  0%| F|  |TAMS 0x00000000cb900000, 0x00000000cb900000| Untracked 
|  34|0x00000000cba00000, 0x00000000cba00000, 0x00000000cbb00000|  0%| F|  |TAMS 0x00000000cba00000, 0x00000000cba00000| Untracked 
|  35|0x00000000cbb00000, 0x00000000cbb00000, 0x00000000cbc00000|  0%| F|  |TAMS 0x00000000cbb00000, 0x00000000cbb00000| Untracked 
|  36|0x00000000cbc00000, 0x00000000cbc76448, 0x00000000cbd00000| 46%| E|  |TAMS 0x00000000cbc00000, 0x00000000cbc00000| Complete 
|  37|0x00000000cbd00000, 0x00000000cbe00000, 0x00000000cbe00000|100%| E|CS|TAMS 0x00000000cbd00000, 0x00000000cbd00000| Complete 
|  38|0x00000000cbe00000, 0x00000000cbf00000, 0x00000000cbf00000|100%| E|CS|TAMS 0x00000000cbe00000, 0x00000000cbe00000| Complete 
|  39|0x00000000cbf00000, 0x00000000cc000000, 0x00000000cc000000|100%| E|CS|TAMS 0x00000000cbf00000, 0x00000000cbf00000| Complete 
|  40|0x00000000cc000000, 0x00000000cc100000, 0x00000000cc100000|100%| E|CS|TAMS 0x00000000cc000000, 0x00000000cc000000| Complete 
|  41|0x00000000cc100000, 0x00000000cc200000, 0x00000000cc200000|100%| E|CS|TAMS 0x00000000cc100000, 0x00000000cc100000| Complete 
|  42|0x00000000cc200000, 0x00000000cc300000, 0x00000000cc300000|100%| E|CS|TAMS 0x00000000cc200000, 0x00000000cc200000| Complete 
|  43|0x00000000cc300000, 0x00000000cc400000, 0x00000000cc400000|100%| E|CS|TAMS 0x00000000cc300000, 0x00000000cc300000| Complete 
|  44|0x00000000cc400000, 0x00000000cc500000, 0x00000000cc500000|100%| E|CS|TAMS 0x00000000cc400000, 0x00000000cc400000| Complete 
|  45|0x00000000cc500000, 0x00000000cc600000, 0x00000000cc600000|100%| E|CS|TAMS 0x00000000cc500000, 0x00000000cc500000| Complete 
|  46|0x00000000cc600000, 0x00000000cc700000, 0x00000000cc700000|100%| E|CS|TAMS 0x00000000cc600000, 0x00000000cc600000| Complete 
|  47|0x00000000cc700000, 0x00000000cc800000, 0x00000000cc800000|100%| E|CS|TAMS 0x00000000cc700000, 0x00000000cc700000| Complete 
|  48|0x00000000cc800000, 0x00000000cc900000, 0x00000000cc900000|100%| E|CS|TAMS 0x00000000cc800000, 0x00000000cc800000| Complete 
|  49|0x00000000cc900000, 0x00000000cca00000, 0x00000000cca00000|100%| E|CS|TAMS 0x00000000cc900000, 0x00000000cc900000| Complete 
|  50|0x00000000cca00000, 0x00000000ccb00000, 0x00000000ccb00000|100%| E|CS|TAMS 0x00000000cca00000, 0x00000000cca00000| Complete 
|  51|0x00000000ccb00000, 0x00000000ccc00000, 0x00000000ccc00000|100%| E|CS|TAMS 0x00000000ccb00000, 0x00000000ccb00000| Complete 
|  52|0x00000000ccc00000, 0x00000000ccd00000, 0x00000000ccd00000|100%| E|CS|TAMS 0x00000000ccc00000, 0x00000000ccc00000| Complete 
|  53|0x00000000ccd00000, 0x00000000cce00000, 0x00000000cce00000|100%| E|CS|TAMS 0x00000000ccd00000, 0x00000000ccd00000| Complete 
|  54|0x00000000cce00000, 0x00000000ccf00000, 0x00000000ccf00000|100%| E|CS|TAMS 0x00000000cce00000, 0x00000000cce00000| Complete 
|  55|0x00000000ccf00000, 0x00000000cd000000, 0x00000000cd000000|100%| E|CS|TAMS 0x00000000ccf00000, 0x00000000ccf00000| Complete 

Card table byte_map: [0x0000017efc450000,0x0000017efc610000] _byte_map_base: 0x0000017efbe04000

Marking Bits (Prev, Next): (CMBitMap*) 0x0000017ee5029400, (CMBitMap*) 0x0000017ee5029440
 Prev Bits: [0x0000017efc7d0000, 0x0000017efd570000)
 Next Bits: [0x0000017efd570000, 0x0000017efe310000)

Polling page: 0x0000017ee2fd0000

Metaspace:

Usage:
  Non-class:      9.58 MB used.
      Class:      1.14 MB used.
       Both:     10.71 MB used.

Virtual space:
  Non-class space:       64.00 MB reserved,       9.69 MB ( 15%) committed,  1 nodes.
      Class space:        1.00 GB reserved,       1.25 MB ( <1%) committed,  1 nodes.
             Both:        1.06 GB reserved,      10.94 MB (  1%) committed. 

Chunk freelists:
   Non-Class:  2.00 MB
       Class:  2.74 MB
        Both:  4.74 MB

MaxMetaspaceSize: unlimited
CompressedClassSpaceSize: 1.00 GB
Initial GC threshold: 21.00 MB
Current GC threshold: 21.00 MB
CDS: on
MetaspaceReclaimPolicy: balanced
 - commit_granule_bytes: 65536.
 - commit_granule_words: 8192.
 - virtual_space_node_default_size: 8388608.
 - enlarge_chunks_in_place: 1.
 - new_chunks_are_fully_committed: 0.
 - uncommit_free_chunks: 1.
 - use_allocation_guard: 0.


Internal statistics:

num_allocs_failed_limit: 0.
num_arena_births: 164.
num_arena_deaths: 0.
num_vsnodes_births: 2.
num_vsnodes_deaths: 0.
num_space_committed: 175.
num_space_uncommitted: 0.
num_chunks_returned_to_freelist: 0.
num_chunks_taken_from_freelist: 206.
num_chunk_merges: 0.
num_chunk_splits: 127.
num_chunks_enlarged: 71.
num_inconsistent_stats: 0.

CodeHeap 'non-profiled nmethods': size=120000Kb used=869Kb max_used=869Kb free=119130Kb
 bounds [0x0000017ef4a30000, 0x0000017ef4ca0000, 0x0000017efbf60000]
CodeHeap 'profiled nmethods': size=120000Kb used=3765Kb max_used=3765Kb free=116234Kb
 bounds [0x0000017eecf60000, 0x0000017eed310000, 0x0000017ef4490000]
CodeHeap 'non-nmethods': size=5760Kb used=1481Kb max_used=1531Kb free=4278Kb
 bounds [0x0000017ef4490000, 0x0000017ef4700000, 0x0000017ef4a30000]
 total_blobs=2673 nmethods=1995 adapters=589
 compilation: enabled
              stopped_count=0, restarted_count=0
 full_count=0

Compilation events (20 events):
Event: 766.376 Thread 0x0000017efecfb490 1990       3       javax.swing.text.PlainView::drawUnselectedTextImpl (60 bytes)
Event: 766.378 Thread 0x0000017efecfb490 nmethod 1990 0x0000017eed304d10 code [0x0000017eed304f60, 0x0000017eed3057d8]
Event: 766.378 Thread 0x0000017efecfb490 1992       3       javax.swing.plaf.nimbus.TextFieldPainter::decodeRect7 (53 bytes)
Event: 766.378 Thread 0x0000017efecfb490 nmethod 1992 0x0000017eed305d10 code [0x0000017eed305f60, 0x0000017eed306308]
Event: 766.378 Thread 0x0000017efecfb490 1991       3       javax.swing.plaf.nimbus.TextFieldPainter::paintBorderFocused (153 bytes)
Event: 766.379 Thread 0x0000017efecfb490 nmethod 1991 0x0000017eed306490 code [0x0000017eed306760, 0x0000017eed306f78]
Event: 766.379 Thread 0x0000017efecfb490 1993       3       javax.swing.RepaintManager::updateWindows (161 bytes)
Event: 766.450 Thread 0x0000017efecfb490 nmethod 1993 0x0000017eed307210 code [0x0000017eed307640, 0x0000017eed309c68]
Event: 766.873 Thread 0x0000017efecfb490 1994   !   3       sun.java2d.d3d.D3DScreenUpdateManager::wakeUpUpdateThread (25 bytes)
Event: 766.874 Thread 0x0000017efecfb490 nmethod 1994 0x0000017eed30a890 code [0x0000017eed30aa40, 0x0000017eed30ac88]
Event: 766.874 Thread 0x0000017efecfb490 1995       3       sun.java2d.d3d.D3DTextureToSurfaceScale::Scale (30 bytes)
Event: 766.874 Thread 0x0000017efecfb490 nmethod 1995 0x0000017eed30ae10 code [0x0000017eed30afc0, 0x0000017eed30b1e8]
Event: 766.877 Thread 0x0000017efecfb490 1996       1       javax.swing.text.AbstractDocument::getBidiRootElement (5 bytes)
Event: 766.877 Thread 0x0000017efecfb490 nmethod 1996 0x0000017ef4b09390 code [0x0000017ef4b09520, 0x0000017ef4b095d8]
Event: 767.375 Thread 0x0000017efecfb490 1997  s    3       javax.swing.text.DefaultCaret::repaint (31 bytes)
Event: 767.377 Thread 0x0000017efecfb490 nmethod 1997 0x0000017eed30b310 code [0x0000017eed30b4c0, 0x0000017eed30b788]
Event: 767.377 Thread 0x0000017efecfb490 1999       3       javax.swing.JComponent::paintImmediately (155 bytes)
Event: 767.378 Thread 0x0000017efecfb490 nmethod 1999 0x0000017eed30b890 code [0x0000017eed30bb60, 0x0000017eed30d128]
Event: 767.378 Thread 0x0000017efecfb490 2000   !   3       javax.swing.JComponent::_paintImmediately (891 bytes)
Event: 767.380 Thread 0x0000017efecf1f10 2001       4       sun.java2d.SunGraphics2D::setColor (108 bytes)

GC Heap History (0 events):
No events

Dll operation events (9 events):
Event: 2.731 Loaded shared library C:\Java\bin\java.dll
Event: 9.407 Loaded shared library C:\Java\bin\jsvml.dll
Event: 128.059 Loaded shared library C:\Java\bin\net.dll
Event: 130.895 Loaded shared library C:\Java\bin\nio.dll
Event: 548.111 Loaded shared library C:\Java\bin\zip.dll
Event: 553.501 Loaded shared library C:\Java\bin\jimage.dll
Event: 558.327 Loaded shared library C:\Java\bin\awt.dll
Event: 564.193 Loaded shared library C:\Java\bin\freetype.dll
Event: 564.285 Loaded shared library C:\Java\bin\fontmanager.dll

Deoptimization events (20 events):
Event: 624.174 Thread 0x0000017efef0be20 DEOPT PACKING pc=0x0000017eed0fb544 sp=0x0000005db6ffd480
Event: 624.174 Thread 0x0000017efef0be20 DEOPT UNPACKING pc=0x0000017ef44f7543 sp=0x0000005db6ffc910 mode 0
Event: 624.197 Thread 0x0000017efef0be20 DEOPT PACKING pc=0x0000017eed0fb544 sp=0x0000005db6ffd4a0
Event: 624.197 Thread 0x0000017efef0be20 DEOPT UNPACKING pc=0x0000017ef44f7543 sp=0x0000005db6ffc930 mode 0
Event: 624.261 Thread 0x0000017efef0be20 DEOPT PACKING pc=0x0000017eed0e4821 sp=0x0000005db6ffcfb0
Event: 624.261 Thread 0x0000017efef0be20 DEOPT UNPACKING pc=0x0000017ef44f7543 sp=0x0000005db6ffc420 mode 0
Event: 637.859 Thread 0x0000017efef0be20 DEOPT PACKING pc=0x0000017eed128b72 sp=0x0000005db6ffd4e0
Event: 637.859 Thread 0x0000017efef0be20 DEOPT UNPACKING pc=0x0000017ef44f7543 sp=0x0000005db6ffc940 mode 0
Event: 648.612 Thread 0x0000017efef0be20 DEOPT PACKING pc=0x0000017eed15492a sp=0x0000005db6ffd500
Event: 648.612 Thread 0x0000017efef0be20 DEOPT UNPACKING pc=0x0000017ef44f7543 sp=0x0000005db6ffc968 mode 0
Event: 649.114 Thread 0x0000017efef0be20 DEOPT PACKING pc=0x0000017eed177a76 sp=0x0000005db6ffd320
Event: 649.114 Thread 0x0000017efef0be20 DEOPT UNPACKING pc=0x0000017ef44f7543 sp=0x0000005db6ffc7a0 mode 0
Event: 656.182 Thread 0x0000017efef0be20 DEOPT PACKING pc=0x0000017eed104641 sp=0x0000005db6ffd520
Event: 656.182 Thread 0x0000017efef0be20 DEOPT UNPACKING pc=0x0000017ef44f7543 sp=0x0000005db6ffc9b0 mode 0
Event: 660.240 Thread 0x0000017efef0be20 DEOPT PACKING pc=0x0000017eed11a1ef sp=0x0000005db6ffd530
Event: 660.240 Thread 0x0000017efef0be20 DEOPT UNPACKING pc=0x0000017ef44f7543 sp=0x0000005db6ffc950 mode 0
Event: 669.331 Thread 0x0000017efef0be20 DEOPT PACKING pc=0x0000017eed1a1b88 sp=0x0000005db6ffd2e0
Event: 669.331 Thread 0x0000017efef0be20 DEOPT UNPACKING pc=0x0000017ef44f7543 sp=0x0000005db6ffc698 mode 0
Event: 681.429 Thread 0x0000017efef0be20 DEOPT PACKING pc=0x0000017eed206b6d sp=0x0000005db6ffd300
Event: 681.429 Thread 0x0000017efef0be20 DEOPT UNPACKING pc=0x0000017ef44f7543 sp=0x0000005db6ffc7a0 mode 0

Classes loaded (20 events):
Event: 619.286 Loading class java/util/concurrent/BlockingQueue done
Event: 619.287 Loading class java/util/concurrent/DelayQueue done
Event: 619.287 Loading class java/util/PriorityQueue
Event: 619.492 Loading class java/util/PriorityQueue done
Event: 619.497 Loading class javax/swing/TimerQueue$DelayedTimer
Event: 619.889 Loading class java/util/concurrent/Delayed
Event: 619.889 Loading class java/util/concurrent/Delayed done
Event: 619.889 Loading class javax/swing/TimerQueue$DelayedTimer done
Event: 619.890 Loading class java/util/concurrent/locks/AbstractQueuedSynchronizer$ExclusiveNode
Event: 619.890 Loading class java/util/concurrent/locks/AbstractQueuedSynchronizer$ExclusiveNode done
Event: 619.890 Loading class java/awt/TextComponent
Event: 619.902 Loading class java/awt/TextComponent done
Event: 619.949 Loading class java/awt/geom/Path2D$Float$TxIterator
Event: 620.293 Loading class java/util/concurrent/TimeUnit$1
Event: 620.429 Loading class java/awt/geom/Path2D$Iterator
Event: 620.490 Loading class java/awt/geom/Path2D$Iterator done
Event: 620.490 Loading class java/awt/geom/Path2D$Float$TxIterator done
Event: 620.492 Loading class java/util/concurrent/TimeUnit$1 done
Event: 621.394 Loading class javax/swing/Timer$1
Event: 621.567 Loading class javax/swing/Timer$1 done

Classes unloaded (0 events):
No events

Classes redefined (0 events):
No events

Internal exceptions (20 events):
Event: 567.816 Thread 0x0000017ee4fe95e0 Exception <a 'java/lang/ClassNotFoundException'{0x00000000cc9031c0}: ToggleButton> (0x00000000cc9031c0) 
thrown [s\open\src\hotspot\share\classfile\systemDictionary.cpp, line 255]
Event: 567.816 Thread 0x0000017ee4fe95e0 Exception <a 'java/lang/ClassNotFoundException'{0x00000000cc903600}: javax/swing/JToolBarSeparator> (0x00000000cc903600) 
thrown [s\open\src\hotspot\share\classfile\systemDictionary.cpp, line 255]
Event: 567.816 Thread 0x0000017ee4fe95e0 Exception <a 'java/lang/ClassNotFoundException'{0x00000000cc903910}: ToolBarSeparator> (0x00000000cc903910) 
thrown [s\open\src\hotspot\share\classfile\systemDictionary.cpp, line 255]
Event: 567.817 Thread 0x0000017ee4fe95e0 Exception <a 'java/lang/ClassNotFoundException'{0x00000000cc903e28}: ToolTip> (0x00000000cc903e28) 
thrown [s\open\src\hotspot\share\classfile\systemDictionary.cpp, line 255]
Event: 567.819 Thread 0x0000017ee4fe95e0 Exception <a 'java/lang/ClassNotFoundException'{0x00000000cc904778}: Tree> (0x00000000cc904778) 
thrown [s\open\src\hotspot\share\classfile\systemDictionary.cpp, line 255]
Event: 567.819 Thread 0x0000017ee4fe95e0 Exception <a 'java/lang/ClassNotFoundException'{0x00000000cc904c70}: Tree> (0x00000000cc904c70) 
thrown [s\open\src\hotspot\share\classfile\systemDictionary.cpp, line 255]
Event: 567.819 Thread 0x0000017ee4fe95e0 Exception <a 'java/lang/ClassNotFoundException'{0x00000000cc904fe0}: javax/swing/JTreeCell> (0x00000000cc904fe0) 
thrown [s\open\src\hotspot\share\classfile\systemDictionary.cpp, line 255]
Event: 567.819 Thread 0x0000017ee4fe95e0 Exception <a 'java/lang/ClassNotFoundException'{0x00000000cc9052e8}: TreeCell> (0x00000000cc9052e8) 
thrown [s\open\src\hotspot\share\classfile\systemDictionary.cpp, line 255]
Event: 567.820 Thread 0x0000017ee4fe95e0 Exception <a 'java/lang/ClassNotFoundException'{0x00000000cc905aa0}: RootPane> (0x00000000cc905aa0) 
thrown [s\open\src\hotspot\share\classfile\systemDictionary.cpp, line 255]
Event: 568.478 Thread 0x0000017ee4fe95e0 Exception <a 'java/lang/ClassNotFoundException'{0x00000000cc9088b0}: com/sun/swing/internal/plaf/metal/resources/spi/metalProvider> (0x00000000cc9088b0) 
thrown [s\open\src\hotspot\share\classfile\systemDictionary.cpp, line 255]
Event: 568.870 Thread 0x0000017ee4fe95e0 Exception <a 'java/lang/ClassNotFoundException'{0x00000000cc90c530}: com/sun/swing/internal/plaf/basic/resources/spi/basicProvider> (0x00000000cc90c530) 
thrown [s\open\src\hotspot\share\classfile\systemDictionary.cpp, line 255]
Event: 582.087 Thread 0x0000017efef0be20 Exception <a 'java/lang/ClassNotFoundException'{0x00000000cc815800}: com/sun/swing/internal/plaf/synth/resources/spi/synthProvider> (0x00000000cc815800) 
thrown [s\open\src\hotspot\share\classfile\systemDictionary.cpp, line 255]
Event: 583.497 Thread 0x0000017efef0be20 Exception <a 'java/lang/NoSuchMethodError'{0x00000000cc858ff0}: 'int java.lang.invoke.Invokers$Holder.invokeExact_MT(java.lang.Object, java.lang.Object)'> (0x00000000cc858ff0) 
thrown [s\open\src\hotspot\share\interpreter\linkResolver.cpp, line 774]
Event: 583.735 Thread 0x0000017efef0be20 Exception <a 'java/lang/NoSuchMethodError'{0x00000000cc865538}: 'java.lang.Object java.lang.invoke.DirectMethodHandle$Holder.newInvokeSpecial(java.lang.Object, java.lang.Object, int)'> (0x00000000cc865538) 
thrown [s\open\src\hotspot\share\interpreter\linkResolver.cpp, line 774]
Event: 584.121 Thread 0x0000017efef0be20 Exception <a 'java/lang/NoSuchMethodError'{0x00000000cc86a780}: 'int java.lang.invoke.DirectMethodHandle$Holder.invokeSpecial(java.lang.Object, java.lang.Object, java.lang.Object, int)'> (0x00000000cc86a780) 
thrown [s\open\src\hotspot\share\interpreter\linkResolver.cpp, line 774]
Event: 584.125 Thread 0x0000017efef0be20 Exception <a 'java/lang/NoSuchMethodError'{0x00000000cc87d2e8}: 'java.lang.Object java.lang.invoke.DirectMethodHandle$Holder.invokeStatic(java.lang.Object, java.lang.Object, java.lang.Object, java.lang.Object, int)'> (0x00000000cc87d2e8) 
thrown [s\open\src\hotspot\share\interpreter\linkResolver.cpp, line 774]
Event: 584.128 Thread 0x0000017efef0be20 Exception <a 'java/lang/NoSuchMethodError'{0x00000000cc8892f0}: 'int java.lang.invoke.DirectMethodHandle$Holder.invokeSpecial(java.lang.Object, java.lang.Object, java.lang.Object)'> (0x00000000cc8892f0) 
thrown [s\open\src\hotspot\share\interpreter\linkResolver.cpp, line 774]
Event: 586.705 Thread 0x0000017efef09e40 Exception <a 'java/lang/NoSuchMethodError'{0x00000000cc8fb7f8}: 'java.lang.Object java.lang.invoke.DirectMethodHandle$Holder.newInvokeSpecial(java.lang.Object, java.lang.Object, java.lang.Object, int, int, int, int, int)'> (0x00000000cc8fb7f8) 
thrown [s\open\src\hotspot\share\interpreter\linkResolver.cpp, line 774]
Event: 590.426 Thread 0x0000017efef0be20 Exception <a 'java/lang/NoSuchMethodError'{0x00000000cc485028}: 'void java.lang.invoke.DirectMethodHandle$Holder.invokeStaticInit(java.lang.Object)'> (0x00000000cc485028) 
thrown [s\open\src\hotspot\share\interpreter\linkResolver.cpp, line 774]
Event: 599.403 Thread 0x0000017efef0b8d0 Exception <a 'java/lang/NoSuchMethodError'{0x00000000ccb0fb00}: 'void java.lang.invoke.DirectMethodHandle$Holder.invokeVirtual(java.lang.Object, java.lang.Object)'> (0x00000000ccb0fb00) 
thrown [s\open\src\hotspot\share\interpreter\linkResolver.cpp, line 774]

VM Operations (20 events):
Event: 725.770 Executing VM operation: Cleanup
Event: 725.770 Executing VM operation: Cleanup done
Event: 726.779 Executing VM operation: Cleanup
Event: 726.779 Executing VM operation: Cleanup done
Event: 734.829 Executing VM operation: Cleanup
Event: 734.829 Executing VM operation: Cleanup done
Event: 735.829 Executing VM operation: Cleanup
Event: 735.829 Executing VM operation: Cleanup done
Event: 748.875 Executing VM operation: Cleanup
Event: 748.875 Executing VM operation: Cleanup done
Event: 759.935 Executing VM operation: Cleanup
Event: 759.935 Executing VM operation: Cleanup done
Event: 760.937 Executing VM operation: Cleanup
Event: 760.937 Executing VM operation: Cleanup done
Event: 762.948 Executing VM operation: Cleanup
Event: 762.948 Executing VM operation: Cleanup done
Event: 765.959 Executing VM operation: Cleanup
Event: 765.959 Executing VM operation: Cleanup done
Event: 766.967 Executing VM operation: Cleanup
Event: 766.967 Executing VM operation: Cleanup done

Events (20 events):
Event: 215.065 Thread 0x0000017eff0f0520 Thread added: 0x0000017eff0f0520
Event: 215.458 Thread 0x0000017efefedd10 Thread added: 0x0000017efefedd10
Event: 215.459 Thread 0x0000017efefee260 Thread added: 0x0000017efefee260
Event: 531.621 Thread 0x0000017efefee260 Thread exited: 0x0000017efefee260
Event: 532.374 Thread 0x0000017eff0f0520 Thread exited: 0x0000017eff0f0520
Event: 532.762 Thread 0x0000017efef0c8c0 Thread added: 0x0000017efef0c8c0
Event: 559.969 Thread 0x0000017efef0ce10 Thread added: 0x0000017efef0ce10
Event: 559.971 Thread 0x0000017efef0d360 Thread added: 0x0000017efef0d360
Event: 560.025 Thread 0x0000017efef0b8d0 Thread added: 0x0000017efef0b8d0
Event: 561.683 Thread 0x0000017efef0d360 Thread exited: 0x0000017efef0d360
Event: 569.167 Thread 0x0000017efef0a8e0 Thread added: 0x0000017efef0a8e0
Event: 570.175 Thread 0x0000017efef0a8e0 Thread exited: 0x0000017efef0a8e0
Event: 571.409 Thread 0x0000017efef0d360 Thread added: 0x0000017efef0d360
Event: 571.414 Thread 0x0000017efef0be20 Thread added: 0x0000017efef0be20
Event: 571.464 Thread 0x0000017ee4fe95e0 Thread exited: 0x0000017ee4fe95e0
Event: 571.464 Thread 0x0000017efef0c370 Thread added: 0x0000017efef0c370
Event: 586.532 Thread 0x0000017efef09e40 Thread added: 0x0000017efef09e40
Event: 595.389 Thread 0x0000017efef09e40 Thread exited: 0x0000017efef09e40
Event: 600.784 Thread 0x0000017efef09e40 Thread added: 0x0000017efef09e40
Event: 619.497 Thread 0x0000017efef0a390 Thread added: 0x0000017efef0a390


Dynamic libraries:
0x00007ff7c2490000 - 0x00007ff7c24a0000 	C:\Java\bin\java.exe
0x00007ffe43ab0000 - 0x00007ffe43ca8000 	C:\WINDOWS\SYSTEM32\ntdll.dll
0x00007ffe427a0000 - 0x00007ffe4285f000 	C:\WINDOWS\System32\KERNEL32.DLL
0x00007ffe412b0000 - 0x00007ffe41582000 	C:\WINDOWS\System32\KERNELBASE.dll
0x00007ffe411b0000 - 0x00007ffe412b0000 	C:\WINDOWS\System32\ucrtbase.dll
0x00007ffe39a70000 - 0x00007ffe39a88000 	C:\Java\bin\jli.dll
0x00007ffe42440000 - 0x00007ffe424ee000 	C:\WINDOWS\System32\ADVAPI32.dll
0x00007ffe43560000 - 0x00007ffe435fe000 	C:\WINDOWS\System32\msvcrt.dll
0x00007ffe42ca0000 - 0x00007ffe42d3c000 	C:\WINDOWS\System32\sechost.dll
0x00007ffe425a0000 - 0x00007ffe426c4000 	C:\WINDOWS\System32\RPCRT4.dll
0x00007ffe18fa0000 - 0x00007ffe18fbb000 	C:\Java\bin\VCRUNTIME140.dll
0x00007ffe433b0000 - 0x00007ffe43551000 	C:\WINDOWS\System32\USER32.dll
0x00007ffe419c0000 - 0x00007ffe419e2000 	C:\WINDOWS\System32\win32u.dll
0x00007ffe42c70000 - 0x00007ffe42c9b000 	C:\WINDOWS\System32\GDI32.dll
0x00007ffe416f0000 - 0x00007ffe417ff000 	C:\WINDOWS\System32\gdi32full.dll
0x00007ffe419f0000 - 0x00007ffe41a8d000 	C:\WINDOWS\System32\msvcp_win.dll
0x00007ffe2f8a0000 - 0x00007ffe2fb3a000 	C:\WINDOWS\WinSxS\amd64_microsoft.windows.common-controls_6595b64144ccf1df_6.0.19041.1110_none_60b5254171f9507e\COMCTL32.dll
0x00007ffe39a90000 - 0x00007ffe39a9a000 	C:\WINDOWS\SYSTEM32\VERSION.dll
0x00007ffe42d40000 - 0x00007ffe42d70000 	C:\WINDOWS\System32\IMM32.DLL
0x00007ffe26570000 - 0x00007ffe2657c000 	C:\Java\bin\vcruntime140_1.dll
0x00007ffe17ca0000 - 0x00007ffe17d2e000 	C:\Java\bin\msvcp140.dll
0x00007ffde4c40000 - 0x00007ffde5900000 	C:\Java\bin\server\jvm.dll
0x00007ffe396c0000 - 0x00007ffe396e7000 	C:\WINDOWS\SYSTEM32\WINMM.dll
0x00007ffe3d8e0000 - 0x00007ffe3d8e9000 	C:\WINDOWS\SYSTEM32\WSOCK32.dll
0x00007ffe42ba0000 - 0x00007ffe42c0b000 	C:\WINDOWS\System32\WS2_32.dll
0x00007ffe3f070000 - 0x00007ffe3f082000 	C:\WINDOWS\SYSTEM32\kernel.appcore.dll
0x00007ffe18f90000 - 0x00007ffe18f9a000 	C:\Java\bin\jimage.dll
0x00007ffe2f0c0000 - 0x00007ffe2f2a4000 	C:\WINDOWS\SYSTEM32\DBGHELP.DLL
0x00007ffe2f080000 - 0x00007ffe2f0b5000 	C:\WINDOWS\SYSTEM32\dbgcore.DLL
0x00007ffe41800000 - 0x00007ffe41882000 	C:\WINDOWS\System32\bcryptPrimitives.dll
0x00007ffe28530000 - 0x00007ffe2856c000 	C:\Java\bin\jdwp.dll
0x00007ffe18010000 - 0x00007ffe18036000 	C:\Java\bin\java.dll
0x00007ffe17f30000 - 0x00007ffe18007000 	C:\Java\bin\jsvml.dll
0x00007ffe41c70000 - 0x00007ffe423b5000 	C:\WINDOWS\System32\SHELL32.dll
0x00007ffe3f270000 - 0x00007ffe3fa02000 	C:\WINDOWS\SYSTEM32\windows.storage.dll
0x00007ffe42f20000 - 0x00007ffe43275000 	C:\WINDOWS\System32\combase.dll
0x00007ffe40ba0000 - 0x00007ffe40bd0000 	C:\WINDOWS\SYSTEM32\Wldp.dll
0x00007ffe41b00000 - 0x00007ffe41bad000 	C:\WINDOWS\System32\SHCORE.dll
0x00007ffe42b40000 - 0x00007ffe42b95000 	C:\WINDOWS\System32\shlwapi.dll
0x00007ffe410f0000 - 0x00007ffe4110f000 	C:\WINDOWS\SYSTEM32\profapi.dll
0x00007ffe17f10000 - 0x00007ffe17f23000 	C:\Java\bin\net.dll
0x00007ffe34670000 - 0x00007ffe3477a000 	C:\WINDOWS\SYSTEM32\WINHTTP.dll
0x00007ffe40890000 - 0x00007ffe408fa000 	C:\WINDOWS\system32\mswsock.dll
0x00007ffe17ef0000 - 0x00007ffe17f06000 	C:\Java\bin\nio.dll
0x00007ffe3a9a0000 - 0x00007ffe3a9ab000 	C:\Java\bin\dt_shmem.dll
0x00007ffe17ed0000 - 0x00007ffe17ee8000 	C:\Java\bin\zip.dll
0x00007ffe17d30000 - 0x00007ffe17ec1000 	C:\Java\bin\awt.dll
0x00007ffe426d0000 - 0x00007ffe4279d000 	C:\WINDOWS\System32\OLEAUT32.dll
0x00007ffe3e9d0000 - 0x00007ffe3ea60000 	C:\WINDOWS\SYSTEM32\apphelp.dll
0x00007ffe3eba0000 - 0x00007ffe3ec3e000 	C:\WINDOWS\system32\uxtheme.dll
0x00007ffe428c0000 - 0x00007ffe429d4000 	C:\WINDOWS\System32\MSCTF.dll
0x00007ffe43280000 - 0x00007ffe433aa000 	C:\WINDOWS\System32\ole32.dll
0x00007ffe3ef60000 - 0x00007ffe3ef8f000 	C:\WINDOWS\system32\DWMAPI.DLL
0x00007ffe217f0000 - 0x00007ffe21876000 	C:\Java\bin\freetype.dll
0x00007ffe21720000 - 0x00007ffe217e6000 	C:\Java\bin\fontmanager.dll
0x00007ffe18070000 - 0x00007ffe18195000 	C:\WINDOWS\system32\opengl32.dll
0x00007ffe28570000 - 0x00007ffe2859c000 	C:\WINDOWS\SYSTEM32\GLU32.dll
0x00007ffdf84a0000 - 0x00007ffdf866e000 	C:\WINDOWS\system32\d3d9.dll
0x00007ffe36a90000 - 0x00007ffe36c6d000 	C:\WINDOWS\System32\DriverStore\FileRepository\c0334186.inf_amd64_89077b1f087d60d3\B334040\aticfx64.dll
0x00007ffe21150000 - 0x00007ffe2117e000 	C:\WINDOWS\System32\DriverStore\FileRepository\c0334186.inf_amd64_89077b1f087d60d3\B334040\atiu9p64.dll
0x00007ffde3510000 - 0x00007ffde404c000 	C:\WINDOWS\System32\DriverStore\FileRepository\c0334186.inf_amd64_89077b1f087d60d3\B334040\atiumd64.dll
0x00000000530e0000 - 0x0000000053cbb000 	C:\WINDOWS\System32\DriverStore\FileRepository\c0334186.inf_amd64_89077b1f087d60d3\B334040\atiumd6a.dll
0x00007ffe41020000 - 0x00007ffe4106b000 	C:\WINDOWS\SYSTEM32\POWRPROF.dll
0x00007ffe41000000 - 0x00007ffe41012000 	C:\WINDOWS\SYSTEM32\UMPDC.dll
0x00007ffe35270000 - 0x00007ffe352ab000 	C:\WINDOWS\SYSTEM32\dxcore.dll
0x00007ffe41940000 - 0x00007ffe4198e000 	C:\WINDOWS\System32\cfgmgr32.dll
0x00007ffe424f0000 - 0x00007ffe42599000 	C:\WINDOWS\System32\clbcatq.dll
0x00007ffe3ae60000 - 0x00007ffe3b014000 	C:\WINDOWS\SYSTEM32\WindowsCodecs.dll
0x00007ffe41990000 - 0x00007ffe419b7000 	C:\WINDOWS\System32\bcrypt.dll
0x00007ffe20b30000 - 0x00007ffe20b6e000 	C:\WINDOWS\system32\dataexchange.dll
0x00007ffe3d5b0000 - 0x00007ffe3d813000 	C:\WINDOWS\system32\d3d11.dll
0x00007ffe3dec0000 - 0x00007ffe3e0a3000 	C:\WINDOWS\system32\dcomp.dll
0x00007ffe3fa70000 - 0x00007ffe3fb63000 	C:\WINDOWS\system32\dxgi.dll
0x00007ffe3abb0000 - 0x00007ffe3adb0000 	C:\WINDOWS\system32\twinapi.appcore.dll
0x00007ffe39820000 - 0x00007ffe39919000 	C:\WINDOWS\SYSTEM32\textinputframework.dll
0x00007ffe3e0b0000 - 0x00007ffe3e40e000 	C:\WINDOWS\System32\CoreUIComponents.dll
0x00007ffe402d0000 - 0x00007ffe40303000 	C:\WINDOWS\SYSTEM32\ntmarta.dll
0x00007ffe3cff0000 - 0x00007ffe3d144000 	C:\WINDOWS\SYSTEM32\wintypes.dll
0x00007ffe3e790000 - 0x00007ffe3e882000 	C:\WINDOWS\System32\CoreMessaging.dll

dbghelp: loaded successfully - version: 4.0.5 - missing functions: none
symbol engine: initialized successfully - sym options: 0x614 - pdb path: .;C:\Java\bin;C:\WINDOWS\SYSTEM32;C:\WINDOWS\WinSxS\amd64_microsoft.windows.common-controls_6595b64144ccf1df_6.0.19041.1110_none_60b5254171f9507e;C:\Java\bin\server;C:\WINDOWS\System32\DriverStore\FileRepository\c0334186.inf_amd64_89077b1f087d60d3\B334040

VM Arguments:
jvm_args: -Dfile.encoding=UTF-8 -agentlib:jdwp=transport=dt_shmem,address=javadebug7572 --module-path=C:\Users\Rioan\OneDrive\Desktop\Isaac Project\databasee_1\build\classes 
java_command: databasee.login
java_class_path (initial): C:\Users\Rioan\OneDrive\Desktop\Beginners\JCalendar.jar;C:\Users\Rioan\OneDrive\Desktop\Beginners\netbeans\java\modules\ext\AbsoluteLayout.jar;C:\Users\Rioan\OneDrive\Desktop\Isaac Project\databasee_1\build\classes
Launcher Type: SUN_STANDARD

[Global flags]
     intx CICompilerCount                          = 4                                         {product} {ergonomic}
     uint ConcGCThreads                            = 2                                         {product} {ergonomic}
     uint G1ConcRefinementThreads                  = 8                                         {product} {ergonomic}
   size_t G1HeapRegionSize                         = 1048576                                   {product} {ergonomic}
    uintx GCDrainStackTargetSize                   = 64                                        {product} {ergonomic}
   size_t InitialHeapSize                          = 58720256                                  {product} {ergonomic}
   size_t MarkStackSize                            = 4194304                                   {product} {ergonomic}
   size_t MaxHeapSize                              = 914358272                                 {product} {ergonomic}
   size_t MaxNewSize                               = 548405248                                 {product} {ergonomic}
   size_t MinHeapDeltaBytes                        = 1048576                                   {product} {ergonomic}
   size_t MinHeapSize                              = 8388608                                   {product} {ergonomic}
    uintx NonNMethodCodeHeapSize                   = 5839372                                {pd product} {ergonomic}
    uintx NonProfiledCodeHeapSize                  = 122909434                              {pd product} {ergonomic}
    uintx ProfiledCodeHeapSize                     = 122909434                              {pd product} {ergonomic}
    uintx ReservedCodeCacheSize                    = 251658240                              {pd product} {ergonomic}
     bool SegmentedCodeCache                       = true                                      {product} {ergonomic}
   size_t SoftMaxHeapSize                          = 914358272                              {manageable} {ergonomic}
     bool UseCompressedClassPointers               = true                           {product lp64_product} {ergonomic}
     bool UseCompressedOops                        = true                           {product lp64_product} {ergonomic}
     bool UseG1GC                                  = true                                      {product} {ergonomic}
     bool UseLargePagesIndividualAllocation        = false                                  {pd product} {ergonomic}

Logging:
Log output configuration:
 #0: stdout all=warning uptime,level,tags foldmultilines=false
 #1: stderr all=off uptime,level,tags foldmultilines=false

Environment Variables:
PATH=C:\Program Files\Common Files\Oracle\Java\javapath;C:\ProgramData\Oracle\Java\javapath;C:\WINDOWS\system32;C:\WINDOWS;C:\WINDOWS\System32\Wbem;C:\WINDOWS\System32\WindowsPowerShell\v1.0\;C:\WINDOWS\System32\OpenSSH\;C:\scrcpy;C:\Users\Rioan\AppData\Local\Microsoft\WindowsApps;
USERNAME=Rioan
OS=Windows_NT
PROCESSOR_IDENTIFIER=AMD64 Family 23 Model 17 Stepping 0, AuthenticAMD
TMP=C:\Users\Rioan\AppData\Local\Temp
TEMP=C:\Users\Rioan\AppData\Local\Temp



---------------  S Y S T E M  ---------------

OS:
 Windows 10 , 64 bit Build 19041 (10.0.19041.2546)
OS uptime: 0 days 0:25 hours

CPU: total 8 (initial active 8) (8 cores per cpu, 2 threads per core) family 23 model 17 stepping 0 microcode 0x0, cx8, cmov, fxsr, ht, mmx, 3dnowpref, sse, sse2, sse3, ssse3, sse4a, sse4.1, sse4.2, popcnt, lzcnt, tsc, tscinvbit, avx, avx2, aes, clmul, bmi1, bmi2, adx, sha, fma, vzeroupper, clflush, clflushopt, rdtscp

Memory: 4k page, system-wide physical 3484M (214M free)
TotalPageFile size 14236M (AvailPageFile size 4M)
current process WorkingSet (physical memory assigned to process): 48M, peak: 92M
current process commit charge ("private bytes"): 223M, peak: 223M

vm_info: Java HotSpot(TM) 64-Bit Server VM (19.0.2+7-44) for windows-amd64 JRE (19.0.2+7-44), built on 2022-11-30T18:02:09Z by "mach5one" with MS VC++ 17.1 (VS2022)

END.
