#
# There is insufficient memory for the Java Runtime Environment to continue.
# Native memory allocation (mmap) failed to map 65536 bytes for Failed to commit metaspace.
# Possible reasons:
#   The system is out of physical RAM or swap space
#   The process is running with CompressedOops enabled, and the Java Heap may be blocking the growth of the native heap
# Possible solutions:
#   Reduce memory load on the system
#   Increase physical memory or swap space
#   Check if swap backing store is full
#   Decrease Java heap size (-Xmx/-Xms)
#   Decrease number of Java threads
#   Decrease Java thread stack sizes (-Xss)
#   Set larger code cache with -XX:ReservedCodeCacheSize=
#   JVM is running with Unscaled Compressed Oops mode in which the Java heap is
#     placed in the first 4GB address space. The Java Heap base address is the
#     maximum limit for the native heap growth. Please use -XX:HeapBaseMinAddress
#     to set the Java Heap base and to place the Java Heap above 4GB virtual address.
# This output file may be truncated or incomplete.
#
#  Out of Memory Error (virtualSpaceNode.cpp:110), pid=12376, tid=24884
#
# JRE version: Java(TM) SE Runtime Environment (19.0.2+7) (build 19.0.2+7-44)
# Java VM: Java HotSpot(TM) 64-Bit Server VM (19.0.2+7-44, mixed mode, sharing, tiered, compressed oops, compressed class ptrs, g1 gc, windows-amd64)
# No core dump will be written. Minidumps are not enabled by default on client versions of Windows
#

---------------  S U M M A R Y ------------

Command Line: -Dfile.encoding=UTF-8 -agentlib:jdwp=transport=dt_shmem,address=javadebug2234 --module-path=C:\Users\Rioan\OneDrive\Desktop\Isaac Project\databasee_1\build\classes databasee.login

Host: AMD Ryzen 5 2500U with Radeon Vega Mobile Gfx  , 8 cores, 3G,  Windows 10 , 64 bit Build 19041 (10.0.19041.2546)
Time: Sat Apr  1 19:08:13 2023 China Standard Time elapsed time: 89.599322 seconds (0d 0h 1m 29s)

---------------  T H R E A D  ---------------

Current thread (0x00000213583ec040):  JavaThread "main" [_thread_in_vm, id=24884, stack(0x00000069cc300000,0x00000069cc400000)]

Stack: [0x00000069cc300000,0x00000069cc400000]
Native frames: (J=compiled Java code, j=interpreted, Vv=VM code, C=native code)
V  [jvm.dll+0x6ee21a]
V  [jvm.dll+0x85765e]
V  [jvm.dll+0x85904e]
V  [jvm.dll+0x859703]
V  [jvm.dll+0x28298f]
V  [jvm.dll+0x8532db]
V  [jvm.dll+0x692cb6]
V  [jvm.dll+0x692d1a]
V  [jvm.dll+0x695613]
V  [jvm.dll+0x6954de]
V  [jvm.dll+0x6936de]
V  [jvm.dll+0x6a4c39]
V  [jvm.dll+0x69dfb4]
V  [jvm.dll+0x3daab1]
C  0x00000213690a180b

Java frames: (J=compiled Java code, j=interpreted, Vv=VM code)
j  java.util.ResourceBundle.getBundleImpl(Ljava/lang/String;Ljava/util/Locale;Ljava/lang/Class;Ljava/util/ResourceBundle$Control;)Ljava/util/ResourceBundle;+0 java.base@19.0.2
j  java.util.ResourceBundle.getBundle(Ljava/lang/String;)Ljava/util/ResourceBundle;+14 java.base@19.0.2
j  java.awt.Toolkit$4.run()Ljava/lang/Void;+2 java.desktop@19.0.2
j  java.awt.Toolkit$4.run()Ljava/lang/Object;+1 java.desktop@19.0.2
j  java.security.AccessController.executePrivileged(Ljava/security/PrivilegedAction;Ljava/security/AccessControlContext;Ljava/lang/Class;)Ljava/lang/Object;+29 java.base@19.0.2
j  java.security.AccessController.doPrivileged(Ljava/security/PrivilegedAction;)Ljava/lang/Object;+5 java.base@19.0.2
j  java.awt.Toolkit.initStatic()V+17 java.desktop@19.0.2
j  java.awt.Toolkit.<clinit>()V+20 java.desktop@19.0.2
v  ~StubRoutines::call_stub 0x000002136908100e
j  java.awt.Component.<clinit>()V+93 java.desktop@19.0.2
v  ~StubRoutines::call_stub 0x000002136908100e

---------------  P R O C E S S  ---------------

Threads class SMR info:
_java_thread_list=0x000002137a579b90, length=15, elements={
0x00000213583ec040, 0x0000021376030fd0, 0x0000021376032d80, 0x00000213760343d0,
0x0000021376036d10, 0x0000021376037640, 0x0000021376037f70, 0x0000021376038fe0,
0x000002137603b6f0, 0x00000213760420e0, 0x000002137a450190, 0x000002137a502e90,
0x000002137a5a1940, 0x000002137a5a1e90, 0x000002137a55c720
}

Java Threads: ( => current thread )
=>0x00000213583ec040 JavaThread "main" [_thread_in_vm, id=24884, stack(0x00000069cc300000,0x00000069cc400000)]
  0x0000021376030fd0 JavaThread "Reference Handler" daemon [_thread_blocked, id=10560, stack(0x00000069cca00000,0x00000069ccb00000)]
  0x0000021376032d80 JavaThread "Finalizer" daemon [_thread_blocked, id=10684, stack(0x00000069ccb00000,0x00000069ccc00000)]
  0x00000213760343d0 JavaThread "Signal Dispatcher" daemon [_thread_blocked, id=11000, stack(0x00000069ccc00000,0x00000069ccd00000)]
  0x0000021376036d10 JavaThread "Attach Listener" daemon [_thread_blocked, id=11004, stack(0x00000069ccd00000,0x00000069cce00000)]
  0x0000021376037640 JavaThread "Service Thread" daemon [_thread_blocked, id=10316, stack(0x00000069cce00000,0x00000069ccf00000)]
  0x0000021376037f70 JavaThread "Monitor Deflation Thread" daemon [_thread_blocked, id=29212, stack(0x00000069ccf00000,0x00000069cd000000)]
  0x0000021376038fe0 JavaThread "C2 CompilerThread0" daemon [_thread_blocked, id=11800, stack(0x00000069cd000000,0x00000069cd100000)]
  0x000002137603b6f0 JavaThread "C1 CompilerThread0" daemon [_thread_blocked, id=17656, stack(0x00000069cd100000,0x00000069cd200000)]
  0x00000213760420e0 JavaThread "Sweeper thread" daemon [_thread_blocked, id=27884, stack(0x00000069cd200000,0x00000069cd300000)]
  0x000002137a450190 JavaThread "Common-Cleaner" daemon [_thread_blocked, id=22028, stack(0x00000069cd300000,0x00000069cd400000)]
  0x000002137a502e90 JavaThread "JDWP Transport Listener: dt_shmem" daemon [_thread_blocked, id=22984, stack(0x00000069cd400000,0x00000069cd500000)]
  0x000002137a5a1940 JavaThread "JDWP Event Helper Thread" daemon [_thread_blocked, id=22988, stack(0x00000069cd500000,0x00000069cd600000)]
  0x000002137a5a1e90 JavaThread "JDWP Command Reader" daemon [_thread_in_native, id=22996, stack(0x00000069cd600000,0x00000069cd700000)]
  0x000002137a55c720 JavaThread "Notification Thread" daemon [_thread_blocked, id=14296, stack(0x00000069cd700000,0x00000069cd800000)]

Other Threads:
  0x00000213584b51a0 VMThread "VM Thread" [stack: 0x00000069cc900000,0x00000069cca00000] [id=6416]
  0x000002137a55cc60 WatcherThread "VM Periodic Task Thread" [stack: 0x00000069cd800000,0x00000069cd900000] [id=14292]
  0x0000021358429430 WorkerThread "GC Thread#0" [stack: 0x00000069cc400000,0x00000069cc500000] [id=5516]
  0x00000213584320a0 ConcurrentGCThread "G1 Main Marker" [stack: 0x00000069cc500000,0x00000069cc600000] [id=6392]
  0x0000021358432ad0 WorkerThread "G1 Conc#0" [stack: 0x00000069cc600000,0x00000069cc700000] [id=12576]
  0x0000021358495fe0 ConcurrentGCThread "G1 Refine#0" [stack: 0x00000069cc700000,0x00000069cc800000] [id=22296]
  0x0000021358496b20 ConcurrentGCThread "G1 Service" [stack: 0x00000069cc800000,0x00000069cc900000] [id=22300]

Threads with active compile tasks:

VM state: not at safepoint (normal execution)

VM Mutex/Monitor currently owned by a thread:  ([mutex/lock_event])
[0x00000213583e8440] Metaspace_lock - owner thread: 0x00000213583ec040

Heap address: 0x00000000c9800000, size: 872 MB, Compressed Oops mode: 32-bit

CDS archive(s) mapped at: [0x0000000800000000-0x0000000800c40000-0x0000000800c40000), size 12845056, SharedBaseAddress: 0x0000000800000000, ArchiveRelocationMode: 0.
Compressed class space mapped at: 0x0000000801000000-0x0000000841000000, reserved size: 1073741824
Narrow klass base: 0x0000000800000000, Narrow klass shift: 0, Narrow klass range: 0x100000000

GC Precious Log:
 CardTable entry size: 512
 Card Set container configuration: InlinePtr #cards 5 size 8 Array Of Cards #cards 12 size 40 Howl #buckets 4 coarsen threshold 1843 Howl Bitmap #cards 512 size 80 coarsen threshold 460 Card regions per heap region 1 cards per card region 2048
 CPUs: 8 total, 8 available
 Memory: 3484M
 Large Page Support: Disabled
 NUMA Support: Disabled
 Compressed Oops: Enabled (32-bit)
 Heap Region Size: 1M
 Heap Min Capacity: 8M
 Heap Initial Capacity: 56M
 Heap Max Capacity: 872M
 Pre-touch: Disabled
 Parallel Workers: 8
 Concurrent Workers: 2
 Concurrent Refinement Workers: 8
 Periodic GC: Disabled

Heap:
 garbage-first heap   total 57344K, used 2048K [0x00000000c9800000, 0x0000000100000000)
  region size 1024K, 3 young (3072K), 0 survivors (0K)
 Metaspace       used 1142K, committed 1280K, reserved 1114112K
  class space    used 106K, committed 192K, reserved 1048576K

Heap Regions: E=young(eden), S=young(survivor), O=old, HS=humongous(starts), HC=humongous(continues), CS=collection set, F=free, OA=open archive, CA=closed archive, TAMS=top-at-mark-start (previous, next)
|   0|0x00000000c9800000, 0x00000000c9800000, 0x00000000c9900000|  0%| F|  |TAMS 0x00000000c9800000, 0x00000000c9800000| Untracked 
|   1|0x00000000c9900000, 0x00000000c9900000, 0x00000000c9a00000|  0%| F|  |TAMS 0x00000000c9900000, 0x00000000c9900000| Untracked 
|   2|0x00000000c9a00000, 0x00000000c9a00000, 0x00000000c9b00000|  0%| F|  |TAMS 0x00000000c9a00000, 0x00000000c9a00000| Untracked 
|   3|0x00000000c9b00000, 0x00000000c9b00000, 0x00000000c9c00000|  0%| F|  |TAMS 0x00000000c9b00000, 0x00000000c9b00000| Untracked 
|   4|0x00000000c9c00000, 0x00000000c9c00000, 0x00000000c9d00000|  0%| F|  |TAMS 0x00000000c9c00000, 0x00000000c9c00000| Untracked 
|   5|0x00000000c9d00000, 0x00000000c9d00000, 0x00000000c9e00000|  0%| F|  |TAMS 0x00000000c9d00000, 0x00000000c9d00000| Untracked 
|   6|0x00000000c9e00000, 0x00000000c9e00000, 0x00000000c9f00000|  0%| F|  |TAMS 0x00000000c9e00000, 0x00000000c9e00000| Untracked 
|   7|0x00000000c9f00000, 0x00000000c9f00000, 0x00000000ca000000|  0%| F|  |TAMS 0x00000000c9f00000, 0x00000000c9f00000| Untracked 
|   8|0x00000000ca000000, 0x00000000ca000000, 0x00000000ca100000|  0%| F|  |TAMS 0x00000000ca000000, 0x00000000ca000000| Untracked 
|   9|0x00000000ca100000, 0x00000000ca100000, 0x00000000ca200000|  0%| F|  |TAMS 0x00000000ca100000, 0x00000000ca100000| Untracked 
|  10|0x00000000ca200000, 0x00000000ca200000, 0x00000000ca300000|  0%| F|  |TAMS 0x00000000ca200000, 0x00000000ca200000| Untracked 
|  11|0x00000000ca300000, 0x00000000ca300000, 0x00000000ca400000|  0%| F|  |TAMS 0x00000000ca300000, 0x00000000ca300000| Untracked 
|  12|0x00000000ca400000, 0x00000000ca400000, 0x00000000ca500000|  0%| F|  |TAMS 0x00000000ca400000, 0x00000000ca400000| Untracked 
|  13|0x00000000ca500000, 0x00000000ca500000, 0x00000000ca600000|  0%| F|  |TAMS 0x00000000ca500000, 0x00000000ca500000| Untracked 
|  14|0x00000000ca600000, 0x00000000ca600000, 0x00000000ca700000|  0%| F|  |TAMS 0x00000000ca600000, 0x00000000ca600000| Untracked 
|  15|0x00000000ca700000, 0x00000000ca700000, 0x00000000ca800000|  0%| F|  |TAMS 0x00000000ca700000, 0x00000000ca700000| Untracked 
|  16|0x00000000ca800000, 0x00000000ca800000, 0x00000000ca900000|  0%| F|  |TAMS 0x00000000ca800000, 0x00000000ca800000| Untracked 
|  17|0x00000000ca900000, 0x00000000ca900000, 0x00000000caa00000|  0%| F|  |TAMS 0x00000000ca900000, 0x00000000ca900000| Untracked 
|  18|0x00000000caa00000, 0x00000000caa00000, 0x00000000cab00000|  0%| F|  |TAMS 0x00000000caa00000, 0x00000000caa00000| Untracked 
|  19|0x00000000cab00000, 0x00000000cab00000, 0x00000000cac00000|  0%| F|  |TAMS 0x00000000cab00000, 0x00000000cab00000| Untracked 
|  20|0x00000000cac00000, 0x00000000cac00000, 0x00000000cad00000|  0%| F|  |TAMS 0x00000000cac00000, 0x00000000cac00000| Untracked 
|  21|0x00000000cad00000, 0x00000000cad00000, 0x00000000cae00000|  0%| F|  |TAMS 0x00000000cad00000, 0x00000000cad00000| Untracked 
|  22|0x00000000cae00000, 0x00000000cae00000, 0x00000000caf00000|  0%| F|  |TAMS 0x00000000cae00000, 0x00000000cae00000| Untracked 
|  23|0x00000000caf00000, 0x00000000caf00000, 0x00000000cb000000|  0%| F|  |TAMS 0x00000000caf00000, 0x00000000caf00000| Untracked 
|  24|0x00000000cb000000, 0x00000000cb000000, 0x00000000cb100000|  0%| F|  |TAMS 0x00000000cb000000, 0x00000000cb000000| Untracked 
|  25|0x00000000cb100000, 0x00000000cb100000, 0x00000000cb200000|  0%| F|  |TAMS 0x00000000cb100000, 0x00000000cb100000| Untracked 
|  26|0x00000000cb200000, 0x00000000cb200000, 0x00000000cb300000|  0%| F|  |TAMS 0x00000000cb200000, 0x00000000cb200000| Untracked 
|  27|0x00000000cb300000, 0x00000000cb300000, 0x00000000cb400000|  0%| F|  |TAMS 0x00000000cb300000, 0x00000000cb300000| Untracked 
|  28|0x00000000cb400000, 0x00000000cb400000, 0x00000000cb500000|  0%| F|  |TAMS 0x00000000cb400000, 0x00000000cb400000| Untracked 
|  29|0x00000000cb500000, 0x00000000cb500000, 0x00000000cb600000|  0%| F|  |TAMS 0x00000000cb500000, 0x00000000cb500000| Untracked 
|  30|0x00000000cb600000, 0x00000000cb600000, 0x00000000cb700000|  0%| F|  |TAMS 0x00000000cb600000, 0x00000000cb600000| Untracked 
|  31|0x00000000cb700000, 0x00000000cb700000, 0x00000000cb800000|  0%| F|  |TAMS 0x00000000cb700000, 0x00000000cb700000| Untracked 
|  32|0x00000000cb800000, 0x00000000cb800000, 0x00000000cb900000|  0%| F|  |TAMS 0x00000000cb800000, 0x00000000cb800000| Untracked 
|  33|0x00000000cb900000, 0x00000000cb900000, 0x00000000cba00000|  0%| F|  |TAMS 0x00000000cb900000, 0x00000000cb900000| Untracked 
|  34|0x00000000cba00000, 0x00000000cba00000, 0x00000000cbb00000|  0%| F|  |TAMS 0x00000000cba00000, 0x00000000cba00000| Untracked 
|  35|0x00000000cbb00000, 0x00000000cbb00000, 0x00000000cbc00000|  0%| F|  |TAMS 0x00000000cbb00000, 0x00000000cbb00000| Untracked 
|  36|0x00000000cbc00000, 0x00000000cbc00000, 0x00000000cbd00000|  0%| F|  |TAMS 0x00000000cbc00000, 0x00000000cbc00000| Untracked 
|  37|0x00000000cbd00000, 0x00000000cbd00000, 0x00000000cbe00000|  0%| F|  |TAMS 0x00000000cbd00000, 0x00000000cbd00000| Untracked 
|  38|0x00000000cbe00000, 0x00000000cbe00000, 0x00000000cbf00000|  0%| F|  |TAMS 0x00000000cbe00000, 0x00000000cbe00000| Untracked 
|  39|0x00000000cbf00000, 0x00000000cbf00000, 0x00000000cc000000|  0%| F|  |TAMS 0x00000000cbf00000, 0x00000000cbf00000| Untracked 
|  40|0x00000000cc000000, 0x00000000cc000000, 0x00000000cc100000|  0%| F|  |TAMS 0x00000000cc000000, 0x00000000cc000000| Untracked 
|  41|0x00000000cc100000, 0x00000000cc100000, 0x00000000cc200000|  0%| F|  |TAMS 0x00000000cc100000, 0x00000000cc100000| Untracked 
|  42|0x00000000cc200000, 0x00000000cc200000, 0x00000000cc300000|  0%| F|  |TAMS 0x00000000cc200000, 0x00000000cc200000| Untracked 
|  43|0x00000000cc300000, 0x00000000cc300000, 0x00000000cc400000|  0%| F|  |TAMS 0x00000000cc300000, 0x00000000cc300000| Untracked 
|  44|0x00000000cc400000, 0x00000000cc400000, 0x00000000cc500000|  0%| F|  |TAMS 0x00000000cc400000, 0x00000000cc400000| Untracked 
|  45|0x00000000cc500000, 0x00000000cc500000, 0x00000000cc600000|  0%| F|  |TAMS 0x00000000cc500000, 0x00000000cc500000| Untracked 
|  46|0x00000000cc600000, 0x00000000cc600000, 0x00000000cc700000|  0%| F|  |TAMS 0x00000000cc600000, 0x00000000cc600000| Untracked 
|  47|0x00000000cc700000, 0x00000000cc700000, 0x00000000cc800000|  0%| F|  |TAMS 0x00000000cc700000, 0x00000000cc700000| Untracked 
|  48|0x00000000cc800000, 0x00000000cc800000, 0x00000000cc900000|  0%| F|  |TAMS 0x00000000cc800000, 0x00000000cc800000| Untracked 
|  49|0x00000000cc900000, 0x00000000cc900000, 0x00000000cca00000|  0%| F|  |TAMS 0x00000000cc900000, 0x00000000cc900000| Untracked 
|  50|0x00000000cca00000, 0x00000000cca00000, 0x00000000ccb00000|  0%| F|  |TAMS 0x00000000cca00000, 0x00000000cca00000| Untracked 
|  51|0x00000000ccb00000, 0x00000000ccb00000, 0x00000000ccc00000|  0%| F|  |TAMS 0x00000000ccb00000, 0x00000000ccb00000| Untracked 
|  52|0x00000000ccc00000, 0x00000000ccc00000, 0x00000000ccd00000|  0%| F|  |TAMS 0x00000000ccc00000, 0x00000000ccc00000| Untracked 
|  53|0x00000000ccd00000, 0x00000000cce00000, 0x00000000cce00000|100%| E|  |TAMS 0x00000000ccd00000, 0x00000000ccd00000| Complete 
|  54|0x00000000cce00000, 0x00000000ccf00000, 0x00000000ccf00000|100%| E|CS|TAMS 0x00000000cce00000, 0x00000000cce00000| Complete 
|  55|0x00000000ccf00000, 0x00000000cd000000, 0x00000000cd000000|100%| E|CS|TAMS 0x00000000ccf00000, 0x00000000ccf00000| Complete 

Card table byte_map: [0x0000021371770000,0x0000021371930000] _byte_map_base: 0x0000021371124000

Marking Bits (Prev, Next): (CMBitMap*) 0x000002135842aa70, (CMBitMap*) 0x000002135842aab0
 Prev Bits: [0x0000021371af0000, 0x0000021372890000)
 Next Bits: [0x0000021372890000, 0x0000021373630000)

Polling page: 0x00000213584c0000

Metaspace:

Usage:
  Non-class:      1.01 MB used.
      Class:    106.55 KB used.
       Both:      1.12 MB used.

Virtual space:
  Non-class space:       64.00 MB reserved,       1.06 MB (  2%) committed,  1 nodes.
      Class space:        1.00 GB reserved,     192.00 KB ( <1%) committed,  1 nodes.
             Both:        1.06 GB reserved,       1.25 MB ( <1%) committed. 

Chunk freelists:
   Non-Class:  3.98 MB
       Class:  3.74 MB
        Both:  7.72 MB

MaxMetaspaceSize: unlimited
CompressedClassSpaceSize: 1.00 GB
Initial GC threshold: 21.00 MB
Current GC threshold: 21.00 MB
CDS: on
MetaspaceReclaimPolicy: balanced
 - commit_granule_bytes: 65536.
 - commit_granule_words: 8192.
 - virtual_space_node_default_size: 8388608.
 - enlarge_chunks_in_place: 1.
 - new_chunks_are_fully_committed: 0.
 - uncommit_free_chunks: 1.
 - use_allocation_guard: 0.


Internal statistics:

num_allocs_failed_limit: 0.
num_arena_births: 8.
num_arena_deaths: 0.
num_vsnodes_births: 2.
num_vsnodes_deaths: 0.
num_space_committed: 20.
num_space_uncommitted: 0.
num_chunks_returned_to_freelist: 0.
num_chunks_taken_from_freelist: 10.
num_chunk_merges: 0.
num_chunk_splits: 5.
num_chunks_enlarged: 3.
num_inconsistent_stats: 0.

CodeHeap 'non-profiled nmethods': size=120000Kb used=68Kb max_used=68Kb free=119931Kb
 bounds [0x0000021369620000, 0x0000021369890000, 0x0000021370b50000]
CodeHeap 'profiled nmethods': size=120000Kb used=211Kb max_used=211Kb free=119788Kb
 bounds [0x0000021361b50000, 0x0000021361dc0000, 0x0000021369080000]
CodeHeap 'non-nmethods': size=5760Kb used=1262Kb max_used=1276Kb free=4497Kb
 bounds [0x0000021369080000, 0x00000213692f0000, 0x0000021369620000]
 total_blobs=600 nmethods=205 adapters=306
 compilation: enabled
              stopped_count=0, restarted_count=0
 full_count=0

Compilation events (20 events):
Event: 52.487 Thread 0x000002137603b6f0  195       3       java.lang.ref.Reference::reachabilityFence (1 bytes)
Event: 52.487 Thread 0x000002137603b6f0 nmethod 195 0x0000021361b81290 code [0x0000021361b81420, 0x0000021361b81518]
Event: 53.004 Thread 0x000002137603b6f0  196       3       java.util.Optional::orElse (16 bytes)
Event: 53.004 Thread 0x000002137603b6f0 nmethod 196 0x0000021361b81590 code [0x0000021361b81740, 0x0000021361b818b8]
Event: 53.004 Thread 0x000002137603b6f0  197       3       java.util.Objects::checkIndex (7 bytes)
Event: 53.004 Thread 0x000002137603b6f0 nmethod 197 0x0000021361b81990 code [0x0000021361b81b20, 0x0000021361b81c58]
Event: 53.004 Thread 0x000002137603b6f0  198       3       java.nio.Buffer::session (20 bytes)
Event: 53.811 Thread 0x000002137603b6f0 nmethod 198 0x0000021361b81d10 code [0x0000021361b81ee0, 0x0000021361b821c8]
Event: 54.343 Thread 0x000002137603b6f0  200   !   3       java.nio.DirectByteBuffer::get (34 bytes)
Event: 54.344 Thread 0x000002137603b6f0 nmethod 200 0x0000021361b82290 code [0x0000021361b824e0, 0x0000021361b82ed8]
Event: 54.344 Thread 0x000002137603b6f0  202       3       java.nio.Buffer::checkIndex (9 bytes)
Event: 54.344 Thread 0x000002137603b6f0 nmethod 202 0x0000021361b83410 code [0x0000021361b835c0, 0x0000021361b83778]
Event: 54.344 Thread 0x000002137603b6f0  204       3       jdk.internal.jimage.ImageStringsReader::unmaskedHashCode (166 bytes)
Event: 55.050 Thread 0x0000021376038fe0  199       4       java.lang.String::charAt (25 bytes)
Event: 55.067 Thread 0x000002137603b6f0 nmethod 204 0x0000021361b83890 code [0x0000021361b83ae0, 0x0000021361b84678]
Event: 55.067 Thread 0x000002137603b6f0  201       3       java.nio.DirectByteBuffer::ix (10 bytes)
Event: 55.068 Thread 0x000002137603b6f0 nmethod 201 0x0000021361b84b90 code [0x0000021361b84d20, 0x0000021361b84e38]
Event: 55.774 Thread 0x0000021376038fe0 nmethod 199 0x0000021369630b10 code [0x0000021369630ca0, 0x0000021369630dc8]
Event: 55.774 Thread 0x0000021376038fe0  205       4       java.lang.ref.Reference::reachabilityFence (1 bytes)
Event: 55.774 Thread 0x0000021376038fe0 nmethod 205 0x0000021369630f10 code [0x0000021369631080, 0x00000213696310d8]

GC Heap History (0 events):
No events

Dll operation events (6 events):
Event: 1.157 Loaded shared library C:\Java\bin\java.dll
Event: 1.339 Loaded shared library C:\Java\bin\jsvml.dll
Event: 2.841 Loaded shared library C:\Java\bin\net.dll
Event: 3.885 Loaded shared library C:\Java\bin\nio.dll
Event: 27.227 Loaded shared library C:\Java\bin\zip.dll
Event: 45.768 Loaded shared library C:\Java\bin\jimage.dll

Deoptimization events (0 events):
No events

Classes loaded (20 events):
Event: 57.686 Loading class jdk/internal/logger/AbstractLoggerWrapper
Event: 58.595 Loading class jdk/internal/logger/AbstractLoggerWrapper done
Event: 58.595 Loading class jdk/internal/logger/LazyLoggers$LazyLoggerWrapper done
Event: 58.595 Loading class jdk/internal/logger/LazyLoggers$JdkLazyLogger done
Event: 58.595 Loading class jdk/internal/logger/LazyLoggers$LazyLoggerAccessor
Event: 58.805 Loading class jdk/internal/logger/LazyLoggers$LoggerAccessor
Event: 58.805 Loading class jdk/internal/logger/LazyLoggers$LoggerAccessor done
Event: 58.805 Loading class jdk/internal/logger/LazyLoggers$LazyLoggerAccessor done
Event: 63.253 Loading class java/awt/Component$AWTTreeLock
Event: 63.253 Loading class java/awt/Component$AWTTreeLock done
Event: 63.254 Loading class java/awt/Toolkit
Event: 63.254 Loading class java/awt/Toolkit done
Event: 63.255 Loading class java/awt/Toolkit$3
Event: 63.255 Loading class sun/awt/AWTAccessor$ToolkitAccessor
Event: 63.255 Loading class sun/awt/AWTAccessor$ToolkitAccessor done
Event: 63.255 Loading class java/awt/Toolkit$3 done
Event: 63.255 Loading class sun/awt/AWTAccessor
Event: 63.255 Loading class sun/awt/AWTAccessor done
Event: 63.256 Loading class java/awt/Toolkit$4
Event: 63.256 Loading class java/awt/Toolkit$4 done

Classes unloaded (0 events):
No events

Classes redefined (0 events):
No events

Internal exceptions (3 events):
Event: 4.375 Thread 0x00000213583ec040 Exception <a 'sun/nio/fs/WindowsException'{0x00000000cce45260}> (0x00000000cce45260) 
thrown [s\open\src\hotspot\share\prims\jni.cpp, line 517]
Event: 4.397 Thread 0x00000213583ec040 Exception <a 'sun/nio/fs/WindowsException'{0x00000000cce457b0}> (0x00000000cce457b0) 
thrown [s\open\src\hotspot\share\prims\jni.cpp, line 517]
Event: 4.407 Thread 0x00000213583ec040 Exception <a 'sun/nio/fs/WindowsException'{0x00000000cce47b40}> (0x00000000cce47b40) 
thrown [s\open\src\hotspot\share\prims\jni.cpp, line 517]

VM Operations (20 events):
Event: 3.475 Executing VM operation: Cleanup
Event: 3.475 Executing VM operation: Cleanup done
Event: 4.999 Executing VM operation: HandshakeAllThreads
Event: 4.999 Executing VM operation: HandshakeAllThreads done
Event: 5.240 Executing VM operation: ChangeBreakpoints
Event: 5.240 Executing VM operation: ChangeBreakpoints done
Event: 27.419 Executing VM operation: Cleanup
Event: 27.578 Executing VM operation: Cleanup done
Event: 35.510 Executing VM operation: ChangeBreakpoints
Event: 35.918 Executing VM operation: ChangeBreakpoints done
Event: 35.919 Executing VM operation: ChangeBreakpoints
Event: 35.919 Executing VM operation: ChangeBreakpoints done
Event: 35.919 Executing VM operation: ChangeBreakpoints
Event: 35.919 Executing VM operation: ChangeBreakpoints done
Event: 35.920 Executing VM operation: ChangeBreakpoints
Event: 35.948 Executing VM operation: ChangeBreakpoints done
Event: 35.949 Executing VM operation: ChangeBreakpoints
Event: 35.949 Executing VM operation: ChangeBreakpoints done
Event: 35.949 Executing VM operation: ChangeBreakpoints
Event: 35.949 Executing VM operation: ChangeBreakpoints done

Events (15 events):
Event: 1.339 Thread 0x00000213583ec040 Thread added: 0x00000213583ec040
Event: 1.503 Thread 0x0000021376030fd0 Thread added: 0x0000021376030fd0
Event: 1.503 Thread 0x0000021376032d80 Thread added: 0x0000021376032d80
Event: 1.504 Thread 0x00000213760343d0 Thread added: 0x00000213760343d0
Event: 1.505 Thread 0x0000021376036d10 Thread added: 0x0000021376036d10
Event: 1.505 Thread 0x0000021376037640 Thread added: 0x0000021376037640
Event: 1.505 Thread 0x0000021376037f70 Thread added: 0x0000021376037f70
Event: 1.505 Thread 0x0000021376038fe0 Thread added: 0x0000021376038fe0
Event: 1.521 Thread 0x000002137603b6f0 Thread added: 0x000002137603b6f0
Event: 1.525 Thread 0x00000213760420e0 Thread added: 0x00000213760420e0
Event: 2.097 Thread 0x000002137a450190 Thread added: 0x000002137a450190
Event: 5.238 Thread 0x000002137a502e90 Thread added: 0x000002137a502e90
Event: 5.238 Thread 0x000002137a5a1940 Thread added: 0x000002137a5a1940
Event: 5.240 Thread 0x000002137a5a1e90 Thread added: 0x000002137a5a1e90
Event: 22.889 Thread 0x000002137a55c720 Thread added: 0x000002137a55c720


Dynamic libraries:
0x00007ff7c2490000 - 0x00007ff7c24a0000 	C:\Java\bin\java.exe
0x00007ffe43ab0000 - 0x00007ffe43ca8000 	C:\WINDOWS\SYSTEM32\ntdll.dll
0x00007ffe427a0000 - 0x00007ffe4285f000 	C:\WINDOWS\System32\KERNEL32.DLL
0x00007ffe412b0000 - 0x00007ffe41582000 	C:\WINDOWS\System32\KERNELBASE.dll
0x00007ffe411b0000 - 0x00007ffe412b0000 	C:\WINDOWS\System32\ucrtbase.dll
0x00007ffe39a70000 - 0x00007ffe39a88000 	C:\Java\bin\jli.dll
0x00007ffe18fa0000 - 0x00007ffe18fbb000 	C:\Java\bin\VCRUNTIME140.dll
0x00007ffe42440000 - 0x00007ffe424ee000 	C:\WINDOWS\System32\ADVAPI32.dll
0x00007ffe43560000 - 0x00007ffe435fe000 	C:\WINDOWS\System32\msvcrt.dll
0x00007ffe42ca0000 - 0x00007ffe42d3c000 	C:\WINDOWS\System32\sechost.dll
0x00007ffe425a0000 - 0x00007ffe426c4000 	C:\WINDOWS\System32\RPCRT4.dll
0x00007ffe433b0000 - 0x00007ffe43551000 	C:\WINDOWS\System32\USER32.dll
0x00007ffe2f8a0000 - 0x00007ffe2fb3a000 	C:\WINDOWS\WinSxS\amd64_microsoft.windows.common-controls_6595b64144ccf1df_6.0.19041.1110_none_60b5254171f9507e\COMCTL32.dll
0x00007ffe419c0000 - 0x00007ffe419e2000 	C:\WINDOWS\System32\win32u.dll
0x00007ffe42c70000 - 0x00007ffe42c9b000 	C:\WINDOWS\System32\GDI32.dll
0x00007ffe416f0000 - 0x00007ffe417ff000 	C:\WINDOWS\System32\gdi32full.dll
0x00007ffe419f0000 - 0x00007ffe41a8d000 	C:\WINDOWS\System32\msvcp_win.dll
0x00007ffe39a90000 - 0x00007ffe39a9a000 	C:\WINDOWS\SYSTEM32\VERSION.dll
0x00007ffe42d40000 - 0x00007ffe42d70000 	C:\WINDOWS\System32\IMM32.DLL
0x00007ffe26570000 - 0x00007ffe2657c000 	C:\Java\bin\vcruntime140_1.dll
0x00007ffe17ca0000 - 0x00007ffe17d2e000 	C:\Java\bin\msvcp140.dll
0x00007ffde4c40000 - 0x00007ffde5900000 	C:\Java\bin\server\jvm.dll
0x00007ffe3d8e0000 - 0x00007ffe3d8e9000 	C:\WINDOWS\SYSTEM32\WSOCK32.dll
0x00007ffe396c0000 - 0x00007ffe396e7000 	C:\WINDOWS\SYSTEM32\WINMM.dll
0x00007ffe42ba0000 - 0x00007ffe42c0b000 	C:\WINDOWS\System32\WS2_32.dll
0x00007ffe3f070000 - 0x00007ffe3f082000 	C:\WINDOWS\SYSTEM32\kernel.appcore.dll
0x00007ffe18f90000 - 0x00007ffe18f9a000 	C:\Java\bin\jimage.dll
0x00007ffe2f0c0000 - 0x00007ffe2f2a4000 	C:\WINDOWS\SYSTEM32\DBGHELP.DLL
0x00007ffe2f080000 - 0x00007ffe2f0b5000 	C:\WINDOWS\SYSTEM32\dbgcore.DLL
0x00007ffe41800000 - 0x00007ffe41882000 	C:\WINDOWS\System32\bcryptPrimitives.dll
0x00007ffe28530000 - 0x00007ffe2856c000 	C:\Java\bin\jdwp.dll
0x00007ffe18010000 - 0x00007ffe18036000 	C:\Java\bin\java.dll
0x00007ffe17f30000 - 0x00007ffe18007000 	C:\Java\bin\jsvml.dll
0x00007ffe41c70000 - 0x00007ffe423b5000 	C:\WINDOWS\System32\SHELL32.dll
0x00007ffe3f270000 - 0x00007ffe3fa02000 	C:\WINDOWS\SYSTEM32\windows.storage.dll
0x00007ffe42f20000 - 0x00007ffe43275000 	C:\WINDOWS\System32\combase.dll
0x00007ffe40ba0000 - 0x00007ffe40bd0000 	C:\WINDOWS\SYSTEM32\Wldp.dll
0x00007ffe41b00000 - 0x00007ffe41bad000 	C:\WINDOWS\System32\SHCORE.dll
0x00007ffe42b40000 - 0x00007ffe42b95000 	C:\WINDOWS\System32\shlwapi.dll
0x00007ffe410f0000 - 0x00007ffe4110f000 	C:\WINDOWS\SYSTEM32\profapi.dll
0x00007ffe17f10000 - 0x00007ffe17f23000 	C:\Java\bin\net.dll
0x00007ffe34670000 - 0x00007ffe3477a000 	C:\WINDOWS\SYSTEM32\WINHTTP.dll
0x00007ffe40890000 - 0x00007ffe408fa000 	C:\WINDOWS\system32\mswsock.dll
0x00007ffe17ef0000 - 0x00007ffe17f06000 	C:\Java\bin\nio.dll
0x00007ffe3a9a0000 - 0x00007ffe3a9ab000 	C:\Java\bin\dt_shmem.dll
0x00007ffe17ed0000 - 0x00007ffe17ee8000 	C:\Java\bin\zip.dll

dbghelp: loaded successfully - version: 4.0.5 - missing functions: none
symbol engine: initialized successfully - sym options: 0x614 - pdb path: .;C:\Java\bin;C:\WINDOWS\SYSTEM32;C:\WINDOWS\WinSxS\amd64_microsoft.windows.common-controls_6595b64144ccf1df_6.0.19041.1110_none_60b5254171f9507e;C:\Java\bin\server

VM Arguments:
jvm_args: -Dfile.encoding=UTF-8 -agentlib:jdwp=transport=dt_shmem,address=javadebug2234 --module-path=C:\Users\Rioan\OneDrive\Desktop\Isaac Project\databasee_1\build\classes 
java_command: databasee.login
java_class_path (initial): C:\Users\Rioan\OneDrive\Desktop\Beginners\JCalendar.jar;C:\Users\Rioan\OneDrive\Desktop\Beginners\netbeans\java\modules\ext\AbsoluteLayout.jar;C:\Users\Rioan\OneDrive\Desktop\Isaac Project\databasee_1\build\classes
Launcher Type: SUN_STANDARD

[Global flags]
     intx CICompilerCount                          = 4                                         {product} {ergonomic}
     uint ConcGCThreads                            = 2                                         {product} {ergonomic}
     uint G1ConcRefinementThreads                  = 8                                         {product} {ergonomic}
   size_t G1HeapRegionSize                         = 1048576                                   {product} {ergonomic}
    uintx GCDrainStackTargetSize                   = 64                                        {product} {ergonomic}
   size_t InitialHeapSize                          = 58720256                                  {product} {ergonomic}
   size_t MarkStackSize                            = 4194304                                   {product} {ergonomic}
   size_t MaxHeapSize                              = 914358272                                 {product} {ergonomic}
   size_t MaxNewSize                               = 548405248                                 {product} {ergonomic}
   size_t MinHeapDeltaBytes                        = 1048576                                   {product} {ergonomic}
   size_t MinHeapSize                              = 8388608                                   {product} {ergonomic}
    uintx NonNMethodCodeHeapSize                   = 5839372                                {pd product} {ergonomic}
    uintx NonProfiledCodeHeapSize                  = 122909434                              {pd product} {ergonomic}
    uintx ProfiledCodeHeapSize                     = 122909434                              {pd product} {ergonomic}
    uintx ReservedCodeCacheSize                    = 251658240                              {pd product} {ergonomic}
     bool SegmentedCodeCache                       = true                                      {product} {ergonomic}
   size_t SoftMaxHeapSize                          = 914358272                              {manageable} {ergonomic}
     bool UseCompressedClassPointers               = true                           {product lp64_product} {ergonomic}
     bool UseCompressedOops                        = true                           {product lp64_product} {ergonomic}
     bool UseG1GC                                  = true                                      {product} {ergonomic}
     bool UseLargePagesIndividualAllocation        = false                                  {pd product} {ergonomic}

Logging:
Log output configuration:
 #0: stdout all=warning uptime,level,tags foldmultilines=false
 #1: stderr all=off uptime,level,tags foldmultilines=false

Environment Variables:
PATH=C:\Program Files\Common Files\Oracle\Java\javapath;C:\ProgramData\Oracle\Java\javapath;C:\WINDOWS\system32;C:\WINDOWS;C:\WINDOWS\System32\Wbem;C:\WINDOWS\System32\WindowsPowerShell\v1.0\;C:\WINDOWS\System32\OpenSSH\;C:\scrcpy;C:\Users\Rioan\AppData\Local\Microsoft\WindowsApps;
USERNAME=Rioan
OS=Windows_NT
PROCESSOR_IDENTIFIER=AMD64 Family 23 Model 17 Stepping 0, AuthenticAMD
TMP=C:\Users\Rioan\AppData\Local\Temp
TEMP=C:\Users\Rioan\AppData\Local\Temp



---------------  S Y S T E M  ---------------

OS:
 Windows 10 , 64 bit Build 19041 (10.0.19041.2546)
OS uptime: 0 days 0:46 hours

CPU: total 8 (initial active 8) (8 cores per cpu, 2 threads per core) family 23 model 17 stepping 0 microcode 0x0, cx8, cmov, fxsr, ht, mmx, 3dnowpref, sse, sse2, sse3, ssse3, sse4a, sse4.1, sse4.2, popcnt, lzcnt, tsc, tscinvbit, avx, avx2, aes, clmul, bmi1, bmi2, adx, sha, fma, vzeroupper, clflush, clflushopt, rdtscp

Memory: 4k page, system-wide physical 3484M (229M free)
TotalPageFile size 14084M (AvailPageFile size 474M)
current process WorkingSet (physical memory assigned to process): 21M, peak: 31M
current process commit charge ("private bytes"): 136M, peak: 137M

vm_info: Java HotSpot(TM) 64-Bit Server VM (19.0.2+7-44) for windows-amd64 JRE (19.0.2+7-44), built on 2022-11-30T18:02:09Z by "mach5one" with MS VC++ 17.1 (VS2022)

END.
