#
# There is insufficient memory for the Java Runtime Environment to continue.
# Native memory allocation (malloc) failed to allocate 254496 bytes for Chunk::new
# Possible reasons:
#   The system is out of physical RAM or swap space
#   The process is running with CompressedOops enabled, and the Java Heap may be blocking the growth of the native heap
# Possible solutions:
#   Reduce memory load on the system
#   Increase physical memory or swap space
#   Check if swap backing store is full
#   Decrease Java heap size (-Xmx/-Xms)
#   Decrease number of Java threads
#   Decrease Java thread stack sizes (-Xss)
#   Set larger code cache with -XX:ReservedCodeCacheSize=
#   JVM is running with Unscaled Compressed Oops mode in which the Java heap is
#     placed in the first 4GB address space. The Java Heap base address is the
#     maximum limit for the native heap growth. Please use -XX:HeapBaseMinAddress
#     to set the Java Heap base and to place the Java Heap above 4GB virtual address.
# This output file may be truncated or incomplete.
#
#  Out of Memory Error (arena.cpp:184), pid=21300, tid=23236
#
# JRE version: Java(TM) SE Runtime Environment (19.0.2+7) (build 19.0.2+7-44)
# Java VM: Java HotSpot(TM) 64-Bit Server VM (19.0.2+7-44, mixed mode, sharing, tiered, compressed oops, compressed class ptrs, g1 gc, windows-amd64)
# No core dump will be written. Minidumps are not enabled by default on client versions of Windows
#

---------------  S U M M A R Y ------------

Command Line: -Dfile.encoding=UTF-8 -agentlib:jdwp=transport=dt_shmem,address=javadebug6754 --module-path=C:\Users\Rioan\OneDrive\Desktop\Isaac Project\databasee_1\build\classes databasee.login

Host: AMD Ryzen 5 2500U with Radeon Vega Mobile Gfx  , 8 cores, 3G,  Windows 10 , 64 bit Build 19041 (10.0.19041.2546)
Time: Sat Apr  1 18:47:04 2023 China Standard Time elapsed time: 804.211376 seconds (0d 0h 13m 24s)

---------------  T H R E A D  ---------------

Current thread (0x000001defd244160):  JavaThread "C2 CompilerThread0" daemon [_thread_in_native, id=23236, stack(0x000000aedc100000,0x000000aedc200000)]


Current CompileTask:
C2: 804211 2010       4       sun.java2d.pipe.DrawImage::transformImage (124 bytes)

Stack: [0x000000aedc100000,0x000000aedc200000]
Native frames: (J=compiled Java code, j=interpreted, Vv=VM code, C=native code)
V  [jvm.dll+0x6ee21a]
V  [jvm.dll+0x85765e]
V  [jvm.dll+0x85904e]
V  [jvm.dll+0x859703]
V  [jvm.dll+0x28298f]
V  [jvm.dll+0xc9adf]
V  [jvm.dll+0xc9e65]
V  [jvm.dll+0x2f7caf]
V  [jvm.dll+0x5f076b]
V  [jvm.dll+0x255483]
V  [jvm.dll+0x24da11]
V  [jvm.dll+0x24b673]
V  [jvm.dll+0x1d6ce1]
V  [jvm.dll+0x25b25a]
V  [jvm.dll+0x2596e8]
V  [jvm.dll+0x807588]
V  [jvm.dll+0x80125a]
V  [jvm.dll+0x6ecf0b]
C  [ucrtbase.dll+0x21bb2]
C  [KERNEL32.DLL+0x17614]
C  [ntdll.dll+0x526a1]


---------------  P R O C E S S  ---------------

Threads class SMR info:
_java_thread_list=0x000001de9b10a790, length=19, elements={
0x000001defd23cd90, 0x000001defd23dd20, 0x000001defd241970, 0x000001defd2422a0,
0x000001defd242bd0, 0x000001defd243500, 0x000001defd244160, 0x000001defd245b10,
0x000001defd2b8b60, 0x000001de9b0525f0, 0x000001de9b1ffe80, 0x000001de9b13eb90,
0x000001defd2fe6e0, 0x000001de9b097ce0, 0x000001defd2f9660, 0x000001de9b225010,
0x000001def83fa340, 0x000001de9bb5d970, 0x000001de9bddc7f0
}

Java Threads: ( => current thread )
  0x000001defd23cd90 JavaThread "Reference Handler" daemon [_thread_blocked, id=23196, stack(0x000000aedbb00000,0x000000aedbc00000)]
  0x000001defd23dd20 JavaThread "Finalizer" daemon [_thread_blocked, id=23204, stack(0x000000aedbc00000,0x000000aedbd00000)]
  0x000001defd241970 JavaThread "Signal Dispatcher" daemon [_thread_blocked, id=23220, stack(0x000000aedbd00000,0x000000aedbe00000)]
  0x000001defd2422a0 JavaThread "Attach Listener" daemon [_thread_blocked, id=23224, stack(0x000000aedbe00000,0x000000aedbf00000)]
  0x000001defd242bd0 JavaThread "Service Thread" daemon [_thread_blocked, id=23228, stack(0x000000aedbf00000,0x000000aedc000000)]
  0x000001defd243500 JavaThread "Monitor Deflation Thread" daemon [_thread_blocked, id=23232, stack(0x000000aedc000000,0x000000aedc100000)]
=>0x000001defd244160 JavaThread "C2 CompilerThread0" daemon [_thread_in_native, id=23236, stack(0x000000aedc100000,0x000000aedc200000)]
  0x000001defd245b10 JavaThread "C1 CompilerThread0" daemon [_thread_blocked, id=23244, stack(0x000000aedc200000,0x000000aedc300000)]
  0x000001defd2b8b60 JavaThread "Sweeper thread" daemon [_thread_blocked, id=23260, stack(0x000000aedc300000,0x000000aedc400000)]
  0x000001de9b0525f0 JavaThread "Common-Cleaner" daemon [_thread_blocked, id=23584, stack(0x000000aedc400000,0x000000aedc500000)]
  0x000001de9b1ffe80 JavaThread "JDWP Event Helper Thread" daemon [_thread_blocked, id=24396, stack(0x000000aedc600000,0x000000aedc700000)]
  0x000001de9b13eb90 JavaThread "Notification Thread" daemon [_thread_blocked, id=25276, stack(0x000000aedc800000,0x000000aedc900000)]
  0x000001defd2fe6e0 JavaThread "Java2D Disposer" daemon [_thread_blocked, id=26728, stack(0x000000aedb300000,0x000000aedb400000)]
  0x000001de9b097ce0 JavaThread "AWT-Windows" daemon [_thread_in_native, id=28552, stack(0x000000aedc700000,0x000000aedc800000)]
  0x000001defd2f9660 JavaThread "AWT-Shutdown" [_thread_blocked, id=856, stack(0x000000aedc500000,0x000000aedc600000)]
  0x000001de9b225010 JavaThread "AWT-EventQueue-0" [_thread_blocked, id=8332, stack(0x000000aedcb00000,0x000000aedcc00000)]
  0x000001def83fa340 JavaThread "DestroyJavaVM" [_thread_blocked, id=21612, stack(0x000000aedb400000,0x000000aedb500000)]
  0x000001de9bb5d970 JavaThread "D3D Screen Updater" daemon [_thread_in_native, id=11596, stack(0x000000aedd600000,0x000000aedd700000)]
  0x000001de9bddc7f0 JavaThread "TimerQueue" daemon [_thread_blocked, id=11852, stack(0x000000aedd800000,0x000000aedd900000)]

Other Threads:
  0x000001def84c63f0 VMThread "VM Thread" [stack: 0x000000aedba00000,0x000000aedbb00000] [id=22840]
  0x000001de9b146e10 WatcherThread "VM Periodic Task Thread" [stack: 0x000000aedc900000,0x000000aedca00000] [id=25388]
  0x000001def8437b10 WorkerThread "GC Thread#0" [stack: 0x000000aedb500000,0x000000aedb600000] [id=22332]
  0x000001def8440780 ConcurrentGCThread "G1 Main Marker" [stack: 0x000000aedb600000,0x000000aedb700000] [id=22336]
  0x000001def84411b0 WorkerThread "G1 Conc#0" [stack: 0x000000aedb700000,0x000000aedb800000] [id=22340]
  0x000001def84a3010 ConcurrentGCThread "G1 Refine#0" [stack: 0x000000aedb800000,0x000000aedb900000] [id=22344]
  0x000001def84a3e90 ConcurrentGCThread "G1 Service" [stack: 0x000000aedb900000,0x000000aedba00000] [id=22348]

Threads with active compile tasks:
C2 CompilerThread0   806479 2010       4       sun.java2d.pipe.DrawImage::transformImage (124 bytes)

VM state: not at safepoint (normal execution)

VM Mutex/Monitor currently owned by a thread: None

Heap address: 0x00000000c9800000, size: 872 MB, Compressed Oops mode: 32-bit

CDS archive(s) mapped at: [0x0000000800000000-0x0000000800c40000-0x0000000800c40000), size 12845056, SharedBaseAddress: 0x0000000800000000, ArchiveRelocationMode: 0.
Compressed class space mapped at: 0x0000000801000000-0x0000000841000000, reserved size: 1073741824
Narrow klass base: 0x0000000800000000, Narrow klass shift: 0, Narrow klass range: 0x100000000

GC Precious Log:
 CardTable entry size: 512
 Card Set container configuration: InlinePtr #cards 5 size 8 Array Of Cards #cards 12 size 40 Howl #buckets 4 coarsen threshold 1843 Howl Bitmap #cards 512 size 80 coarsen threshold 460 Card regions per heap region 1 cards per card region 2048
 CPUs: 8 total, 8 available
 Memory: 3484M
 Large Page Support: Disabled
 NUMA Support: Disabled
 Compressed Oops: Enabled (32-bit)
 Heap Region Size: 1M
 Heap Min Capacity: 8M
 Heap Initial Capacity: 56M
 Heap Max Capacity: 872M
 Pre-touch: Disabled
 Parallel Workers: 8
 Concurrent Workers: 2
 Concurrent Refinement Workers: 8
 Periodic GC: Disabled

Heap:
 garbage-first heap   total 57344K, used 22528K [0x00000000c9800000, 0x0000000100000000)
  region size 1024K, 20 young (20480K), 0 survivors (0K)
 Metaspace       used 10948K, committed 11136K, reserved 1114112K
  class space    used 1163K, committed 1280K, reserved 1048576K

Heap Regions: E=young(eden), S=young(survivor), O=old, HS=humongous(starts), HC=humongous(continues), CS=collection set, F=free, OA=open archive, CA=closed archive, TAMS=top-at-mark-start (previous, next)
|   0|0x00000000c9800000, 0x00000000c9900000, 0x00000000c9900000|100%|HS|  |TAMS 0x00000000c9800000, 0x00000000c9800000| Complete 
|   1|0x00000000c9900000, 0x00000000c9a00000, 0x00000000c9a00000|100%|HC|  |TAMS 0x00000000c9900000, 0x00000000c9900000| Complete 
|   2|0x00000000c9a00000, 0x00000000c9b00000, 0x00000000c9b00000|100%|HC|  |TAMS 0x00000000c9a00000, 0x00000000c9a00000| Complete 
|   3|0x00000000c9b00000, 0x00000000c9b00000, 0x00000000c9c00000|  0%| F|  |TAMS 0x00000000c9b00000, 0x00000000c9b00000| Untracked 
|   4|0x00000000c9c00000, 0x00000000c9c00000, 0x00000000c9d00000|  0%| F|  |TAMS 0x00000000c9c00000, 0x00000000c9c00000| Untracked 
|   5|0x00000000c9d00000, 0x00000000c9d00000, 0x00000000c9e00000|  0%| F|  |TAMS 0x00000000c9d00000, 0x00000000c9d00000| Untracked 
|   6|0x00000000c9e00000, 0x00000000c9e00000, 0x00000000c9f00000|  0%| F|  |TAMS 0x00000000c9e00000, 0x00000000c9e00000| Untracked 
|   7|0x00000000c9f00000, 0x00000000c9f00000, 0x00000000ca000000|  0%| F|  |TAMS 0x00000000c9f00000, 0x00000000c9f00000| Untracked 
|   8|0x00000000ca000000, 0x00000000ca000000, 0x00000000ca100000|  0%| F|  |TAMS 0x00000000ca000000, 0x00000000ca000000| Untracked 
|   9|0x00000000ca100000, 0x00000000ca100000, 0x00000000ca200000|  0%| F|  |TAMS 0x00000000ca100000, 0x00000000ca100000| Untracked 
|  10|0x00000000ca200000, 0x00000000ca200000, 0x00000000ca300000|  0%| F|  |TAMS 0x00000000ca200000, 0x00000000ca200000| Untracked 
|  11|0x00000000ca300000, 0x00000000ca300000, 0x00000000ca400000|  0%| F|  |TAMS 0x00000000ca300000, 0x00000000ca300000| Untracked 
|  12|0x00000000ca400000, 0x00000000ca400000, 0x00000000ca500000|  0%| F|  |TAMS 0x00000000ca400000, 0x00000000ca400000| Untracked 
|  13|0x00000000ca500000, 0x00000000ca500000, 0x00000000ca600000|  0%| F|  |TAMS 0x00000000ca500000, 0x00000000ca500000| Untracked 
|  14|0x00000000ca600000, 0x00000000ca600000, 0x00000000ca700000|  0%| F|  |TAMS 0x00000000ca600000, 0x00000000ca600000| Untracked 
|  15|0x00000000ca700000, 0x00000000ca700000, 0x00000000ca800000|  0%| F|  |TAMS 0x00000000ca700000, 0x00000000ca700000| Untracked 
|  16|0x00000000ca800000, 0x00000000ca800000, 0x00000000ca900000|  0%| F|  |TAMS 0x00000000ca800000, 0x00000000ca800000| Untracked 
|  17|0x00000000ca900000, 0x00000000ca900000, 0x00000000caa00000|  0%| F|  |TAMS 0x00000000ca900000, 0x00000000ca900000| Untracked 
|  18|0x00000000caa00000, 0x00000000caa00000, 0x00000000cab00000|  0%| F|  |TAMS 0x00000000caa00000, 0x00000000caa00000| Untracked 
|  19|0x00000000cab00000, 0x00000000cab00000, 0x00000000cac00000|  0%| F|  |TAMS 0x00000000cab00000, 0x00000000cab00000| Untracked 
|  20|0x00000000cac00000, 0x00000000cac00000, 0x00000000cad00000|  0%| F|  |TAMS 0x00000000cac00000, 0x00000000cac00000| Untracked 
|  21|0x00000000cad00000, 0x00000000cad00000, 0x00000000cae00000|  0%| F|  |TAMS 0x00000000cad00000, 0x00000000cad00000| Untracked 
|  22|0x00000000cae00000, 0x00000000cae00000, 0x00000000caf00000|  0%| F|  |TAMS 0x00000000cae00000, 0x00000000cae00000| Untracked 
|  23|0x00000000caf00000, 0x00000000caf00000, 0x00000000cb000000|  0%| F|  |TAMS 0x00000000caf00000, 0x00000000caf00000| Untracked 
|  24|0x00000000cb000000, 0x00000000cb000000, 0x00000000cb100000|  0%| F|  |TAMS 0x00000000cb000000, 0x00000000cb000000| Untracked 
|  25|0x00000000cb100000, 0x00000000cb100000, 0x00000000cb200000|  0%| F|  |TAMS 0x00000000cb100000, 0x00000000cb100000| Untracked 
|  26|0x00000000cb200000, 0x00000000cb200000, 0x00000000cb300000|  0%| F|  |TAMS 0x00000000cb200000, 0x00000000cb200000| Untracked 
|  27|0x00000000cb300000, 0x00000000cb300000, 0x00000000cb400000|  0%| F|  |TAMS 0x00000000cb300000, 0x00000000cb300000| Untracked 
|  28|0x00000000cb400000, 0x00000000cb400000, 0x00000000cb500000|  0%| F|  |TAMS 0x00000000cb400000, 0x00000000cb400000| Untracked 
|  29|0x00000000cb500000, 0x00000000cb500000, 0x00000000cb600000|  0%| F|  |TAMS 0x00000000cb500000, 0x00000000cb500000| Untracked 
|  30|0x00000000cb600000, 0x00000000cb600000, 0x00000000cb700000|  0%| F|  |TAMS 0x00000000cb600000, 0x00000000cb600000| Untracked 
|  31|0x00000000cb700000, 0x00000000cb700000, 0x00000000cb800000|  0%| F|  |TAMS 0x00000000cb700000, 0x00000000cb700000| Untracked 
|  32|0x00000000cb800000, 0x00000000cb800000, 0x00000000cb900000|  0%| F|  |TAMS 0x00000000cb800000, 0x00000000cb800000| Untracked 
|  33|0x00000000cb900000, 0x00000000cb900000, 0x00000000cba00000|  0%| F|  |TAMS 0x00000000cb900000, 0x00000000cb900000| Untracked 
|  34|0x00000000cba00000, 0x00000000cba00000, 0x00000000cbb00000|  0%| F|  |TAMS 0x00000000cba00000, 0x00000000cba00000| Untracked 
|  35|0x00000000cbb00000, 0x00000000cbb00000, 0x00000000cbc00000|  0%| F|  |TAMS 0x00000000cbb00000, 0x00000000cbb00000| Untracked 
|  36|0x00000000cbc00000, 0x00000000cbcec168, 0x00000000cbd00000| 92%| E|  |TAMS 0x00000000cbc00000, 0x00000000cbc00000| Complete 
|  37|0x00000000cbd00000, 0x00000000cbe00000, 0x00000000cbe00000|100%| E|CS|TAMS 0x00000000cbd00000, 0x00000000cbd00000| Complete 
|  38|0x00000000cbe00000, 0x00000000cbf00000, 0x00000000cbf00000|100%| E|CS|TAMS 0x00000000cbe00000, 0x00000000cbe00000| Complete 
|  39|0x00000000cbf00000, 0x00000000cc000000, 0x00000000cc000000|100%| E|CS|TAMS 0x00000000cbf00000, 0x00000000cbf00000| Complete 
|  40|0x00000000cc000000, 0x00000000cc100000, 0x00000000cc100000|100%| E|CS|TAMS 0x00000000cc000000, 0x00000000cc000000| Complete 
|  41|0x00000000cc100000, 0x00000000cc200000, 0x00000000cc200000|100%| E|CS|TAMS 0x00000000cc100000, 0x00000000cc100000| Complete 
|  42|0x00000000cc200000, 0x00000000cc300000, 0x00000000cc300000|100%| E|CS|TAMS 0x00000000cc200000, 0x00000000cc200000| Complete 
|  43|0x00000000cc300000, 0x00000000cc400000, 0x00000000cc400000|100%| E|CS|TAMS 0x00000000cc300000, 0x00000000cc300000| Complete 
|  44|0x00000000cc400000, 0x00000000cc500000, 0x00000000cc500000|100%| E|CS|TAMS 0x00000000cc400000, 0x00000000cc400000| Complete 
|  45|0x00000000cc500000, 0x00000000cc600000, 0x00000000cc600000|100%| E|CS|TAMS 0x00000000cc500000, 0x00000000cc500000| Complete 
|  46|0x00000000cc600000, 0x00000000cc700000, 0x00000000cc700000|100%| E|CS|TAMS 0x00000000cc600000, 0x00000000cc600000| Complete 
|  47|0x00000000cc700000, 0x00000000cc800000, 0x00000000cc800000|100%| E|CS|TAMS 0x00000000cc700000, 0x00000000cc700000| Complete 
|  48|0x00000000cc800000, 0x00000000cc900000, 0x00000000cc900000|100%| E|CS|TAMS 0x00000000cc800000, 0x00000000cc800000| Complete 
|  49|0x00000000cc900000, 0x00000000cca00000, 0x00000000cca00000|100%| E|CS|TAMS 0x00000000cc900000, 0x00000000cc900000| Complete 
|  50|0x00000000cca00000, 0x00000000ccb00000, 0x00000000ccb00000|100%| E|CS|TAMS 0x00000000cca00000, 0x00000000cca00000| Complete 
|  51|0x00000000ccb00000, 0x00000000ccc00000, 0x00000000ccc00000|100%| E|CS|TAMS 0x00000000ccb00000, 0x00000000ccb00000| Complete 
|  52|0x00000000ccc00000, 0x00000000ccd00000, 0x00000000ccd00000|100%| E|CS|TAMS 0x00000000ccc00000, 0x00000000ccc00000| Complete 
|  53|0x00000000ccd00000, 0x00000000cce00000, 0x00000000cce00000|100%| E|CS|TAMS 0x00000000ccd00000, 0x00000000ccd00000| Complete 
|  54|0x00000000cce00000, 0x00000000ccf00000, 0x00000000ccf00000|100%| E|CS|TAMS 0x00000000cce00000, 0x00000000cce00000| Complete 
|  55|0x00000000ccf00000, 0x00000000cd000000, 0x00000000cd000000|100%| E|CS|TAMS 0x00000000ccf00000, 0x00000000ccf00000| Complete 

Card table byte_map: [0x000001def89c0000,0x000001def8b80000] _byte_map_base: 0x000001def8374000

Marking Bits (Prev, Next): (CMBitMap*) 0x000001def8439150, (CMBitMap*) 0x000001def8439190
 Prev Bits: [0x000001def8d40000, 0x000001def9ae0000)
 Next Bits: [0x000001def9ae0000, 0x000001defa880000)

Polling page: 0x000001def7bd0000

Metaspace:

Usage:
  Non-class:      9.56 MB used.
      Class:      1.14 MB used.
       Both:     10.69 MB used.

Virtual space:
  Non-class space:       64.00 MB reserved,       9.62 MB ( 15%) committed,  1 nodes.
      Class space:        1.00 GB reserved,       1.25 MB ( <1%) committed,  1 nodes.
             Both:        1.06 GB reserved,      10.88 MB ( <1%) committed. 

Chunk freelists:
   Non-Class:  2.00 MB
       Class:  2.74 MB
        Both:  4.74 MB

MaxMetaspaceSize: unlimited
CompressedClassSpaceSize: 1.00 GB
Initial GC threshold: 21.00 MB
Current GC threshold: 21.00 MB
CDS: on
MetaspaceReclaimPolicy: balanced
 - commit_granule_bytes: 65536.
 - commit_granule_words: 8192.
 - virtual_space_node_default_size: 8388608.
 - enlarge_chunks_in_place: 1.
 - new_chunks_are_fully_committed: 0.
 - uncommit_free_chunks: 1.
 - use_allocation_guard: 0.


Internal statistics:

num_allocs_failed_limit: 0.
num_arena_births: 164.
num_arena_deaths: 0.
num_vsnodes_births: 2.
num_vsnodes_deaths: 0.
num_space_committed: 174.
num_space_uncommitted: 0.
num_chunks_returned_to_freelist: 0.
num_chunks_taken_from_freelist: 206.
num_chunk_merges: 0.
num_chunk_splits: 127.
num_chunks_enlarged: 71.
num_inconsistent_stats: 0.

CodeHeap 'non-profiled nmethods': size=120000Kb used=799Kb max_used=799Kb free=119200Kb
 bounds [0x000001de8f970000, 0x000001de8fbe0000, 0x000001de96ea0000]
CodeHeap 'profiled nmethods': size=120000Kb used=3768Kb max_used=3768Kb free=116231Kb
 bounds [0x000001de87ea0000, 0x000001de88250000, 0x000001de8f3d0000]
CodeHeap 'non-nmethods': size=5760Kb used=1480Kb max_used=1530Kb free=4279Kb
 bounds [0x000001de8f3d0000, 0x000001de8f640000, 0x000001de8f970000]
 total_blobs=2676 nmethods=1998 adapters=589
 compilation: enabled
              stopped_count=0, restarted_count=0
 full_count=0

Compilation events (20 events):
Event: 794.141 Thread 0x000001defd245b10 nmethod 2000 0x000001de88244710 code [0x000001de88244960, 0x000001de882451c8]
Event: 794.141 Thread 0x000001defd245b10 2001       3       java.util.concurrent.atomic.AtomicBoolean::get (13 bytes)
Event: 794.141 Thread 0x000001defd245b10 nmethod 2001 0x000001de88245510 code [0x000001de882456a0, 0x000001de88245818]
Event: 794.141 Thread 0x000001defd245b10 2002       3       java.awt.event.ActionEvent::<init> (24 bytes)
Event: 794.141 Thread 0x000001defd245b10 nmethod 2002 0x000001de88245890 code [0x000001de88245a40, 0x000001de88245c08]
Event: 796.716 Thread 0x000001defd244160 2003       4       jdk.internal.misc.Unsafe::putReferenceOpaque (9 bytes)
Event: 796.719 Thread 0x000001defd244160 nmethod 2003 0x000001de8fa37510 code [0x000001de8fa37680, 0x000001de8fa377b8]
Event: 797.691 Thread 0x000001defd245b10 2004   !   3       java.util.concurrent.locks.LockSupport::parkNanos (56 bytes)
Event: 797.692 Thread 0x000001defd245b10 nmethod 2004 0x000001de88245d10 code [0x000001de88245f20, 0x000001de88246388]
Event: 798.699 Thread 0x000001defd245b10 2005       3       javax.swing.RepaintManager::scheduleProcessingRunnable (69 bytes)
Event: 798.704 Thread 0x000001defd245b10 nmethod 2005 0x000001de88246590 code [0x000001de882468e0, 0x000001de88247b88]
Event: 800.628 Thread 0x000001defd244160 2006       4       java.awt.geom.AffineTransform::setTransform (65 bytes)
Event: 800.628 Thread 0x000001defd244160 nmethod 2006 0x000001de8fa37810 code [0x000001de8fa379a0, 0x000001de8fa37a78]
Event: 800.629 Thread 0x000001defd245b10 2007       3       sun.java2d.pipe.DrawImage::imageReady (30 bytes)
Event: 800.629 Thread 0x000001defd245b10 nmethod 2007 0x000001de88248210 code [0x000001de882483e0, 0x000001de882488f8]
Event: 800.629 Thread 0x000001defd245b10 2008  s    3       sun.awt.image.ToolkitImage::getImageRep (37 bytes)
Event: 800.630 Thread 0x000001defd244160 2009       4       sun.java2d.d3d.D3DBlitLoops::createPackedParams (60 bytes)
Event: 800.630 Thread 0x000001defd245b10 nmethod 2008 0x000001de88248a90 code [0x000001de88248c60, 0x000001de88249098]
Event: 800.630 Thread 0x000001defd244160 nmethod 2009 0x000001de8fa37b10 code [0x000001de8fa37ca0, 0x000001de8fa37d98]
Event: 800.632 Thread 0x000001defd244160 2010       4       sun.java2d.pipe.DrawImage::transformImage (124 bytes)

GC Heap History (0 events):
No events

Dll operation events (9 events):
Event: 3.610 Loaded shared library C:\Java\bin\java.dll
Event: 9.654 Loaded shared library C:\Java\bin\jsvml.dll
Event: 23.190 Loaded shared library C:\Java\bin\net.dll
Event: 23.246 Loaded shared library C:\Java\bin\nio.dll
Event: 37.996 Loaded shared library C:\Java\bin\zip.dll
Event: 122.602 Loaded shared library C:\Java\bin\jimage.dll
Event: 167.716 Loaded shared library C:\Java\bin\awt.dll
Event: 591.026 Loaded shared library C:\Java\bin\freetype.dll
Event: 591.137 Loaded shared library C:\Java\bin\fontmanager.dll

Deoptimization events (20 events):
Event: 652.919 Thread 0x000001de9b225010 DEOPT UNPACKING pc=0x000001de8f437543 sp=0x000000aedcbfc600 mode 0
Event: 654.955 Thread 0x000001de9b225010 DEOPT PACKING pc=0x000001de87ed056a sp=0x000000aedcbfe080
Event: 654.955 Thread 0x000001de9b225010 DEOPT UNPACKING pc=0x000001de8f437543 sp=0x000000aedcbfd4a0 mode 0
Event: 659.723 Thread 0x000001de9b225010 DEOPT PACKING pc=0x000001de8807ad65 sp=0x000000aedcbfd570
Event: 659.723 Thread 0x000001de9b225010 DEOPT UNPACKING pc=0x000001de8f437543 sp=0x000000aedcbfc9c8 mode 0
Event: 671.937 Thread 0x000001de9b225010 DEOPT PACKING pc=0x000001de880c43f6 sp=0x000000aedcbfd3a0
Event: 671.937 Thread 0x000001de9b225010 DEOPT UNPACKING pc=0x000001de8f437543 sp=0x000000aedcbfc820 mode 0
Event: 674.064 Thread 0x000001de9b225010 DEOPT PACKING pc=0x000001de880ed072 sp=0x000000aedcbfd5d0
Event: 674.065 Thread 0x000001de9b225010 DEOPT UNPACKING pc=0x000001de8f437543 sp=0x000000aedcbfc9f0 mode 0
Event: 681.814 Thread 0x000001de9b225010 DEOPT PACKING pc=0x000001de8804b541 sp=0x000000aedcbfd5a0
Event: 681.814 Thread 0x000001de9b225010 DEOPT UNPACKING pc=0x000001de8f437543 sp=0x000000aedcbfca30 mode 0
Event: 685.862 Thread 0x000001de9b225010 DEOPT PACKING pc=0x000001de88060def sp=0x000000aedcbfd5b0
Event: 685.862 Thread 0x000001de9b225010 DEOPT UNPACKING pc=0x000001de8f437543 sp=0x000000aedcbfc9d0 mode 0
Event: 695.012 Thread 0x000001de9b225010 DEOPT PACKING pc=0x000001de880e1c88 sp=0x000000aedcbfd450
Event: 695.012 Thread 0x000001de9b225010 DEOPT UNPACKING pc=0x000001de8f437543 sp=0x000000aedcbfc808 mode 0
Event: 707.099 Thread 0x000001de9b225010 DEOPT PACKING pc=0x000001de8814c4ed sp=0x000000aedcbfd470
Event: 707.099 Thread 0x000001de9b225010 DEOPT UNPACKING pc=0x000001de8f437543 sp=0x000000aedcbfc910 mode 0
Event: 711.642 Thread 0x000001de9b225010 DEOPT PACKING pc=0x000001de87ea8c55 sp=0x000000aedcbfe020
Event: 711.642 Thread 0x000001de9b225010 DEOPT UNPACKING pc=0x000001de8f437543 sp=0x000000aedcbfd498 mode 0
Event: 800.781 Thread 0x000001de9b225010 DEOPT PACKING pc=0x000001de881ecacc sp=0x000000aedcbfd290

Classes loaded (20 events):
Event: 646.096 Loading class java/util/concurrent/BlockingQueue done
Event: 646.096 Loading class java/util/concurrent/DelayQueue done
Event: 646.096 Loading class java/util/PriorityQueue
Event: 646.302 Loading class java/util/PriorityQueue done
Event: 646.419 Loading class javax/swing/TimerQueue$DelayedTimer
Event: 646.698 Loading class java/util/concurrent/Delayed
Event: 646.698 Loading class java/util/concurrent/Delayed done
Event: 646.698 Loading class javax/swing/TimerQueue$DelayedTimer done
Event: 646.698 Loading class java/util/concurrent/locks/AbstractQueuedSynchronizer$ExclusiveNode
Event: 646.698 Loading class java/util/concurrent/locks/AbstractQueuedSynchronizer$ExclusiveNode done
Event: 646.699 Loading class java/awt/TextComponent
Event: 646.721 Loading class java/awt/TextComponent done
Event: 646.754 Loading class java/awt/geom/Path2D$Float$TxIterator
Event: 647.240 Loading class java/awt/geom/Path2D$Iterator
Event: 647.292 Loading class java/awt/geom/Path2D$Iterator done
Event: 647.292 Loading class java/awt/geom/Path2D$Float$TxIterator done
Event: 647.299 Loading class java/util/concurrent/TimeUnit$1
Event: 647.299 Loading class java/util/concurrent/TimeUnit$1 done
Event: 648.093 Loading class javax/swing/Timer$1
Event: 648.339 Loading class javax/swing/Timer$1 done

Classes unloaded (0 events):
No events

Classes redefined (0 events):
No events

Internal exceptions (20 events):
Event: 594.621 Thread 0x000001def83fa340 Exception <a 'java/lang/ClassNotFoundException'{0x00000000cc9649f0}: ToggleButton> (0x00000000cc9649f0) 
thrown [s\open\src\hotspot\share\classfile\systemDictionary.cpp, line 255]
Event: 594.621 Thread 0x000001def83fa340 Exception <a 'java/lang/ClassNotFoundException'{0x00000000cc964e30}: javax/swing/JToolBarSeparator> (0x00000000cc964e30) 
thrown [s\open\src\hotspot\share\classfile\systemDictionary.cpp, line 255]
Event: 594.621 Thread 0x000001def83fa340 Exception <a 'java/lang/ClassNotFoundException'{0x00000000cc965140}: ToolBarSeparator> (0x00000000cc965140) 
thrown [s\open\src\hotspot\share\classfile\systemDictionary.cpp, line 255]
Event: 594.622 Thread 0x000001def83fa340 Exception <a 'java/lang/ClassNotFoundException'{0x00000000cc965658}: ToolTip> (0x00000000cc965658) 
thrown [s\open\src\hotspot\share\classfile\systemDictionary.cpp, line 255]
Event: 594.624 Thread 0x000001def83fa340 Exception <a 'java/lang/ClassNotFoundException'{0x00000000cc965fa8}: Tree> (0x00000000cc965fa8) 
thrown [s\open\src\hotspot\share\classfile\systemDictionary.cpp, line 255]
Event: 594.624 Thread 0x000001def83fa340 Exception <a 'java/lang/ClassNotFoundException'{0x00000000cc9664a0}: Tree> (0x00000000cc9664a0) 
thrown [s\open\src\hotspot\share\classfile\systemDictionary.cpp, line 255]
Event: 594.625 Thread 0x000001def83fa340 Exception <a 'java/lang/ClassNotFoundException'{0x00000000cc966810}: javax/swing/JTreeCell> (0x00000000cc966810) 
thrown [s\open\src\hotspot\share\classfile\systemDictionary.cpp, line 255]
Event: 594.625 Thread 0x000001def83fa340 Exception <a 'java/lang/ClassNotFoundException'{0x00000000cc966b18}: TreeCell> (0x00000000cc966b18) 
thrown [s\open\src\hotspot\share\classfile\systemDictionary.cpp, line 255]
Event: 594.627 Thread 0x000001def83fa340 Exception <a 'java/lang/ClassNotFoundException'{0x00000000cc9672d0}: RootPane> (0x00000000cc9672d0) 
thrown [s\open\src\hotspot\share\classfile\systemDictionary.cpp, line 255]
Event: 595.295 Thread 0x000001def83fa340 Exception <a 'java/lang/ClassNotFoundException'{0x00000000cc96a0e0}: com/sun/swing/internal/plaf/metal/resources/spi/metalProvider> (0x00000000cc96a0e0) 
thrown [s\open\src\hotspot\share\classfile\systemDictionary.cpp, line 255]
Event: 595.703 Thread 0x000001def83fa340 Exception <a 'java/lang/ClassNotFoundException'{0x00000000cc96dd60}: com/sun/swing/internal/plaf/basic/resources/spi/basicProvider> (0x00000000cc96dd60) 
thrown [s\open\src\hotspot\share\classfile\systemDictionary.cpp, line 255]
Event: 609.026 Thread 0x000001de9b225010 Exception <a 'java/lang/ClassNotFoundException'{0x00000000cc88b498}: com/sun/swing/internal/plaf/synth/resources/spi/synthProvider> (0x00000000cc88b498) 
thrown [s\open\src\hotspot\share\classfile\systemDictionary.cpp, line 255]
Event: 610.305 Thread 0x000001de9b225010 Exception <a 'java/lang/NoSuchMethodError'{0x00000000cc8cec88}: 'int java.lang.invoke.Invokers$Holder.invokeExact_MT(java.lang.Object, java.lang.Object)'> (0x00000000cc8cec88) 
thrown [s\open\src\hotspot\share\interpreter\linkResolver.cpp, line 774]
Event: 610.550 Thread 0x000001de9b225010 Exception <a 'java/lang/NoSuchMethodError'{0x00000000cc8db1d0}: 'java.lang.Object java.lang.invoke.DirectMethodHandle$Holder.newInvokeSpecial(java.lang.Object, java.lang.Object, int)'> (0x00000000cc8db1d0) 
thrown [s\open\src\hotspot\share\interpreter\linkResolver.cpp, line 774]
Event: 610.957 Thread 0x000001de9b225010 Exception <a 'java/lang/NoSuchMethodError'{0x00000000cc8e0418}: 'int java.lang.invoke.DirectMethodHandle$Holder.invokeSpecial(java.lang.Object, java.lang.Object, java.lang.Object, int)'> (0x00000000cc8e0418) 
thrown [s\open\src\hotspot\share\interpreter\linkResolver.cpp, line 774]
Event: 610.962 Thread 0x000001de9b225010 Exception <a 'java/lang/NoSuchMethodError'{0x00000000cc8f2f98}: 'java.lang.Object java.lang.invoke.DirectMethodHandle$Holder.invokeStatic(java.lang.Object, java.lang.Object, java.lang.Object, java.lang.Object, int)'> (0x00000000cc8f2f98) 
thrown [s\open\src\hotspot\share\interpreter\linkResolver.cpp, line 774]
Event: 610.983 Thread 0x000001de9b225010 Exception <a 'java/lang/NoSuchMethodError'{0x00000000cc8fefa0}: 'int java.lang.invoke.DirectMethodHandle$Holder.invokeSpecial(java.lang.Object, java.lang.Object, java.lang.Object)'> (0x00000000cc8fefa0) 
thrown [s\open\src\hotspot\share\interpreter\linkResolver.cpp, line 774]
Event: 613.501 Thread 0x000001de9b750880 Exception <a 'java/lang/NoSuchMethodError'{0x00000000cc795b78}: 'java.lang.Object java.lang.invoke.DirectMethodHandle$Holder.newInvokeSpecial(java.lang.Object, java.lang.Object, java.lang.Object, int, int, int, int, int)'> (0x00000000cc795b78) 
thrown [s\open\src\hotspot\share\interpreter\linkResolver.cpp, line 774]
Event: 615.778 Thread 0x000001de9b225010 Exception <a 'java/lang/NoSuchMethodError'{0x00000000cc7701c0}: 'void java.lang.invoke.DirectMethodHandle$Holder.invokeStaticInit(java.lang.Object)'> (0x00000000cc7701c0) 
thrown [s\open\src\hotspot\share\interpreter\linkResolver.cpp, line 774]
Event: 626.221 Thread 0x000001de9b097ce0 Exception <a 'java/lang/NoSuchMethodError'{0x00000000ccb0fa10}: 'void java.lang.invoke.DirectMethodHandle$Holder.invokeVirtual(java.lang.Object, java.lang.Object)'> (0x00000000ccb0fa10) 
thrown [s\open\src\hotspot\share\interpreter\linkResolver.cpp, line 774]

VM Operations (20 events):
Event: 762.031 Executing VM operation: Cleanup
Event: 762.031 Executing VM operation: Cleanup done
Event: 766.048 Executing VM operation: Cleanup
Event: 766.048 Executing VM operation: Cleanup done
Event: 775.088 Executing VM operation: Cleanup
Event: 775.088 Executing VM operation: Cleanup done
Event: 785.149 Executing VM operation: Cleanup
Event: 785.149 Executing VM operation: Cleanup done
Event: 786.152 Executing VM operation: Cleanup
Event: 786.153 Executing VM operation: Cleanup done
Event: 789.179 Executing VM operation: Cleanup
Event: 789.179 Executing VM operation: Cleanup done
Event: 790.181 Executing VM operation: Cleanup
Event: 790.384 Executing VM operation: Cleanup done
Event: 791.391 Executing VM operation: Cleanup
Event: 791.391 Executing VM operation: Cleanup done
Event: 793.401 Executing VM operation: Cleanup
Event: 793.401 Executing VM operation: Cleanup done
Event: 794.407 Executing VM operation: Cleanup
Event: 794.407 Executing VM operation: Cleanup done

Events (20 events):
Event: 24.938 Thread 0x000001de9b1fae60 Thread added: 0x000001de9b1fae60
Event: 24.938 Thread 0x000001de9b1ffe80 Thread added: 0x000001de9b1ffe80
Event: 24.944 Thread 0x000001de9b206890 Thread added: 0x000001de9b206890
Event: 31.732 Thread 0x000001de9b13eb90 Thread added: 0x000001de9b13eb90
Event: 557.001 Thread 0x000001de9b206890 Thread exited: 0x000001de9b206890
Event: 564.008 Thread 0x000001de9b1fae60 Thread exited: 0x000001de9b1fae60
Event: 583.128 Thread 0x000001defd2fe6e0 Thread added: 0x000001defd2fe6e0
Event: 584.026 Thread 0x000001de9b0977a0 Thread added: 0x000001de9b0977a0
Event: 584.215 Thread 0x000001de9b097ce0 Thread added: 0x000001de9b097ce0
Event: 587.084 Thread 0x000001de9b0977a0 Thread exited: 0x000001de9b0977a0
Event: 595.979 Thread 0x000001defd2f9660 Thread added: 0x000001defd2f9660
Event: 596.978 Thread 0x000001defd2f9660 Thread exited: 0x000001defd2f9660
Event: 598.222 Thread 0x000001defd2f9660 Thread added: 0x000001defd2f9660
Event: 598.226 Thread 0x000001de9b225010 Thread added: 0x000001de9b225010
Event: 598.277 Thread 0x000001def83fa340 Thread exited: 0x000001def83fa340
Event: 598.278 Thread 0x000001def83fa340 Thread added: 0x000001def83fa340
Event: 613.355 Thread 0x000001de9b750880 Thread added: 0x000001de9b750880
Event: 619.856 Thread 0x000001de9b750880 Thread exited: 0x000001de9b750880
Event: 627.594 Thread 0x000001de9bb5d970 Thread added: 0x000001de9bb5d970
Event: 646.418 Thread 0x000001de9bddc7f0 Thread added: 0x000001de9bddc7f0


Dynamic libraries:
0x00007ff7c2490000 - 0x00007ff7c24a0000 	C:\Java\bin\java.exe
0x00007ffe43ab0000 - 0x00007ffe43ca8000 	C:\WINDOWS\SYSTEM32\ntdll.dll
0x00007ffe427a0000 - 0x00007ffe4285f000 	C:\WINDOWS\System32\KERNEL32.DLL
0x00007ffe412b0000 - 0x00007ffe41582000 	C:\WINDOWS\System32\KERNELBASE.dll
0x00007ffe411b0000 - 0x00007ffe412b0000 	C:\WINDOWS\System32\ucrtbase.dll
0x00007ffe39a70000 - 0x00007ffe39a88000 	C:\Java\bin\jli.dll
0x00007ffe42440000 - 0x00007ffe424ee000 	C:\WINDOWS\System32\ADVAPI32.dll
0x00007ffe43560000 - 0x00007ffe435fe000 	C:\WINDOWS\System32\msvcrt.dll
0x00007ffe42ca0000 - 0x00007ffe42d3c000 	C:\WINDOWS\System32\sechost.dll
0x00007ffe425a0000 - 0x00007ffe426c4000 	C:\WINDOWS\System32\RPCRT4.dll
0x00007ffe18fa0000 - 0x00007ffe18fbb000 	C:\Java\bin\VCRUNTIME140.dll
0x00007ffe433b0000 - 0x00007ffe43551000 	C:\WINDOWS\System32\USER32.dll
0x00007ffe419c0000 - 0x00007ffe419e2000 	C:\WINDOWS\System32\win32u.dll
0x00007ffe42c70000 - 0x00007ffe42c9b000 	C:\WINDOWS\System32\GDI32.dll
0x00007ffe416f0000 - 0x00007ffe417ff000 	C:\WINDOWS\System32\gdi32full.dll
0x00007ffe419f0000 - 0x00007ffe41a8d000 	C:\WINDOWS\System32\msvcp_win.dll
0x00007ffe39a90000 - 0x00007ffe39a9a000 	C:\WINDOWS\SYSTEM32\VERSION.dll
0x00007ffe2f8a0000 - 0x00007ffe2fb3a000 	C:\WINDOWS\WinSxS\amd64_microsoft.windows.common-controls_6595b64144ccf1df_6.0.19041.1110_none_60b5254171f9507e\COMCTL32.dll
0x00007ffe42d40000 - 0x00007ffe42d70000 	C:\WINDOWS\System32\IMM32.DLL
0x00007ffe26570000 - 0x00007ffe2657c000 	C:\Java\bin\vcruntime140_1.dll
0x00007ffe17ca0000 - 0x00007ffe17d2e000 	C:\Java\bin\msvcp140.dll
0x00007ffde4c40000 - 0x00007ffde5900000 	C:\Java\bin\server\jvm.dll
0x00007ffe3d8e0000 - 0x00007ffe3d8e9000 	C:\WINDOWS\SYSTEM32\WSOCK32.dll
0x00007ffe42ba0000 - 0x00007ffe42c0b000 	C:\WINDOWS\System32\WS2_32.dll
0x00007ffe396c0000 - 0x00007ffe396e7000 	C:\WINDOWS\SYSTEM32\WINMM.dll
0x00007ffe3f070000 - 0x00007ffe3f082000 	C:\WINDOWS\SYSTEM32\kernel.appcore.dll
0x00007ffe18f90000 - 0x00007ffe18f9a000 	C:\Java\bin\jimage.dll
0x00007ffe2f0c0000 - 0x00007ffe2f2a4000 	C:\WINDOWS\SYSTEM32\DBGHELP.DLL
0x00007ffe2f080000 - 0x00007ffe2f0b5000 	C:\WINDOWS\SYSTEM32\dbgcore.DLL
0x00007ffe41800000 - 0x00007ffe41882000 	C:\WINDOWS\System32\bcryptPrimitives.dll
0x00007ffe28530000 - 0x00007ffe2856c000 	C:\Java\bin\jdwp.dll
0x00007ffe18010000 - 0x00007ffe18036000 	C:\Java\bin\java.dll
0x00007ffe17f30000 - 0x00007ffe18007000 	C:\Java\bin\jsvml.dll
0x00007ffe41c70000 - 0x00007ffe423b5000 	C:\WINDOWS\System32\SHELL32.dll
0x00007ffe3f270000 - 0x00007ffe3fa02000 	C:\WINDOWS\SYSTEM32\windows.storage.dll
0x00007ffe42f20000 - 0x00007ffe43275000 	C:\WINDOWS\System32\combase.dll
0x00007ffe40ba0000 - 0x00007ffe40bd0000 	C:\WINDOWS\SYSTEM32\Wldp.dll
0x00007ffe41b00000 - 0x00007ffe41bad000 	C:\WINDOWS\System32\SHCORE.dll
0x00007ffe42b40000 - 0x00007ffe42b95000 	C:\WINDOWS\System32\shlwapi.dll
0x00007ffe410f0000 - 0x00007ffe4110f000 	C:\WINDOWS\SYSTEM32\profapi.dll
0x00007ffe17f10000 - 0x00007ffe17f23000 	C:\Java\bin\net.dll
0x00007ffe34670000 - 0x00007ffe3477a000 	C:\WINDOWS\SYSTEM32\WINHTTP.dll
0x00007ffe40890000 - 0x00007ffe408fa000 	C:\WINDOWS\system32\mswsock.dll
0x00007ffe17ef0000 - 0x00007ffe17f06000 	C:\Java\bin\nio.dll
0x00007ffe3a9a0000 - 0x00007ffe3a9ab000 	C:\Java\bin\dt_shmem.dll
0x00007ffe17ed0000 - 0x00007ffe17ee8000 	C:\Java\bin\zip.dll
0x00007ffe17d30000 - 0x00007ffe17ec1000 	C:\Java\bin\awt.dll
0x00007ffe426d0000 - 0x00007ffe4279d000 	C:\WINDOWS\System32\OLEAUT32.dll
0x00007ffe3e9d0000 - 0x00007ffe3ea60000 	C:\WINDOWS\SYSTEM32\apphelp.dll
0x00007ffe3eba0000 - 0x00007ffe3ec3e000 	C:\WINDOWS\system32\uxtheme.dll
0x00007ffe428c0000 - 0x00007ffe429d4000 	C:\WINDOWS\System32\MSCTF.dll
0x00007ffe43280000 - 0x00007ffe433aa000 	C:\WINDOWS\System32\ole32.dll
0x00007ffe3ef60000 - 0x00007ffe3ef8f000 	C:\WINDOWS\system32\DWMAPI.DLL
0x00007ffe217f0000 - 0x00007ffe21876000 	C:\Java\bin\freetype.dll
0x00007ffe21720000 - 0x00007ffe217e6000 	C:\Java\bin\fontmanager.dll
0x00007ffe18070000 - 0x00007ffe18195000 	C:\WINDOWS\system32\opengl32.dll
0x00007ffe28570000 - 0x00007ffe2859c000 	C:\WINDOWS\SYSTEM32\GLU32.dll
0x00007ffdf84a0000 - 0x00007ffdf866e000 	C:\WINDOWS\system32\d3d9.dll
0x00007ffe36a90000 - 0x00007ffe36c6d000 	C:\WINDOWS\System32\DriverStore\FileRepository\c0334186.inf_amd64_89077b1f087d60d3\B334040\aticfx64.dll
0x00007ffe21150000 - 0x00007ffe2117e000 	C:\WINDOWS\System32\DriverStore\FileRepository\c0334186.inf_amd64_89077b1f087d60d3\B334040\atiu9p64.dll
0x00007ffde3510000 - 0x00007ffde404c000 	C:\WINDOWS\System32\DriverStore\FileRepository\c0334186.inf_amd64_89077b1f087d60d3\B334040\atiumd64.dll
0x00000000530e0000 - 0x0000000053cbb000 	C:\WINDOWS\System32\DriverStore\FileRepository\c0334186.inf_amd64_89077b1f087d60d3\B334040\atiumd6a.dll
0x00007ffe41020000 - 0x00007ffe4106b000 	C:\WINDOWS\SYSTEM32\POWRPROF.dll
0x00007ffe41000000 - 0x00007ffe41012000 	C:\WINDOWS\SYSTEM32\UMPDC.dll
0x00007ffe35270000 - 0x00007ffe352ab000 	C:\WINDOWS\SYSTEM32\dxcore.dll
0x00007ffe41940000 - 0x00007ffe4198e000 	C:\WINDOWS\System32\cfgmgr32.dll
0x00007ffe424f0000 - 0x00007ffe42599000 	C:\WINDOWS\System32\clbcatq.dll
0x00007ffe3ae60000 - 0x00007ffe3b014000 	C:\WINDOWS\SYSTEM32\WindowsCodecs.dll
0x00007ffe41990000 - 0x00007ffe419b7000 	C:\WINDOWS\System32\bcrypt.dll
0x00007ffe20b30000 - 0x00007ffe20b6e000 	C:\WINDOWS\system32\dataexchange.dll
0x00007ffe3d5b0000 - 0x00007ffe3d813000 	C:\WINDOWS\system32\d3d11.dll
0x00007ffe3dec0000 - 0x00007ffe3e0a3000 	C:\WINDOWS\system32\dcomp.dll
0x00007ffe3fa70000 - 0x00007ffe3fb63000 	C:\WINDOWS\system32\dxgi.dll
0x00007ffe3abb0000 - 0x00007ffe3adb0000 	C:\WINDOWS\system32\twinapi.appcore.dll
0x00007ffe39820000 - 0x00007ffe39919000 	C:\WINDOWS\SYSTEM32\textinputframework.dll
0x00007ffe3e0b0000 - 0x00007ffe3e40e000 	C:\WINDOWS\System32\CoreUIComponents.dll
0x00007ffe402d0000 - 0x00007ffe40303000 	C:\WINDOWS\SYSTEM32\ntmarta.dll
0x00007ffe3cff0000 - 0x00007ffe3d144000 	C:\WINDOWS\SYSTEM32\wintypes.dll
0x00007ffe3e790000 - 0x00007ffe3e882000 	C:\WINDOWS\System32\CoreMessaging.dll

dbghelp: loaded successfully - version: 4.0.5 - missing functions: none
symbol engine: initialized successfully - sym options: 0x614 - pdb path: .;C:\Java\bin;C:\WINDOWS\SYSTEM32;C:\WINDOWS\WinSxS\amd64_microsoft.windows.common-controls_6595b64144ccf1df_6.0.19041.1110_none_60b5254171f9507e;C:\Java\bin\server;C:\WINDOWS\System32\DriverStore\FileRepository\c0334186.inf_amd64_89077b1f087d60d3\B334040

VM Arguments:
jvm_args: -Dfile.encoding=UTF-8 -agentlib:jdwp=transport=dt_shmem,address=javadebug6754 --module-path=C:\Users\Rioan\OneDrive\Desktop\Isaac Project\databasee_1\build\classes 
java_command: databasee.login
java_class_path (initial): C:\Users\Rioan\OneDrive\Desktop\Beginners\JCalendar.jar;C:\Users\Rioan\OneDrive\Desktop\Beginners\netbeans\java\modules\ext\AbsoluteLayout.jar;C:\Users\Rioan\OneDrive\Desktop\Isaac Project\databasee_1\build\classes
Launcher Type: SUN_STANDARD

[Global flags]
     intx CICompilerCount                          = 4                                         {product} {ergonomic}
     uint ConcGCThreads                            = 2                                         {product} {ergonomic}
     uint G1ConcRefinementThreads                  = 8                                         {product} {ergonomic}
   size_t G1HeapRegionSize                         = 1048576                                   {product} {ergonomic}
    uintx GCDrainStackTargetSize                   = 64                                        {product} {ergonomic}
   size_t InitialHeapSize                          = 58720256                                  {product} {ergonomic}
   size_t MarkStackSize                            = 4194304                                   {product} {ergonomic}
   size_t MaxHeapSize                              = 914358272                                 {product} {ergonomic}
   size_t MaxNewSize                               = 548405248                                 {product} {ergonomic}
   size_t MinHeapDeltaBytes                        = 1048576                                   {product} {ergonomic}
   size_t MinHeapSize                              = 8388608                                   {product} {ergonomic}
    uintx NonNMethodCodeHeapSize                   = 5839372                                {pd product} {ergonomic}
    uintx NonProfiledCodeHeapSize                  = 122909434                              {pd product} {ergonomic}
    uintx ProfiledCodeHeapSize                     = 122909434                              {pd product} {ergonomic}
    uintx ReservedCodeCacheSize                    = 251658240                              {pd product} {ergonomic}
     bool SegmentedCodeCache                       = true                                      {product} {ergonomic}
   size_t SoftMaxHeapSize                          = 914358272                              {manageable} {ergonomic}
     bool UseCompressedClassPointers               = true                           {product lp64_product} {ergonomic}
     bool UseCompressedOops                        = true                           {product lp64_product} {ergonomic}
     bool UseG1GC                                  = true                                      {product} {ergonomic}
     bool UseLargePagesIndividualAllocation        = false                                  {pd product} {ergonomic}

Logging:
Log output configuration:
 #0: stdout all=warning uptime,level,tags foldmultilines=false
 #1: stderr all=off uptime,level,tags foldmultilines=false

Environment Variables:
PATH=C:\Program Files\Common Files\Oracle\Java\javapath;C:\ProgramData\Oracle\Java\javapath;C:\WINDOWS\system32;C:\WINDOWS;C:\WINDOWS\System32\Wbem;C:\WINDOWS\System32\WindowsPowerShell\v1.0\;C:\WINDOWS\System32\OpenSSH\;C:\scrcpy;C:\Users\Rioan\AppData\Local\Microsoft\WindowsApps;
USERNAME=Rioan
OS=Windows_NT
PROCESSOR_IDENTIFIER=AMD64 Family 23 Model 17 Stepping 0, AuthenticAMD
TMP=C:\Users\Rioan\AppData\Local\Temp
TEMP=C:\Users\Rioan\AppData\Local\Temp



---------------  S Y S T E M  ---------------

OS:
 Windows 10 , 64 bit Build 19041 (10.0.19041.2546)
OS uptime: 0 days 0:25 hours

CPU: total 8 (initial active 8) (8 cores per cpu, 2 threads per core) family 23 model 17 stepping 0 microcode 0x0, cx8, cmov, fxsr, ht, mmx, 3dnowpref, sse, sse2, sse3, ssse3, sse4a, sse4.1, sse4.2, popcnt, lzcnt, tsc, tscinvbit, avx, avx2, aes, clmul, bmi1, bmi2, adx, sha, fma, vzeroupper, clflush, clflushopt, rdtscp

Memory: 4k page, system-wide physical 3484M (208M free)
TotalPageFile size 14236M (AvailPageFile size 9M)
current process WorkingSet (physical memory assigned to process): 52M, peak: 92M
current process commit charge ("private bytes"): 224M, peak: 227M

vm_info: Java HotSpot(TM) 64-Bit Server VM (19.0.2+7-44) for windows-amd64 JRE (19.0.2+7-44), built on 2022-11-30T18:02:09Z by "mach5one" with MS VC++ 17.1 (VS2022)

END.
