#
# There is insufficient memory for the Java Runtime Environment to continue.
# Native memory allocation (malloc) failed to allocate 32744 bytes for Chunk::new
# Possible reasons:
#   The system is out of physical RAM or swap space
#   The process is running with CompressedOops enabled, and the Java Heap may be blocking the growth of the native heap
# Possible solutions:
#   Reduce memory load on the system
#   Increase physical memory or swap space
#   Check if swap backing store is full
#   Decrease Java heap size (-Xmx/-Xms)
#   Decrease number of Java threads
#   Decrease Java thread stack sizes (-Xss)
#   Set larger code cache with -XX:ReservedCodeCacheSize=
#   JVM is running with Unscaled Compressed Oops mode in which the Java heap is
#     placed in the first 4GB address space. The Java Heap base address is the
#     maximum limit for the native heap growth. Please use -XX:HeapBaseMinAddress
#     to set the Java Heap base and to place the Java Heap above 4GB virtual address.
# This output file may be truncated or incomplete.
#
#  Out of Memory Error (arena.cpp:184), pid=21652, tid=26188
#
# JRE version: Java(TM) SE Runtime Environment (19.0.2+7) (build 19.0.2+7-44)
# Java VM: Java HotSpot(TM) 64-Bit Server VM (19.0.2+7-44, mixed mode, sharing, tiered, compressed oops, compressed class ptrs, g1 gc, windows-amd64)
# No core dump will be written. Minidumps are not enabled by default on client versions of Windows
#

---------------  S U M M A R Y ------------

Command Line: -Dfile.encoding=UTF-8 -agentlib:jdwp=transport=dt_shmem,address=javadebug7637 --module-path=C:\Users\Rioan\OneDrive\Desktop\Isaac Project\databasee_1\build\classes databasee.login

Host: AMD Ryzen 5 2500U with Radeon Vega Mobile Gfx  , 8 cores, 3G,  Windows 10 , 64 bit Build 19041 (10.0.19041.2546)
Time: Sat Apr  1 18:47:31 2023 China Standard Time elapsed time: 802.049425 seconds (0d 0h 13m 22s)

---------------  T H R E A D  ---------------

Current thread (0x00000177b1c35b80):  JavaThread "C2 CompilerThread0" daemon [_thread_in_native, id=26188, stack(0x00000054f7e00000,0x00000054f7f00000)]


Current CompileTask:
C2: 802049 2026       4       sun.java2d.SunGraphics2D::drawImage (23 bytes)

Stack: [0x00000054f7e00000,0x00000054f7f00000]
Native frames: (J=compiled Java code, j=interpreted, Vv=VM code, C=native code)
V  [jvm.dll+0x6ee21a]
V  [jvm.dll+0x85765e]
V  [jvm.dll+0x85904e]
V  [jvm.dll+0x859703]
V  [jvm.dll+0x28298f]
V  [jvm.dll+0xc9adf]
V  [jvm.dll+0xc9e65]
V  [jvm.dll+0x3bca4c]
V  [jvm.dll+0x1edf25]
V  [jvm.dll+0x24c52b]
V  [jvm.dll+0x24b781]
V  [jvm.dll+0x1d6ce1]
V  [jvm.dll+0x25b25a]
V  [jvm.dll+0x2596e8]
V  [jvm.dll+0x807588]
V  [jvm.dll+0x80125a]
V  [jvm.dll+0x6ecf0b]
C  [ucrtbase.dll+0x21bb2]
C  [KERNEL32.DLL+0x17614]
C  [ntdll.dll+0x526a1]


---------------  P R O C E S S  ---------------

Threads class SMR info:
_java_thread_list=0x00000177bbabc850, length=19, elements={
0x00000177b1bfea20, 0x00000177b1c018c0, 0x00000177b1c05db0, 0x00000177b1c066e0,
0x00000177b1c089d0, 0x00000177b1c095e0, 0x00000177b1c35b80, 0x00000177b1c38840,
0x00000177b1c44b50, 0x00000177b1bec0d0, 0x00000177b61bc050, 0x00000177b6222b40,
0x00000177b61a7690, 0x00000177b620ad00, 0x00000177b6160800, 0x00000177b6161550,
0x0000017795f1b8c0, 0x00000177b66b65a0, 0x00000177b66e39b0
}

Java Threads: ( => current thread )
  0x00000177b1bfea20 JavaThread "Reference Handler" daemon [_thread_blocked, id=26072, stack(0x00000054f7800000,0x00000054f7900000)]
  0x00000177b1c018c0 JavaThread "Finalizer" daemon [_thread_blocked, id=26092, stack(0x00000054f7900000,0x00000054f7a00000)]
  0x00000177b1c05db0 JavaThread "Signal Dispatcher" daemon [_thread_blocked, id=26120, stack(0x00000054f7a00000,0x00000054f7b00000)]
  0x00000177b1c066e0 JavaThread "Attach Listener" daemon [_thread_blocked, id=26144, stack(0x00000054f7b00000,0x00000054f7c00000)]
  0x00000177b1c089d0 JavaThread "Service Thread" daemon [_thread_blocked, id=26160, stack(0x00000054f7c00000,0x00000054f7d00000)]
  0x00000177b1c095e0 JavaThread "Monitor Deflation Thread" daemon [_thread_blocked, id=26172, stack(0x00000054f7d00000,0x00000054f7e00000)]
=>0x00000177b1c35b80 JavaThread "C2 CompilerThread0" daemon [_thread_in_native, id=26188, stack(0x00000054f7e00000,0x00000054f7f00000)]
  0x00000177b1c38840 JavaThread "C1 CompilerThread0" daemon [_thread_blocked, id=26204, stack(0x00000054f7f00000,0x00000054f8000000)]
  0x00000177b1c44b50 JavaThread "Sweeper thread" daemon [_thread_blocked, id=26224, stack(0x00000054f8000000,0x00000054f8100000)]
  0x00000177b1bec0d0 JavaThread "Common-Cleaner" daemon [_thread_blocked, id=21188, stack(0x00000054f6e00000,0x00000054f6f00000)]
  0x00000177b61bc050 JavaThread "JDWP Event Helper Thread" daemon [_thread_blocked, id=26936, stack(0x00000054f7000000,0x00000054f7100000)]
  0x00000177b6222b40 JavaThread "Notification Thread" daemon [_thread_blocked, id=28932, stack(0x00000054f8300000,0x00000054f8400000)]
  0x00000177b61a7690 JavaThread "Java2D Disposer" daemon [_thread_blocked, id=28848, stack(0x00000054f8400000,0x00000054f8500000)]
  0x00000177b620ad00 JavaThread "AWT-Windows" daemon [_thread_in_native, id=10124, stack(0x00000054f8600000,0x00000054f8700000)]
  0x00000177b6160800 JavaThread "AWT-Shutdown" [_thread_blocked, id=8668, stack(0x00000054f8500000,0x00000054f8600000)]
  0x00000177b6161550 JavaThread "AWT-EventQueue-0" [_thread_in_native, id=4040, stack(0x00000054f8700000,0x00000054f8800000)]
  0x0000017795f1b8c0 JavaThread "DestroyJavaVM" [_thread_blocked, id=24916, stack(0x00000054f7100000,0x00000054f7200000)]
  0x00000177b66b65a0 JavaThread "D3D Screen Updater" daemon [_thread_blocked, id=6496, stack(0x00000054f9200000,0x00000054f9300000)]
  0x00000177b66e39b0 JavaThread "TimerQueue" daemon [_thread_in_vm, id=11896, stack(0x00000054f9300000,0x00000054f9400000)]

Other Threads:
  0x0000017795fe78b0 VMThread "VM Thread" [stack: 0x00000054f7700000,0x00000054f7800000] [id=25468]
  0x00000177b60fc940 WatcherThread "VM Periodic Task Thread" [stack: 0x00000054f6f00000,0x00000054f7000000] [id=29644]
  0x0000017795f58da0 WorkerThread "GC Thread#0" [stack: 0x00000054f7200000,0x00000054f7300000] [id=25012]
  0x0000017795f61a10 ConcurrentGCThread "G1 Main Marker" [stack: 0x00000054f7300000,0x00000054f7400000] [id=25016]
  0x0000017795f625e0 WorkerThread "G1 Conc#0" [stack: 0x00000054f7400000,0x00000054f7500000] [id=25020]
  0x0000017795fc81c0 ConcurrentGCThread "G1 Refine#0" [stack: 0x00000054f7500000,0x00000054f7600000] [id=25040]
  0x0000017795fc8d00 ConcurrentGCThread "G1 Service" [stack: 0x00000054f7600000,0x00000054f7700000] [id=25044]

Threads with active compile tasks:
C2 CompilerThread0   804771 2026       4       sun.java2d.SunGraphics2D::drawImage (23 bytes)

VM state: not at safepoint (normal execution)

VM Mutex/Monitor currently owned by a thread: None

Heap address: 0x00000000c9800000, size: 872 MB, Compressed Oops mode: 32-bit

CDS archive(s) mapped at: [0x0000000800000000-0x0000000800c40000-0x0000000800c40000), size 12845056, SharedBaseAddress: 0x0000000800000000, ArchiveRelocationMode: 0.
Compressed class space mapped at: 0x0000000801000000-0x0000000841000000, reserved size: 1073741824
Narrow klass base: 0x0000000800000000, Narrow klass shift: 0, Narrow klass range: 0x100000000

GC Precious Log:
 CardTable entry size: 512
 Card Set container configuration: InlinePtr #cards 5 size 8 Array Of Cards #cards 12 size 40 Howl #buckets 4 coarsen threshold 1843 Howl Bitmap #cards 512 size 80 coarsen threshold 460 Card regions per heap region 1 cards per card region 2048
 CPUs: 8 total, 8 available
 Memory: 3484M
 Large Page Support: Disabled
 NUMA Support: Disabled
 Compressed Oops: Enabled (32-bit)
 Heap Region Size: 1M
 Heap Min Capacity: 8M
 Heap Initial Capacity: 56M
 Heap Max Capacity: 872M
 Pre-touch: Disabled
 Parallel Workers: 8
 Concurrent Workers: 2
 Concurrent Refinement Workers: 8
 Periodic GC: Disabled

Heap:
 garbage-first heap   total 57344K, used 22528K [0x00000000c9800000, 0x0000000100000000)
  region size 1024K, 20 young (20480K), 0 survivors (0K)
 Metaspace       used 10987K, committed 11200K, reserved 1114112K
  class space    used 1166K, committed 1280K, reserved 1048576K

Heap Regions: E=young(eden), S=young(survivor), O=old, HS=humongous(starts), HC=humongous(continues), CS=collection set, F=free, OA=open archive, CA=closed archive, TAMS=top-at-mark-start (previous, next)
|   0|0x00000000c9800000, 0x00000000c9900000, 0x00000000c9900000|100%|HS|  |TAMS 0x00000000c9800000, 0x00000000c9800000| Complete 
|   1|0x00000000c9900000, 0x00000000c9a00000, 0x00000000c9a00000|100%|HC|  |TAMS 0x00000000c9900000, 0x00000000c9900000| Complete 
|   2|0x00000000c9a00000, 0x00000000c9b00000, 0x00000000c9b00000|100%|HC|  |TAMS 0x00000000c9a00000, 0x00000000c9a00000| Complete 
|   3|0x00000000c9b00000, 0x00000000c9b00000, 0x00000000c9c00000|  0%| F|  |TAMS 0x00000000c9b00000, 0x00000000c9b00000| Untracked 
|   4|0x00000000c9c00000, 0x00000000c9c00000, 0x00000000c9d00000|  0%| F|  |TAMS 0x00000000c9c00000, 0x00000000c9c00000| Untracked 
|   5|0x00000000c9d00000, 0x00000000c9d00000, 0x00000000c9e00000|  0%| F|  |TAMS 0x00000000c9d00000, 0x00000000c9d00000| Untracked 
|   6|0x00000000c9e00000, 0x00000000c9e00000, 0x00000000c9f00000|  0%| F|  |TAMS 0x00000000c9e00000, 0x00000000c9e00000| Untracked 
|   7|0x00000000c9f00000, 0x00000000c9f00000, 0x00000000ca000000|  0%| F|  |TAMS 0x00000000c9f00000, 0x00000000c9f00000| Untracked 
|   8|0x00000000ca000000, 0x00000000ca000000, 0x00000000ca100000|  0%| F|  |TAMS 0x00000000ca000000, 0x00000000ca000000| Untracked 
|   9|0x00000000ca100000, 0x00000000ca100000, 0x00000000ca200000|  0%| F|  |TAMS 0x00000000ca100000, 0x00000000ca100000| Untracked 
|  10|0x00000000ca200000, 0x00000000ca200000, 0x00000000ca300000|  0%| F|  |TAMS 0x00000000ca200000, 0x00000000ca200000| Untracked 
|  11|0x00000000ca300000, 0x00000000ca300000, 0x00000000ca400000|  0%| F|  |TAMS 0x00000000ca300000, 0x00000000ca300000| Untracked 
|  12|0x00000000ca400000, 0x00000000ca400000, 0x00000000ca500000|  0%| F|  |TAMS 0x00000000ca400000, 0x00000000ca400000| Untracked 
|  13|0x00000000ca500000, 0x00000000ca500000, 0x00000000ca600000|  0%| F|  |TAMS 0x00000000ca500000, 0x00000000ca500000| Untracked 
|  14|0x00000000ca600000, 0x00000000ca600000, 0x00000000ca700000|  0%| F|  |TAMS 0x00000000ca600000, 0x00000000ca600000| Untracked 
|  15|0x00000000ca700000, 0x00000000ca700000, 0x00000000ca800000|  0%| F|  |TAMS 0x00000000ca700000, 0x00000000ca700000| Untracked 
|  16|0x00000000ca800000, 0x00000000ca800000, 0x00000000ca900000|  0%| F|  |TAMS 0x00000000ca800000, 0x00000000ca800000| Untracked 
|  17|0x00000000ca900000, 0x00000000ca900000, 0x00000000caa00000|  0%| F|  |TAMS 0x00000000ca900000, 0x00000000ca900000| Untracked 
|  18|0x00000000caa00000, 0x00000000caa00000, 0x00000000cab00000|  0%| F|  |TAMS 0x00000000caa00000, 0x00000000caa00000| Untracked 
|  19|0x00000000cab00000, 0x00000000cab00000, 0x00000000cac00000|  0%| F|  |TAMS 0x00000000cab00000, 0x00000000cab00000| Untracked 
|  20|0x00000000cac00000, 0x00000000cac00000, 0x00000000cad00000|  0%| F|  |TAMS 0x00000000cac00000, 0x00000000cac00000| Untracked 
|  21|0x00000000cad00000, 0x00000000cad00000, 0x00000000cae00000|  0%| F|  |TAMS 0x00000000cad00000, 0x00000000cad00000| Untracked 
|  22|0x00000000cae00000, 0x00000000cae00000, 0x00000000caf00000|  0%| F|  |TAMS 0x00000000cae00000, 0x00000000cae00000| Untracked 
|  23|0x00000000caf00000, 0x00000000caf00000, 0x00000000cb000000|  0%| F|  |TAMS 0x00000000caf00000, 0x00000000caf00000| Untracked 
|  24|0x00000000cb000000, 0x00000000cb000000, 0x00000000cb100000|  0%| F|  |TAMS 0x00000000cb000000, 0x00000000cb000000| Untracked 
|  25|0x00000000cb100000, 0x00000000cb100000, 0x00000000cb200000|  0%| F|  |TAMS 0x00000000cb100000, 0x00000000cb100000| Untracked 
|  26|0x00000000cb200000, 0x00000000cb200000, 0x00000000cb300000|  0%| F|  |TAMS 0x00000000cb200000, 0x00000000cb200000| Untracked 
|  27|0x00000000cb300000, 0x00000000cb300000, 0x00000000cb400000|  0%| F|  |TAMS 0x00000000cb300000, 0x00000000cb300000| Untracked 
|  28|0x00000000cb400000, 0x00000000cb400000, 0x00000000cb500000|  0%| F|  |TAMS 0x00000000cb400000, 0x00000000cb400000| Untracked 
|  29|0x00000000cb500000, 0x00000000cb500000, 0x00000000cb600000|  0%| F|  |TAMS 0x00000000cb500000, 0x00000000cb500000| Untracked 
|  30|0x00000000cb600000, 0x00000000cb600000, 0x00000000cb700000|  0%| F|  |TAMS 0x00000000cb600000, 0x00000000cb600000| Untracked 
|  31|0x00000000cb700000, 0x00000000cb700000, 0x00000000cb800000|  0%| F|  |TAMS 0x00000000cb700000, 0x00000000cb700000| Untracked 
|  32|0x00000000cb800000, 0x00000000cb800000, 0x00000000cb900000|  0%| F|  |TAMS 0x00000000cb800000, 0x00000000cb800000| Untracked 
|  33|0x00000000cb900000, 0x00000000cb900000, 0x00000000cba00000|  0%| F|  |TAMS 0x00000000cb900000, 0x00000000cb900000| Untracked 
|  34|0x00000000cba00000, 0x00000000cba00000, 0x00000000cbb00000|  0%| F|  |TAMS 0x00000000cba00000, 0x00000000cba00000| Untracked 
|  35|0x00000000cbb00000, 0x00000000cbb00000, 0x00000000cbc00000|  0%| F|  |TAMS 0x00000000cbb00000, 0x00000000cbb00000| Untracked 
|  36|0x00000000cbc00000, 0x00000000cbcec198, 0x00000000cbd00000| 92%| E|  |TAMS 0x00000000cbc00000, 0x00000000cbc00000| Complete 
|  37|0x00000000cbd00000, 0x00000000cbe00000, 0x00000000cbe00000|100%| E|CS|TAMS 0x00000000cbd00000, 0x00000000cbd00000| Complete 
|  38|0x00000000cbe00000, 0x00000000cbf00000, 0x00000000cbf00000|100%| E|CS|TAMS 0x00000000cbe00000, 0x00000000cbe00000| Complete 
|  39|0x00000000cbf00000, 0x00000000cc000000, 0x00000000cc000000|100%| E|CS|TAMS 0x00000000cbf00000, 0x00000000cbf00000| Complete 
|  40|0x00000000cc000000, 0x00000000cc100000, 0x00000000cc100000|100%| E|CS|TAMS 0x00000000cc000000, 0x00000000cc000000| Complete 
|  41|0x00000000cc100000, 0x00000000cc200000, 0x00000000cc200000|100%| E|CS|TAMS 0x00000000cc100000, 0x00000000cc100000| Complete 
|  42|0x00000000cc200000, 0x00000000cc300000, 0x00000000cc300000|100%| E|CS|TAMS 0x00000000cc200000, 0x00000000cc200000| Complete 
|  43|0x00000000cc300000, 0x00000000cc400000, 0x00000000cc400000|100%| E|CS|TAMS 0x00000000cc300000, 0x00000000cc300000| Complete 
|  44|0x00000000cc400000, 0x00000000cc500000, 0x00000000cc500000|100%| E|CS|TAMS 0x00000000cc400000, 0x00000000cc400000| Complete 
|  45|0x00000000cc500000, 0x00000000cc600000, 0x00000000cc600000|100%| E|CS|TAMS 0x00000000cc500000, 0x00000000cc500000| Complete 
|  46|0x00000000cc600000, 0x00000000cc700000, 0x00000000cc700000|100%| E|CS|TAMS 0x00000000cc600000, 0x00000000cc600000| Complete 
|  47|0x00000000cc700000, 0x00000000cc800000, 0x00000000cc800000|100%| E|CS|TAMS 0x00000000cc700000, 0x00000000cc700000| Complete 
|  48|0x00000000cc800000, 0x00000000cc900000, 0x00000000cc900000|100%| E|CS|TAMS 0x00000000cc800000, 0x00000000cc800000| Complete 
|  49|0x00000000cc900000, 0x00000000cca00000, 0x00000000cca00000|100%| E|CS|TAMS 0x00000000cc900000, 0x00000000cc900000| Complete 
|  50|0x00000000cca00000, 0x00000000ccb00000, 0x00000000ccb00000|100%| E|CS|TAMS 0x00000000cca00000, 0x00000000cca00000| Complete 
|  51|0x00000000ccb00000, 0x00000000ccc00000, 0x00000000ccc00000|100%| E|CS|TAMS 0x00000000ccb00000, 0x00000000ccb00000| Complete 
|  52|0x00000000ccc00000, 0x00000000ccd00000, 0x00000000ccd00000|100%| E|CS|TAMS 0x00000000ccc00000, 0x00000000ccc00000| Complete 
|  53|0x00000000ccd00000, 0x00000000cce00000, 0x00000000cce00000|100%| E|CS|TAMS 0x00000000ccd00000, 0x00000000ccd00000| Complete 
|  54|0x00000000cce00000, 0x00000000ccf00000, 0x00000000ccf00000|100%| E|CS|TAMS 0x00000000cce00000, 0x00000000cce00000| Complete 
|  55|0x00000000ccf00000, 0x00000000cd000000, 0x00000000cd000000|100%| E|CS|TAMS 0x00000000ccf00000, 0x00000000ccf00000| Complete 

Card table byte_map: [0x00000177ad390000,0x00000177ad550000] _byte_map_base: 0x00000177acd44000

Marking Bits (Prev, Next): (CMBitMap*) 0x0000017795f5a3e0, (CMBitMap*) 0x0000017795f5a420
 Prev Bits: [0x00000177ad710000, 0x00000177ae4b0000)
 Next Bits: [0x00000177ae4b0000, 0x00000177af250000)

Polling page: 0x00000177940c0000

Metaspace:

Usage:
  Non-class:      9.59 MB used.
      Class:      1.14 MB used.
       Both:     10.73 MB used.

Virtual space:
  Non-class space:       64.00 MB reserved,       9.69 MB ( 15%) committed,  1 nodes.
      Class space:        1.00 GB reserved,       1.25 MB ( <1%) committed,  1 nodes.
             Both:        1.06 GB reserved,      10.94 MB (  1%) committed. 

Chunk freelists:
   Non-Class:  2.00 MB
       Class:  2.74 MB
        Both:  4.75 MB

MaxMetaspaceSize: unlimited
CompressedClassSpaceSize: 1.00 GB
Initial GC threshold: 21.00 MB
Current GC threshold: 21.00 MB
CDS: on
MetaspaceReclaimPolicy: balanced
 - commit_granule_bytes: 65536.
 - commit_granule_words: 8192.
 - virtual_space_node_default_size: 8388608.
 - enlarge_chunks_in_place: 1.
 - new_chunks_are_fully_committed: 0.
 - uncommit_free_chunks: 1.
 - use_allocation_guard: 0.


Internal statistics:

num_allocs_failed_limit: 0.
num_arena_births: 164.
num_arena_deaths: 0.
num_vsnodes_births: 2.
num_vsnodes_deaths: 0.
num_space_committed: 175.
num_space_uncommitted: 0.
num_chunks_returned_to_freelist: 0.
num_chunks_taken_from_freelist: 204.
num_chunk_merges: 0.
num_chunk_splits: 127.
num_chunks_enlarged: 71.
num_inconsistent_stats: 0.

CodeHeap 'non-profiled nmethods': size=120000Kb used=907Kb max_used=907Kb free=119092Kb
 bounds [0x00000177a5960000, 0x00000177a5bd0000, 0x00000177ace90000]
CodeHeap 'profiled nmethods': size=120000Kb used=3776Kb max_used=3776Kb free=116223Kb
 bounds [0x000001779de90000, 0x000001779e250000, 0x00000177a53c0000]
CodeHeap 'non-nmethods': size=5760Kb used=1481Kb max_used=1531Kb free=4278Kb
 bounds [0x00000177a53c0000, 0x00000177a5630000, 0x00000177a5960000]
 total_blobs=2698 nmethods=2020 adapters=589
 compilation: enabled
              stopped_count=0, restarted_count=0
 full_count=0

Compilation events (20 events):
Event: 763.342 Thread 0x00000177b1c38840 nmethod 2016 0x000001779e23b990 code [0x000001779e23bd00, 0x000001779e23d338]
Event: 763.342 Thread 0x00000177b1c38840 2015   !   3       sun.awt.AWTAutoShutdown::notifyThreadFree (74 bytes)
Event: 763.342 Thread 0x00000177b1c38840 nmethod 2015 0x000001779e23db90 code [0x000001779e23dd80, 0x000001779e23e2a8]
Event: 768.777 Thread 0x00000177b1c35b80 2017   !   4       sun.java2d.d3d.D3DBlitLoops::IsoBlit (202 bytes)
Event: 768.777 Thread 0x00000177b1c38840 2018   !   3       sun.java2d.d3d.D3DScreenUpdateManager::runUpdateNow (99 bytes)
Event: 768.777 Thread 0x00000177b1c38840 nmethod 2018 0x000001779e23e590 code [0x000001779e23e7a0, 0x000001779e23eeb8]
Event: 768.832 Thread 0x00000177b1c35b80 nmethod 2017 0x00000177a5a3c010 code [0x00000177a5a3c260, 0x00000177a5a3e1d0]
Event: 768.934 Thread 0x00000177b1c35b80 2019       4       java.awt.geom.Rectangle2D$Double::<init> (15 bytes)
Event: 768.934 Thread 0x00000177b1c35b80 nmethod 2019 0x00000177a5a3fb10 code [0x00000177a5a3fc80, 0x00000177a5a3fd18]
Event: 769.377 Thread 0x00000177b1c35b80 2020       4       sun.awt.Win32GraphicsConfig::getDefaultTransform (24 bytes)
Event: 769.378 Thread 0x00000177b1c35b80 nmethod 2020 0x00000177a5a3fe10 code [0x00000177a5a3ffc0, 0x00000177a5a40158]
Event: 769.378 Thread 0x00000177b1c35b80 2021       4       java.awt.geom.AffineTransform::setToScale (66 bytes)
Event: 769.379 Thread 0x00000177b1c35b80 nmethod 2021 0x00000177a5a40310 code [0x00000177a5a404c0, 0x00000177a5a405b8]
Event: 774.989 Thread 0x00000177b1c35b80 2023       4       sun.java2d.pipe.DrawImage::scaleImage (488 bytes)
Event: 775.003 Thread 0x00000177b1c35b80 nmethod 2023 0x00000177a5a40690 code [0x00000177a5a408c0, 0x00000177a5a41d68]
Event: 776.523 Thread 0x00000177b1c38840 2024       3       java.util.concurrent.ForkJoinPool::unmanagedBlock (31 bytes)
Event: 776.650 Thread 0x00000177b1c38840 nmethod 2024 0x000001779e23f190 code [0x000001779e23f3e0, 0x000001779e23fdc8]
Event: 782.095 Thread 0x00000177b1c35b80 2025       4       java.util.PriorityQueue::peek (7 bytes)
Event: 782.096 Thread 0x00000177b1c35b80 nmethod 2025 0x00000177a5a42c90 code [0x00000177a5a42e20, 0x00000177a5a42ed8]
Event: 798.807 Thread 0x00000177b1c35b80 2026       4       sun.java2d.SunGraphics2D::drawImage (23 bytes)

GC Heap History (0 events):
No events

Dll operation events (9 events):
Event: 0.473 Loaded shared library C:\Java\bin\java.dll
Event: 7.099 Loaded shared library C:\Java\bin\jsvml.dll
Event: 125.748 Loaded shared library C:\Java\bin\net.dll
Event: 128.587 Loaded shared library C:\Java\bin\nio.dll
Event: 544.387 Loaded shared library C:\Java\bin\zip.dll
Event: 550.944 Loaded shared library C:\Java\bin\jimage.dll
Event: 556.021 Loaded shared library C:\Java\bin\awt.dll
Event: 561.888 Loaded shared library C:\Java\bin\freetype.dll
Event: 561.992 Loaded shared library C:\Java\bin\fontmanager.dll

Deoptimization events (20 events):
Event: 622.019 Thread 0x00000177b6161550 DEOPT PACKING pc=0x000001779e0278f8 sp=0x00000054f87fd250
Event: 622.019 Thread 0x00000177b6161550 DEOPT UNPACKING pc=0x00000177a5427543 sp=0x00000054f87fc650 mode 0
Event: 622.103 Thread 0x00000177b6161550 DEOPT PACKING pc=0x000001779e013e21 sp=0x00000054f87fce90
Event: 622.103 Thread 0x00000177b6161550 DEOPT UNPACKING pc=0x00000177a5427543 sp=0x00000054f87fc300 mode 0
Event: 622.105 Thread 0x00000177b6161550 DEOPT PACKING pc=0x000001779e02aec4 sp=0x00000054f87fd220
Event: 622.105 Thread 0x00000177b6161550 DEOPT UNPACKING pc=0x00000177a5427543 sp=0x00000054f87fc6b0 mode 0
Event: 633.712 Thread 0x00000177b6161550 DEOPT PACKING pc=0x000001779e05d565 sp=0x00000054f87fd270
Event: 633.713 Thread 0x00000177b6161550 DEOPT UNPACKING pc=0x00000177a5427543 sp=0x00000054f87fc6c8 mode 0
Event: 646.570 Thread 0x00000177b6161550 DEOPT PACKING pc=0x000001779e0d48f2 sp=0x00000054f87fd2d0
Event: 646.570 Thread 0x00000177b6161550 DEOPT UNPACKING pc=0x00000177a5427543 sp=0x00000054f87fc6f0 mode 0
Event: 647.754 Thread 0x00000177b6161550 DEOPT PACKING pc=0x000001779e0ac59a sp=0x00000054f87fd0a0
Event: 647.754 Thread 0x00000177b6161550 DEOPT UNPACKING pc=0x00000177a5427543 sp=0x00000054f87fc520 mode 0
Event: 650.661 Thread 0x00000177b6161550 DEOPT PACKING pc=0x000001779e02da41 sp=0x00000054f87fd2a0
Event: 650.661 Thread 0x00000177b6161550 DEOPT UNPACKING pc=0x00000177a5427543 sp=0x00000054f87fc730 mode 0
Event: 654.693 Thread 0x00000177b6161550 DEOPT PACKING pc=0x000001779e041d6f sp=0x00000054f87fd2b0
Event: 654.693 Thread 0x00000177b6161550 DEOPT UNPACKING pc=0x00000177a5427543 sp=0x00000054f87fc6d0 mode 0
Event: 663.780 Thread 0x00000177b6161550 DEOPT PACKING pc=0x000001779e0cf388 sp=0x00000054f87fd030
Event: 663.780 Thread 0x00000177b6161550 DEOPT UNPACKING pc=0x00000177a5427543 sp=0x00000054f87fc3e8 mode 0
Event: 677.435 Thread 0x00000177b6161550 DEOPT PACKING pc=0x000001779e13aeed sp=0x00000054f87fcdc0
Event: 677.435 Thread 0x00000177b6161550 DEOPT UNPACKING pc=0x00000177a5427543 sp=0x00000054f87fc260 mode 0

Classes loaded (20 events):
Event: 616.979 Loading class java/util/concurrent/BlockingQueue done
Event: 616.979 Loading class java/util/concurrent/DelayQueue done
Event: 616.979 Loading class java/util/PriorityQueue
Event: 617.186 Loading class java/util/PriorityQueue done
Event: 617.712 Loading class javax/swing/TimerQueue$DelayedTimer
Event: 617.712 Loading class java/util/concurrent/Delayed
Event: 617.712 Loading class java/util/concurrent/Delayed done
Event: 617.712 Loading class javax/swing/TimerQueue$DelayedTimer done
Event: 617.713 Loading class java/awt/TextComponent
Event: 617.715 Loading class java/awt/TextComponent done
Event: 617.716 Loading class java/util/concurrent/TimeUnit$1
Event: 617.716 Loading class java/util/concurrent/TimeUnit$1 done
Event: 617.718 Loading class java/awt/geom/Path2D$Float$TxIterator
Event: 618.121 Loading class java/awt/geom/Path2D$Iterator
Event: 618.163 Loading class java/awt/geom/Path2D$Iterator done
Event: 618.163 Loading class java/awt/geom/Path2D$Float$TxIterator done
Event: 619.485 Loading class javax/swing/Timer$1
Event: 619.485 Loading class javax/swing/Timer$1 done
Event: 768.578 Loading class java/awt/image/BufferedImageOp
Event: 768.777 Loading class java/awt/image/BufferedImageOp done

Classes unloaded (0 events):
No events

Classes redefined (0 events):
No events

Internal exceptions (20 events):
Event: 565.527 Thread 0x0000017795f1b8c0 Exception <a 'java/lang/ClassNotFoundException'{0x00000000cc9656d8}: ToggleButton> (0x00000000cc9656d8) 
thrown [s\open\src\hotspot\share\classfile\systemDictionary.cpp, line 255]
Event: 565.527 Thread 0x0000017795f1b8c0 Exception <a 'java/lang/ClassNotFoundException'{0x00000000cc965b18}: javax/swing/JToolBarSeparator> (0x00000000cc965b18) 
thrown [s\open\src\hotspot\share\classfile\systemDictionary.cpp, line 255]
Event: 565.527 Thread 0x0000017795f1b8c0 Exception <a 'java/lang/ClassNotFoundException'{0x00000000cc965e28}: ToolBarSeparator> (0x00000000cc965e28) 
thrown [s\open\src\hotspot\share\classfile\systemDictionary.cpp, line 255]
Event: 565.528 Thread 0x0000017795f1b8c0 Exception <a 'java/lang/ClassNotFoundException'{0x00000000cc966340}: ToolTip> (0x00000000cc966340) 
thrown [s\open\src\hotspot\share\classfile\systemDictionary.cpp, line 255]
Event: 565.530 Thread 0x0000017795f1b8c0 Exception <a 'java/lang/ClassNotFoundException'{0x00000000cc966c90}: Tree> (0x00000000cc966c90) 
thrown [s\open\src\hotspot\share\classfile\systemDictionary.cpp, line 255]
Event: 565.530 Thread 0x0000017795f1b8c0 Exception <a 'java/lang/ClassNotFoundException'{0x00000000cc967188}: Tree> (0x00000000cc967188) 
thrown [s\open\src\hotspot\share\classfile\systemDictionary.cpp, line 255]
Event: 565.530 Thread 0x0000017795f1b8c0 Exception <a 'java/lang/ClassNotFoundException'{0x00000000cc9674f8}: javax/swing/JTreeCell> (0x00000000cc9674f8) 
thrown [s\open\src\hotspot\share\classfile\systemDictionary.cpp, line 255]
Event: 565.530 Thread 0x0000017795f1b8c0 Exception <a 'java/lang/ClassNotFoundException'{0x00000000cc967800}: TreeCell> (0x00000000cc967800) 
thrown [s\open\src\hotspot\share\classfile\systemDictionary.cpp, line 255]
Event: 565.531 Thread 0x0000017795f1b8c0 Exception <a 'java/lang/ClassNotFoundException'{0x00000000cc967fb8}: RootPane> (0x00000000cc967fb8) 
thrown [s\open\src\hotspot\share\classfile\systemDictionary.cpp, line 255]
Event: 566.166 Thread 0x0000017795f1b8c0 Exception <a 'java/lang/ClassNotFoundException'{0x00000000cc96adc8}: com/sun/swing/internal/plaf/metal/resources/spi/metalProvider> (0x00000000cc96adc8) 
thrown [s\open\src\hotspot\share\classfile\systemDictionary.cpp, line 255]
Event: 566.536 Thread 0x0000017795f1b8c0 Exception <a 'java/lang/ClassNotFoundException'{0x00000000cc96ea48}: com/sun/swing/internal/plaf/basic/resources/spi/basicProvider> (0x00000000cc96ea48) 
thrown [s\open\src\hotspot\share\classfile\systemDictionary.cpp, line 255]
Event: 579.802 Thread 0x00000177b6161550 Exception <a 'java/lang/ClassNotFoundException'{0x00000000cc815dc0}: com/sun/swing/internal/plaf/synth/resources/spi/synthProvider> (0x00000000cc815dc0) 
thrown [s\open\src\hotspot\share\classfile\systemDictionary.cpp, line 255]
Event: 581.196 Thread 0x00000177b6161550 Exception <a 'java/lang/NoSuchMethodError'{0x00000000cc8595b0}: 'int java.lang.invoke.Invokers$Holder.invokeExact_MT(java.lang.Object, java.lang.Object)'> (0x00000000cc8595b0) 
thrown [s\open\src\hotspot\share\interpreter\linkResolver.cpp, line 774]
Event: 581.423 Thread 0x00000177b6161550 Exception <a 'java/lang/NoSuchMethodError'{0x00000000cc865af8}: 'java.lang.Object java.lang.invoke.DirectMethodHandle$Holder.newInvokeSpecial(java.lang.Object, java.lang.Object, int)'> (0x00000000cc865af8) 
thrown [s\open\src\hotspot\share\interpreter\linkResolver.cpp, line 774]
Event: 581.847 Thread 0x00000177b6161550 Exception <a 'java/lang/NoSuchMethodError'{0x00000000cc86ad40}: 'int java.lang.invoke.DirectMethodHandle$Holder.invokeSpecial(java.lang.Object, java.lang.Object, java.lang.Object, int)'> (0x00000000cc86ad40) 
thrown [s\open\src\hotspot\share\interpreter\linkResolver.cpp, line 774]
Event: 581.854 Thread 0x00000177b6161550 Exception <a 'java/lang/NoSuchMethodError'{0x00000000cc87d888}: 'java.lang.Object java.lang.invoke.DirectMethodHandle$Holder.invokeStatic(java.lang.Object, java.lang.Object, java.lang.Object, java.lang.Object, int)'> (0x00000000cc87d888) 
thrown [s\open\src\hotspot\share\interpreter\linkResolver.cpp, line 774]
Event: 581.859 Thread 0x00000177b6161550 Exception <a 'java/lang/NoSuchMethodError'{0x00000000cc886290}: 'int java.lang.invoke.DirectMethodHandle$Holder.invokeSpecial(java.lang.Object, java.lang.Object, java.lang.Object)'> (0x00000000cc886290) 
thrown [s\open\src\hotspot\share\interpreter\linkResolver.cpp, line 774]
Event: 584.384 Thread 0x00000177b67375c0 Exception <a 'java/lang/NoSuchMethodError'{0x00000000cc8fb810}: 'java.lang.Object java.lang.invoke.DirectMethodHandle$Holder.newInvokeSpecial(java.lang.Object, java.lang.Object, java.lang.Object, int, int, int, int, int)'> (0x00000000cc8fb810) 
thrown [s\open\src\hotspot\share\interpreter\linkResolver.cpp, line 774]
Event: 586.784 Thread 0x00000177b6161550 Exception <a 'java/lang/NoSuchMethodError'{0x00000000cc4853c0}: 'void java.lang.invoke.DirectMethodHandle$Holder.invokeStaticInit(java.lang.Object)'> (0x00000000cc4853c0) 
thrown [s\open\src\hotspot\share\interpreter\linkResolver.cpp, line 774]
Event: 597.090 Thread 0x00000177b620ad00 Exception <a 'java/lang/NoSuchMethodError'{0x00000000ccb0fa10}: 'void java.lang.invoke.DirectMethodHandle$Holder.invokeVirtual(java.lang.Object, java.lang.Object)'> (0x00000000ccb0fa10) 
thrown [s\open\src\hotspot\share\interpreter\linkResolver.cpp, line 774]

VM Operations (20 events):
Event: 718.684 Executing VM operation: Cleanup
Event: 718.685 Executing VM operation: Cleanup done
Event: 719.688 Executing VM operation: Cleanup
Event: 719.689 Executing VM operation: Cleanup done
Event: 720.690 Executing VM operation: Cleanup
Event: 720.690 Executing VM operation: Cleanup done
Event: 726.736 Executing VM operation: Cleanup
Event: 726.736 Executing VM operation: Cleanup done
Event: 727.738 Executing VM operation: Cleanup
Event: 727.738 Executing VM operation: Cleanup done
Event: 748.831 Executing VM operation: Cleanup
Event: 748.831 Executing VM operation: Cleanup done
Event: 752.857 Executing VM operation: Cleanup
Event: 752.857 Executing VM operation: Cleanup done
Event: 758.908 Executing VM operation: Cleanup
Event: 758.908 Executing VM operation: Cleanup done
Event: 759.912 Executing VM operation: Cleanup
Event: 759.912 Executing VM operation: Cleanup done
Event: 760.921 Executing VM operation: Cleanup
Event: 760.921 Executing VM operation: Cleanup done

Events (20 events):
Event: 213.970 Thread 0x00000177b61be840 Thread added: 0x00000177b61be840
Event: 213.971 Thread 0x00000177b61bc050 Thread added: 0x00000177b61bc050
Event: 213.972 Thread 0x00000177b60fbbe0 Thread added: 0x00000177b60fbbe0
Event: 528.061 Thread 0x00000177b60fbbe0 Thread exited: 0x00000177b60fbbe0
Event: 533.427 Thread 0x00000177b61be840 Thread exited: 0x00000177b61be840
Event: 533.427 Thread 0x00000177b6222b40 Thread added: 0x00000177b6222b40
Event: 557.648 Thread 0x00000177b61a7690 Thread added: 0x00000177b61a7690
Event: 557.653 Thread 0x00000177b620a7c0 Thread added: 0x00000177b620a7c0
Event: 557.707 Thread 0x00000177b620ad00 Thread added: 0x00000177b620ad00
Event: 559.102 Thread 0x00000177b620a7c0 Thread exited: 0x00000177b620a7c0
Event: 566.860 Thread 0x00000177b6160800 Thread added: 0x00000177b6160800
Event: 567.867 Thread 0x00000177b6160800 Thread exited: 0x00000177b6160800
Event: 569.105 Thread 0x00000177b6160800 Thread added: 0x00000177b6160800
Event: 569.155 Thread 0x00000177b6161550 Thread added: 0x00000177b6161550
Event: 569.156 Thread 0x0000017795f1b8c0 Thread exited: 0x0000017795f1b8c0
Event: 569.156 Thread 0x0000017795f1b8c0 Thread added: 0x0000017795f1b8c0
Event: 584.223 Thread 0x00000177b67375c0 Thread added: 0x00000177b67375c0
Event: 591.721 Thread 0x00000177b67375c0 Thread exited: 0x00000177b67375c0
Event: 598.475 Thread 0x00000177b66b65a0 Thread added: 0x00000177b66b65a0
Event: 617.712 Thread 0x00000177b66e39b0 Thread added: 0x00000177b66e39b0


Dynamic libraries:
0x00007ff7c2490000 - 0x00007ff7c24a0000 	C:\Java\bin\java.exe
0x00007ffe43ab0000 - 0x00007ffe43ca8000 	C:\WINDOWS\SYSTEM32\ntdll.dll
0x00007ffe427a0000 - 0x00007ffe4285f000 	C:\WINDOWS\System32\KERNEL32.DLL
0x00007ffe412b0000 - 0x00007ffe41582000 	C:\WINDOWS\System32\KERNELBASE.dll
0x00007ffe411b0000 - 0x00007ffe412b0000 	C:\WINDOWS\System32\ucrtbase.dll
0x00007ffe18fa0000 - 0x00007ffe18fbb000 	C:\Java\bin\VCRUNTIME140.dll
0x00007ffe39a70000 - 0x00007ffe39a88000 	C:\Java\bin\jli.dll
0x00007ffe42440000 - 0x00007ffe424ee000 	C:\WINDOWS\System32\ADVAPI32.dll
0x00007ffe43560000 - 0x00007ffe435fe000 	C:\WINDOWS\System32\msvcrt.dll
0x00007ffe42ca0000 - 0x00007ffe42d3c000 	C:\WINDOWS\System32\sechost.dll
0x00007ffe425a0000 - 0x00007ffe426c4000 	C:\WINDOWS\System32\RPCRT4.dll
0x00007ffe433b0000 - 0x00007ffe43551000 	C:\WINDOWS\System32\USER32.dll
0x00007ffe419c0000 - 0x00007ffe419e2000 	C:\WINDOWS\System32\win32u.dll
0x00007ffe42c70000 - 0x00007ffe42c9b000 	C:\WINDOWS\System32\GDI32.dll
0x00007ffe416f0000 - 0x00007ffe417ff000 	C:\WINDOWS\System32\gdi32full.dll
0x00007ffe419f0000 - 0x00007ffe41a8d000 	C:\WINDOWS\System32\msvcp_win.dll
0x00007ffe39a90000 - 0x00007ffe39a9a000 	C:\WINDOWS\SYSTEM32\VERSION.dll
0x00007ffe2f8a0000 - 0x00007ffe2fb3a000 	C:\WINDOWS\WinSxS\amd64_microsoft.windows.common-controls_6595b64144ccf1df_6.0.19041.1110_none_60b5254171f9507e\COMCTL32.dll
0x00007ffe42d40000 - 0x00007ffe42d70000 	C:\WINDOWS\System32\IMM32.DLL
0x00007ffe26570000 - 0x00007ffe2657c000 	C:\Java\bin\vcruntime140_1.dll
0x00007ffe17ca0000 - 0x00007ffe17d2e000 	C:\Java\bin\msvcp140.dll
0x00007ffde4c40000 - 0x00007ffde5900000 	C:\Java\bin\server\jvm.dll
0x00007ffe3d8e0000 - 0x00007ffe3d8e9000 	C:\WINDOWS\SYSTEM32\WSOCK32.dll
0x00007ffe396c0000 - 0x00007ffe396e7000 	C:\WINDOWS\SYSTEM32\WINMM.dll
0x00007ffe42ba0000 - 0x00007ffe42c0b000 	C:\WINDOWS\System32\WS2_32.dll
0x00007ffe3f070000 - 0x00007ffe3f082000 	C:\WINDOWS\SYSTEM32\kernel.appcore.dll
0x00007ffe18f90000 - 0x00007ffe18f9a000 	C:\Java\bin\jimage.dll
0x00007ffe2f0c0000 - 0x00007ffe2f2a4000 	C:\WINDOWS\SYSTEM32\DBGHELP.DLL
0x00007ffe2f080000 - 0x00007ffe2f0b5000 	C:\WINDOWS\SYSTEM32\dbgcore.DLL
0x00007ffe41800000 - 0x00007ffe41882000 	C:\WINDOWS\System32\bcryptPrimitives.dll
0x00007ffe28530000 - 0x00007ffe2856c000 	C:\Java\bin\jdwp.dll
0x00007ffe18010000 - 0x00007ffe18036000 	C:\Java\bin\java.dll
0x00007ffe17f30000 - 0x00007ffe18007000 	C:\Java\bin\jsvml.dll
0x00007ffe41c70000 - 0x00007ffe423b5000 	C:\WINDOWS\System32\SHELL32.dll
0x00007ffe3f270000 - 0x00007ffe3fa02000 	C:\WINDOWS\SYSTEM32\windows.storage.dll
0x00007ffe42f20000 - 0x00007ffe43275000 	C:\WINDOWS\System32\combase.dll
0x00007ffe40ba0000 - 0x00007ffe40bd0000 	C:\WINDOWS\SYSTEM32\Wldp.dll
0x00007ffe41b00000 - 0x00007ffe41bad000 	C:\WINDOWS\System32\SHCORE.dll
0x00007ffe42b40000 - 0x00007ffe42b95000 	C:\WINDOWS\System32\shlwapi.dll
0x00007ffe410f0000 - 0x00007ffe4110f000 	C:\WINDOWS\SYSTEM32\profapi.dll
0x00007ffe17f10000 - 0x00007ffe17f23000 	C:\Java\bin\net.dll
0x00007ffe34670000 - 0x00007ffe3477a000 	C:\WINDOWS\SYSTEM32\WINHTTP.dll
0x00007ffe40890000 - 0x00007ffe408fa000 	C:\WINDOWS\system32\mswsock.dll
0x00007ffe17ef0000 - 0x00007ffe17f06000 	C:\Java\bin\nio.dll
0x00007ffe3a9a0000 - 0x00007ffe3a9ab000 	C:\Java\bin\dt_shmem.dll
0x00007ffe17ed0000 - 0x00007ffe17ee8000 	C:\Java\bin\zip.dll
0x00007ffe17d30000 - 0x00007ffe17ec1000 	C:\Java\bin\awt.dll
0x00007ffe426d0000 - 0x00007ffe4279d000 	C:\WINDOWS\System32\OLEAUT32.dll
0x00007ffe3e9d0000 - 0x00007ffe3ea60000 	C:\WINDOWS\SYSTEM32\apphelp.dll
0x00007ffe3eba0000 - 0x00007ffe3ec3e000 	C:\WINDOWS\system32\uxtheme.dll
0x00007ffe428c0000 - 0x00007ffe429d4000 	C:\WINDOWS\System32\MSCTF.dll
0x00007ffe43280000 - 0x00007ffe433aa000 	C:\WINDOWS\System32\ole32.dll
0x00007ffe3ef60000 - 0x00007ffe3ef8f000 	C:\WINDOWS\system32\DWMAPI.DLL
0x00007ffe217f0000 - 0x00007ffe21876000 	C:\Java\bin\freetype.dll
0x00007ffe21720000 - 0x00007ffe217e6000 	C:\Java\bin\fontmanager.dll
0x00007ffe18070000 - 0x00007ffe18195000 	C:\WINDOWS\system32\opengl32.dll
0x00007ffe28570000 - 0x00007ffe2859c000 	C:\WINDOWS\SYSTEM32\GLU32.dll
0x00007ffdf84a0000 - 0x00007ffdf866e000 	C:\WINDOWS\system32\d3d9.dll
0x00007ffe36a90000 - 0x00007ffe36c6d000 	C:\WINDOWS\System32\DriverStore\FileRepository\c0334186.inf_amd64_89077b1f087d60d3\B334040\aticfx64.dll
0x00007ffe21150000 - 0x00007ffe2117e000 	C:\WINDOWS\System32\DriverStore\FileRepository\c0334186.inf_amd64_89077b1f087d60d3\B334040\atiu9p64.dll
0x00007ffde3510000 - 0x00007ffde404c000 	C:\WINDOWS\System32\DriverStore\FileRepository\c0334186.inf_amd64_89077b1f087d60d3\B334040\atiumd64.dll
0x00000000530e0000 - 0x0000000053cbb000 	C:\WINDOWS\System32\DriverStore\FileRepository\c0334186.inf_amd64_89077b1f087d60d3\B334040\atiumd6a.dll
0x00007ffe41020000 - 0x00007ffe4106b000 	C:\WINDOWS\SYSTEM32\POWRPROF.dll
0x00007ffe41000000 - 0x00007ffe41012000 	C:\WINDOWS\SYSTEM32\UMPDC.dll
0x00007ffe35270000 - 0x00007ffe352ab000 	C:\WINDOWS\SYSTEM32\dxcore.dll
0x00007ffe41940000 - 0x00007ffe4198e000 	C:\WINDOWS\System32\cfgmgr32.dll
0x00007ffe424f0000 - 0x00007ffe42599000 	C:\WINDOWS\System32\clbcatq.dll
0x00007ffe3ae60000 - 0x00007ffe3b014000 	C:\WINDOWS\SYSTEM32\WindowsCodecs.dll
0x00007ffe41990000 - 0x00007ffe419b7000 	C:\WINDOWS\System32\bcrypt.dll
0x00007ffe20b30000 - 0x00007ffe20b6e000 	C:\WINDOWS\system32\dataexchange.dll
0x00007ffe3d5b0000 - 0x00007ffe3d813000 	C:\WINDOWS\system32\d3d11.dll
0x00007ffe3dec0000 - 0x00007ffe3e0a3000 	C:\WINDOWS\system32\dcomp.dll
0x00007ffe3fa70000 - 0x00007ffe3fb63000 	C:\WINDOWS\system32\dxgi.dll
0x00007ffe3abb0000 - 0x00007ffe3adb0000 	C:\WINDOWS\system32\twinapi.appcore.dll
0x00007ffe39820000 - 0x00007ffe39919000 	C:\WINDOWS\SYSTEM32\textinputframework.dll
0x00007ffe3e0b0000 - 0x00007ffe3e40e000 	C:\WINDOWS\System32\CoreUIComponents.dll
0x00007ffe402d0000 - 0x00007ffe40303000 	C:\WINDOWS\SYSTEM32\ntmarta.dll
0x00007ffe3cff0000 - 0x00007ffe3d144000 	C:\WINDOWS\SYSTEM32\wintypes.dll
0x00007ffe3e790000 - 0x00007ffe3e882000 	C:\WINDOWS\System32\CoreMessaging.dll

dbghelp: loaded successfully - version: 4.0.5 - missing functions: none
symbol engine: initialized successfully - sym options: 0x614 - pdb path: .;C:\Java\bin;C:\WINDOWS\SYSTEM32;C:\WINDOWS\WinSxS\amd64_microsoft.windows.common-controls_6595b64144ccf1df_6.0.19041.1110_none_60b5254171f9507e;C:\Java\bin\server;C:\WINDOWS\System32\DriverStore\FileRepository\c0334186.inf_amd64_89077b1f087d60d3\B334040

VM Arguments:
jvm_args: -Dfile.encoding=UTF-8 -agentlib:jdwp=transport=dt_shmem,address=javadebug7637 --module-path=C:\Users\Rioan\OneDrive\Desktop\Isaac Project\databasee_1\build\classes 
java_command: databasee.login
java_class_path (initial): C:\Users\Rioan\OneDrive\Desktop\Beginners\JCalendar.jar;C:\Users\Rioan\OneDrive\Desktop\Beginners\netbeans\java\modules\ext\AbsoluteLayout.jar;C:\Users\Rioan\OneDrive\Desktop\Isaac Project\databasee_1\build\classes
Launcher Type: SUN_STANDARD

[Global flags]
     intx CICompilerCount                          = 4                                         {product} {ergonomic}
     uint ConcGCThreads                            = 2                                         {product} {ergonomic}
     uint G1ConcRefinementThreads                  = 8                                         {product} {ergonomic}
   size_t G1HeapRegionSize                         = 1048576                                   {product} {ergonomic}
    uintx GCDrainStackTargetSize                   = 64                                        {product} {ergonomic}
   size_t InitialHeapSize                          = 58720256                                  {product} {ergonomic}
   size_t MarkStackSize                            = 4194304                                   {product} {ergonomic}
   size_t MaxHeapSize                              = 914358272                                 {product} {ergonomic}
   size_t MaxNewSize                               = 548405248                                 {product} {ergonomic}
   size_t MinHeapDeltaBytes                        = 1048576                                   {product} {ergonomic}
   size_t MinHeapSize                              = 8388608                                   {product} {ergonomic}
    uintx NonNMethodCodeHeapSize                   = 5839372                                {pd product} {ergonomic}
    uintx NonProfiledCodeHeapSize                  = 122909434                              {pd product} {ergonomic}
    uintx ProfiledCodeHeapSize                     = 122909434                              {pd product} {ergonomic}
    uintx ReservedCodeCacheSize                    = 251658240                              {pd product} {ergonomic}
     bool SegmentedCodeCache                       = true                                      {product} {ergonomic}
   size_t SoftMaxHeapSize                          = 914358272                              {manageable} {ergonomic}
     bool UseCompressedClassPointers               = true                           {product lp64_product} {ergonomic}
     bool UseCompressedOops                        = true                           {product lp64_product} {ergonomic}
     bool UseG1GC                                  = true                                      {product} {ergonomic}
     bool UseLargePagesIndividualAllocation        = false                                  {pd product} {ergonomic}

Logging:
Log output configuration:
 #0: stdout all=warning uptime,level,tags foldmultilines=false
 #1: stderr all=off uptime,level,tags foldmultilines=false

Environment Variables:
PATH=C:\Program Files\Common Files\Oracle\Java\javapath;C:\ProgramData\Oracle\Java\javapath;C:\WINDOWS\system32;C:\WINDOWS;C:\WINDOWS\System32\Wbem;C:\WINDOWS\System32\WindowsPowerShell\v1.0\;C:\WINDOWS\System32\OpenSSH\;C:\scrcpy;C:\Users\Rioan\AppData\Local\Microsoft\WindowsApps;
USERNAME=Rioan
OS=Windows_NT
PROCESSOR_IDENTIFIER=AMD64 Family 23 Model 17 Stepping 0, AuthenticAMD
TMP=C:\Users\Rioan\AppData\Local\Temp
TEMP=C:\Users\Rioan\AppData\Local\Temp



---------------  S Y S T E M  ---------------

OS:
 Windows 10 , 64 bit Build 19041 (10.0.19041.2546)
OS uptime: 0 days 0:26 hours

CPU: total 8 (initial active 8) (8 cores per cpu, 2 threads per core) family 23 model 17 stepping 0 microcode 0x0, cx8, cmov, fxsr, ht, mmx, 3dnowpref, sse, sse2, sse3, ssse3, sse4a, sse4.1, sse4.2, popcnt, lzcnt, tsc, tscinvbit, avx, avx2, aes, clmul, bmi1, bmi2, adx, sha, fma, vzeroupper, clflush, clflushopt, rdtscp

Memory: 4k page, system-wide physical 3484M (78M free)
TotalPageFile size 14236M (AvailPageFile size 0M)
current process WorkingSet (physical memory assigned to process): 46M, peak: 83M
current process commit charge ("private bytes"): 221M, peak: 227M

vm_info: Java HotSpot(TM) 64-Bit Server VM (19.0.2+7-44) for windows-amd64 JRE (19.0.2+7-44), built on 2022-11-30T18:02:09Z by "mach5one" with MS VC++ 17.1 (VS2022)

END.
