#
# There is insufficient memory for the Java Runtime Environment to continue.
# Native memory allocation (mmap) failed to map 65536 bytes for Failed to commit metaspace.
# Possible reasons:
#   The system is out of physical RAM or swap space
#   The process is running with CompressedOops enabled, and the Java Heap may be blocking the growth of the native heap
# Possible solutions:
#   Reduce memory load on the system
#   Increase physical memory or swap space
#   Check if swap backing store is full
#   Decrease Java heap size (-Xmx/-Xms)
#   Decrease number of Java threads
#   Decrease Java thread stack sizes (-Xss)
#   Set larger code cache with -XX:ReservedCodeCacheSize=
#   JVM is running with Unscaled Compressed Oops mode in which the Java heap is
#     placed in the first 4GB address space. The Java Heap base address is the
#     maximum limit for the native heap growth. Please use -XX:HeapBaseMinAddress
#     to set the Java Heap base and to place the Java Heap above 4GB virtual address.
# This output file may be truncated or incomplete.
#
#  Out of Memory Error (virtualSpaceNode.cpp:110), pid=11336, tid=12736
#
# JRE version: Java(TM) SE Runtime Environment (19.0.2+7) (build 19.0.2+7-44)
# Java VM: Java HotSpot(TM) 64-Bit Server VM (19.0.2+7-44, mixed mode, sharing, tiered, compressed oops, compressed class ptrs, g1 gc, windows-amd64)
# No core dump will be written. Minidumps are not enabled by default on client versions of Windows
#

---------------  S U M M A R Y ------------

Command Line: -Dfile.encoding=UTF-8 -agentlib:jdwp=transport=dt_shmem,address=javadebug5879 --module-path=C:\Users\Rioan\OneDrive\Desktop\Isaac Project\databasee_1\build\classes databasee.login

Host: AMD Ryzen 5 2500U with Radeon Vega Mobile Gfx  , 8 cores, 3G,  Windows 10 , 64 bit Build 19041 (10.0.19041.2546)
Time: Sat Apr  1 19:08:16 2023 China Standard Time elapsed time: 97.775589 seconds (0d 0h 1m 37s)

---------------  T H R E A D  ---------------

Current thread (0x00000237e5819220):  JavaThread "main" [_thread_in_vm, id=12736, stack(0x0000005165200000,0x0000005165300000)]

Stack: [0x0000005165200000,0x0000005165300000]
Native frames: (J=compiled Java code, j=interpreted, Vv=VM code, C=native code)
V  [jvm.dll+0x6ee21a]
V  [jvm.dll+0x85765e]
V  [jvm.dll+0x85904e]
V  [jvm.dll+0x859703]
V  [jvm.dll+0x28298f]
V  [jvm.dll+0x8532db]
V  [jvm.dll+0x692cb6]
V  [jvm.dll+0x692d1a]
V  [jvm.dll+0x695613]
V  [jvm.dll+0x6954de]
V  [jvm.dll+0x6936de]
V  [jvm.dll+0x26e12f]
V  [jvm.dll+0x69dcc5]
V  [jvm.dll+0x21e072]
V  [jvm.dll+0x21e5a5]
V  [jvm.dll+0x21ef01]
V  [jvm.dll+0x2146a1]
V  [jvm.dll+0x5a9cb6]
V  [jvm.dll+0x2257aa]
V  [jvm.dll+0x7cc802]
V  [jvm.dll+0x7cdc4a]
V  [jvm.dll+0x4711b6]
C  [java.dll+0x1a55]

Java frames: (J=compiled Java code, j=interpreted, Vv=VM code)
j  java.lang.ClassLoader.findBootstrapClass(Ljava/lang/String;)Ljava/lang/Class;+0 java.base@19.0.2
j  java.lang.ClassLoader.findBootstrapClassOrNull(Ljava/lang/String;)Ljava/lang/Class;+10 java.base@19.0.2
j  java.lang.System$2.findBootstrapClassOrNull(Ljava/lang/String;)Ljava/lang/Class;+1 java.base@19.0.2
j  jdk.internal.loader.BootLoader.loadClassOrNull(Ljava/lang/String;)Ljava/lang/Class;+4 java.base@19.0.2
j  jdk.internal.loader.BootLoader.loadClass(Ljava/lang/Module;Ljava/lang/String;)Ljava/lang/Class;+1 java.base@19.0.2
j  java.lang.Class.forName(Ljava/lang/Module;Ljava/lang/String;Ljava/lang/Class;)Ljava/lang/Class;+83 java.base@19.0.2
j  java.lang.Class.forName(Ljava/lang/Module;Ljava/lang/String;)Ljava/lang/Class;+17 java.base@19.0.2
j  java.util.ResourceBundle$ResourceBundleProviderHelper.lambda$loadResourceBundle$1(Ljava/lang/Module;Ljava/lang/String;)Ljava/lang/Class;+2 java.base@19.0.2
j  java.util.ResourceBundle$ResourceBundleProviderHelper$$Lambda$20+0x0000000801059fa0.run()Ljava/lang/Object;+8 java.base@19.0.2
j  java.security.AccessController.executePrivileged(Ljava/security/PrivilegedAction;Ljava/security/AccessControlContext;Ljava/lang/Class;)Ljava/lang/Object;+29 java.base@19.0.2
j  java.security.AccessController.doPrivileged(Ljava/security/PrivilegedAction;Ljava/security/AccessControlContext;)Ljava/lang/Object;+13 java.base@19.0.2
j  java.security.AccessController.doPrivileged(Ljava/security/PrivilegedAction;Ljava/security/AccessControlContext;[Ljava/security/Permission;)Ljava/lang/Object;+48 java.base@19.0.2
j  java.util.ResourceBundle$ResourceBundleProviderHelper.loadResourceBundle(Ljava/lang/Module;Ljava/lang/Module;Ljava/lang/String;Ljava/util/Locale;)Ljava/util/ResourceBundle;+33 java.base@19.0.2
j  java.util.ResourceBundle.loadBundle(Ljava/util/ResourceBundle$CacheKey;Ljava/util/List;Ljava/util/ResourceBundle$Control;Ljava/lang/Module;Ljava/lang/Module;)Ljava/util/ResourceBundle;+259 java.base@19.0.2
j  java.util.ResourceBundle.findBundle(Ljava/lang/Module;Ljava/lang/Module;Ljava/util/ResourceBundle$CacheKey;Ljava/util/List;Ljava/util/List;ILjava/util/ResourceBundle$Control;Ljava/util/ResourceBundle;)Ljava/util/ResourceBundle;+249 java.base@19.0.2
j  java.util.ResourceBundle.findBundle(Ljava/lang/Module;Ljava/lang/Module;Ljava/util/ResourceBundle$CacheKey;Ljava/util/List;Ljava/util/List;ILjava/util/ResourceBundle$Control;Ljava/util/ResourceBundle;)Ljava/util/ResourceBundle;+43 java.base@19.0.2
j  java.util.ResourceBundle.findBundle(Ljava/lang/Module;Ljava/lang/Module;Ljava/util/ResourceBundle$CacheKey;Ljava/util/List;Ljava/util/List;ILjava/util/ResourceBundle$Control;Ljava/util/ResourceBundle;)Ljava/util/ResourceBundle;+43 java.base@19.0.2
j  java.util.ResourceBundle.getBundleImpl(Ljava/lang/Module;Ljava/lang/Module;Ljava/lang/String;Ljava/util/Locale;Ljava/util/ResourceBundle$Control;)Ljava/util/ResourceBundle;+196 java.base@19.0.2
j  java.util.ResourceBundle.getBundleImpl(Ljava/lang/String;Ljava/util/Locale;Ljava/lang/Class;Ljava/lang/ClassLoader;Ljava/util/ResourceBundle$Control;)Ljava/util/ResourceBundle;+31 java.base@19.0.2
j  java.util.ResourceBundle.getBundleImpl(Ljava/lang/String;Ljava/util/Locale;Ljava/lang/Class;Ljava/util/ResourceBundle$Control;)Ljava/util/ResourceBundle;+15 java.base@19.0.2
j  java.util.ResourceBundle.getBundle(Ljava/lang/String;)Ljava/util/ResourceBundle;+14 java.base@19.0.2
j  java.awt.Toolkit$4.run()Ljava/lang/Void;+2 java.desktop@19.0.2
j  java.awt.Toolkit$4.run()Ljava/lang/Object;+1 java.desktop@19.0.2
j  java.security.AccessController.executePrivileged(Ljava/security/PrivilegedAction;Ljava/security/AccessControlContext;Ljava/lang/Class;)Ljava/lang/Object;+29 java.base@19.0.2
j  java.security.AccessController.doPrivileged(Ljava/security/PrivilegedAction;)Ljava/lang/Object;+5 java.base@19.0.2
j  java.awt.Toolkit.initStatic()V+17 java.desktop@19.0.2
j  java.awt.Toolkit.<clinit>()V+20 java.desktop@19.0.2
v  ~StubRoutines::call_stub 0x00000237f4cc100e
j  java.awt.Component.<clinit>()V+93 java.desktop@19.0.2
v  ~StubRoutines::call_stub 0x00000237f4cc100e

---------------  P R O C E S S  ---------------

Threads class SMR info:
_java_thread_list=0x00000237ff8081e0, length=15, elements={
0x00000237e5819220, 0x00000237ff4eeb30, 0x00000237ff4ef8c0, 0x00000237ff4f1500,
0x00000237ff4f1e30, 0x00000237ff4f2760, 0x00000237ff4f3090, 0x00000237ff4f3cf0,
0x00000237ff4f6d20, 0x00000237ff530050, 0x00000237e58d6500, 0x00000237ff7b37f0,
0x00000237ff78f890, 0x00000237ff78fde0, 0x00000237ff7e1470
}

Java Threads: ( => current thread )
=>0x00000237e5819220 JavaThread "main" [_thread_in_vm, id=12736, stack(0x0000005165200000,0x0000005165300000)]
  0x00000237ff4eeb30 JavaThread "Reference Handler" daemon [_thread_blocked, id=22012, stack(0x0000005165900000,0x0000005165a00000)]
  0x00000237ff4ef8c0 JavaThread "Finalizer" daemon [_thread_blocked, id=22016, stack(0x0000005165a00000,0x0000005165b00000)]
  0x00000237ff4f1500 JavaThread "Signal Dispatcher" daemon [_thread_blocked, id=27892, stack(0x0000005165b00000,0x0000005165c00000)]
  0x00000237ff4f1e30 JavaThread "Attach Listener" daemon [_thread_blocked, id=23048, stack(0x0000005165c00000,0x0000005165d00000)]
  0x00000237ff4f2760 JavaThread "Service Thread" daemon [_thread_blocked, id=11240, stack(0x0000005165d00000,0x0000005165e00000)]
  0x00000237ff4f3090 JavaThread "Monitor Deflation Thread" daemon [_thread_blocked, id=23152, stack(0x0000005165e00000,0x0000005165f00000)]
  0x00000237ff4f3cf0 JavaThread "C2 CompilerThread0" daemon [_thread_blocked, id=23156, stack(0x0000005165f00000,0x0000005166000000)]
  0x00000237ff4f6d20 JavaThread "C1 CompilerThread0" daemon [_thread_blocked, id=27848, stack(0x0000005166000000,0x0000005166100000)]
  0x00000237ff530050 JavaThread "Sweeper thread" daemon [_thread_blocked, id=8372, stack(0x0000005166100000,0x0000005166200000)]
  0x00000237e58d6500 JavaThread "Common-Cleaner" daemon [_thread_blocked, id=27832, stack(0x0000005166200000,0x0000005166300000)]
  0x00000237ff7b37f0 JavaThread "JDWP Transport Listener: dt_shmem" daemon [_thread_blocked, id=10840, stack(0x0000005166300000,0x0000005166400000)]
  0x00000237ff78f890 JavaThread "JDWP Event Helper Thread" daemon [_thread_blocked, id=11200, stack(0x0000005166400000,0x0000005166500000)]
  0x00000237ff78fde0 JavaThread "JDWP Command Reader" daemon [_thread_in_native, id=11804, stack(0x0000005166500000,0x0000005166600000)]
  0x00000237ff7e1470 JavaThread "Notification Thread" daemon [_thread_blocked, id=13532, stack(0x0000005166600000,0x0000005166700000)]

Other Threads:
  0x00000237e58e5290 VMThread "VM Thread" [stack: 0x0000005165800000,0x0000005165900000] [id=10736]
  0x00000237ff81aea0 WatcherThread "VM Periodic Task Thread" [stack: 0x0000005166700000,0x0000005166800000] [id=9448]
  0x00000237e5857a00 WorkerThread "GC Thread#0" [stack: 0x0000005165300000,0x0000005165400000] [id=23312]
  0x00000237e5860670 ConcurrentGCThread "G1 Main Marker" [stack: 0x0000005165400000,0x0000005165500000] [id=23316]
  0x00000237e58610a0 WorkerThread "G1 Conc#0" [stack: 0x0000005165500000,0x0000005165600000] [id=23320]
  0x00000237e58c4940 ConcurrentGCThread "G1 Refine#0" [stack: 0x0000005165600000,0x0000005165700000] [id=11848]
  0x00000237e58c5620 ConcurrentGCThread "G1 Service" [stack: 0x0000005165700000,0x0000005165800000] [id=4204]

Threads with active compile tasks:

VM state: not at safepoint (normal execution)

VM Mutex/Monitor currently owned by a thread:  ([mutex/lock_event])
[0x00000237e58131b0] Metaspace_lock - owner thread: 0x00000237e5819220

Heap address: 0x00000000c9800000, size: 872 MB, Compressed Oops mode: 32-bit

CDS archive(s) mapped at: [0x0000000800000000-0x0000000800c40000-0x0000000800c40000), size 12845056, SharedBaseAddress: 0x0000000800000000, ArchiveRelocationMode: 0.
Compressed class space mapped at: 0x0000000801000000-0x0000000841000000, reserved size: 1073741824
Narrow klass base: 0x0000000800000000, Narrow klass shift: 0, Narrow klass range: 0x100000000

GC Precious Log:
 CardTable entry size: 512
 Card Set container configuration: InlinePtr #cards 5 size 8 Array Of Cards #cards 12 size 40 Howl #buckets 4 coarsen threshold 1843 Howl Bitmap #cards 512 size 80 coarsen threshold 460 Card regions per heap region 1 cards per card region 2048
 CPUs: 8 total, 8 available
 Memory: 3484M
 Large Page Support: Disabled
 NUMA Support: Disabled
 Compressed Oops: Enabled (32-bit)
 Heap Region Size: 1M
 Heap Min Capacity: 8M
 Heap Initial Capacity: 56M
 Heap Max Capacity: 872M
 Pre-touch: Disabled
 Parallel Workers: 8
 Concurrent Workers: 2
 Concurrent Refinement Workers: 8
 Periodic GC: Disabled

Heap:
 garbage-first heap   total 57344K, used 2048K [0x00000000c9800000, 0x0000000100000000)
  region size 1024K, 3 young (3072K), 0 survivors (0K)
 Metaspace       used 1212K, committed 1344K, reserved 1114112K
  class space    used 113K, committed 192K, reserved 1048576K

Heap Regions: E=young(eden), S=young(survivor), O=old, HS=humongous(starts), HC=humongous(continues), CS=collection set, F=free, OA=open archive, CA=closed archive, TAMS=top-at-mark-start (previous, next)
|   0|0x00000000c9800000, 0x00000000c9800000, 0x00000000c9900000|  0%| F|  |TAMS 0x00000000c9800000, 0x00000000c9800000| Untracked 
|   1|0x00000000c9900000, 0x00000000c9900000, 0x00000000c9a00000|  0%| F|  |TAMS 0x00000000c9900000, 0x00000000c9900000| Untracked 
|   2|0x00000000c9a00000, 0x00000000c9a00000, 0x00000000c9b00000|  0%| F|  |TAMS 0x00000000c9a00000, 0x00000000c9a00000| Untracked 
|   3|0x00000000c9b00000, 0x00000000c9b00000, 0x00000000c9c00000|  0%| F|  |TAMS 0x00000000c9b00000, 0x00000000c9b00000| Untracked 
|   4|0x00000000c9c00000, 0x00000000c9c00000, 0x00000000c9d00000|  0%| F|  |TAMS 0x00000000c9c00000, 0x00000000c9c00000| Untracked 
|   5|0x00000000c9d00000, 0x00000000c9d00000, 0x00000000c9e00000|  0%| F|  |TAMS 0x00000000c9d00000, 0x00000000c9d00000| Untracked 
|   6|0x00000000c9e00000, 0x00000000c9e00000, 0x00000000c9f00000|  0%| F|  |TAMS 0x00000000c9e00000, 0x00000000c9e00000| Untracked 
|   7|0x00000000c9f00000, 0x00000000c9f00000, 0x00000000ca000000|  0%| F|  |TAMS 0x00000000c9f00000, 0x00000000c9f00000| Untracked 
|   8|0x00000000ca000000, 0x00000000ca000000, 0x00000000ca100000|  0%| F|  |TAMS 0x00000000ca000000, 0x00000000ca000000| Untracked 
|   9|0x00000000ca100000, 0x00000000ca100000, 0x00000000ca200000|  0%| F|  |TAMS 0x00000000ca100000, 0x00000000ca100000| Untracked 
|  10|0x00000000ca200000, 0x00000000ca200000, 0x00000000ca300000|  0%| F|  |TAMS 0x00000000ca200000, 0x00000000ca200000| Untracked 
|  11|0x00000000ca300000, 0x00000000ca300000, 0x00000000ca400000|  0%| F|  |TAMS 0x00000000ca300000, 0x00000000ca300000| Untracked 
|  12|0x00000000ca400000, 0x00000000ca400000, 0x00000000ca500000|  0%| F|  |TAMS 0x00000000ca400000, 0x00000000ca400000| Untracked 
|  13|0x00000000ca500000, 0x00000000ca500000, 0x00000000ca600000|  0%| F|  |TAMS 0x00000000ca500000, 0x00000000ca500000| Untracked 
|  14|0x00000000ca600000, 0x00000000ca600000, 0x00000000ca700000|  0%| F|  |TAMS 0x00000000ca600000, 0x00000000ca600000| Untracked 
|  15|0x00000000ca700000, 0x00000000ca700000, 0x00000000ca800000|  0%| F|  |TAMS 0x00000000ca700000, 0x00000000ca700000| Untracked 
|  16|0x00000000ca800000, 0x00000000ca800000, 0x00000000ca900000|  0%| F|  |TAMS 0x00000000ca800000, 0x00000000ca800000| Untracked 
|  17|0x00000000ca900000, 0x00000000ca900000, 0x00000000caa00000|  0%| F|  |TAMS 0x00000000ca900000, 0x00000000ca900000| Untracked 
|  18|0x00000000caa00000, 0x00000000caa00000, 0x00000000cab00000|  0%| F|  |TAMS 0x00000000caa00000, 0x00000000caa00000| Untracked 
|  19|0x00000000cab00000, 0x00000000cab00000, 0x00000000cac00000|  0%| F|  |TAMS 0x00000000cab00000, 0x00000000cab00000| Untracked 
|  20|0x00000000cac00000, 0x00000000cac00000, 0x00000000cad00000|  0%| F|  |TAMS 0x00000000cac00000, 0x00000000cac00000| Untracked 
|  21|0x00000000cad00000, 0x00000000cad00000, 0x00000000cae00000|  0%| F|  |TAMS 0x00000000cad00000, 0x00000000cad00000| Untracked 
|  22|0x00000000cae00000, 0x00000000cae00000, 0x00000000caf00000|  0%| F|  |TAMS 0x00000000cae00000, 0x00000000cae00000| Untracked 
|  23|0x00000000caf00000, 0x00000000caf00000, 0x00000000cb000000|  0%| F|  |TAMS 0x00000000caf00000, 0x00000000caf00000| Untracked 
|  24|0x00000000cb000000, 0x00000000cb000000, 0x00000000cb100000|  0%| F|  |TAMS 0x00000000cb000000, 0x00000000cb000000| Untracked 
|  25|0x00000000cb100000, 0x00000000cb100000, 0x00000000cb200000|  0%| F|  |TAMS 0x00000000cb100000, 0x00000000cb100000| Untracked 
|  26|0x00000000cb200000, 0x00000000cb200000, 0x00000000cb300000|  0%| F|  |TAMS 0x00000000cb200000, 0x00000000cb200000| Untracked 
|  27|0x00000000cb300000, 0x00000000cb300000, 0x00000000cb400000|  0%| F|  |TAMS 0x00000000cb300000, 0x00000000cb300000| Untracked 
|  28|0x00000000cb400000, 0x00000000cb400000, 0x00000000cb500000|  0%| F|  |TAMS 0x00000000cb400000, 0x00000000cb400000| Untracked 
|  29|0x00000000cb500000, 0x00000000cb500000, 0x00000000cb600000|  0%| F|  |TAMS 0x00000000cb500000, 0x00000000cb500000| Untracked 
|  30|0x00000000cb600000, 0x00000000cb600000, 0x00000000cb700000|  0%| F|  |TAMS 0x00000000cb600000, 0x00000000cb600000| Untracked 
|  31|0x00000000cb700000, 0x00000000cb700000, 0x00000000cb800000|  0%| F|  |TAMS 0x00000000cb700000, 0x00000000cb700000| Untracked 
|  32|0x00000000cb800000, 0x00000000cb800000, 0x00000000cb900000|  0%| F|  |TAMS 0x00000000cb800000, 0x00000000cb800000| Untracked 
|  33|0x00000000cb900000, 0x00000000cb900000, 0x00000000cba00000|  0%| F|  |TAMS 0x00000000cb900000, 0x00000000cb900000| Untracked 
|  34|0x00000000cba00000, 0x00000000cba00000, 0x00000000cbb00000|  0%| F|  |TAMS 0x00000000cba00000, 0x00000000cba00000| Untracked 
|  35|0x00000000cbb00000, 0x00000000cbb00000, 0x00000000cbc00000|  0%| F|  |TAMS 0x00000000cbb00000, 0x00000000cbb00000| Untracked 
|  36|0x00000000cbc00000, 0x00000000cbc00000, 0x00000000cbd00000|  0%| F|  |TAMS 0x00000000cbc00000, 0x00000000cbc00000| Untracked 
|  37|0x00000000cbd00000, 0x00000000cbd00000, 0x00000000cbe00000|  0%| F|  |TAMS 0x00000000cbd00000, 0x00000000cbd00000| Untracked 
|  38|0x00000000cbe00000, 0x00000000cbe00000, 0x00000000cbf00000|  0%| F|  |TAMS 0x00000000cbe00000, 0x00000000cbe00000| Untracked 
|  39|0x00000000cbf00000, 0x00000000cbf00000, 0x00000000cc000000|  0%| F|  |TAMS 0x00000000cbf00000, 0x00000000cbf00000| Untracked 
|  40|0x00000000cc000000, 0x00000000cc000000, 0x00000000cc100000|  0%| F|  |TAMS 0x00000000cc000000, 0x00000000cc000000| Untracked 
|  41|0x00000000cc100000, 0x00000000cc100000, 0x00000000cc200000|  0%| F|  |TAMS 0x00000000cc100000, 0x00000000cc100000| Untracked 
|  42|0x00000000cc200000, 0x00000000cc200000, 0x00000000cc300000|  0%| F|  |TAMS 0x00000000cc200000, 0x00000000cc200000| Untracked 
|  43|0x00000000cc300000, 0x00000000cc300000, 0x00000000cc400000|  0%| F|  |TAMS 0x00000000cc300000, 0x00000000cc300000| Untracked 
|  44|0x00000000cc400000, 0x00000000cc400000, 0x00000000cc500000|  0%| F|  |TAMS 0x00000000cc400000, 0x00000000cc400000| Untracked 
|  45|0x00000000cc500000, 0x00000000cc500000, 0x00000000cc600000|  0%| F|  |TAMS 0x00000000cc500000, 0x00000000cc500000| Untracked 
|  46|0x00000000cc600000, 0x00000000cc600000, 0x00000000cc700000|  0%| F|  |TAMS 0x00000000cc600000, 0x00000000cc600000| Untracked 
|  47|0x00000000cc700000, 0x00000000cc700000, 0x00000000cc800000|  0%| F|  |TAMS 0x00000000cc700000, 0x00000000cc700000| Untracked 
|  48|0x00000000cc800000, 0x00000000cc800000, 0x00000000cc900000|  0%| F|  |TAMS 0x00000000cc800000, 0x00000000cc800000| Untracked 
|  49|0x00000000cc900000, 0x00000000cc900000, 0x00000000cca00000|  0%| F|  |TAMS 0x00000000cc900000, 0x00000000cc900000| Untracked 
|  50|0x00000000cca00000, 0x00000000cca00000, 0x00000000ccb00000|  0%| F|  |TAMS 0x00000000cca00000, 0x00000000cca00000| Untracked 
|  51|0x00000000ccb00000, 0x00000000ccb00000, 0x00000000ccc00000|  0%| F|  |TAMS 0x00000000ccb00000, 0x00000000ccb00000| Untracked 
|  52|0x00000000ccc00000, 0x00000000ccc00000, 0x00000000ccd00000|  0%| F|  |TAMS 0x00000000ccc00000, 0x00000000ccc00000| Untracked 
|  53|0x00000000ccd00000, 0x00000000cce00000, 0x00000000cce00000|100%| E|  |TAMS 0x00000000ccd00000, 0x00000000ccd00000| Complete 
|  54|0x00000000cce00000, 0x00000000ccf00000, 0x00000000ccf00000|100%| E|CS|TAMS 0x00000000cce00000, 0x00000000cce00000| Complete 
|  55|0x00000000ccf00000, 0x00000000cd000000, 0x00000000cd000000|100%| E|CS|TAMS 0x00000000ccf00000, 0x00000000ccf00000| Complete 

Card table byte_map: [0x00000237fcc80000,0x00000237fce40000] _byte_map_base: 0x00000237fc634000

Marking Bits (Prev, Next): (CMBitMap*) 0x00000237e5859040, (CMBitMap*) 0x00000237e5859080
 Prev Bits: [0x00000237fd000000, 0x00000237fdda0000)
 Next Bits: [0x00000237fdda0000, 0x00000237feb40000)

Polling page: 0x00000237e37a0000

Metaspace:

Usage:
  Non-class:      1.07 MB used.
      Class:    113.30 KB used.
       Both:      1.18 MB used.

Virtual space:
  Non-class space:       64.00 MB reserved,       1.12 MB (  2%) committed,  1 nodes.
      Class space:        1.00 GB reserved,     192.00 KB ( <1%) committed,  1 nodes.
             Both:        1.06 GB reserved,       1.31 MB ( <1%) committed. 

Chunk freelists:
   Non-Class:  3.98 MB
       Class:  3.74 MB
        Both:  7.72 MB

MaxMetaspaceSize: unlimited
CompressedClassSpaceSize: 1.00 GB
Initial GC threshold: 21.00 MB
Current GC threshold: 21.00 MB
CDS: on
MetaspaceReclaimPolicy: balanced
 - commit_granule_bytes: 65536.
 - commit_granule_words: 8192.
 - virtual_space_node_default_size: 8388608.
 - enlarge_chunks_in_place: 1.
 - new_chunks_are_fully_committed: 0.
 - uncommit_free_chunks: 1.
 - use_allocation_guard: 0.


Internal statistics:

num_allocs_failed_limit: 0.
num_arena_births: 8.
num_arena_deaths: 0.
num_vsnodes_births: 2.
num_vsnodes_deaths: 0.
num_space_committed: 21.
num_space_uncommitted: 0.
num_chunks_returned_to_freelist: 0.
num_chunks_taken_from_freelist: 10.
num_chunk_merges: 0.
num_chunk_splits: 5.
num_chunks_enlarged: 3.
num_inconsistent_stats: 0.

CodeHeap 'non-profiled nmethods': size=120000Kb used=74Kb max_used=74Kb free=119925Kb
 bounds [0x00000237f5260000, 0x00000237f54d0000, 0x00000237fc790000]
CodeHeap 'profiled nmethods': size=120000Kb used=239Kb max_used=239Kb free=119760Kb
 bounds [0x00000237ed790000, 0x00000237eda00000, 0x00000237f4cc0000]
CodeHeap 'non-nmethods': size=5760Kb used=1264Kb max_used=1276Kb free=4495Kb
 bounds [0x00000237f4cc0000, 0x00000237f4f30000, 0x00000237f5260000]
 total_blobs=620 nmethods=223 adapters=308
 compilation: enabled
              stopped_count=0, restarted_count=0
 full_count=0

Compilation events (20 events):
Event: 46.951 Thread 0x00000237ff4f6d20 nmethod 210 0x00000237ed7c7590 code [0x00000237ed7c7720, 0x00000237ed7c7858]
Event: 46.951 Thread 0x00000237ff4f6d20  211       3       java.nio.Buffer::session (20 bytes)
Event: 46.951 Thread 0x00000237ff4f6d20 nmethod 211 0x00000237ed7c7910 code [0x00000237ed7c7ae0, 0x00000237ed7c7dc8]
Event: 46.951 Thread 0x00000237ff4f6d20  212       3       java.nio.Buffer::checkIndex (9 bytes)
Event: 46.951 Thread 0x00000237ff4f6d20 nmethod 212 0x00000237ed7c7e90 code [0x00000237ed7c8040, 0x00000237ed7c81f8]
Event: 46.953 Thread 0x00000237ff4f3cf0 nmethod 213 0x00000237f5271990 code [0x00000237f5271b20, 0x00000237f5271c48]
Event: 46.955 Thread 0x00000237ff4f6d20  214   !   3       java.nio.DirectByteBuffer::get (34 bytes)
Event: 46.956 Thread 0x00000237ff4f6d20 nmethod 214 0x00000237ed7c8310 code [0x00000237ed7c8560, 0x00000237ed7c8f58]
Event: 46.956 Thread 0x00000237ff4f6d20  215       3       java.nio.DirectByteBuffer::ix (10 bytes)
Event: 46.956 Thread 0x00000237ff4f6d20 nmethod 215 0x00000237ed7c9490 code [0x00000237ed7c9620, 0x00000237ed7c9738]
Event: 46.956 Thread 0x00000237ff4f6d20  217   !   3       jdk.internal.misc.ScopedMemoryAccess::getByte (16 bytes)
Event: 46.956 Thread 0x00000237ff4f6d20 nmethod 217 0x00000237ed7c9810 code [0x00000237ed7c9a00, 0x00000237ed7c9e18]
Event: 46.956 Thread 0x00000237ff4f6d20  218       3       jdk.internal.jimage.ImageStringsReader::unmaskedHashCode (166 bytes)
Event: 46.957 Thread 0x00000237ff4f6d20 nmethod 218 0x00000237ed7ca090 code [0x00000237ed7ca2e0, 0x00000237ed7cae78]
Event: 59.307 Thread 0x00000237ff4f6d20  220       3       java.lang.invoke.MemberName::initResolved (53 bytes)
Event: 59.308 Thread 0x00000237ff4f6d20 nmethod 220 0x00000237ed7cb390 code [0x00000237ed7cb540, 0x00000237ed7cb6f8]
Event: 70.595 Thread 0x00000237ff4f6d20  222       3       jdk.internal.misc.Unsafe::putReferenceRelease (9 bytes)
Event: 70.595 Thread 0x00000237ff4f6d20 nmethod 222 0x00000237ed7cb790 code [0x00000237ed7cb920, 0x00000237ed7cba78]
Event: 70.596 Thread 0x00000237ff4f6d20  223       3       java.util.concurrent.ConcurrentHashMap::setTabAt (20 bytes)
Event: 70.596 Thread 0x00000237ff4f6d20 nmethod 223 0x00000237ed7cbb10 code [0x00000237ed7cbcc0, 0x00000237ed7cbee8]

GC Heap History (0 events):
No events

Dll operation events (6 events):
Event: 0.716 Loaded shared library C:\Java\bin\java.dll
Event: 1.038 Loaded shared library C:\Java\bin\jsvml.dll
Event: 1.890 Loaded shared library C:\Java\bin\net.dll
Event: 1.894 Loaded shared library C:\Java\bin\nio.dll
Event: 32.032 Loaded shared library C:\Java\bin\zip.dll
Event: 46.534 Loaded shared library C:\Java\bin\jimage.dll

Deoptimization events (0 events):
No events

Classes loaded (20 events):
Event: 52.486 Loading class java/awt/Toolkit$4 done
Event: 58.835 Loading class java/util/ResourceBundle$CacheKey
Event: 58.836 Loading class java/util/ResourceBundle$CacheKey done
Event: 58.836 Loading class java/util/ResourceBundle$KeyElementReference
Event: 58.836 Loading class java/util/ResourceBundle$CacheKeyReference
Event: 58.836 Loading class java/util/ResourceBundle$CacheKeyReference done
Event: 58.836 Loading class java/util/ResourceBundle$KeyElementReference done
Event: 58.836 Loading class java/util/ResourceBundle$3
Event: 59.304 Loading class java/util/ResourceBundle$3 done
Event: 59.657 Loading class sun/security/util/SecurityConstants
Event: 60.260 Loading class sun/security/util/SecurityConstants done
Event: 60.261 Loading class java/net/NetPermission
Event: 60.955 Loading class java/net/NetPermission done
Event: 61.240 Loading class java/security/SecurityPermission
Event: 61.678 Loading class java/security/SecurityPermission done
Event: 61.679 Loading class java/net/SocketPermission
Event: 62.492 Loading class java/net/SocketPermission done
Event: 62.493 Loading class java/lang/reflect/ReflectPermission
Event: 62.819 Loading class java/lang/reflect/ReflectPermission done
Event: 71.778 Loading class sun/awt/resources/awt

Classes unloaded (0 events):
No events

Classes redefined (0 events):
No events

Internal exceptions (4 events):
Event: 1.898 Thread 0x00000237e5819220 Exception <a 'sun/nio/fs/WindowsException'{0x00000000cce45370}> (0x00000000cce45370) 
thrown [s\open\src\hotspot\share\prims\jni.cpp, line 517]
Event: 1.899 Thread 0x00000237e5819220 Exception <a 'sun/nio/fs/WindowsException'{0x00000000cce458c0}> (0x00000000cce458c0) 
thrown [s\open\src\hotspot\share\prims\jni.cpp, line 517]
Event: 1.902 Thread 0x00000237e5819220 Exception <a 'sun/nio/fs/WindowsException'{0x00000000cce47c50}> (0x00000000cce47c50) 
thrown [s\open\src\hotspot\share\prims\jni.cpp, line 517]
Event: 59.305 Thread 0x00000237e5819220 Exception <a 'java/lang/ClassNotFoundException'{0x00000000ccdf16a8}: sun/awt/resources/spi/awtProvider> (0x00000000ccdf16a8) 
thrown [s\open\src\hotspot\share\classfile\systemDictionary.cpp, line 255]

VM Operations (20 events):
Event: 2.906 Executing VM operation: Cleanup
Event: 2.907 Executing VM operation: Cleanup done
Event: 4.399 Executing VM operation: ChangeBreakpoints
Event: 4.400 Executing VM operation: ChangeBreakpoints done
Event: 31.636 Executing VM operation: Cleanup
Event: 31.673 Executing VM operation: Cleanup done
Event: 35.721 Executing VM operation: Cleanup
Event: 35.880 Executing VM operation: Cleanup done
Event: 40.317 Executing VM operation: ChangeBreakpoints
Event: 40.337 Executing VM operation: ChangeBreakpoints done
Event: 40.338 Executing VM operation: ChangeBreakpoints
Event: 40.338 Executing VM operation: ChangeBreakpoints done
Event: 40.338 Executing VM operation: ChangeBreakpoints
Event: 40.338 Executing VM operation: ChangeBreakpoints done
Event: 40.339 Executing VM operation: ChangeBreakpoints
Event: 40.339 Executing VM operation: ChangeBreakpoints done
Event: 40.339 Executing VM operation: ChangeBreakpoints
Event: 40.340 Executing VM operation: ChangeBreakpoints done
Event: 40.340 Executing VM operation: ChangeBreakpoints
Event: 40.340 Executing VM operation: ChangeBreakpoints done

Events (15 events):
Event: 1.042 Thread 0x00000237e5819220 Thread added: 0x00000237e5819220
Event: 1.367 Thread 0x00000237ff4eeb30 Thread added: 0x00000237ff4eeb30
Event: 1.367 Thread 0x00000237ff4ef8c0 Thread added: 0x00000237ff4ef8c0
Event: 1.368 Thread 0x00000237ff4f1500 Thread added: 0x00000237ff4f1500
Event: 1.369 Thread 0x00000237ff4f1e30 Thread added: 0x00000237ff4f1e30
Event: 1.369 Thread 0x00000237ff4f2760 Thread added: 0x00000237ff4f2760
Event: 1.369 Thread 0x00000237ff4f3090 Thread added: 0x00000237ff4f3090
Event: 1.369 Thread 0x00000237ff4f3cf0 Thread added: 0x00000237ff4f3cf0
Event: 1.386 Thread 0x00000237ff4f6d20 Thread added: 0x00000237ff4f6d20
Event: 1.471 Thread 0x00000237ff530050 Thread added: 0x00000237ff530050
Event: 1.772 Thread 0x00000237e58d6500 Thread added: 0x00000237e58d6500
Event: 4.381 Thread 0x00000237ff7b37f0 Thread added: 0x00000237ff7b37f0
Event: 4.382 Thread 0x00000237ff78f890 Thread added: 0x00000237ff78f890
Event: 4.399 Thread 0x00000237ff78fde0 Thread added: 0x00000237ff78fde0
Event: 30.098 Thread 0x00000237ff7e1470 Thread added: 0x00000237ff7e1470


Dynamic libraries:
0x00007ff7c2490000 - 0x00007ff7c24a0000 	C:\Java\bin\java.exe
0x00007ffe43ab0000 - 0x00007ffe43ca8000 	C:\WINDOWS\SYSTEM32\ntdll.dll
0x00007ffe427a0000 - 0x00007ffe4285f000 	C:\WINDOWS\System32\KERNEL32.DLL
0x00007ffe412b0000 - 0x00007ffe41582000 	C:\WINDOWS\System32\KERNELBASE.dll
0x00007ffe411b0000 - 0x00007ffe412b0000 	C:\WINDOWS\System32\ucrtbase.dll
0x00007ffe39a70000 - 0x00007ffe39a88000 	C:\Java\bin\jli.dll
0x00007ffe42440000 - 0x00007ffe424ee000 	C:\WINDOWS\System32\ADVAPI32.dll
0x00007ffe43560000 - 0x00007ffe435fe000 	C:\WINDOWS\System32\msvcrt.dll
0x00007ffe42ca0000 - 0x00007ffe42d3c000 	C:\WINDOWS\System32\sechost.dll
0x00007ffe425a0000 - 0x00007ffe426c4000 	C:\WINDOWS\System32\RPCRT4.dll
0x00007ffe433b0000 - 0x00007ffe43551000 	C:\WINDOWS\System32\USER32.dll
0x00007ffe419c0000 - 0x00007ffe419e2000 	C:\WINDOWS\System32\win32u.dll
0x00007ffe42c70000 - 0x00007ffe42c9b000 	C:\WINDOWS\System32\GDI32.dll
0x00007ffe416f0000 - 0x00007ffe417ff000 	C:\WINDOWS\System32\gdi32full.dll
0x00007ffe419f0000 - 0x00007ffe41a8d000 	C:\WINDOWS\System32\msvcp_win.dll
0x00007ffe18fa0000 - 0x00007ffe18fbb000 	C:\Java\bin\VCRUNTIME140.dll
0x00007ffe2f8a0000 - 0x00007ffe2fb3a000 	C:\WINDOWS\WinSxS\amd64_microsoft.windows.common-controls_6595b64144ccf1df_6.0.19041.1110_none_60b5254171f9507e\COMCTL32.dll
0x00007ffe39a90000 - 0x00007ffe39a9a000 	C:\WINDOWS\SYSTEM32\VERSION.dll
0x00007ffe42d40000 - 0x00007ffe42d70000 	C:\WINDOWS\System32\IMM32.DLL
0x00007ffe26570000 - 0x00007ffe2657c000 	C:\Java\bin\vcruntime140_1.dll
0x00007ffe17ca0000 - 0x00007ffe17d2e000 	C:\Java\bin\msvcp140.dll
0x00007ffde4c40000 - 0x00007ffde5900000 	C:\Java\bin\server\jvm.dll
0x00007ffe3d8e0000 - 0x00007ffe3d8e9000 	C:\WINDOWS\SYSTEM32\WSOCK32.dll
0x00007ffe42ba0000 - 0x00007ffe42c0b000 	C:\WINDOWS\System32\WS2_32.dll
0x00007ffe396c0000 - 0x00007ffe396e7000 	C:\WINDOWS\SYSTEM32\WINMM.dll
0x00007ffe3f070000 - 0x00007ffe3f082000 	C:\WINDOWS\SYSTEM32\kernel.appcore.dll
0x00007ffe18f90000 - 0x00007ffe18f9a000 	C:\Java\bin\jimage.dll
0x00007ffe2f0c0000 - 0x00007ffe2f2a4000 	C:\WINDOWS\SYSTEM32\DBGHELP.DLL
0x00007ffe2f080000 - 0x00007ffe2f0b5000 	C:\WINDOWS\SYSTEM32\dbgcore.DLL
0x00007ffe41800000 - 0x00007ffe41882000 	C:\WINDOWS\System32\bcryptPrimitives.dll
0x00007ffe28530000 - 0x00007ffe2856c000 	C:\Java\bin\jdwp.dll
0x00007ffe18010000 - 0x00007ffe18036000 	C:\Java\bin\java.dll
0x00007ffe17f30000 - 0x00007ffe18007000 	C:\Java\bin\jsvml.dll
0x00007ffe41c70000 - 0x00007ffe423b5000 	C:\WINDOWS\System32\SHELL32.dll
0x00007ffe3f270000 - 0x00007ffe3fa02000 	C:\WINDOWS\SYSTEM32\windows.storage.dll
0x00007ffe42f20000 - 0x00007ffe43275000 	C:\WINDOWS\System32\combase.dll
0x00007ffe40ba0000 - 0x00007ffe40bd0000 	C:\WINDOWS\SYSTEM32\Wldp.dll
0x00007ffe41b00000 - 0x00007ffe41bad000 	C:\WINDOWS\System32\SHCORE.dll
0x00007ffe42b40000 - 0x00007ffe42b95000 	C:\WINDOWS\System32\shlwapi.dll
0x00007ffe410f0000 - 0x00007ffe4110f000 	C:\WINDOWS\SYSTEM32\profapi.dll
0x00007ffe17f10000 - 0x00007ffe17f23000 	C:\Java\bin\net.dll
0x00007ffe34670000 - 0x00007ffe3477a000 	C:\WINDOWS\SYSTEM32\WINHTTP.dll
0x00007ffe40890000 - 0x00007ffe408fa000 	C:\WINDOWS\system32\mswsock.dll
0x00007ffe17ef0000 - 0x00007ffe17f06000 	C:\Java\bin\nio.dll
0x00007ffe3a9a0000 - 0x00007ffe3a9ab000 	C:\Java\bin\dt_shmem.dll
0x00007ffe17ed0000 - 0x00007ffe17ee8000 	C:\Java\bin\zip.dll

dbghelp: loaded successfully - version: 4.0.5 - missing functions: none
symbol engine: initialized successfully - sym options: 0x614 - pdb path: .;C:\Java\bin;C:\WINDOWS\SYSTEM32;C:\WINDOWS\WinSxS\amd64_microsoft.windows.common-controls_6595b64144ccf1df_6.0.19041.1110_none_60b5254171f9507e;C:\Java\bin\server

VM Arguments:
jvm_args: -Dfile.encoding=UTF-8 -agentlib:jdwp=transport=dt_shmem,address=javadebug5879 --module-path=C:\Users\Rioan\OneDrive\Desktop\Isaac Project\databasee_1\build\classes 
java_command: databasee.login
java_class_path (initial): C:\Users\Rioan\OneDrive\Desktop\Beginners\JCalendar.jar;C:\Users\Rioan\OneDrive\Desktop\Beginners\netbeans\java\modules\ext\AbsoluteLayout.jar;C:\Users\Rioan\OneDrive\Desktop\Isaac Project\databasee_1\build\classes
Launcher Type: SUN_STANDARD

[Global flags]
     intx CICompilerCount                          = 4                                         {product} {ergonomic}
     uint ConcGCThreads                            = 2                                         {product} {ergonomic}
     uint G1ConcRefinementThreads                  = 8                                         {product} {ergonomic}
   size_t G1HeapRegionSize                         = 1048576                                   {product} {ergonomic}
    uintx GCDrainStackTargetSize                   = 64                                        {product} {ergonomic}
   size_t InitialHeapSize                          = 58720256                                  {product} {ergonomic}
   size_t MarkStackSize                            = 4194304                                   {product} {ergonomic}
   size_t MaxHeapSize                              = 914358272                                 {product} {ergonomic}
   size_t MaxNewSize                               = 548405248                                 {product} {ergonomic}
   size_t MinHeapDeltaBytes                        = 1048576                                   {product} {ergonomic}
   size_t MinHeapSize                              = 8388608                                   {product} {ergonomic}
    uintx NonNMethodCodeHeapSize                   = 5839372                                {pd product} {ergonomic}
    uintx NonProfiledCodeHeapSize                  = 122909434                              {pd product} {ergonomic}
    uintx ProfiledCodeHeapSize                     = 122909434                              {pd product} {ergonomic}
    uintx ReservedCodeCacheSize                    = 251658240                              {pd product} {ergonomic}
     bool SegmentedCodeCache                       = true                                      {product} {ergonomic}
   size_t SoftMaxHeapSize                          = 914358272                              {manageable} {ergonomic}
     bool UseCompressedClassPointers               = true                           {product lp64_product} {ergonomic}
     bool UseCompressedOops                        = true                           {product lp64_product} {ergonomic}
     bool UseG1GC                                  = true                                      {product} {ergonomic}
     bool UseLargePagesIndividualAllocation        = false                                  {pd product} {ergonomic}

Logging:
Log output configuration:
 #0: stdout all=warning uptime,level,tags foldmultilines=false
 #1: stderr all=off uptime,level,tags foldmultilines=false

Environment Variables:
PATH=C:\Program Files\Common Files\Oracle\Java\javapath;C:\ProgramData\Oracle\Java\javapath;C:\WINDOWS\system32;C:\WINDOWS;C:\WINDOWS\System32\Wbem;C:\WINDOWS\System32\WindowsPowerShell\v1.0\;C:\WINDOWS\System32\OpenSSH\;C:\scrcpy;C:\Users\Rioan\AppData\Local\Microsoft\WindowsApps;
USERNAME=Rioan
OS=Windows_NT
PROCESSOR_IDENTIFIER=AMD64 Family 23 Model 17 Stepping 0, AuthenticAMD
TMP=C:\Users\Rioan\AppData\Local\Temp
TEMP=C:\Users\Rioan\AppData\Local\Temp



---------------  S Y S T E M  ---------------

OS:
 Windows 10 , 64 bit Build 19041 (10.0.19041.2546)
OS uptime: 0 days 0:46 hours

CPU: total 8 (initial active 8) (8 cores per cpu, 2 threads per core) family 23 model 17 stepping 0 microcode 0x0, cx8, cmov, fxsr, ht, mmx, 3dnowpref, sse, sse2, sse3, ssse3, sse4a, sse4.1, sse4.2, popcnt, lzcnt, tsc, tscinvbit, avx, avx2, aes, clmul, bmi1, bmi2, adx, sha, fma, vzeroupper, clflush, clflushopt, rdtscp

Memory: 4k page, system-wide physical 3484M (215M free)
TotalPageFile size 14084M (AvailPageFile size 316M)
current process WorkingSet (physical memory assigned to process): 22M, peak: 32M
current process commit charge ("private bytes"): 136M, peak: 137M

vm_info: Java HotSpot(TM) 64-Bit Server VM (19.0.2+7-44) for windows-amd64 JRE (19.0.2+7-44), built on 2022-11-30T18:02:09Z by "mach5one" with MS VC++ 17.1 (VS2022)

END.
