#
# There is insufficient memory for the Java Runtime Environment to continue.
# Native memory allocation (malloc) failed to allocate 32744 bytes for Chunk::new
# Possible reasons:
#   The system is out of physical RAM or swap space
#   The process is running with CompressedOops enabled, and the Java Heap may be blocking the growth of the native heap
# Possible solutions:
#   Reduce memory load on the system
#   Increase physical memory or swap space
#   Check if swap backing store is full
#   Decrease Java heap size (-Xmx/-Xms)
#   Decrease number of Java threads
#   Decrease Java thread stack sizes (-Xss)
#   Set larger code cache with -XX:ReservedCodeCacheSize=
#   JVM is running with Unscaled Compressed Oops mode in which the Java heap is
#     placed in the first 4GB address space. The Java Heap base address is the
#     maximum limit for the native heap growth. Please use -XX:HeapBaseMinAddress
#     to set the Java Heap base and to place the Java Heap above 4GB virtual address.
# This output file may be truncated or incomplete.
#
#  Out of Memory Error (arena.cpp:184), pid=12068, tid=19792
#
# JRE version: Java(TM) SE Runtime Environment (19.0.2+7) (build 19.0.2+7-44)
# Java VM: Java HotSpot(TM) 64-Bit Server VM (19.0.2+7-44, mixed mode, sharing, tiered, compressed oops, compressed class ptrs, g1 gc, windows-amd64)
# No core dump will be written. Minidumps are not enabled by default on client versions of Windows
#

---------------  S U M M A R Y ------------

Command Line: -Dfile.encoding=UTF-8 -agentlib:jdwp=transport=dt_shmem,address=javadebug2072 --module-path=C:\Users\Rioan\OneDrive\Desktop\Isaac Project\databasee_1\build\classes databasee.login

Host: AMD Ryzen 5 2500U with Radeon Vega Mobile Gfx  , 8 cores, 3G,  Windows 10 , 64 bit Build 19041 (10.0.19041.2546)
Time: Sat Apr  1 10:42:26 2023 China Standard Time elapsed time: 32.448283 seconds (0d 0h 0m 32s)

---------------  T H R E A D  ---------------

Current thread (0x0000020a7f88ec30):  JavaThread "C2 CompilerThread0" daemon [_thread_in_vm, id=19792, stack(0x000000e807c00000,0x000000e807d00000)]

Stack: [0x000000e807c00000,0x000000e807d00000]
Native frames: (J=compiled Java code, j=interpreted, Vv=VM code, C=native code)
V  [jvm.dll+0x6ee21a]
V  [jvm.dll+0x85765e]
V  [jvm.dll+0x85904e]
V  [jvm.dll+0x859703]
V  [jvm.dll+0x28298f]
V  [jvm.dll+0xc9adf]
V  [jvm.dll+0xc9e65]
V  [jvm.dll+0x24d00c]
V  [jvm.dll+0x24a7e8]
V  [jvm.dll+0x7475d9]
V  [jvm.dll+0x7471cf]
V  [jvm.dll+0x1d6f3e]
V  [jvm.dll+0x25a264]
V  [jvm.dll+0x259593]
V  [jvm.dll+0x807588]
V  [jvm.dll+0x80125a]
V  [jvm.dll+0x6ecf0b]
C  [ucrtbase.dll+0x21bb2]
C  [KERNEL32.DLL+0x17614]
C  [ntdll.dll+0x526a1]


---------------  P R O C E S S  ---------------

Threads class SMR info:
_java_thread_list=0x0000020a7f90a300, length=11, elements={
0x0000020a74baa650, 0x0000020a7f87d340, 0x0000020a7f8800e0, 0x0000020a7f885670,
0x0000020a7f885fa0, 0x0000020a7f8868d0, 0x0000020a7f887200, 0x0000020a7f88ec30,
0x0000020a7f890ef0, 0x0000020a7f8941b0, 0x0000020a7f86d0e0
}

Java Threads: ( => current thread )
  0x0000020a74baa650 JavaThread "main" [_thread_in_native, id=13748, stack(0x000000e806f00000,0x000000e807000000)]
  0x0000020a7f87d340 JavaThread "Reference Handler" daemon [_thread_blocked, id=18788, stack(0x000000e807600000,0x000000e807700000)]
  0x0000020a7f8800e0 JavaThread "Finalizer" daemon [_thread_blocked, id=18812, stack(0x000000e807700000,0x000000e807800000)]
  0x0000020a7f885670 JavaThread "Signal Dispatcher" daemon [_thread_blocked, id=19452, stack(0x000000e807800000,0x000000e807900000)]
  0x0000020a7f885fa0 JavaThread "Attach Listener" daemon [_thread_blocked, id=18196, stack(0x000000e807900000,0x000000e807a00000)]
  0x0000020a7f8868d0 JavaThread "Service Thread" daemon [_thread_blocked, id=1752, stack(0x000000e807a00000,0x000000e807b00000)]
  0x0000020a7f887200 JavaThread "Monitor Deflation Thread" daemon [_thread_blocked, id=4820, stack(0x000000e807b00000,0x000000e807c00000)]
=>0x0000020a7f88ec30 JavaThread "C2 CompilerThread0" daemon [_thread_in_vm, id=19792, stack(0x000000e807c00000,0x000000e807d00000)]
  0x0000020a7f890ef0 JavaThread "C1 CompilerThread0" daemon [_thread_in_native, id=19960, stack(0x000000e807d00000,0x000000e807e00000)]
  0x0000020a7f8941b0 JavaThread "Sweeper thread" daemon [_thread_blocked, id=20104, stack(0x000000e807e00000,0x000000e807f00000)]
  0x0000020a7f86d0e0 JavaThread "Common-Cleaner" daemon [_thread_blocked, id=20780, stack(0x000000e807f00000,0x000000e808000000)]

Other Threads:
  0x0000020a74c75880 VMThread "VM Thread" [stack: 0x000000e807500000,0x000000e807600000] [id=17004]
  0x0000020a74be8e30 WorkerThread "GC Thread#0" [stack: 0x000000e807000000,0x000000e807100000] [id=14932]
  0x0000020a74bf1aa0 ConcurrentGCThread "G1 Main Marker" [stack: 0x000000e807100000,0x000000e807200000] [id=14936]
  0x0000020a74bf24d0 WorkerThread "G1 Conc#0" [stack: 0x000000e807200000,0x000000e807300000] [id=14944]
  0x0000020a74c52800 ConcurrentGCThread "G1 Refine#0" [stack: 0x000000e807300000,0x000000e807400000] [id=15000]
  0x0000020a74c53340 ConcurrentGCThread "G1 Service" [stack: 0x000000e807400000,0x000000e807500000] [id=15008]

Threads with active compile tasks:
C1 CompilerThread0    39421    1       3       java.lang.String::charAt (25 bytes)

VM state: not at safepoint (normal execution)

VM Mutex/Monitor currently owned by a thread: None

Heap address: 0x00000000c9800000, size: 872 MB, Compressed Oops mode: 32-bit

CDS archive(s) mapped at: [0x0000000800000000-0x0000000800c40000-0x0000000800c40000), size 12845056, SharedBaseAddress: 0x0000000800000000, ArchiveRelocationMode: 0.
Compressed class space mapped at: 0x0000000801000000-0x0000000841000000, reserved size: 1073741824
Narrow klass base: 0x0000000800000000, Narrow klass shift: 0, Narrow klass range: 0x100000000

GC Precious Log:
 CardTable entry size: 512
 Card Set container configuration: InlinePtr #cards 5 size 8 Array Of Cards #cards 12 size 40 Howl #buckets 4 coarsen threshold 1843 Howl Bitmap #cards 512 size 80 coarsen threshold 460 Card regions per heap region 1 cards per card region 2048
 CPUs: 8 total, 8 available
 Memory: 3484M
 Large Page Support: Disabled
 NUMA Support: Disabled
 Compressed Oops: Enabled (32-bit)
 Heap Region Size: 1M
 Heap Min Capacity: 8M
 Heap Initial Capacity: 56M
 Heap Max Capacity: 872M
 Pre-touch: Disabled
 Parallel Workers: 8
 Concurrent Workers: 2
 Concurrent Refinement Workers: 8
 Periodic GC: Disabled

Heap:
 garbage-first heap   total 57344K, used 1024K [0x00000000c9800000, 0x0000000100000000)
  region size 1024K, 2 young (2048K), 0 survivors (0K)
 Metaspace       used 172K, committed 384K, reserved 1114112K
  class space    used 7K, committed 128K, reserved 1048576K

Heap Regions: E=young(eden), S=young(survivor), O=old, HS=humongous(starts), HC=humongous(continues), CS=collection set, F=free, OA=open archive, CA=closed archive, TAMS=top-at-mark-start (previous, next)
|   0|0x00000000c9800000, 0x00000000c9800000, 0x00000000c9900000|  0%| F|  |TAMS 0x00000000c9800000, 0x00000000c9800000| Untracked 
|   1|0x00000000c9900000, 0x00000000c9900000, 0x00000000c9a00000|  0%| F|  |TAMS 0x00000000c9900000, 0x00000000c9900000| Untracked 
|   2|0x00000000c9a00000, 0x00000000c9a00000, 0x00000000c9b00000|  0%| F|  |TAMS 0x00000000c9a00000, 0x00000000c9a00000| Untracked 
|   3|0x00000000c9b00000, 0x00000000c9b00000, 0x00000000c9c00000|  0%| F|  |TAMS 0x00000000c9b00000, 0x00000000c9b00000| Untracked 
|   4|0x00000000c9c00000, 0x00000000c9c00000, 0x00000000c9d00000|  0%| F|  |TAMS 0x00000000c9c00000, 0x00000000c9c00000| Untracked 
|   5|0x00000000c9d00000, 0x00000000c9d00000, 0x00000000c9e00000|  0%| F|  |TAMS 0x00000000c9d00000, 0x00000000c9d00000| Untracked 
|   6|0x00000000c9e00000, 0x00000000c9e00000, 0x00000000c9f00000|  0%| F|  |TAMS 0x00000000c9e00000, 0x00000000c9e00000| Untracked 
|   7|0x00000000c9f00000, 0x00000000c9f00000, 0x00000000ca000000|  0%| F|  |TAMS 0x00000000c9f00000, 0x00000000c9f00000| Untracked 
|   8|0x00000000ca000000, 0x00000000ca000000, 0x00000000ca100000|  0%| F|  |TAMS 0x00000000ca000000, 0x00000000ca000000| Untracked 
|   9|0x00000000ca100000, 0x00000000ca100000, 0x00000000ca200000|  0%| F|  |TAMS 0x00000000ca100000, 0x00000000ca100000| Untracked 
|  10|0x00000000ca200000, 0x00000000ca200000, 0x00000000ca300000|  0%| F|  |TAMS 0x00000000ca200000, 0x00000000ca200000| Untracked 
|  11|0x00000000ca300000, 0x00000000ca300000, 0x00000000ca400000|  0%| F|  |TAMS 0x00000000ca300000, 0x00000000ca300000| Untracked 
|  12|0x00000000ca400000, 0x00000000ca400000, 0x00000000ca500000|  0%| F|  |TAMS 0x00000000ca400000, 0x00000000ca400000| Untracked 
|  13|0x00000000ca500000, 0x00000000ca500000, 0x00000000ca600000|  0%| F|  |TAMS 0x00000000ca500000, 0x00000000ca500000| Untracked 
|  14|0x00000000ca600000, 0x00000000ca600000, 0x00000000ca700000|  0%| F|  |TAMS 0x00000000ca600000, 0x00000000ca600000| Untracked 
|  15|0x00000000ca700000, 0x00000000ca700000, 0x00000000ca800000|  0%| F|  |TAMS 0x00000000ca700000, 0x00000000ca700000| Untracked 
|  16|0x00000000ca800000, 0x00000000ca800000, 0x00000000ca900000|  0%| F|  |TAMS 0x00000000ca800000, 0x00000000ca800000| Untracked 
|  17|0x00000000ca900000, 0x00000000ca900000, 0x00000000caa00000|  0%| F|  |TAMS 0x00000000ca900000, 0x00000000ca900000| Untracked 
|  18|0x00000000caa00000, 0x00000000caa00000, 0x00000000cab00000|  0%| F|  |TAMS 0x00000000caa00000, 0x00000000caa00000| Untracked 
|  19|0x00000000cab00000, 0x00000000cab00000, 0x00000000cac00000|  0%| F|  |TAMS 0x00000000cab00000, 0x00000000cab00000| Untracked 
|  20|0x00000000cac00000, 0x00000000cac00000, 0x00000000cad00000|  0%| F|  |TAMS 0x00000000cac00000, 0x00000000cac00000| Untracked 
|  21|0x00000000cad00000, 0x00000000cad00000, 0x00000000cae00000|  0%| F|  |TAMS 0x00000000cad00000, 0x00000000cad00000| Untracked 
|  22|0x00000000cae00000, 0x00000000cae00000, 0x00000000caf00000|  0%| F|  |TAMS 0x00000000cae00000, 0x00000000cae00000| Untracked 
|  23|0x00000000caf00000, 0x00000000caf00000, 0x00000000cb000000|  0%| F|  |TAMS 0x00000000caf00000, 0x00000000caf00000| Untracked 
|  24|0x00000000cb000000, 0x00000000cb000000, 0x00000000cb100000|  0%| F|  |TAMS 0x00000000cb000000, 0x00000000cb000000| Untracked 
|  25|0x00000000cb100000, 0x00000000cb100000, 0x00000000cb200000|  0%| F|  |TAMS 0x00000000cb100000, 0x00000000cb100000| Untracked 
|  26|0x00000000cb200000, 0x00000000cb200000, 0x00000000cb300000|  0%| F|  |TAMS 0x00000000cb200000, 0x00000000cb200000| Untracked 
|  27|0x00000000cb300000, 0x00000000cb300000, 0x00000000cb400000|  0%| F|  |TAMS 0x00000000cb300000, 0x00000000cb300000| Untracked 
|  28|0x00000000cb400000, 0x00000000cb400000, 0x00000000cb500000|  0%| F|  |TAMS 0x00000000cb400000, 0x00000000cb400000| Untracked 
|  29|0x00000000cb500000, 0x00000000cb500000, 0x00000000cb600000|  0%| F|  |TAMS 0x00000000cb500000, 0x00000000cb500000| Untracked 
|  30|0x00000000cb600000, 0x00000000cb600000, 0x00000000cb700000|  0%| F|  |TAMS 0x00000000cb600000, 0x00000000cb600000| Untracked 
|  31|0x00000000cb700000, 0x00000000cb700000, 0x00000000cb800000|  0%| F|  |TAMS 0x00000000cb700000, 0x00000000cb700000| Untracked 
|  32|0x00000000cb800000, 0x00000000cb800000, 0x00000000cb900000|  0%| F|  |TAMS 0x00000000cb800000, 0x00000000cb800000| Untracked 
|  33|0x00000000cb900000, 0x00000000cb900000, 0x00000000cba00000|  0%| F|  |TAMS 0x00000000cb900000, 0x00000000cb900000| Untracked 
|  34|0x00000000cba00000, 0x00000000cba00000, 0x00000000cbb00000|  0%| F|  |TAMS 0x00000000cba00000, 0x00000000cba00000| Untracked 
|  35|0x00000000cbb00000, 0x00000000cbb00000, 0x00000000cbc00000|  0%| F|  |TAMS 0x00000000cbb00000, 0x00000000cbb00000| Untracked 
|  36|0x00000000cbc00000, 0x00000000cbc00000, 0x00000000cbd00000|  0%| F|  |TAMS 0x00000000cbc00000, 0x00000000cbc00000| Untracked 
|  37|0x00000000cbd00000, 0x00000000cbd00000, 0x00000000cbe00000|  0%| F|  |TAMS 0x00000000cbd00000, 0x00000000cbd00000| Untracked 
|  38|0x00000000cbe00000, 0x00000000cbe00000, 0x00000000cbf00000|  0%| F|  |TAMS 0x00000000cbe00000, 0x00000000cbe00000| Untracked 
|  39|0x00000000cbf00000, 0x00000000cbf00000, 0x00000000cc000000|  0%| F|  |TAMS 0x00000000cbf00000, 0x00000000cbf00000| Untracked 
|  40|0x00000000cc000000, 0x00000000cc000000, 0x00000000cc100000|  0%| F|  |TAMS 0x00000000cc000000, 0x00000000cc000000| Untracked 
|  41|0x00000000cc100000, 0x00000000cc100000, 0x00000000cc200000|  0%| F|  |TAMS 0x00000000cc100000, 0x00000000cc100000| Untracked 
|  42|0x00000000cc200000, 0x00000000cc200000, 0x00000000cc300000|  0%| F|  |TAMS 0x00000000cc200000, 0x00000000cc200000| Untracked 
|  43|0x00000000cc300000, 0x00000000cc300000, 0x00000000cc400000|  0%| F|  |TAMS 0x00000000cc300000, 0x00000000cc300000| Untracked 
|  44|0x00000000cc400000, 0x00000000cc400000, 0x00000000cc500000|  0%| F|  |TAMS 0x00000000cc400000, 0x00000000cc400000| Untracked 
|  45|0x00000000cc500000, 0x00000000cc500000, 0x00000000cc600000|  0%| F|  |TAMS 0x00000000cc500000, 0x00000000cc500000| Untracked 
|  46|0x00000000cc600000, 0x00000000cc600000, 0x00000000cc700000|  0%| F|  |TAMS 0x00000000cc600000, 0x00000000cc600000| Untracked 
|  47|0x00000000cc700000, 0x00000000cc700000, 0x00000000cc800000|  0%| F|  |TAMS 0x00000000cc700000, 0x00000000cc700000| Untracked 
|  48|0x00000000cc800000, 0x00000000cc800000, 0x00000000cc900000|  0%| F|  |TAMS 0x00000000cc800000, 0x00000000cc800000| Untracked 
|  49|0x00000000cc900000, 0x00000000cc900000, 0x00000000cca00000|  0%| F|  |TAMS 0x00000000cc900000, 0x00000000cc900000| Untracked 
|  50|0x00000000cca00000, 0x00000000cca00000, 0x00000000ccb00000|  0%| F|  |TAMS 0x00000000cca00000, 0x00000000cca00000| Untracked 
|  51|0x00000000ccb00000, 0x00000000ccb00000, 0x00000000ccc00000|  0%| F|  |TAMS 0x00000000ccb00000, 0x00000000ccb00000| Untracked 
|  52|0x00000000ccc00000, 0x00000000ccc00000, 0x00000000ccd00000|  0%| F|  |TAMS 0x00000000ccc00000, 0x00000000ccc00000| Untracked 
|  53|0x00000000ccd00000, 0x00000000ccd00000, 0x00000000cce00000|  0%| F|  |TAMS 0x00000000ccd00000, 0x00000000ccd00000| Untracked 
|  54|0x00000000cce00000, 0x00000000cceec150, 0x00000000ccf00000| 92%| E|  |TAMS 0x00000000cce00000, 0x00000000cce00000| Complete 
|  55|0x00000000ccf00000, 0x00000000cd000000, 0x00000000cd000000|100%| E|CS|TAMS 0x00000000ccf00000, 0x00000000ccf00000| Complete 

Card table byte_map: [0x0000020a7d010000,0x0000020a7d1d0000] _byte_map_base: 0x0000020a7c9c4000

Marking Bits (Prev, Next): (CMBitMap*) 0x0000020a74bea470, (CMBitMap*) 0x0000020a74bea4b0
 Prev Bits: [0x0000020a7d390000, 0x0000020a7e130000)
 Next Bits: [0x0000020a7e130000, 0x0000020a7eed0000)

Polling page: 0x0000020a72b10000

Metaspace:

Usage:
  Non-class:    165.30 KB used.
      Class:      7.53 KB used.
       Both:    172.83 KB used.

Virtual space:
  Non-class space:       64.00 MB reserved,     256.00 KB ( <1%) committed,  1 nodes.
      Class space:        1.00 GB reserved,     128.00 KB ( <1%) committed,  1 nodes.
             Both:        1.06 GB reserved,     384.00 KB ( <1%) committed. 

Chunk freelists:
   Non-Class:  4.00 MB
       Class:  3.75 MB
        Both:  7.74 MB

MaxMetaspaceSize: unlimited
CompressedClassSpaceSize: 1.00 GB
Initial GC threshold: 21.00 MB
Current GC threshold: 21.00 MB
CDS: on
MetaspaceReclaimPolicy: balanced
 - commit_granule_bytes: 65536.
 - commit_granule_words: 8192.
 - virtual_space_node_default_size: 8388608.
 - enlarge_chunks_in_place: 1.
 - new_chunks_are_fully_committed: 0.
 - uncommit_free_chunks: 1.
 - use_allocation_guard: 0.


Internal statistics:

num_allocs_failed_limit: 0.
num_arena_births: 6.
num_arena_deaths: 0.
num_vsnodes_births: 2.
num_vsnodes_deaths: 0.
num_space_committed: 6.
num_space_uncommitted: 0.
num_chunks_returned_to_freelist: 0.
num_chunks_taken_from_freelist: 7.
num_chunk_merges: 0.
num_chunk_splits: 4.
num_chunks_enlarged: 2.
num_inconsistent_stats: 0.

CodeHeap 'non-profiled nmethods': size=120000Kb used=16Kb max_used=16Kb free=119983Kb
 bounds [0x0000020a07ad0000, 0x0000020a07d40000, 0x0000020a0f000000]
CodeHeap 'profiled nmethods': size=120000Kb used=0Kb max_used=0Kb free=120000Kb
 bounds [0x0000020a00000000, 0x0000020a00270000, 0x0000020a07530000]
CodeHeap 'non-nmethods': size=5760Kb used=1232Kb max_used=1232Kb free=4527Kb
 bounds [0x0000020a07530000, 0x0000020a077a0000, 0x0000020a07ad0000]
 total_blobs=379 nmethods=22 adapters=283
 compilation: enabled
              stopped_count=0, restarted_count=0
 full_count=0

Compilation events (0 events):
No events

GC Heap History (0 events):
No events

Dll operation events (2 events):
Event: 1.623 Loaded shared library C:\Java\bin\java.dll
Event: 12.225 Loaded shared library C:\Java\bin\jsvml.dll

Deoptimization events (0 events):
No events

Classes loaded (0 events):
No events

Classes unloaded (0 events):
No events

Classes redefined (0 events):
No events

Internal exceptions (0 events):
No events

VM Operations (0 events):
No events

Events (10 events):
Event: 12.226 Thread 0x0000020a74baa650 Thread added: 0x0000020a74baa650
Event: 23.296 Thread 0x0000020a7f87d340 Thread added: 0x0000020a7f87d340
Event: 23.297 Thread 0x0000020a7f8800e0 Thread added: 0x0000020a7f8800e0
Event: 25.474 Thread 0x0000020a7f885670 Thread added: 0x0000020a7f885670
Event: 25.474 Thread 0x0000020a7f885fa0 Thread added: 0x0000020a7f885fa0
Event: 25.475 Thread 0x0000020a7f8868d0 Thread added: 0x0000020a7f8868d0
Event: 25.475 Thread 0x0000020a7f887200 Thread added: 0x0000020a7f887200
Event: 25.648 Thread 0x0000020a7f88ec30 Thread added: 0x0000020a7f88ec30
Event: 25.651 Thread 0x0000020a7f890ef0 Thread added: 0x0000020a7f890ef0
Event: 25.655 Thread 0x0000020a7f8941b0 Thread added: 0x0000020a7f8941b0


Dynamic libraries:
0x00007ff7c3580000 - 0x00007ff7c3590000 	C:\Java\bin\java.exe
0x00007ffd69330000 - 0x00007ffd69528000 	C:\WINDOWS\SYSTEM32\ntdll.dll
0x00007ffd68c90000 - 0x00007ffd68d4f000 	C:\WINDOWS\System32\KERNEL32.DLL
0x00007ffd66b70000 - 0x00007ffd66e42000 	C:\WINDOWS\System32\KERNELBASE.dll
0x00007ffd66e80000 - 0x00007ffd66f80000 	C:\WINDOWS\System32\ucrtbase.dll
0x00007ffd22a30000 - 0x00007ffd22a48000 	C:\Java\bin\jli.dll
0x00007ffd68100000 - 0x00007ffd681ae000 	C:\WINDOWS\System32\ADVAPI32.dll
0x00007ffd682e0000 - 0x00007ffd6837e000 	C:\WINDOWS\System32\msvcrt.dll
0x00007ffd67670000 - 0x00007ffd6770c000 	C:\WINDOWS\System32\sechost.dll
0x00007ffd681b0000 - 0x00007ffd682d4000 	C:\WINDOWS\System32\RPCRT4.dll
0x00007ffd68ae0000 - 0x00007ffd68c81000 	C:\WINDOWS\System32\USER32.dll
0x00007ffd66b40000 - 0x00007ffd66b62000 	C:\WINDOWS\System32\win32u.dll
0x00007ffd68e60000 - 0x00007ffd68e8b000 	C:\WINDOWS\System32\GDI32.dll
0x00007ffd66f80000 - 0x00007ffd6708f000 	C:\WINDOWS\System32\gdi32full.dll
0x00007ffd66a30000 - 0x00007ffd66acd000 	C:\WINDOWS\System32\msvcp_win.dll
0x00007ffd50f30000 - 0x00007ffd50f4b000 	C:\Java\bin\VCRUNTIME140.dll
0x00007ffd5fb50000 - 0x00007ffd5fb5a000 	C:\WINDOWS\SYSTEM32\VERSION.dll
0x00007ffd54650000 - 0x00007ffd548ea000 	C:\WINDOWS\WinSxS\amd64_microsoft.windows.common-controls_6595b64144ccf1df_6.0.19041.1110_none_60b5254171f9507e\COMCTL32.dll
0x00007ffd67bb0000 - 0x00007ffd67be0000 	C:\WINDOWS\System32\IMM32.DLL
0x00007ffd50f10000 - 0x00007ffd50f1c000 	C:\Java\bin\vcruntime140_1.dll
0x00007ffd20250000 - 0x00007ffd202de000 	C:\Java\bin\msvcp140.dll
0x00007ffd07390000 - 0x00007ffd08050000 	C:\Java\bin\server\jvm.dll
0x00007ffd50f20000 - 0x00007ffd50f29000 	C:\WINDOWS\SYSTEM32\WSOCK32.dll
0x00007ffd68ef0000 - 0x00007ffd68f5b000 	C:\WINDOWS\System32\WS2_32.dll
0x00007ffd5b2b0000 - 0x00007ffd5b2d7000 	C:\WINDOWS\SYSTEM32\WINMM.dll
0x00007ffd648f0000 - 0x00007ffd64902000 	C:\WINDOWS\SYSTEM32\kernel.appcore.dll
0x00007ffd50ec0000 - 0x00007ffd50eca000 	C:\Java\bin\jimage.dll
0x00007ffd56580000 - 0x00007ffd56764000 	C:\WINDOWS\SYSTEM32\DBGHELP.DLL
0x00007ffd60600000 - 0x00007ffd60635000 	C:\WINDOWS\SYSTEM32\dbgcore.DLL
0x00007ffd67090000 - 0x00007ffd67112000 	C:\WINDOWS\System32\bcryptPrimitives.dll
0x00007ffd211a0000 - 0x00007ffd211dc000 	C:\Java\bin\jdwp.dll
0x00007ffd4e100000 - 0x00007ffd4e126000 	C:\Java\bin\java.dll
0x00007ffd1aff0000 - 0x00007ffd1b0c7000 	C:\Java\bin\jsvml.dll
0x00007ffd68380000 - 0x00007ffd68ac5000 	C:\WINDOWS\System32\SHELL32.dll
0x00007ffd64af0000 - 0x00007ffd65282000 	C:\WINDOWS\SYSTEM32\windows.storage.dll
0x00007ffd677f0000 - 0x00007ffd67b45000 	C:\WINDOWS\System32\combase.dll
0x00007ffd663b0000 - 0x00007ffd663e0000 	C:\WINDOWS\SYSTEM32\Wldp.dll
0x00007ffd67be0000 - 0x00007ffd67c8d000 	C:\WINDOWS\System32\SHCORE.dll
0x00007ffd67b50000 - 0x00007ffd67ba5000 	C:\WINDOWS\System32\shlwapi.dll
0x00007ffd66970000 - 0x00007ffd6698f000 	C:\WINDOWS\SYSTEM32\profapi.dll

dbghelp: loaded successfully - version: 4.0.5 - missing functions: none
symbol engine: initialized successfully - sym options: 0x614 - pdb path: .;C:\Java\bin;C:\WINDOWS\SYSTEM32;C:\WINDOWS\WinSxS\amd64_microsoft.windows.common-controls_6595b64144ccf1df_6.0.19041.1110_none_60b5254171f9507e;C:\Java\bin\server

VM Arguments:
jvm_args: -Dfile.encoding=UTF-8 -agentlib:jdwp=transport=dt_shmem,address=javadebug2072 --module-path=C:\Users\Rioan\OneDrive\Desktop\Isaac Project\databasee_1\build\classes 
java_command: databasee.login
java_class_path (initial): C:\Users\Rioan\OneDrive\Desktop\Beginners\JCalendar.jar;C:\Users\Rioan\OneDrive\Desktop\Beginners\netbeans\java\modules\ext\AbsoluteLayout.jar;C:\Users\Rioan\OneDrive\Desktop\Isaac Project\databasee_1\build\classes
Launcher Type: SUN_STANDARD

[Global flags]
     intx CICompilerCount                          = 4                                         {product} {ergonomic}
     uint ConcGCThreads                            = 2                                         {product} {ergonomic}
     uint G1ConcRefinementThreads                  = 8                                         {product} {ergonomic}
   size_t G1HeapRegionSize                         = 1048576                                   {product} {ergonomic}
    uintx GCDrainStackTargetSize                   = 64                                        {product} {ergonomic}
   size_t InitialHeapSize                          = 58720256                                  {product} {ergonomic}
   size_t MarkStackSize                            = 4194304                                   {product} {ergonomic}
   size_t MaxHeapSize                              = 914358272                                 {product} {ergonomic}
   size_t MaxNewSize                               = 548405248                                 {product} {ergonomic}
   size_t MinHeapDeltaBytes                        = 1048576                                   {product} {ergonomic}
   size_t MinHeapSize                              = 8388608                                   {product} {ergonomic}
    uintx NonNMethodCodeHeapSize                   = 5839372                                {pd product} {ergonomic}
    uintx NonProfiledCodeHeapSize                  = 122909434                              {pd product} {ergonomic}
    uintx ProfiledCodeHeapSize                     = 122909434                              {pd product} {ergonomic}
    uintx ReservedCodeCacheSize                    = 251658240                              {pd product} {ergonomic}
     bool SegmentedCodeCache                       = true                                      {product} {ergonomic}
   size_t SoftMaxHeapSize                          = 914358272                              {manageable} {ergonomic}
     bool UseCompressedClassPointers               = true                           {product lp64_product} {ergonomic}
     bool UseCompressedOops                        = true                           {product lp64_product} {ergonomic}
     bool UseG1GC                                  = true                                      {product} {ergonomic}
     bool UseLargePagesIndividualAllocation        = false                                  {pd product} {ergonomic}

Logging:
Log output configuration:
 #0: stdout all=warning uptime,level,tags foldmultilines=false
 #1: stderr all=off uptime,level,tags foldmultilines=false

Environment Variables:
PATH=C:\Program Files\Common Files\Oracle\Java\javapath;C:\ProgramData\Oracle\Java\javapath;C:\WINDOWS\system32;C:\WINDOWS;C:\WINDOWS\System32\Wbem;C:\WINDOWS\System32\WindowsPowerShell\v1.0\;C:\WINDOWS\System32\OpenSSH\;C:\scrcpy;C:\Users\Rioan\AppData\Local\Microsoft\WindowsApps;
USERNAME=Rioan
OS=Windows_NT
PROCESSOR_IDENTIFIER=AMD64 Family 23 Model 17 Stepping 0, AuthenticAMD
TMP=C:\Users\Rioan\AppData\Local\Temp
TEMP=C:\Users\Rioan\AppData\Local\Temp



---------------  S Y S T E M  ---------------

OS:
 Windows 10 , 64 bit Build 19041 (10.0.19041.2546)
OS uptime: 0 days 0:12 hours

CPU: total 8 (initial active 8) (8 cores per cpu, 2 threads per core) family 23 model 17 stepping 0 microcode 0x0, cx8, cmov, fxsr, ht, mmx, 3dnowpref, sse, sse2, sse3, ssse3, sse4a, sse4.1, sse4.2, popcnt, lzcnt, tsc, tscinvbit, avx, avx2, aes, clmul, bmi1, bmi2, adx, sha, fma, vzeroupper, clflush, clflushopt, rdtscp

Memory: 4k page, system-wide physical 3484M (289M free)
TotalPageFile size 14236M (AvailPageFile size 0M)
current process WorkingSet (physical memory assigned to process): 26M, peak: 26M
current process commit charge ("private bytes"): 134M, peak: 134M

vm_info: Java HotSpot(TM) 64-Bit Server VM (19.0.2+7-44) for windows-amd64 JRE (19.0.2+7-44), built on 2022-11-30T18:02:09Z by "mach5one" with MS VC++ 17.1 (VS2022)

END.
