#
# There is insufficient memory for the Java Runtime Environment to continue.
# Native memory allocation (malloc) failed to allocate 32744 bytes for Chunk::new
# Possible reasons:
#   The system is out of physical RAM or swap space
#   The process is running with CompressedOops enabled, and the Java Heap may be blocking the growth of the native heap
# Possible solutions:
#   Reduce memory load on the system
#   Increase physical memory or swap space
#   Check if swap backing store is full
#   Decrease Java heap size (-Xmx/-Xms)
#   Decrease number of Java threads
#   Decrease Java thread stack sizes (-Xss)
#   Set larger code cache with -XX:ReservedCodeCacheSize=
#   JVM is running with Unscaled Compressed Oops mode in which the Java heap is
#     placed in the first 4GB address space. The Java Heap base address is the
#     maximum limit for the native heap growth. Please use -XX:HeapBaseMinAddress
#     to set the Java Heap base and to place the Java Heap above 4GB virtual address.
# This output file may be truncated or incomplete.
#
#  Out of Memory Error (arena.cpp:184), pid=11044, tid=232
#
# JRE version: Java(TM) SE Runtime Environment (19.0.2+7) (build 19.0.2+7-44)
# Java VM: Java HotSpot(TM) 64-Bit Server VM (19.0.2+7-44, mixed mode, sharing, tiered, compressed oops, compressed class ptrs, g1 gc, windows-amd64)
# No core dump will be written. Minidumps are not enabled by default on client versions of Windows
#

---------------  S U M M A R Y ------------

Command Line: -Dfile.encoding=UTF-8 -agentlib:jdwp=transport=dt_shmem,address=javadebug3237 --module-path=C:\Users\Rioan\OneDrive\Desktop\Isaac Project\databasee_1\build\classes databasee.login

Host: AMD Ryzen 5 2500U with Radeon Vega Mobile Gfx  , 8 cores, 3G,  Windows 10 , 64 bit Build 19041 (10.0.19041.2546)
Time: Sat Apr  1 19:08:11 2023 China Standard Time elapsed time: 79.143080 seconds (0d 0h 1m 19s)

---------------  T H R E A D  ---------------

Current thread (0x000001acbace92c0):  JavaThread "C1 CompilerThread0" daemon [_thread_in_native, id=232, stack(0x00000087b5400000,0x00000087b5500000)]


Current CompileTask:
C1:  79143  224   !   3       java.lang.invoke.MemberName::getMethodType (211 bytes)

Stack: [0x00000087b5400000,0x00000087b5500000]
Native frames: (J=compiled Java code, j=interpreted, Vv=VM code, C=native code)
V  [jvm.dll+0x6ee21a]
V  [jvm.dll+0x85765e]
V  [jvm.dll+0x85904e]
V  [jvm.dll+0x859703]
V  [jvm.dll+0x28298f]
V  [jvm.dll+0xc9adf]
V  [jvm.dll+0xc9e65]
V  [jvm.dll+0x1abadf]
V  [jvm.dll+0x1ac0a7]
V  [jvm.dll+0x1a3dc0]
V  [jvm.dll+0x1a32cc]
V  [jvm.dll+0x1acb9b]
V  [jvm.dll+0x1a4448]
V  [jvm.dll+0x1a7bdf]
V  [jvm.dll+0x1616d3]
V  [jvm.dll+0x160fb2]
V  [jvm.dll+0x161208]
V  [jvm.dll+0x160666]
V  [jvm.dll+0x16235d]
V  [jvm.dll+0x25b25a]
V  [jvm.dll+0x2596e8]
V  [jvm.dll+0x807588]
V  [jvm.dll+0x80125a]
V  [jvm.dll+0x6ecf0b]
C  [ucrtbase.dll+0x21bb2]
C  [KERNEL32.DLL+0x17614]
C  [ntdll.dll+0x526a1]


---------------  P R O C E S S  ---------------

Threads class SMR info:
_java_thread_list=0x000001acbad44240, length=15, elements={
0x000001acbace2410, 0x000001acbace31a0, 0x000001acbace4de0, 0x000001acbace5710,
0x000001acbace6040, 0x000001acbace6970, 0x000001acbace75d0, 0x000001acbace92c0,
0x000001acbaced360, 0x000001acbf0502a0, 0x000001acbf15a7e0, 0x000001acbf1d2040,
0x000001acbf13ffc0, 0x000001acbf19a3c0, 0x000001ac9d0bb7a0
}

Java Threads: ( => current thread )
  0x000001acbace2410 JavaThread "Reference Handler" daemon [_thread_blocked, id=12444, stack(0x00000087b4d00000,0x00000087b4e00000)]
  0x000001acbace31a0 JavaThread "Finalizer" daemon [_thread_blocked, id=13332, stack(0x00000087b4e00000,0x00000087b4f00000)]
  0x000001acbace4de0 JavaThread "Signal Dispatcher" daemon [_thread_blocked, id=29416, stack(0x00000087b4f00000,0x00000087b5000000)]
  0x000001acbace5710 JavaThread "Attach Listener" daemon [_thread_blocked, id=29412, stack(0x00000087b5000000,0x00000087b5100000)]
  0x000001acbace6040 JavaThread "Service Thread" daemon [_thread_blocked, id=29420, stack(0x00000087b5100000,0x00000087b5200000)]
  0x000001acbace6970 JavaThread "Monitor Deflation Thread" daemon [_thread_blocked, id=452, stack(0x00000087b5200000,0x00000087b5300000)]
  0x000001acbace75d0 JavaThread "C2 CompilerThread0" daemon [_thread_blocked, id=29452, stack(0x00000087b5300000,0x00000087b5400000)]
=>0x000001acbace92c0 JavaThread "C1 CompilerThread0" daemon [_thread_in_native, id=232, stack(0x00000087b5400000,0x00000087b5500000)]
  0x000001acbaced360 JavaThread "Sweeper thread" daemon [_thread_blocked, id=4640, stack(0x00000087b5500000,0x00000087b5600000)]
  0x000001acbf0502a0 JavaThread "Common-Cleaner" daemon [_thread_blocked, id=27108, stack(0x00000087b5600000,0x00000087b5700000)]
  0x000001acbf15a7e0 JavaThread "JDWP Transport Listener: dt_shmem" daemon [_thread_blocked, id=13472, stack(0x00000087b5700000,0x00000087b5800000)]
  0x000001acbf1d2040 JavaThread "JDWP Event Helper Thread" daemon [_thread_blocked, id=13508, stack(0x00000087b5800000,0x00000087b5900000)]
  0x000001acbf13ffc0 JavaThread "JDWP Command Reader" daemon [_thread_in_native, id=29300, stack(0x00000087b5900000,0x00000087b5a00000)]
  0x000001acbf19a3c0 JavaThread "Notification Thread" daemon [_thread_blocked, id=14084, stack(0x00000087b5a00000,0x00000087b5b00000)]
  0x000001ac9d0bb7a0 JavaThread "DestroyJavaVM" [_thread_blocked, id=17944, stack(0x00000087b4600000,0x00000087b4700000)]

Other Threads:
  0x000001ac9d185ae0 VMThread "VM Thread" [stack: 0x00000087b4c00000,0x00000087b4d00000] [id=13288]
  0x000001acbf126070 WatcherThread "VM Periodic Task Thread" [stack: 0x00000087b5b00000,0x00000087b5c00000] [id=14104]
  0x000001ac9d0ff2d0 WorkerThread "GC Thread#0" [stack: 0x00000087b4700000,0x00000087b4800000] [id=24360]
  0x000001ac9d107f40 ConcurrentGCThread "G1 Main Marker" [stack: 0x00000087b4800000,0x00000087b4900000] [id=25584]
  0x000001ac9d108970 WorkerThread "G1 Conc#0" [stack: 0x00000087b4900000,0x00000087b4a00000] [id=24900]
  0x000001ac9d167fe0 ConcurrentGCThread "G1 Refine#0" [stack: 0x00000087b4a00000,0x00000087b4b00000] [id=28816]
  0x000001ac9d168b20 ConcurrentGCThread "G1 Service" [stack: 0x00000087b4b00000,0x00000087b4c00000] [id=28912]

Threads with active compile tasks:
C1 CompilerThread0    83889  224   !   3       java.lang.invoke.MemberName::getMethodType (211 bytes)

VM state: not at safepoint (normal execution)

VM Mutex/Monitor currently owned by a thread: None

Heap address: 0x00000000c9800000, size: 872 MB, Compressed Oops mode: 32-bit

CDS archive(s) mapped at: [0x0000000800000000-0x0000000800c40000-0x0000000800c40000), size 12845056, SharedBaseAddress: 0x0000000800000000, ArchiveRelocationMode: 0.
Compressed class space mapped at: 0x0000000801000000-0x0000000841000000, reserved size: 1073741824
Narrow klass base: 0x0000000800000000, Narrow klass shift: 0, Narrow klass range: 0x100000000

GC Precious Log:
 CardTable entry size: 512
 Card Set container configuration: InlinePtr #cards 5 size 8 Array Of Cards #cards 12 size 40 Howl #buckets 4 coarsen threshold 1843 Howl Bitmap #cards 512 size 80 coarsen threshold 460 Card regions per heap region 1 cards per card region 2048
 CPUs: 8 total, 8 available
 Memory: 3484M
 Large Page Support: Disabled
 NUMA Support: Disabled
 Compressed Oops: Enabled (32-bit)
 Heap Region Size: 1M
 Heap Min Capacity: 8M
 Heap Initial Capacity: 56M
 Heap Max Capacity: 872M
 Pre-touch: Disabled
 Parallel Workers: 8
 Concurrent Workers: 2
 Concurrent Refinement Workers: 8
 Periodic GC: Disabled

Heap:
 garbage-first heap   total 57344K, used 3072K [0x00000000c9800000, 0x0000000100000000)
  region size 1024K, 4 young (4096K), 0 survivors (0K)
 Metaspace       used 1252K, committed 1408K, reserved 1114112K
  class space    used 119K, committed 192K, reserved 1048576K

Heap Regions: E=young(eden), S=young(survivor), O=old, HS=humongous(starts), HC=humongous(continues), CS=collection set, F=free, OA=open archive, CA=closed archive, TAMS=top-at-mark-start (previous, next)
|   0|0x00000000c9800000, 0x00000000c9800000, 0x00000000c9900000|  0%| F|  |TAMS 0x00000000c9800000, 0x00000000c9800000| Untracked 
|   1|0x00000000c9900000, 0x00000000c9900000, 0x00000000c9a00000|  0%| F|  |TAMS 0x00000000c9900000, 0x00000000c9900000| Untracked 
|   2|0x00000000c9a00000, 0x00000000c9a00000, 0x00000000c9b00000|  0%| F|  |TAMS 0x00000000c9a00000, 0x00000000c9a00000| Untracked 
|   3|0x00000000c9b00000, 0x00000000c9b00000, 0x00000000c9c00000|  0%| F|  |TAMS 0x00000000c9b00000, 0x00000000c9b00000| Untracked 
|   4|0x00000000c9c00000, 0x00000000c9c00000, 0x00000000c9d00000|  0%| F|  |TAMS 0x00000000c9c00000, 0x00000000c9c00000| Untracked 
|   5|0x00000000c9d00000, 0x00000000c9d00000, 0x00000000c9e00000|  0%| F|  |TAMS 0x00000000c9d00000, 0x00000000c9d00000| Untracked 
|   6|0x00000000c9e00000, 0x00000000c9e00000, 0x00000000c9f00000|  0%| F|  |TAMS 0x00000000c9e00000, 0x00000000c9e00000| Untracked 
|   7|0x00000000c9f00000, 0x00000000c9f00000, 0x00000000ca000000|  0%| F|  |TAMS 0x00000000c9f00000, 0x00000000c9f00000| Untracked 
|   8|0x00000000ca000000, 0x00000000ca000000, 0x00000000ca100000|  0%| F|  |TAMS 0x00000000ca000000, 0x00000000ca000000| Untracked 
|   9|0x00000000ca100000, 0x00000000ca100000, 0x00000000ca200000|  0%| F|  |TAMS 0x00000000ca100000, 0x00000000ca100000| Untracked 
|  10|0x00000000ca200000, 0x00000000ca200000, 0x00000000ca300000|  0%| F|  |TAMS 0x00000000ca200000, 0x00000000ca200000| Untracked 
|  11|0x00000000ca300000, 0x00000000ca300000, 0x00000000ca400000|  0%| F|  |TAMS 0x00000000ca300000, 0x00000000ca300000| Untracked 
|  12|0x00000000ca400000, 0x00000000ca400000, 0x00000000ca500000|  0%| F|  |TAMS 0x00000000ca400000, 0x00000000ca400000| Untracked 
|  13|0x00000000ca500000, 0x00000000ca500000, 0x00000000ca600000|  0%| F|  |TAMS 0x00000000ca500000, 0x00000000ca500000| Untracked 
|  14|0x00000000ca600000, 0x00000000ca600000, 0x00000000ca700000|  0%| F|  |TAMS 0x00000000ca600000, 0x00000000ca600000| Untracked 
|  15|0x00000000ca700000, 0x00000000ca700000, 0x00000000ca800000|  0%| F|  |TAMS 0x00000000ca700000, 0x00000000ca700000| Untracked 
|  16|0x00000000ca800000, 0x00000000ca800000, 0x00000000ca900000|  0%| F|  |TAMS 0x00000000ca800000, 0x00000000ca800000| Untracked 
|  17|0x00000000ca900000, 0x00000000ca900000, 0x00000000caa00000|  0%| F|  |TAMS 0x00000000ca900000, 0x00000000ca900000| Untracked 
|  18|0x00000000caa00000, 0x00000000caa00000, 0x00000000cab00000|  0%| F|  |TAMS 0x00000000caa00000, 0x00000000caa00000| Untracked 
|  19|0x00000000cab00000, 0x00000000cab00000, 0x00000000cac00000|  0%| F|  |TAMS 0x00000000cab00000, 0x00000000cab00000| Untracked 
|  20|0x00000000cac00000, 0x00000000cac00000, 0x00000000cad00000|  0%| F|  |TAMS 0x00000000cac00000, 0x00000000cac00000| Untracked 
|  21|0x00000000cad00000, 0x00000000cad00000, 0x00000000cae00000|  0%| F|  |TAMS 0x00000000cad00000, 0x00000000cad00000| Untracked 
|  22|0x00000000cae00000, 0x00000000cae00000, 0x00000000caf00000|  0%| F|  |TAMS 0x00000000cae00000, 0x00000000cae00000| Untracked 
|  23|0x00000000caf00000, 0x00000000caf00000, 0x00000000cb000000|  0%| F|  |TAMS 0x00000000caf00000, 0x00000000caf00000| Untracked 
|  24|0x00000000cb000000, 0x00000000cb000000, 0x00000000cb100000|  0%| F|  |TAMS 0x00000000cb000000, 0x00000000cb000000| Untracked 
|  25|0x00000000cb100000, 0x00000000cb100000, 0x00000000cb200000|  0%| F|  |TAMS 0x00000000cb100000, 0x00000000cb100000| Untracked 
|  26|0x00000000cb200000, 0x00000000cb200000, 0x00000000cb300000|  0%| F|  |TAMS 0x00000000cb200000, 0x00000000cb200000| Untracked 
|  27|0x00000000cb300000, 0x00000000cb300000, 0x00000000cb400000|  0%| F|  |TAMS 0x00000000cb300000, 0x00000000cb300000| Untracked 
|  28|0x00000000cb400000, 0x00000000cb400000, 0x00000000cb500000|  0%| F|  |TAMS 0x00000000cb400000, 0x00000000cb400000| Untracked 
|  29|0x00000000cb500000, 0x00000000cb500000, 0x00000000cb600000|  0%| F|  |TAMS 0x00000000cb500000, 0x00000000cb500000| Untracked 
|  30|0x00000000cb600000, 0x00000000cb600000, 0x00000000cb700000|  0%| F|  |TAMS 0x00000000cb600000, 0x00000000cb600000| Untracked 
|  31|0x00000000cb700000, 0x00000000cb700000, 0x00000000cb800000|  0%| F|  |TAMS 0x00000000cb700000, 0x00000000cb700000| Untracked 
|  32|0x00000000cb800000, 0x00000000cb800000, 0x00000000cb900000|  0%| F|  |TAMS 0x00000000cb800000, 0x00000000cb800000| Untracked 
|  33|0x00000000cb900000, 0x00000000cb900000, 0x00000000cba00000|  0%| F|  |TAMS 0x00000000cb900000, 0x00000000cb900000| Untracked 
|  34|0x00000000cba00000, 0x00000000cba00000, 0x00000000cbb00000|  0%| F|  |TAMS 0x00000000cba00000, 0x00000000cba00000| Untracked 
|  35|0x00000000cbb00000, 0x00000000cbb00000, 0x00000000cbc00000|  0%| F|  |TAMS 0x00000000cbb00000, 0x00000000cbb00000| Untracked 
|  36|0x00000000cbc00000, 0x00000000cbc00000, 0x00000000cbd00000|  0%| F|  |TAMS 0x00000000cbc00000, 0x00000000cbc00000| Untracked 
|  37|0x00000000cbd00000, 0x00000000cbd00000, 0x00000000cbe00000|  0%| F|  |TAMS 0x00000000cbd00000, 0x00000000cbd00000| Untracked 
|  38|0x00000000cbe00000, 0x00000000cbe00000, 0x00000000cbf00000|  0%| F|  |TAMS 0x00000000cbe00000, 0x00000000cbe00000| Untracked 
|  39|0x00000000cbf00000, 0x00000000cbf00000, 0x00000000cc000000|  0%| F|  |TAMS 0x00000000cbf00000, 0x00000000cbf00000| Untracked 
|  40|0x00000000cc000000, 0x00000000cc000000, 0x00000000cc100000|  0%| F|  |TAMS 0x00000000cc000000, 0x00000000cc000000| Untracked 
|  41|0x00000000cc100000, 0x00000000cc100000, 0x00000000cc200000|  0%| F|  |TAMS 0x00000000cc100000, 0x00000000cc100000| Untracked 
|  42|0x00000000cc200000, 0x00000000cc200000, 0x00000000cc300000|  0%| F|  |TAMS 0x00000000cc200000, 0x00000000cc200000| Untracked 
|  43|0x00000000cc300000, 0x00000000cc300000, 0x00000000cc400000|  0%| F|  |TAMS 0x00000000cc300000, 0x00000000cc300000| Untracked 
|  44|0x00000000cc400000, 0x00000000cc400000, 0x00000000cc500000|  0%| F|  |TAMS 0x00000000cc400000, 0x00000000cc400000| Untracked 
|  45|0x00000000cc500000, 0x00000000cc500000, 0x00000000cc600000|  0%| F|  |TAMS 0x00000000cc500000, 0x00000000cc500000| Untracked 
|  46|0x00000000cc600000, 0x00000000cc600000, 0x00000000cc700000|  0%| F|  |TAMS 0x00000000cc600000, 0x00000000cc600000| Untracked 
|  47|0x00000000cc700000, 0x00000000cc700000, 0x00000000cc800000|  0%| F|  |TAMS 0x00000000cc700000, 0x00000000cc700000| Untracked 
|  48|0x00000000cc800000, 0x00000000cc800000, 0x00000000cc900000|  0%| F|  |TAMS 0x00000000cc800000, 0x00000000cc800000| Untracked 
|  49|0x00000000cc900000, 0x00000000cc900000, 0x00000000cca00000|  0%| F|  |TAMS 0x00000000cc900000, 0x00000000cc900000| Untracked 
|  50|0x00000000cca00000, 0x00000000cca00000, 0x00000000ccb00000|  0%| F|  |TAMS 0x00000000cca00000, 0x00000000cca00000| Untracked 
|  51|0x00000000ccb00000, 0x00000000ccb00000, 0x00000000ccc00000|  0%| F|  |TAMS 0x00000000ccb00000, 0x00000000ccb00000| Untracked 
|  52|0x00000000ccc00000, 0x00000000cccec1a0, 0x00000000ccd00000| 92%| E|  |TAMS 0x00000000ccc00000, 0x00000000ccc00000| Complete 
|  53|0x00000000ccd00000, 0x00000000cce00000, 0x00000000cce00000|100%| E|CS|TAMS 0x00000000ccd00000, 0x00000000ccd00000| Complete 
|  54|0x00000000cce00000, 0x00000000ccf00000, 0x00000000ccf00000|100%| E|CS|TAMS 0x00000000cce00000, 0x00000000cce00000| Complete 
|  55|0x00000000ccf00000, 0x00000000cd000000, 0x00000000cd000000|100%| E|CS|TAMS 0x00000000ccf00000, 0x00000000ccf00000| Complete 

Card table byte_map: [0x000001acb6430000,0x000001acb65f0000] _byte_map_base: 0x000001acb5de4000

Marking Bits (Prev, Next): (CMBitMap*) 0x000001ac9d100910, (CMBitMap*) 0x000001ac9d100950
 Prev Bits: [0x000001acb67b0000, 0x000001acb7550000)
 Next Bits: [0x000001acb7550000, 0x000001acb82f0000)

Polling page: 0x000001aca67e0000

Metaspace:

Usage:
  Non-class:      1.11 MB used.
      Class:    119.18 KB used.
       Both:      1.22 MB used.

Virtual space:
  Non-class space:       64.00 MB reserved,       1.19 MB (  2%) committed,  1 nodes.
      Class space:        1.00 GB reserved,     192.00 KB ( <1%) committed,  1 nodes.
             Both:        1.06 GB reserved,       1.38 MB ( <1%) committed. 

Chunk freelists:
   Non-Class:  3.98 MB
       Class:  3.74 MB
        Both:  7.72 MB

MaxMetaspaceSize: unlimited
CompressedClassSpaceSize: 1.00 GB
Initial GC threshold: 21.00 MB
Current GC threshold: 21.00 MB
CDS: on
MetaspaceReclaimPolicy: balanced
 - commit_granule_bytes: 65536.
 - commit_granule_words: 8192.
 - virtual_space_node_default_size: 8388608.
 - enlarge_chunks_in_place: 1.
 - new_chunks_are_fully_committed: 0.
 - uncommit_free_chunks: 1.
 - use_allocation_guard: 0.


Internal statistics:

num_allocs_failed_limit: 0.
num_arena_births: 8.
num_arena_deaths: 0.
num_vsnodes_births: 2.
num_vsnodes_deaths: 0.
num_space_committed: 22.
num_space_uncommitted: 0.
num_chunks_returned_to_freelist: 0.
num_chunks_taken_from_freelist: 10.
num_chunk_merges: 0.
num_chunk_splits: 5.
num_chunks_enlarged: 3.
num_inconsistent_stats: 0.

CodeHeap 'non-profiled nmethods': size=120000Kb used=75Kb max_used=75Kb free=119924Kb
 bounds [0x000001acae2d0000, 0x000001acae540000, 0x000001acb5800000]
CodeHeap 'profiled nmethods': size=120000Kb used=241Kb max_used=241Kb free=119759Kb
 bounds [0x000001aca6800000, 0x000001aca6a70000, 0x000001acadd30000]
CodeHeap 'non-nmethods': size=5760Kb used=1265Kb max_used=1277Kb free=4494Kb
 bounds [0x000001acadd30000, 0x000001acadfa0000, 0x000001acae2d0000]
 total_blobs=624 nmethods=226 adapters=309
 compilation: enabled
              stopped_count=0, restarted_count=0
 full_count=0

Compilation events (20 events):
Event: 31.776 Thread 0x000001acbace92c0  212   !   3       java.nio.DirectByteBuffer::get (34 bytes)
Event: 31.776 Thread 0x000001acbace92c0 nmethod 212 0x000001aca6838190 code [0x000001aca68383e0, 0x000001aca6838dd8]
Event: 31.776 Thread 0x000001acbace92c0  213       3       java.nio.DirectByteBuffer::ix (10 bytes)
Event: 31.777 Thread 0x000001acbace92c0 nmethod 213 0x000001aca6839310 code [0x000001aca68394a0, 0x000001aca68395b8]
Event: 31.777 Thread 0x000001acbace92c0  216   !   3       jdk.internal.misc.ScopedMemoryAccess::getByteInternal (34 bytes)
Event: 31.777 Thread 0x000001acbace92c0 nmethod 216 0x000001aca6839690 code [0x000001aca6839860, 0x000001aca6839b08]
Event: 31.777 Thread 0x000001acbace92c0  217       3       jdk.internal.jimage.ImageStringsReader::unmaskedHashCode (166 bytes)
Event: 31.778 Thread 0x000001acbace92c0 nmethod 217 0x000001aca6839c90 code [0x000001aca6839ee0, 0x000001aca683aa78]
Event: 31.778 Thread 0x000001acbace92c0  215   !   3       jdk.internal.misc.ScopedMemoryAccess::getByte (16 bytes)
Event: 31.778 Thread 0x000001acbace75d0 nmethod 211 0x000001acae2e1310 code [0x000001acae2e14a0, 0x000001acae2e15c8]
Event: 31.779 Thread 0x000001acbace92c0 nmethod 215 0x000001aca683af90 code [0x000001aca683b180, 0x000001aca683b598]
Event: 46.065 Thread 0x000001acbace92c0  219       3       java.lang.invoke.MemberName::initResolved (53 bytes)
Event: 46.065 Thread 0x000001acbace92c0 nmethod 219 0x000001aca683b810 code [0x000001aca683b9c0, 0x000001aca683bb78]
Event: 53.803 Thread 0x000001acbace92c0  221       3       jdk.internal.misc.Unsafe::putReferenceRelease (9 bytes)
Event: 53.803 Thread 0x000001acbace92c0 nmethod 221 0x000001aca683bc10 code [0x000001aca683bda0, 0x000001aca683bef8]
Event: 54.079 Thread 0x000001acbace92c0  222       3       java.util.concurrent.ConcurrentHashMap::setTabAt (20 bytes)
Event: 55.090 Thread 0x000001acbace92c0 nmethod 222 0x000001aca683bf90 code [0x000001aca683c140, 0x000001aca683c368]
Event: 56.289 Thread 0x000001acbace92c0  223       1       java.lang.Class::getModule (5 bytes)
Event: 56.290 Thread 0x000001acbace92c0 nmethod 223 0x000001acae2e2110 code [0x000001acae2e22a0, 0x000001acae2e2358]
Event: 56.290 Thread 0x000001acbace92c0  224   !   3       java.lang.invoke.MemberName::getMethodType (211 bytes)

GC Heap History (0 events):
No events

Dll operation events (6 events):
Event: 1.718 Loaded shared library C:\Java\bin\java.dll
Event: 1.877 Loaded shared library C:\Java\bin\jsvml.dll
Event: 4.153 Loaded shared library C:\Java\bin\net.dll
Event: 4.811 Loaded shared library C:\Java\bin\nio.dll
Event: 18.776 Loaded shared library C:\Java\bin\zip.dll
Event: 31.289 Loaded shared library C:\Java\bin\jimage.dll

Deoptimization events (0 events):
No events

Classes loaded (20 events):
Event: 45.483 Loading class java/util/ResourceBundle$3
Event: 46.064 Loading class java/util/ResourceBundle$3 done
Event: 46.066 Loading class sun/security/util/SecurityConstants
Event: 46.881 Loading class sun/security/util/SecurityConstants done
Event: 46.882 Loading class java/net/NetPermission
Event: 47.163 Loading class java/net/NetPermission done
Event: 47.164 Loading class java/security/SecurityPermission
Event: 47.713 Loading class java/security/SecurityPermission done
Event: 47.713 Loading class java/net/SocketPermission
Event: 48.430 Loading class java/net/SocketPermission done
Event: 48.431 Loading class java/lang/reflect/ReflectPermission
Event: 49.570 Loading class java/lang/reflect/ReflectPermission done
Event: 55.288 Loading class sun/awt/resources/awt
Event: 56.289 Loading class sun/awt/resources/awt done
Event: 56.487 Loading class java/util/ResourceBundle$BundleReference
Event: 56.487 Loading class java/util/ResourceBundle$BundleReference done
Event: 56.488 Loading class sun/awt/resources/awt_en
Event: 56.488 Loading class sun/awt/resources/awt_en done
Event: 56.488 Loading class sun/awt/resources/awt_en
Event: 56.488 Loading class sun/awt/resources/awt_en done

Classes unloaded (0 events):
No events

Classes redefined (0 events):
No events

Internal exceptions (4 events):
Event: 5.853 Thread 0x000001ac9d0bb7a0 Exception <a 'sun/nio/fs/WindowsException'{0x00000000cce45370}> (0x00000000cce45370) 
thrown [s\open\src\hotspot\share\prims\jni.cpp, line 517]
Event: 5.934 Thread 0x000001ac9d0bb7a0 Exception <a 'sun/nio/fs/WindowsException'{0x00000000cce458c0}> (0x00000000cce458c0) 
thrown [s\open\src\hotspot\share\prims\jni.cpp, line 517]
Event: 7.544 Thread 0x000001ac9d0bb7a0 Exception <a 'sun/nio/fs/WindowsException'{0x00000000cce47c50}> (0x00000000cce47c50) 
thrown [s\open\src\hotspot\share\prims\jni.cpp, line 517]
Event: 46.064 Thread 0x000001ac9d0bb7a0 Exception <a 'java/lang/ClassNotFoundException'{0x00000000ccdf16a8}: sun/awt/resources/spi/awtProvider> (0x00000000ccdf16a8) 
thrown [s\open\src\hotspot\share\classfile\systemDictionary.cpp, line 255]

VM Operations (14 events):
Event: 3.217 Executing VM operation: Cleanup
Event: 3.217 Executing VM operation: Cleanup done
Event: 4.232 Executing VM operation: Cleanup
Event: 4.232 Executing VM operation: Cleanup done
Event: 7.576 Executing VM operation: HandshakeAllThreads
Event: 7.576 Executing VM operation: HandshakeAllThreads done
Event: 8.583 Executing VM operation: Cleanup
Event: 8.757 Executing VM operation: Cleanup done
Event: 8.984 Executing VM operation: ChangeBreakpoints
Event: 9.011 Executing VM operation: ChangeBreakpoints done
Event: 18.085 Executing VM operation: Cleanup
Event: 18.085 Executing VM operation: Cleanup done
Event: 22.107 Executing VM operation: Cleanup
Event: 22.316 Executing VM operation: Cleanup done

Events (15 events):
Event: 1.878 Thread 0x000001ac9d0bb7a0 Thread added: 0x000001ac9d0bb7a0
Event: 2.521 Thread 0x000001acbace2410 Thread added: 0x000001acbace2410
Event: 2.521 Thread 0x000001acbace31a0 Thread added: 0x000001acbace31a0
Event: 2.524 Thread 0x000001acbace4de0 Thread added: 0x000001acbace4de0
Event: 2.524 Thread 0x000001acbace5710 Thread added: 0x000001acbace5710
Event: 2.524 Thread 0x000001acbace6040 Thread added: 0x000001acbace6040
Event: 2.524 Thread 0x000001acbace6970 Thread added: 0x000001acbace6970
Event: 2.525 Thread 0x000001acbace75d0 Thread added: 0x000001acbace75d0
Event: 2.557 Thread 0x000001acbace92c0 Thread added: 0x000001acbace92c0
Event: 2.587 Thread 0x000001acbaced360 Thread added: 0x000001acbaced360
Event: 3.427 Thread 0x000001acbf0502a0 Thread added: 0x000001acbf0502a0
Event: 8.764 Thread 0x000001acbf15a7e0 Thread added: 0x000001acbf15a7e0
Event: 8.764 Thread 0x000001acbf1d2040 Thread added: 0x000001acbf1d2040
Event: 8.983 Thread 0x000001acbf13ffc0 Thread added: 0x000001acbf13ffc0
Event: 15.293 Thread 0x000001acbf19a3c0 Thread added: 0x000001acbf19a3c0


Dynamic libraries:
0x00007ff7c2490000 - 0x00007ff7c24a0000 	C:\Java\bin\java.exe
0x00007ffe43ab0000 - 0x00007ffe43ca8000 	C:\WINDOWS\SYSTEM32\ntdll.dll
0x00007ffe427a0000 - 0x00007ffe4285f000 	C:\WINDOWS\System32\KERNEL32.DLL
0x00007ffe412b0000 - 0x00007ffe41582000 	C:\WINDOWS\System32\KERNELBASE.dll
0x00007ffe411b0000 - 0x00007ffe412b0000 	C:\WINDOWS\System32\ucrtbase.dll
0x00007ffe39a70000 - 0x00007ffe39a88000 	C:\Java\bin\jli.dll
0x00007ffe18fa0000 - 0x00007ffe18fbb000 	C:\Java\bin\VCRUNTIME140.dll
0x00007ffe42440000 - 0x00007ffe424ee000 	C:\WINDOWS\System32\ADVAPI32.dll
0x00007ffe43560000 - 0x00007ffe435fe000 	C:\WINDOWS\System32\msvcrt.dll
0x00007ffe42ca0000 - 0x00007ffe42d3c000 	C:\WINDOWS\System32\sechost.dll
0x00007ffe425a0000 - 0x00007ffe426c4000 	C:\WINDOWS\System32\RPCRT4.dll
0x00007ffe433b0000 - 0x00007ffe43551000 	C:\WINDOWS\System32\USER32.dll
0x00007ffe419c0000 - 0x00007ffe419e2000 	C:\WINDOWS\System32\win32u.dll
0x00007ffe2f8a0000 - 0x00007ffe2fb3a000 	C:\WINDOWS\WinSxS\amd64_microsoft.windows.common-controls_6595b64144ccf1df_6.0.19041.1110_none_60b5254171f9507e\COMCTL32.dll
0x00007ffe42c70000 - 0x00007ffe42c9b000 	C:\WINDOWS\System32\GDI32.dll
0x00007ffe416f0000 - 0x00007ffe417ff000 	C:\WINDOWS\System32\gdi32full.dll
0x00007ffe419f0000 - 0x00007ffe41a8d000 	C:\WINDOWS\System32\msvcp_win.dll
0x00007ffe39a90000 - 0x00007ffe39a9a000 	C:\WINDOWS\SYSTEM32\VERSION.dll
0x00007ffe42d40000 - 0x00007ffe42d70000 	C:\WINDOWS\System32\IMM32.DLL
0x00007ffe26570000 - 0x00007ffe2657c000 	C:\Java\bin\vcruntime140_1.dll
0x00007ffe17ca0000 - 0x00007ffe17d2e000 	C:\Java\bin\msvcp140.dll
0x00007ffde4c40000 - 0x00007ffde5900000 	C:\Java\bin\server\jvm.dll
0x00007ffe3d8e0000 - 0x00007ffe3d8e9000 	C:\WINDOWS\SYSTEM32\WSOCK32.dll
0x00007ffe396c0000 - 0x00007ffe396e7000 	C:\WINDOWS\SYSTEM32\WINMM.dll
0x00007ffe42ba0000 - 0x00007ffe42c0b000 	C:\WINDOWS\System32\WS2_32.dll
0x00007ffe3f070000 - 0x00007ffe3f082000 	C:\WINDOWS\SYSTEM32\kernel.appcore.dll
0x00007ffe18f90000 - 0x00007ffe18f9a000 	C:\Java\bin\jimage.dll
0x00007ffe2f0c0000 - 0x00007ffe2f2a4000 	C:\WINDOWS\SYSTEM32\DBGHELP.DLL
0x00007ffe2f080000 - 0x00007ffe2f0b5000 	C:\WINDOWS\SYSTEM32\dbgcore.DLL
0x00007ffe41800000 - 0x00007ffe41882000 	C:\WINDOWS\System32\bcryptPrimitives.dll
0x00007ffe28530000 - 0x00007ffe2856c000 	C:\Java\bin\jdwp.dll
0x00007ffe18010000 - 0x00007ffe18036000 	C:\Java\bin\java.dll
0x00007ffe17f30000 - 0x00007ffe18007000 	C:\Java\bin\jsvml.dll
0x00007ffe41c70000 - 0x00007ffe423b5000 	C:\WINDOWS\System32\SHELL32.dll
0x00007ffe3f270000 - 0x00007ffe3fa02000 	C:\WINDOWS\SYSTEM32\windows.storage.dll
0x00007ffe42f20000 - 0x00007ffe43275000 	C:\WINDOWS\System32\combase.dll
0x00007ffe40ba0000 - 0x00007ffe40bd0000 	C:\WINDOWS\SYSTEM32\Wldp.dll
0x00007ffe41b00000 - 0x00007ffe41bad000 	C:\WINDOWS\System32\SHCORE.dll
0x00007ffe42b40000 - 0x00007ffe42b95000 	C:\WINDOWS\System32\shlwapi.dll
0x00007ffe410f0000 - 0x00007ffe4110f000 	C:\WINDOWS\SYSTEM32\profapi.dll
0x00007ffe17f10000 - 0x00007ffe17f23000 	C:\Java\bin\net.dll
0x00007ffe34670000 - 0x00007ffe3477a000 	C:\WINDOWS\SYSTEM32\WINHTTP.dll
0x00007ffe40890000 - 0x00007ffe408fa000 	C:\WINDOWS\system32\mswsock.dll
0x00007ffe17ef0000 - 0x00007ffe17f06000 	C:\Java\bin\nio.dll
0x00007ffe3a9a0000 - 0x00007ffe3a9ab000 	C:\Java\bin\dt_shmem.dll
0x00007ffe17ed0000 - 0x00007ffe17ee8000 	C:\Java\bin\zip.dll

dbghelp: loaded successfully - version: 4.0.5 - missing functions: none
symbol engine: initialized successfully - sym options: 0x614 - pdb path: .;C:\Java\bin;C:\WINDOWS\SYSTEM32;C:\WINDOWS\WinSxS\amd64_microsoft.windows.common-controls_6595b64144ccf1df_6.0.19041.1110_none_60b5254171f9507e;C:\Java\bin\server

VM Arguments:
jvm_args: -Dfile.encoding=UTF-8 -agentlib:jdwp=transport=dt_shmem,address=javadebug3237 --module-path=C:\Users\Rioan\OneDrive\Desktop\Isaac Project\databasee_1\build\classes 
java_command: databasee.login
java_class_path (initial): C:\Users\Rioan\OneDrive\Desktop\Beginners\JCalendar.jar;C:\Users\Rioan\OneDrive\Desktop\Beginners\netbeans\java\modules\ext\AbsoluteLayout.jar;C:\Users\Rioan\OneDrive\Desktop\Isaac Project\databasee_1\build\classes
Launcher Type: SUN_STANDARD

[Global flags]
     intx CICompilerCount                          = 4                                         {product} {ergonomic}
     uint ConcGCThreads                            = 2                                         {product} {ergonomic}
     uint G1ConcRefinementThreads                  = 8                                         {product} {ergonomic}
   size_t G1HeapRegionSize                         = 1048576                                   {product} {ergonomic}
    uintx GCDrainStackTargetSize                   = 64                                        {product} {ergonomic}
   size_t InitialHeapSize                          = 58720256                                  {product} {ergonomic}
   size_t MarkStackSize                            = 4194304                                   {product} {ergonomic}
   size_t MaxHeapSize                              = 914358272                                 {product} {ergonomic}
   size_t MaxNewSize                               = 548405248                                 {product} {ergonomic}
   size_t MinHeapDeltaBytes                        = 1048576                                   {product} {ergonomic}
   size_t MinHeapSize                              = 8388608                                   {product} {ergonomic}
    uintx NonNMethodCodeHeapSize                   = 5839372                                {pd product} {ergonomic}
    uintx NonProfiledCodeHeapSize                  = 122909434                              {pd product} {ergonomic}
    uintx ProfiledCodeHeapSize                     = 122909434                              {pd product} {ergonomic}
    uintx ReservedCodeCacheSize                    = 251658240                              {pd product} {ergonomic}
     bool SegmentedCodeCache                       = true                                      {product} {ergonomic}
   size_t SoftMaxHeapSize                          = 914358272                              {manageable} {ergonomic}
     bool UseCompressedClassPointers               = true                           {product lp64_product} {ergonomic}
     bool UseCompressedOops                        = true                           {product lp64_product} {ergonomic}
     bool UseG1GC                                  = true                                      {product} {ergonomic}
     bool UseLargePagesIndividualAllocation        = false                                  {pd product} {ergonomic}

Logging:
Log output configuration:
 #0: stdout all=warning uptime,level,tags foldmultilines=false
 #1: stderr all=off uptime,level,tags foldmultilines=false

Environment Variables:
PATH=C:\Program Files\Common Files\Oracle\Java\javapath;C:\ProgramData\Oracle\Java\javapath;C:\WINDOWS\system32;C:\WINDOWS;C:\WINDOWS\System32\Wbem;C:\WINDOWS\System32\WindowsPowerShell\v1.0\;C:\WINDOWS\System32\OpenSSH\;C:\scrcpy;C:\Users\Rioan\AppData\Local\Microsoft\WindowsApps;
USERNAME=Rioan
OS=Windows_NT
PROCESSOR_IDENTIFIER=AMD64 Family 23 Model 17 Stepping 0, AuthenticAMD
TMP=C:\Users\Rioan\AppData\Local\Temp
TEMP=C:\Users\Rioan\AppData\Local\Temp



---------------  S Y S T E M  ---------------

OS:
 Windows 10 , 64 bit Build 19041 (10.0.19041.2546)
OS uptime: 0 days 0:46 hours

CPU: total 8 (initial active 8) (8 cores per cpu, 2 threads per core) family 23 model 17 stepping 0 microcode 0x0, cx8, cmov, fxsr, ht, mmx, 3dnowpref, sse, sse2, sse3, ssse3, sse4a, sse4.1, sse4.2, popcnt, lzcnt, tsc, tscinvbit, avx, avx2, aes, clmul, bmi1, bmi2, adx, sha, fma, vzeroupper, clflush, clflushopt, rdtscp

Memory: 4k page, system-wide physical 3484M (210M free)
TotalPageFile size 14084M (AvailPageFile size 318M)
current process WorkingSet (physical memory assigned to process): 27M, peak: 33M
current process commit charge ("private bytes"): 136M, peak: 137M

vm_info: Java HotSpot(TM) 64-Bit Server VM (19.0.2+7-44) for windows-amd64 JRE (19.0.2+7-44), built on 2022-11-30T18:02:09Z by "mach5one" with MS VC++ 17.1 (VS2022)

END.
