#
# There is insufficient memory for the Java Runtime Environment to continue.
# Native memory allocation (malloc) failed to allocate 32744 bytes for Chunk::new
# Possible reasons:
#   The system is out of physical RAM or swap space
#   The process is running with CompressedOops enabled, and the Java Heap may be blocking the growth of the native heap
# Possible solutions:
#   Reduce memory load on the system
#   Increase physical memory or swap space
#   Check if swap backing store is full
#   Decrease Java heap size (-Xmx/-Xms)
#   Decrease number of Java threads
#   Decrease Java thread stack sizes (-Xss)
#   Set larger code cache with -XX:ReservedCodeCacheSize=
#   JVM is running with Unscaled Compressed Oops mode in which the Java heap is
#     placed in the first 4GB address space. The Java Heap base address is the
#     maximum limit for the native heap growth. Please use -XX:HeapBaseMinAddress
#     to set the Java Heap base and to place the Java Heap above 4GB virtual address.
# This output file may be truncated or incomplete.
#
#  Out of Memory Error (arena.cpp:184), pid=19292, tid=18540
#
# JRE version: Java(TM) SE Runtime Environment (19.0.2+7) (build 19.0.2+7-44)
# Java VM: Java HotSpot(TM) 64-Bit Server VM (19.0.2+7-44, mixed mode, sharing, tiered, compressed oops, compressed class ptrs, g1 gc, windows-amd64)
# No core dump will be written. Minidumps are not enabled by default on client versions of Windows
#

---------------  S U M M A R Y ------------

Command Line: -Dfile.encoding=UTF-8 -agentlib:jdwp=transport=dt_shmem,address=javadebug9261 --module-path=C:\Users\Rioan\OneDrive\Desktop\Isaac Project\databasee_1\build\classes databasee.login

Host: AMD Ryzen 5 2500U with Radeon Vega Mobile Gfx  , 8 cores, 3G,  Windows 10 , 64 bit Build 19041 (10.0.19041.2546)
Time: Sat Apr  1 19:08:15 2023 China Standard Time elapsed time: 90.843104 seconds (0d 0h 1m 30s)

---------------  T H R E A D  ---------------

Current thread (0x000001e0f5b95000):  JavaThread "C1 CompilerThread0" daemon [_thread_in_native, id=18540, stack(0x0000006b0f900000,0x0000006b0fa00000)]


Current CompileTask:
C1:  90843  214   !   3       java.nio.DirectByteBuffer::get (34 bytes)

Stack: [0x0000006b0f900000,0x0000006b0fa00000]
Native frames: (J=compiled Java code, j=interpreted, Vv=VM code, C=native code)
V  [jvm.dll+0x6ee21a]
V  [jvm.dll+0x85765e]
V  [jvm.dll+0x85904e]
V  [jvm.dll+0x859703]
V  [jvm.dll+0x28298f]
V  [jvm.dll+0xc9adf]
V  [jvm.dll+0xc9e65]
V  [jvm.dll+0x1bcbb0]
V  [jvm.dll+0x16b65d]
V  [jvm.dll+0x165590]
V  [jvm.dll+0x174ff6]
V  [jvm.dll+0x160bb0]
V  [jvm.dll+0x160f23]
V  [jvm.dll+0x161208]
V  [jvm.dll+0x160666]
V  [jvm.dll+0x16235d]
V  [jvm.dll+0x25b25a]
V  [jvm.dll+0x2596e8]
V  [jvm.dll+0x807588]
V  [jvm.dll+0x80125a]
V  [jvm.dll+0x6ecf0b]
C  [ucrtbase.dll+0x21bb2]
C  [KERNEL32.DLL+0x17614]
C  [ntdll.dll+0x526a1]


---------------  P R O C E S S  ---------------

Threads class SMR info:
_java_thread_list=0x000001e0fa0f9af0, length=15, elements={
0x000001e0d7d5dfd0, 0x000001e0f5b8cfe0, 0x000001e0f5b8fd80, 0x000001e0f5b91820,
0x000001e0f5b92150, 0x000001e0f5b92a80, 0x000001e0f5b933b0, 0x000001e0f5b94010,
0x000001e0f5b95000, 0x000001e0f5c0c530, 0x000001e0fa00e8b0, 0x000001e0fa1c3500,
0x000001e0fa1c4290, 0x000001e0fa1c47e0, 0x000001e0fa1070a0
}

Java Threads: ( => current thread )
  0x000001e0d7d5dfd0 JavaThread "main" [_thread_in_native, id=26452, stack(0x0000006b0ea00000,0x0000006b0eb00000)]
  0x000001e0f5b8cfe0 JavaThread "Reference Handler" daemon [_thread_blocked, id=10624, stack(0x0000006b0f200000,0x0000006b0f300000)]
  0x000001e0f5b8fd80 JavaThread "Finalizer" daemon [_thread_blocked, id=10948, stack(0x0000006b0f300000,0x0000006b0f400000)]
  0x000001e0f5b91820 JavaThread "Signal Dispatcher" daemon [_thread_blocked, id=10956, stack(0x0000006b0f400000,0x0000006b0f500000)]
  0x000001e0f5b92150 JavaThread "Attach Listener" daemon [_thread_blocked, id=10964, stack(0x0000006b0f500000,0x0000006b0f600000)]
  0x000001e0f5b92a80 JavaThread "Service Thread" daemon [_thread_blocked, id=11204, stack(0x0000006b0f600000,0x0000006b0f700000)]
  0x000001e0f5b933b0 JavaThread "Monitor Deflation Thread" daemon [_thread_blocked, id=4828, stack(0x0000006b0f700000,0x0000006b0f800000)]
  0x000001e0f5b94010 JavaThread "C2 CompilerThread0" daemon [_thread_blocked, id=11632, stack(0x0000006b0f800000,0x0000006b0f900000)]
=>0x000001e0f5b95000 JavaThread "C1 CompilerThread0" daemon [_thread_in_native, id=18540, stack(0x0000006b0f900000,0x0000006b0fa00000)]
  0x000001e0f5c0c530 JavaThread "Sweeper thread" daemon [_thread_blocked, id=29252, stack(0x0000006b0fa00000,0x0000006b0fb00000)]
  0x000001e0fa00e8b0 JavaThread "Common-Cleaner" daemon [_thread_blocked, id=11572, stack(0x0000006b0fb00000,0x0000006b0fc00000)]
  0x000001e0fa1c3500 JavaThread "JDWP Transport Listener: dt_shmem" daemon [_thread_blocked, id=14684, stack(0x0000006b0fc00000,0x0000006b0fd00000)]
  0x000001e0fa1c4290 JavaThread "JDWP Event Helper Thread" daemon [_thread_blocked, id=13856, stack(0x0000006b0fd00000,0x0000006b0fe00000)]
  0x000001e0fa1c47e0 JavaThread "JDWP Command Reader" daemon [_thread_in_native, id=13860, stack(0x0000006b0fe00000,0x0000006b0ff00000)]
  0x000001e0fa1070a0 JavaThread "Notification Thread" daemon [_thread_blocked, id=14260, stack(0x0000006b0ff00000,0x0000006b10000000)]

Other Threads:
  0x000001e0d9f854f0 VMThread "VM Thread" [stack: 0x0000006b0f100000,0x0000006b0f200000] [id=22924]
  0x000001e0fa1075e0 WatcherThread "VM Periodic Task Thread" [stack: 0x0000006b10000000,0x0000006b10100000] [id=14848]
  0x000001e0d9ef7b50 WorkerThread "GC Thread#0" [stack: 0x0000006b0ec00000,0x0000006b0ed00000] [id=10608]
  0x000001e0d9f007c0 ConcurrentGCThread "G1 Main Marker" [stack: 0x0000006b0ed00000,0x0000006b0ee00000] [id=10776]
  0x000001e0d9f011f0 WorkerThread "G1 Conc#0" [stack: 0x0000006b0ee00000,0x0000006b0ef00000] [id=9644]
  0x000001e0d9f642c0 ConcurrentGCThread "G1 Refine#0" [stack: 0x0000006b0ef00000,0x0000006b0f000000] [id=10828]
  0x000001e0d9f64e00 ConcurrentGCThread "G1 Service" [stack: 0x0000006b0f000000,0x0000006b0f100000] [id=25796]

Threads with active compile tasks:
C1 CompilerThread0    97425  214   !   3       java.nio.DirectByteBuffer::get (34 bytes)

VM state: not at safepoint (normal execution)

VM Mutex/Monitor currently owned by a thread: None

Heap address: 0x00000000c9800000, size: 872 MB, Compressed Oops mode: 32-bit

CDS archive(s) mapped at: [0x0000000800000000-0x0000000800c40000-0x0000000800c40000), size 12845056, SharedBaseAddress: 0x0000000800000000, ArchiveRelocationMode: 0.
Compressed class space mapped at: 0x0000000801000000-0x0000000841000000, reserved size: 1073741824
Narrow klass base: 0x0000000800000000, Narrow klass shift: 0, Narrow klass range: 0x100000000

GC Precious Log:
 CardTable entry size: 512
 Card Set container configuration: InlinePtr #cards 5 size 8 Array Of Cards #cards 12 size 40 Howl #buckets 4 coarsen threshold 1843 Howl Bitmap #cards 512 size 80 coarsen threshold 460 Card regions per heap region 1 cards per card region 2048
 CPUs: 8 total, 8 available
 Memory: 3484M
 Large Page Support: Disabled
 NUMA Support: Disabled
 Compressed Oops: Enabled (32-bit)
 Heap Region Size: 1M
 Heap Min Capacity: 8M
 Heap Initial Capacity: 56M
 Heap Max Capacity: 872M
 Pre-touch: Disabled
 Parallel Workers: 8
 Concurrent Workers: 2
 Concurrent Refinement Workers: 8
 Periodic GC: Disabled

Heap:
 garbage-first heap   total 57344K, used 3072K [0x00000000c9800000, 0x0000000100000000)
  region size 1024K, 4 young (4096K), 0 survivors (0K)
 Metaspace       used 1227K, committed 1408K, reserved 1114112K
  class space    used 116K, committed 192K, reserved 1048576K

Heap Regions: E=young(eden), S=young(survivor), O=old, HS=humongous(starts), HC=humongous(continues), CS=collection set, F=free, OA=open archive, CA=closed archive, TAMS=top-at-mark-start (previous, next)
|   0|0x00000000c9800000, 0x00000000c9800000, 0x00000000c9900000|  0%| F|  |TAMS 0x00000000c9800000, 0x00000000c9800000| Untracked 
|   1|0x00000000c9900000, 0x00000000c9900000, 0x00000000c9a00000|  0%| F|  |TAMS 0x00000000c9900000, 0x00000000c9900000| Untracked 
|   2|0x00000000c9a00000, 0x00000000c9a00000, 0x00000000c9b00000|  0%| F|  |TAMS 0x00000000c9a00000, 0x00000000c9a00000| Untracked 
|   3|0x00000000c9b00000, 0x00000000c9b00000, 0x00000000c9c00000|  0%| F|  |TAMS 0x00000000c9b00000, 0x00000000c9b00000| Untracked 
|   4|0x00000000c9c00000, 0x00000000c9c00000, 0x00000000c9d00000|  0%| F|  |TAMS 0x00000000c9c00000, 0x00000000c9c00000| Untracked 
|   5|0x00000000c9d00000, 0x00000000c9d00000, 0x00000000c9e00000|  0%| F|  |TAMS 0x00000000c9d00000, 0x00000000c9d00000| Untracked 
|   6|0x00000000c9e00000, 0x00000000c9e00000, 0x00000000c9f00000|  0%| F|  |TAMS 0x00000000c9e00000, 0x00000000c9e00000| Untracked 
|   7|0x00000000c9f00000, 0x00000000c9f00000, 0x00000000ca000000|  0%| F|  |TAMS 0x00000000c9f00000, 0x00000000c9f00000| Untracked 
|   8|0x00000000ca000000, 0x00000000ca000000, 0x00000000ca100000|  0%| F|  |TAMS 0x00000000ca000000, 0x00000000ca000000| Untracked 
|   9|0x00000000ca100000, 0x00000000ca100000, 0x00000000ca200000|  0%| F|  |TAMS 0x00000000ca100000, 0x00000000ca100000| Untracked 
|  10|0x00000000ca200000, 0x00000000ca200000, 0x00000000ca300000|  0%| F|  |TAMS 0x00000000ca200000, 0x00000000ca200000| Untracked 
|  11|0x00000000ca300000, 0x00000000ca300000, 0x00000000ca400000|  0%| F|  |TAMS 0x00000000ca300000, 0x00000000ca300000| Untracked 
|  12|0x00000000ca400000, 0x00000000ca400000, 0x00000000ca500000|  0%| F|  |TAMS 0x00000000ca400000, 0x00000000ca400000| Untracked 
|  13|0x00000000ca500000, 0x00000000ca500000, 0x00000000ca600000|  0%| F|  |TAMS 0x00000000ca500000, 0x00000000ca500000| Untracked 
|  14|0x00000000ca600000, 0x00000000ca600000, 0x00000000ca700000|  0%| F|  |TAMS 0x00000000ca600000, 0x00000000ca600000| Untracked 
|  15|0x00000000ca700000, 0x00000000ca700000, 0x00000000ca800000|  0%| F|  |TAMS 0x00000000ca700000, 0x00000000ca700000| Untracked 
|  16|0x00000000ca800000, 0x00000000ca800000, 0x00000000ca900000|  0%| F|  |TAMS 0x00000000ca800000, 0x00000000ca800000| Untracked 
|  17|0x00000000ca900000, 0x00000000ca900000, 0x00000000caa00000|  0%| F|  |TAMS 0x00000000ca900000, 0x00000000ca900000| Untracked 
|  18|0x00000000caa00000, 0x00000000caa00000, 0x00000000cab00000|  0%| F|  |TAMS 0x00000000caa00000, 0x00000000caa00000| Untracked 
|  19|0x00000000cab00000, 0x00000000cab00000, 0x00000000cac00000|  0%| F|  |TAMS 0x00000000cab00000, 0x00000000cab00000| Untracked 
|  20|0x00000000cac00000, 0x00000000cac00000, 0x00000000cad00000|  0%| F|  |TAMS 0x00000000cac00000, 0x00000000cac00000| Untracked 
|  21|0x00000000cad00000, 0x00000000cad00000, 0x00000000cae00000|  0%| F|  |TAMS 0x00000000cad00000, 0x00000000cad00000| Untracked 
|  22|0x00000000cae00000, 0x00000000cae00000, 0x00000000caf00000|  0%| F|  |TAMS 0x00000000cae00000, 0x00000000cae00000| Untracked 
|  23|0x00000000caf00000, 0x00000000caf00000, 0x00000000cb000000|  0%| F|  |TAMS 0x00000000caf00000, 0x00000000caf00000| Untracked 
|  24|0x00000000cb000000, 0x00000000cb000000, 0x00000000cb100000|  0%| F|  |TAMS 0x00000000cb000000, 0x00000000cb000000| Untracked 
|  25|0x00000000cb100000, 0x00000000cb100000, 0x00000000cb200000|  0%| F|  |TAMS 0x00000000cb100000, 0x00000000cb100000| Untracked 
|  26|0x00000000cb200000, 0x00000000cb200000, 0x00000000cb300000|  0%| F|  |TAMS 0x00000000cb200000, 0x00000000cb200000| Untracked 
|  27|0x00000000cb300000, 0x00000000cb300000, 0x00000000cb400000|  0%| F|  |TAMS 0x00000000cb300000, 0x00000000cb300000| Untracked 
|  28|0x00000000cb400000, 0x00000000cb400000, 0x00000000cb500000|  0%| F|  |TAMS 0x00000000cb400000, 0x00000000cb400000| Untracked 
|  29|0x00000000cb500000, 0x00000000cb500000, 0x00000000cb600000|  0%| F|  |TAMS 0x00000000cb500000, 0x00000000cb500000| Untracked 
|  30|0x00000000cb600000, 0x00000000cb600000, 0x00000000cb700000|  0%| F|  |TAMS 0x00000000cb600000, 0x00000000cb600000| Untracked 
|  31|0x00000000cb700000, 0x00000000cb700000, 0x00000000cb800000|  0%| F|  |TAMS 0x00000000cb700000, 0x00000000cb700000| Untracked 
|  32|0x00000000cb800000, 0x00000000cb800000, 0x00000000cb900000|  0%| F|  |TAMS 0x00000000cb800000, 0x00000000cb800000| Untracked 
|  33|0x00000000cb900000, 0x00000000cb900000, 0x00000000cba00000|  0%| F|  |TAMS 0x00000000cb900000, 0x00000000cb900000| Untracked 
|  34|0x00000000cba00000, 0x00000000cba00000, 0x00000000cbb00000|  0%| F|  |TAMS 0x00000000cba00000, 0x00000000cba00000| Untracked 
|  35|0x00000000cbb00000, 0x00000000cbb00000, 0x00000000cbc00000|  0%| F|  |TAMS 0x00000000cbb00000, 0x00000000cbb00000| Untracked 
|  36|0x00000000cbc00000, 0x00000000cbc00000, 0x00000000cbd00000|  0%| F|  |TAMS 0x00000000cbc00000, 0x00000000cbc00000| Untracked 
|  37|0x00000000cbd00000, 0x00000000cbd00000, 0x00000000cbe00000|  0%| F|  |TAMS 0x00000000cbd00000, 0x00000000cbd00000| Untracked 
|  38|0x00000000cbe00000, 0x00000000cbe00000, 0x00000000cbf00000|  0%| F|  |TAMS 0x00000000cbe00000, 0x00000000cbe00000| Untracked 
|  39|0x00000000cbf00000, 0x00000000cbf00000, 0x00000000cc000000|  0%| F|  |TAMS 0x00000000cbf00000, 0x00000000cbf00000| Untracked 
|  40|0x00000000cc000000, 0x00000000cc000000, 0x00000000cc100000|  0%| F|  |TAMS 0x00000000cc000000, 0x00000000cc000000| Untracked 
|  41|0x00000000cc100000, 0x00000000cc100000, 0x00000000cc200000|  0%| F|  |TAMS 0x00000000cc100000, 0x00000000cc100000| Untracked 
|  42|0x00000000cc200000, 0x00000000cc200000, 0x00000000cc300000|  0%| F|  |TAMS 0x00000000cc200000, 0x00000000cc200000| Untracked 
|  43|0x00000000cc300000, 0x00000000cc300000, 0x00000000cc400000|  0%| F|  |TAMS 0x00000000cc300000, 0x00000000cc300000| Untracked 
|  44|0x00000000cc400000, 0x00000000cc400000, 0x00000000cc500000|  0%| F|  |TAMS 0x00000000cc400000, 0x00000000cc400000| Untracked 
|  45|0x00000000cc500000, 0x00000000cc500000, 0x00000000cc600000|  0%| F|  |TAMS 0x00000000cc500000, 0x00000000cc500000| Untracked 
|  46|0x00000000cc600000, 0x00000000cc600000, 0x00000000cc700000|  0%| F|  |TAMS 0x00000000cc600000, 0x00000000cc600000| Untracked 
|  47|0x00000000cc700000, 0x00000000cc700000, 0x00000000cc800000|  0%| F|  |TAMS 0x00000000cc700000, 0x00000000cc700000| Untracked 
|  48|0x00000000cc800000, 0x00000000cc800000, 0x00000000cc900000|  0%| F|  |TAMS 0x00000000cc800000, 0x00000000cc800000| Untracked 
|  49|0x00000000cc900000, 0x00000000cc900000, 0x00000000cca00000|  0%| F|  |TAMS 0x00000000cc900000, 0x00000000cc900000| Untracked 
|  50|0x00000000cca00000, 0x00000000cca00000, 0x00000000ccb00000|  0%| F|  |TAMS 0x00000000cca00000, 0x00000000cca00000| Untracked 
|  51|0x00000000ccb00000, 0x00000000ccb00000, 0x00000000ccc00000|  0%| F|  |TAMS 0x00000000ccb00000, 0x00000000ccb00000| Untracked 
|  52|0x00000000ccc00000, 0x00000000ccc76508, 0x00000000ccd00000| 46%| E|  |TAMS 0x00000000ccc00000, 0x00000000ccc00000| Complete 
|  53|0x00000000ccd00000, 0x00000000cce00000, 0x00000000cce00000|100%| E|CS|TAMS 0x00000000ccd00000, 0x00000000ccd00000| Complete 
|  54|0x00000000cce00000, 0x00000000ccf00000, 0x00000000ccf00000|100%| E|CS|TAMS 0x00000000cce00000, 0x00000000cce00000| Complete 
|  55|0x00000000ccf00000, 0x00000000cd000000, 0x00000000cd000000|100%| E|CS|TAMS 0x00000000ccf00000, 0x00000000ccf00000| Complete 

Card table byte_map: [0x000001e0f1320000,0x000001e0f14e0000] _byte_map_base: 0x000001e0f0cd4000

Marking Bits (Prev, Next): (CMBitMap*) 0x000001e0d9ef9190, (CMBitMap*) 0x000001e0d9ef91d0
 Prev Bits: [0x000001e0f16a0000, 0x000001e0f2440000)
 Next Bits: [0x000001e0f2440000, 0x000001e0f31e0000)

Polling page: 0x000001e0d9690000

Metaspace:

Usage:
  Non-class:      1.09 MB used.
      Class:    116.04 KB used.
       Both:      1.20 MB used.

Virtual space:
  Non-class space:       64.00 MB reserved,       1.19 MB (  2%) committed,  1 nodes.
      Class space:        1.00 GB reserved,     192.00 KB ( <1%) committed,  1 nodes.
             Both:        1.06 GB reserved,       1.38 MB ( <1%) committed. 

Chunk freelists:
   Non-Class:  3.98 MB
       Class:  3.74 MB
        Both:  7.72 MB

MaxMetaspaceSize: unlimited
CompressedClassSpaceSize: 1.00 GB
Initial GC threshold: 21.00 MB
Current GC threshold: 21.00 MB
CDS: on
MetaspaceReclaimPolicy: balanced
 - commit_granule_bytes: 65536.
 - commit_granule_words: 8192.
 - virtual_space_node_default_size: 8388608.
 - enlarge_chunks_in_place: 1.
 - new_chunks_are_fully_committed: 0.
 - uncommit_free_chunks: 1.
 - use_allocation_guard: 0.


Internal statistics:

num_allocs_failed_limit: 0.
num_arena_births: 8.
num_arena_deaths: 0.
num_vsnodes_births: 2.
num_vsnodes_deaths: 0.
num_space_committed: 22.
num_space_uncommitted: 0.
num_chunks_returned_to_freelist: 0.
num_chunks_taken_from_freelist: 10.
num_chunk_merges: 0.
num_chunk_splits: 5.
num_chunks_enlarged: 3.
num_inconsistent_stats: 0.

CodeHeap 'non-profiled nmethods': size=120000Kb used=72Kb max_used=72Kb free=119927Kb
 bounds [0x000001e0e9900000, 0x000001e0e9b70000, 0x000001e0f0e30000]
CodeHeap 'profiled nmethods': size=120000Kb used=226Kb max_used=226Kb free=119773Kb
 bounds [0x000001e0e1e30000, 0x000001e0e20a0000, 0x000001e0e9360000]
CodeHeap 'non-nmethods': size=5760Kb used=1264Kb max_used=1276Kb free=4495Kb
 bounds [0x000001e0e9360000, 0x000001e0e95d0000, 0x000001e0e9900000]
 total_blobs=615 nmethods=218 adapters=308
 compilation: enabled
              stopped_count=0, restarted_count=0
 full_count=0

Compilation events (20 events):
Event: 31.323 Thread 0x000001e0f5b95000  204       3       java.lang.CharacterDataLatin1::toLowerCase (39 bytes)
Event: 31.323 Thread 0x000001e0f5b95000 nmethod 204 0x000001e0e1e65d90 code [0x000001e0e1e65f40, 0x000001e0e1e66178]
Event: 31.323 Thread 0x000001e0f5b95000  205       3       java.lang.AbstractStringBuilder::append (45 bytes)
Event: 31.324 Thread 0x000001e0f5b95000 nmethod 205 0x000001e0e1e66290 code [0x000001e0e1e664a0, 0x000001e0e1e669d8]
Event: 31.889 Thread 0x000001e0f5b95000  206       3       java.lang.String::substring (58 bytes)
Event: 31.890 Thread 0x000001e0f5b95000 nmethod 206 0x000001e0e1e66c10 code [0x000001e0e1e66e40, 0x000001e0e1e67488]
Event: 38.602 Thread 0x000001e0f5b95000  207       3       java.lang.System::getSecurityManager (12 bytes)
Event: 38.602 Thread 0x000001e0f5b95000 nmethod 207 0x000001e0e1e67710 code [0x000001e0e1e678c0, 0x000001e0e1e67a38]
Event: 38.602 Thread 0x000001e0f5b95000  208       3       java.lang.System::allowSecurityManager (13 bytes)
Event: 38.602 Thread 0x000001e0f5b95000 nmethod 208 0x000001e0e1e67b10 code [0x000001e0e1e67ca0, 0x000001e0e1e67d98]
Event: 51.586 Thread 0x000001e0f5b95000  209       1       java.lang.Module::getDescriptor (5 bytes)
Event: 51.587 Thread 0x000001e0f5b95000 nmethod 209 0x000001e0e9910b90 code [0x000001e0e9910d20, 0x000001e0e9910dd8]
Event: 59.552 Thread 0x000001e0f5b95000  210       3       java.lang.ref.Reference::reachabilityFence (1 bytes)
Event: 59.552 Thread 0x000001e0f5b94010  213       4       java.lang.String::charAt (25 bytes)
Event: 61.867 Thread 0x000001e0f5b95000 nmethod 210 0x000001e0e1e67e10 code [0x000001e0e1e67fa0, 0x000001e0e1e68098]
Event: 61.867 Thread 0x000001e0f5b95000  211       3       jdk.internal.util.Preconditions::checkIndex (18 bytes)
Event: 61.867 Thread 0x000001e0f5b95000 nmethod 211 0x000001e0e1e68110 code [0x000001e0e1e682c0, 0x000001e0e1e68488]
Event: 61.867 Thread 0x000001e0f5b95000  212       3       java.util.Objects::checkIndex (7 bytes)
Event: 61.867 Thread 0x000001e0f5b95000 nmethod 212 0x000001e0e1e68590 code [0x000001e0e1e68720, 0x000001e0e1e68858]
Event: 63.267 Thread 0x000001e0f5b95000  214   !   3       java.nio.DirectByteBuffer::get (34 bytes)

GC Heap History (0 events):
No events

Dll operation events (6 events):
Event: 1.126 Loaded shared library C:\Java\bin\java.dll
Event: 1.380 Loaded shared library C:\Java\bin\jsvml.dll
Event: 7.040 Loaded shared library C:\Java\bin\net.dll
Event: 7.045 Loaded shared library C:\Java\bin\nio.dll
Event: 31.321 Loaded shared library C:\Java\bin\zip.dll
Event: 57.714 Loaded shared library C:\Java\bin\jimage.dll

Deoptimization events (0 events):
No events

Classes loaded (20 events):
Event: 43.642 Loading class javax/swing/GroupLayout$Spring
Event: 44.455 Loading class javax/swing/GroupLayout$Spring done
Event: 44.456 Loading class javax/swing/GroupLayout$Group done
Event: 44.456 Loading class javax/swing/GroupLayout$SequentialGroup
Event: 44.794 Loading class javax/swing/GroupLayout$SequentialGroup done
Event: 44.794 Loading class javax/swing/GroupLayout$ParallelGroup
Event: 45.277 Loading class javax/swing/GroupLayout$ParallelGroup done
Event: 45.277 Loading class sun/util/logging/PlatformLogger
Event: 45.318 Loading class sun/util/logging/PlatformLogger done
Event: 45.318 Loading class sun/util/logging/PlatformLogger$Level
Event: 45.507 Loading class sun/util/logging/PlatformLogger$Level done
Event: 45.507 Loading class java/lang/System$Logger$Level
Event: 46.013 Loading class java/lang/System$Logger$Level done
Event: 46.022 Loading class jdk/internal/logger/LazyLoggers
Event: 46.291 Loading class jdk/internal/logger/LazyLoggers done
Event: 46.292 Loading class jdk/internal/logger/LazyLoggers$1
Event: 46.315 Loading class jdk/internal/logger/LazyLoggers$1 done
Event: 46.315 Loading class jdk/internal/logger/LazyLoggers$LazyLoggerFactories
Event: 46.832 Loading class jdk/internal/logger/LazyLoggers$LazyLoggerFactories done
Event: 66.256 Loading class jdk/internal/logger/LazyLoggers$JdkLazyLogger

Classes unloaded (0 events):
No events

Classes redefined (0 events):
No events

Internal exceptions (3 events):
Event: 7.124 Thread 0x000001e0d7d5dfd0 Exception <a 'sun/nio/fs/WindowsException'{0x00000000cce45370}> (0x00000000cce45370) 
thrown [s\open\src\hotspot\share\prims\jni.cpp, line 517]
Event: 7.126 Thread 0x000001e0d7d5dfd0 Exception <a 'sun/nio/fs/WindowsException'{0x00000000cce458c0}> (0x00000000cce458c0) 
thrown [s\open\src\hotspot\share\prims\jni.cpp, line 517]
Event: 7.135 Thread 0x000001e0d7d5dfd0 Exception <a 'sun/nio/fs/WindowsException'{0x00000000cce47c50}> (0x00000000cce47c50) 
thrown [s\open\src\hotspot\share\prims\jni.cpp, line 517]

VM Operations (16 events):
Event: 3.643 Executing VM operation: Cleanup
Event: 3.668 Executing VM operation: Cleanup done
Event: 5.687 Executing VM operation: Cleanup
Event: 5.750 Executing VM operation: Cleanup done
Event: 7.260 Executing VM operation: HandshakeAllThreads
Event: 7.260 Executing VM operation: HandshakeAllThreads done
Event: 7.260 Executing VM operation: Cleanup
Event: 7.260 Executing VM operation: Cleanup done
Event: 8.271 Executing VM operation: Cleanup
Event: 8.271 Executing VM operation: Cleanup done
Event: 29.548 Executing VM operation: ChangeBreakpoints
Event: 29.549 Executing VM operation: ChangeBreakpoints done
Event: 31.557 Executing VM operation: Cleanup
Event: 31.878 Executing VM operation: Cleanup done
Event: 32.883 Executing VM operation: Cleanup
Event: 37.458 Executing VM operation: Cleanup done

Events (15 events):
Event: 1.381 Thread 0x000001e0d7d5dfd0 Thread added: 0x000001e0d7d5dfd0
Event: 1.607 Thread 0x000001e0f5b8cfe0 Thread added: 0x000001e0f5b8cfe0
Event: 1.607 Thread 0x000001e0f5b8fd80 Thread added: 0x000001e0f5b8fd80
Event: 1.608 Thread 0x000001e0f5b91820 Thread added: 0x000001e0f5b91820
Event: 1.608 Thread 0x000001e0f5b92150 Thread added: 0x000001e0f5b92150
Event: 1.609 Thread 0x000001e0f5b92a80 Thread added: 0x000001e0f5b92a80
Event: 1.609 Thread 0x000001e0f5b933b0 Thread added: 0x000001e0f5b933b0
Event: 1.609 Thread 0x000001e0f5b94010 Thread added: 0x000001e0f5b94010
Event: 1.628 Thread 0x000001e0f5b95000 Thread added: 0x000001e0f5b95000
Event: 1.667 Thread 0x000001e0f5c0c530 Thread added: 0x000001e0f5c0c530
Event: 6.859 Thread 0x000001e0fa00e8b0 Thread added: 0x000001e0fa00e8b0
Event: 29.548 Thread 0x000001e0fa1c3500 Thread added: 0x000001e0fa1c3500
Event: 29.548 Thread 0x000001e0fa1c4290 Thread added: 0x000001e0fa1c4290
Event: 29.548 Thread 0x000001e0fa1c47e0 Thread added: 0x000001e0fa1c47e0
Event: 31.298 Thread 0x000001e0fa1070a0 Thread added: 0x000001e0fa1070a0


Dynamic libraries:
0x00007ff7c2490000 - 0x00007ff7c24a0000 	C:\Java\bin\java.exe
0x00007ffe43ab0000 - 0x00007ffe43ca8000 	C:\WINDOWS\SYSTEM32\ntdll.dll
0x00007ffe427a0000 - 0x00007ffe4285f000 	C:\WINDOWS\System32\KERNEL32.DLL
0x00007ffe412b0000 - 0x00007ffe41582000 	C:\WINDOWS\System32\KERNELBASE.dll
0x00007ffe411b0000 - 0x00007ffe412b0000 	C:\WINDOWS\System32\ucrtbase.dll
0x00007ffe39a70000 - 0x00007ffe39a88000 	C:\Java\bin\jli.dll
0x00007ffe42440000 - 0x00007ffe424ee000 	C:\WINDOWS\System32\ADVAPI32.dll
0x00007ffe43560000 - 0x00007ffe435fe000 	C:\WINDOWS\System32\msvcrt.dll
0x00007ffe42ca0000 - 0x00007ffe42d3c000 	C:\WINDOWS\System32\sechost.dll
0x00007ffe425a0000 - 0x00007ffe426c4000 	C:\WINDOWS\System32\RPCRT4.dll
0x00007ffe433b0000 - 0x00007ffe43551000 	C:\WINDOWS\System32\USER32.dll
0x00007ffe419c0000 - 0x00007ffe419e2000 	C:\WINDOWS\System32\win32u.dll
0x00007ffe42c70000 - 0x00007ffe42c9b000 	C:\WINDOWS\System32\GDI32.dll
0x00007ffe416f0000 - 0x00007ffe417ff000 	C:\WINDOWS\System32\gdi32full.dll
0x00007ffe419f0000 - 0x00007ffe41a8d000 	C:\WINDOWS\System32\msvcp_win.dll
0x00007ffe18fa0000 - 0x00007ffe18fbb000 	C:\Java\bin\VCRUNTIME140.dll
0x00007ffe2f8a0000 - 0x00007ffe2fb3a000 	C:\WINDOWS\WinSxS\amd64_microsoft.windows.common-controls_6595b64144ccf1df_6.0.19041.1110_none_60b5254171f9507e\COMCTL32.dll
0x00007ffe39a90000 - 0x00007ffe39a9a000 	C:\WINDOWS\SYSTEM32\VERSION.dll
0x00007ffe42d40000 - 0x00007ffe42d70000 	C:\WINDOWS\System32\IMM32.DLL
0x00007ffe26570000 - 0x00007ffe2657c000 	C:\Java\bin\vcruntime140_1.dll
0x00007ffe17ca0000 - 0x00007ffe17d2e000 	C:\Java\bin\msvcp140.dll
0x00007ffde4c40000 - 0x00007ffde5900000 	C:\Java\bin\server\jvm.dll
0x00007ffe3d8e0000 - 0x00007ffe3d8e9000 	C:\WINDOWS\SYSTEM32\WSOCK32.dll
0x00007ffe42ba0000 - 0x00007ffe42c0b000 	C:\WINDOWS\System32\WS2_32.dll
0x00007ffe396c0000 - 0x00007ffe396e7000 	C:\WINDOWS\SYSTEM32\WINMM.dll
0x00007ffe3f070000 - 0x00007ffe3f082000 	C:\WINDOWS\SYSTEM32\kernel.appcore.dll
0x00007ffe18f90000 - 0x00007ffe18f9a000 	C:\Java\bin\jimage.dll
0x00007ffe2f0c0000 - 0x00007ffe2f2a4000 	C:\WINDOWS\SYSTEM32\DBGHELP.DLL
0x00007ffe2f080000 - 0x00007ffe2f0b5000 	C:\WINDOWS\SYSTEM32\dbgcore.DLL
0x00007ffe41800000 - 0x00007ffe41882000 	C:\WINDOWS\System32\bcryptPrimitives.dll
0x00007ffe28530000 - 0x00007ffe2856c000 	C:\Java\bin\jdwp.dll
0x00007ffe18010000 - 0x00007ffe18036000 	C:\Java\bin\java.dll
0x00007ffe17f30000 - 0x00007ffe18007000 	C:\Java\bin\jsvml.dll
0x00007ffe41c70000 - 0x00007ffe423b5000 	C:\WINDOWS\System32\SHELL32.dll
0x00007ffe3f270000 - 0x00007ffe3fa02000 	C:\WINDOWS\SYSTEM32\windows.storage.dll
0x00007ffe42f20000 - 0x00007ffe43275000 	C:\WINDOWS\System32\combase.dll
0x00007ffe40ba0000 - 0x00007ffe40bd0000 	C:\WINDOWS\SYSTEM32\Wldp.dll
0x00007ffe41b00000 - 0x00007ffe41bad000 	C:\WINDOWS\System32\SHCORE.dll
0x00007ffe42b40000 - 0x00007ffe42b95000 	C:\WINDOWS\System32\shlwapi.dll
0x00007ffe410f0000 - 0x00007ffe4110f000 	C:\WINDOWS\SYSTEM32\profapi.dll
0x00007ffe17f10000 - 0x00007ffe17f23000 	C:\Java\bin\net.dll
0x00007ffe34670000 - 0x00007ffe3477a000 	C:\WINDOWS\SYSTEM32\WINHTTP.dll
0x00007ffe40890000 - 0x00007ffe408fa000 	C:\WINDOWS\system32\mswsock.dll
0x00007ffe17ef0000 - 0x00007ffe17f06000 	C:\Java\bin\nio.dll
0x00007ffe3a9a0000 - 0x00007ffe3a9ab000 	C:\Java\bin\dt_shmem.dll
0x00007ffe17ed0000 - 0x00007ffe17ee8000 	C:\Java\bin\zip.dll
0x00007ffe17d30000 - 0x00007ffe17ec1000 	C:\Java\bin\awt.dll
0x00007ffe426d0000 - 0x00007ffe4279d000 	C:\WINDOWS\System32\OLEAUT32.dll
0x00007ffe3e9d0000 - 0x00007ffe3ea60000 	C:\WINDOWS\SYSTEM32\apphelp.dll

dbghelp: loaded successfully - version: 4.0.5 - missing functions: none
symbol engine: initialized successfully - sym options: 0x614 - pdb path: .;C:\Java\bin;C:\WINDOWS\SYSTEM32;C:\WINDOWS\WinSxS\amd64_microsoft.windows.common-controls_6595b64144ccf1df_6.0.19041.1110_none_60b5254171f9507e;C:\Java\bin\server

VM Arguments:
jvm_args: -Dfile.encoding=UTF-8 -agentlib:jdwp=transport=dt_shmem,address=javadebug9261 --module-path=C:\Users\Rioan\OneDrive\Desktop\Isaac Project\databasee_1\build\classes 
java_command: databasee.login
java_class_path (initial): C:\Users\Rioan\OneDrive\Desktop\Beginners\JCalendar.jar;C:\Users\Rioan\OneDrive\Desktop\Beginners\netbeans\java\modules\ext\AbsoluteLayout.jar;C:\Users\Rioan\OneDrive\Desktop\Isaac Project\databasee_1\build\classes
Launcher Type: SUN_STANDARD

[Global flags]
     intx CICompilerCount                          = 4                                         {product} {ergonomic}
     uint ConcGCThreads                            = 2                                         {product} {ergonomic}
     uint G1ConcRefinementThreads                  = 8                                         {product} {ergonomic}
   size_t G1HeapRegionSize                         = 1048576                                   {product} {ergonomic}
    uintx GCDrainStackTargetSize                   = 64                                        {product} {ergonomic}
   size_t InitialHeapSize                          = 58720256                                  {product} {ergonomic}
   size_t MarkStackSize                            = 4194304                                   {product} {ergonomic}
   size_t MaxHeapSize                              = 914358272                                 {product} {ergonomic}
   size_t MaxNewSize                               = 548405248                                 {product} {ergonomic}
   size_t MinHeapDeltaBytes                        = 1048576                                   {product} {ergonomic}
   size_t MinHeapSize                              = 8388608                                   {product} {ergonomic}
    uintx NonNMethodCodeHeapSize                   = 5839372                                {pd product} {ergonomic}
    uintx NonProfiledCodeHeapSize                  = 122909434                              {pd product} {ergonomic}
    uintx ProfiledCodeHeapSize                     = 122909434                              {pd product} {ergonomic}
    uintx ReservedCodeCacheSize                    = 251658240                              {pd product} {ergonomic}
     bool SegmentedCodeCache                       = true                                      {product} {ergonomic}
   size_t SoftMaxHeapSize                          = 914358272                              {manageable} {ergonomic}
     bool UseCompressedClassPointers               = true                           {product lp64_product} {ergonomic}
     bool UseCompressedOops                        = true                           {product lp64_product} {ergonomic}
     bool UseG1GC                                  = true                                      {product} {ergonomic}
     bool UseLargePagesIndividualAllocation        = false                                  {pd product} {ergonomic}

Logging:
Log output configuration:
 #0: stdout all=warning uptime,level,tags foldmultilines=false
 #1: stderr all=off uptime,level,tags foldmultilines=false

Environment Variables:
PATH=C:\Program Files\Common Files\Oracle\Java\javapath;C:\ProgramData\Oracle\Java\javapath;C:\WINDOWS\system32;C:\WINDOWS;C:\WINDOWS\System32\Wbem;C:\WINDOWS\System32\WindowsPowerShell\v1.0\;C:\WINDOWS\System32\OpenSSH\;C:\scrcpy;C:\Users\Rioan\AppData\Local\Microsoft\WindowsApps;
USERNAME=Rioan
OS=Windows_NT
PROCESSOR_IDENTIFIER=AMD64 Family 23 Model 17 Stepping 0, AuthenticAMD
TMP=C:\Users\Rioan\AppData\Local\Temp
TEMP=C:\Users\Rioan\AppData\Local\Temp



---------------  S Y S T E M  ---------------

OS:
 Windows 10 , 64 bit Build 19041 (10.0.19041.2546)
OS uptime: 0 days 0:47 hours

CPU: total 8 (initial active 8) (8 cores per cpu, 2 threads per core) family 23 model 17 stepping 0 microcode 0x0, cx8, cmov, fxsr, ht, mmx, 3dnowpref, sse, sse2, sse3, ssse3, sse4a, sse4.1, sse4.2, popcnt, lzcnt, tsc, tscinvbit, avx, avx2, aes, clmul, bmi1, bmi2, adx, sha, fma, vzeroupper, clflush, clflushopt, rdtscp

Memory: 4k page, system-wide physical 3484M (355M free)
TotalPageFile size 14084M (AvailPageFile size 1504M)
current process WorkingSet (physical memory assigned to process): 24M, peak: 31M
current process commit charge ("private bytes"): 137M, peak: 137M

vm_info: Java HotSpot(TM) 64-Bit Server VM (19.0.2+7-44) for windows-amd64 JRE (19.0.2+7-44), built on 2022-11-30T18:02:09Z by "mach5one" with MS VC++ 17.1 (VS2022)

END.
