#
# There is insufficient memory for the Java Runtime Environment to continue.
# Native memory allocation (malloc) failed to allocate 447584 bytes for Chunk::new
# Possible reasons:
#   The system is out of physical RAM or swap space
#   The process is running with CompressedOops enabled, and the Java Heap may be blocking the growth of the native heap
# Possible solutions:
#   Reduce memory load on the system
#   Increase physical memory or swap space
#   Check if swap backing store is full
#   Decrease Java heap size (-Xmx/-Xms)
#   Decrease number of Java threads
#   Decrease Java thread stack sizes (-Xss)
#   Set larger code cache with -XX:ReservedCodeCacheSize=
#   JVM is running with Unscaled Compressed Oops mode in which the Java heap is
#     placed in the first 4GB address space. The Java Heap base address is the
#     maximum limit for the native heap growth. Please use -XX:HeapBaseMinAddress
#     to set the Java Heap base and to place the Java Heap above 4GB virtual address.
# This output file may be truncated or incomplete.
#
#  Out of Memory Error (arena.cpp:184), pid=8308, tid=22916
#
# JRE version: Java(TM) SE Runtime Environment (19.0.2+7) (build 19.0.2+7-44)
# Java VM: Java HotSpot(TM) 64-Bit Server VM (19.0.2+7-44, mixed mode, sharing, tiered, compressed oops, compressed class ptrs, g1 gc, windows-amd64)
# No core dump will be written. Minidumps are not enabled by default on client versions of Windows
#

---------------  S U M M A R Y ------------

Command Line: -Dfile.encoding=UTF-8 -agentlib:jdwp=transport=dt_shmem,address=javadebug3756 --module-path=C:\Users\Rioan\OneDrive\Desktop\Isaac Project\databasee_1\build\classes databasee.login

Host: AMD Ryzen 5 2500U with Radeon Vega Mobile Gfx  , 8 cores, 3G,  Windows 10 , 64 bit Build 19041 (10.0.19041.2546)
Time: Sat Apr  1 18:47:05 2023 China Standard Time elapsed time: 807.054667 seconds (0d 0h 13m 27s)

---------------  T H R E A D  ---------------

Current thread (0x000001e47a3c64b0):  JavaThread "C2 CompilerThread0" daemon [_thread_in_native, id=22916, stack(0x000000d4fca00000,0x000000d4fcb00000)]


Current CompileTask:
C2: 807054 2015   !   4       sun.java2d.d3d.D3DBlitLoops::IsoBlit (202 bytes)

Stack: [0x000000d4fca00000,0x000000d4fcb00000]
Native frames: (J=compiled Java code, j=interpreted, Vv=VM code, C=native code)
V  [jvm.dll+0x6ee21a]
V  [jvm.dll+0x85765e]
V  [jvm.dll+0x85904e]
V  [jvm.dll+0x859703]
V  [jvm.dll+0x28298f]
V  [jvm.dll+0xc9adf]
V  [jvm.dll+0xc9e65]
V  [jvm.dll+0x3bca4c]
V  [jvm.dll+0x1ee29a]
V  [jvm.dll+0x24c52b]
V  [jvm.dll+0x24b781]
V  [jvm.dll+0x1d6ce1]
V  [jvm.dll+0x25b25a]
V  [jvm.dll+0x2596e8]
V  [jvm.dll+0x807588]
V  [jvm.dll+0x80125a]
V  [jvm.dll+0x6ecf0b]
C  [ucrtbase.dll+0x21bb2]
C  [KERNEL32.DLL+0x17614]
C  [ntdll.dll+0x526a1]


---------------  P R O C E S S  ---------------

Threads class SMR info:
_java_thread_list=0x000001e47ed85820, length=19, elements={
0x000001e47a3bf2e0, 0x000001e47a3c2080, 0x000001e47a3c3cc0, 0x000001e47a3c45f0,
0x000001e47a3c4f20, 0x000001e47a3c5850, 0x000001e47a3c64b0, 0x000001e47a3cb460,
0x000001e47a3cf070, 0x000001e47e8508f0, 0x000001e47ea71140, 0x000001e47ea0e140,
0x000001e47e9095b0, 0x000001e47e997fb0, 0x000001e47e82e690, 0x000001e47e82ebd0,
0x000001e46d6c96a0, 0x000001e47ebca7a0, 0x000001e47ebcb240
}

Java Threads: ( => current thread )
  0x000001e47a3bf2e0 JavaThread "Reference Handler" daemon [_thread_blocked, id=22872, stack(0x000000d4fc400000,0x000000d4fc500000)]
  0x000001e47a3c2080 JavaThread "Finalizer" daemon [_thread_blocked, id=22876, stack(0x000000d4fc500000,0x000000d4fc600000)]
  0x000001e47a3c3cc0 JavaThread "Signal Dispatcher" daemon [_thread_blocked, id=22900, stack(0x000000d4fc600000,0x000000d4fc700000)]
  0x000001e47a3c45f0 JavaThread "Attach Listener" daemon [_thread_blocked, id=22904, stack(0x000000d4fc700000,0x000000d4fc800000)]
  0x000001e47a3c4f20 JavaThread "Service Thread" daemon [_thread_blocked, id=22908, stack(0x000000d4fc800000,0x000000d4fc900000)]
  0x000001e47a3c5850 JavaThread "Monitor Deflation Thread" daemon [_thread_blocked, id=22912, stack(0x000000d4fc900000,0x000000d4fca00000)]
=>0x000001e47a3c64b0 JavaThread "C2 CompilerThread0" daemon [_thread_in_native, id=22916, stack(0x000000d4fca00000,0x000000d4fcb00000)]
  0x000001e47a3cb460 JavaThread "C1 CompilerThread0" daemon [_thread_blocked, id=22924, stack(0x000000d4fcb00000,0x000000d4fcc00000)]
  0x000001e47a3cf070 JavaThread "Sweeper thread" daemon [_thread_blocked, id=22932, stack(0x000000d4fcc00000,0x000000d4fcd00000)]
  0x000001e47e8508f0 JavaThread "Common-Cleaner" daemon [_thread_blocked, id=20880, stack(0x000000d4fcd00000,0x000000d4fce00000)]
  0x000001e47ea71140 JavaThread "JDWP Event Helper Thread" daemon [_thread_blocked, id=24524, stack(0x000000d4fcf00000,0x000000d4fd000000)]
  0x000001e47ea0e140 JavaThread "Notification Thread" daemon [_thread_blocked, id=8248, stack(0x000000d4fd100000,0x000000d4fd200000)]
  0x000001e47e9095b0 JavaThread "Java2D Disposer" daemon [_thread_blocked, id=29444, stack(0x000000d4fbb00000,0x000000d4fbc00000)]
  0x000001e47e997fb0 JavaThread "AWT-Windows" daemon [_thread_in_native, id=16948, stack(0x000000d4fce00000,0x000000d4fcf00000)]
  0x000001e47e82e690 JavaThread "AWT-Shutdown" [_thread_blocked, id=8220, stack(0x000000d4fd300000,0x000000d4fd400000)]
  0x000001e47e82ebd0 JavaThread "AWT-EventQueue-0" [_thread_blocked, id=8676, stack(0x000000d4fd400000,0x000000d4fd500000)]
  0x000001e46d6c96a0 JavaThread "DestroyJavaVM" [_thread_blocked, id=21016, stack(0x000000d4fbd00000,0x000000d4fbe00000)]
  0x000001e47ebca7a0 JavaThread "D3D Screen Updater" daemon [_thread_blocked, id=11632, stack(0x000000d4fdd00000,0x000000d4fde00000)]
  0x000001e47ebcb240 JavaThread "TimerQueue" daemon [_thread_blocked, id=11916, stack(0x000000d4fdf00000,0x000000d4fe000000)]

Other Threads:
  0x000001e46d7968c0 VMThread "VM Thread" [stack: 0x000000d4fc300000,0x000000d4fc400000] [id=22128]
  0x000001e47e962810 WatcherThread "VM Periodic Task Thread" [stack: 0x000000d4fd200000,0x000000d4fd300000] [id=25840]
  0x000001e46d707e60 WorkerThread "GC Thread#0" [stack: 0x000000d4fbe00000,0x000000d4fbf00000] [id=21800]
  0x000001e46d710ad0 ConcurrentGCThread "G1 Main Marker" [stack: 0x000000d4fbf00000,0x000000d4fc000000] [id=21804]
  0x000001e46d711500 WorkerThread "G1 Conc#0" [stack: 0x000000d4fc000000,0x000000d4fc100000] [id=21808]
  0x000001e46d772c30 ConcurrentGCThread "G1 Refine#0" [stack: 0x000000d4fc100000,0x000000d4fc200000] [id=21832]
  0x000001e46d773770 ConcurrentGCThread "G1 Service" [stack: 0x000000d4fc200000,0x000000d4fc300000] [id=21836]

Threads with active compile tasks:
C2 CompilerThread0   808801 2015   !   4       sun.java2d.d3d.D3DBlitLoops::IsoBlit (202 bytes)

VM state: not at safepoint (normal execution)

VM Mutex/Monitor currently owned by a thread: None

Heap address: 0x00000000c9800000, size: 872 MB, Compressed Oops mode: 32-bit

CDS archive(s) mapped at: [0x0000000800000000-0x0000000800c40000-0x0000000800c40000), size 12845056, SharedBaseAddress: 0x0000000800000000, ArchiveRelocationMode: 0.
Compressed class space mapped at: 0x0000000801000000-0x0000000841000000, reserved size: 1073741824
Narrow klass base: 0x0000000800000000, Narrow klass shift: 0, Narrow klass range: 0x100000000

GC Precious Log:
 CardTable entry size: 512
 Card Set container configuration: InlinePtr #cards 5 size 8 Array Of Cards #cards 12 size 40 Howl #buckets 4 coarsen threshold 1843 Howl Bitmap #cards 512 size 80 coarsen threshold 460 Card regions per heap region 1 cards per card region 2048
 CPUs: 8 total, 8 available
 Memory: 3484M
 Large Page Support: Disabled
 NUMA Support: Disabled
 Compressed Oops: Enabled (32-bit)
 Heap Region Size: 1M
 Heap Min Capacity: 8M
 Heap Initial Capacity: 56M
 Heap Max Capacity: 872M
 Pre-touch: Disabled
 Parallel Workers: 8
 Concurrent Workers: 2
 Concurrent Refinement Workers: 8
 Periodic GC: Disabled

Heap:
 garbage-first heap   total 57344K, used 22528K [0x00000000c9800000, 0x0000000100000000)
  region size 1024K, 20 young (20480K), 0 survivors (0K)
 Metaspace       used 10985K, committed 11200K, reserved 1114112K
  class space    used 1166K, committed 1280K, reserved 1048576K

Heap Regions: E=young(eden), S=young(survivor), O=old, HS=humongous(starts), HC=humongous(continues), CS=collection set, F=free, OA=open archive, CA=closed archive, TAMS=top-at-mark-start (previous, next)
|   0|0x00000000c9800000, 0x00000000c9900000, 0x00000000c9900000|100%|HS|  |TAMS 0x00000000c9800000, 0x00000000c9800000| Complete 
|   1|0x00000000c9900000, 0x00000000c9a00000, 0x00000000c9a00000|100%|HC|  |TAMS 0x00000000c9900000, 0x00000000c9900000| Complete 
|   2|0x00000000c9a00000, 0x00000000c9b00000, 0x00000000c9b00000|100%|HC|  |TAMS 0x00000000c9a00000, 0x00000000c9a00000| Complete 
|   3|0x00000000c9b00000, 0x00000000c9b00000, 0x00000000c9c00000|  0%| F|  |TAMS 0x00000000c9b00000, 0x00000000c9b00000| Untracked 
|   4|0x00000000c9c00000, 0x00000000c9c00000, 0x00000000c9d00000|  0%| F|  |TAMS 0x00000000c9c00000, 0x00000000c9c00000| Untracked 
|   5|0x00000000c9d00000, 0x00000000c9d00000, 0x00000000c9e00000|  0%| F|  |TAMS 0x00000000c9d00000, 0x00000000c9d00000| Untracked 
|   6|0x00000000c9e00000, 0x00000000c9e00000, 0x00000000c9f00000|  0%| F|  |TAMS 0x00000000c9e00000, 0x00000000c9e00000| Untracked 
|   7|0x00000000c9f00000, 0x00000000c9f00000, 0x00000000ca000000|  0%| F|  |TAMS 0x00000000c9f00000, 0x00000000c9f00000| Untracked 
|   8|0x00000000ca000000, 0x00000000ca000000, 0x00000000ca100000|  0%| F|  |TAMS 0x00000000ca000000, 0x00000000ca000000| Untracked 
|   9|0x00000000ca100000, 0x00000000ca100000, 0x00000000ca200000|  0%| F|  |TAMS 0x00000000ca100000, 0x00000000ca100000| Untracked 
|  10|0x00000000ca200000, 0x00000000ca200000, 0x00000000ca300000|  0%| F|  |TAMS 0x00000000ca200000, 0x00000000ca200000| Untracked 
|  11|0x00000000ca300000, 0x00000000ca300000, 0x00000000ca400000|  0%| F|  |TAMS 0x00000000ca300000, 0x00000000ca300000| Untracked 
|  12|0x00000000ca400000, 0x00000000ca400000, 0x00000000ca500000|  0%| F|  |TAMS 0x00000000ca400000, 0x00000000ca400000| Untracked 
|  13|0x00000000ca500000, 0x00000000ca500000, 0x00000000ca600000|  0%| F|  |TAMS 0x00000000ca500000, 0x00000000ca500000| Untracked 
|  14|0x00000000ca600000, 0x00000000ca600000, 0x00000000ca700000|  0%| F|  |TAMS 0x00000000ca600000, 0x00000000ca600000| Untracked 
|  15|0x00000000ca700000, 0x00000000ca700000, 0x00000000ca800000|  0%| F|  |TAMS 0x00000000ca700000, 0x00000000ca700000| Untracked 
|  16|0x00000000ca800000, 0x00000000ca800000, 0x00000000ca900000|  0%| F|  |TAMS 0x00000000ca800000, 0x00000000ca800000| Untracked 
|  17|0x00000000ca900000, 0x00000000ca900000, 0x00000000caa00000|  0%| F|  |TAMS 0x00000000ca900000, 0x00000000ca900000| Untracked 
|  18|0x00000000caa00000, 0x00000000caa00000, 0x00000000cab00000|  0%| F|  |TAMS 0x00000000caa00000, 0x00000000caa00000| Untracked 
|  19|0x00000000cab00000, 0x00000000cab00000, 0x00000000cac00000|  0%| F|  |TAMS 0x00000000cab00000, 0x00000000cab00000| Untracked 
|  20|0x00000000cac00000, 0x00000000cac00000, 0x00000000cad00000|  0%| F|  |TAMS 0x00000000cac00000, 0x00000000cac00000| Untracked 
|  21|0x00000000cad00000, 0x00000000cad00000, 0x00000000cae00000|  0%| F|  |TAMS 0x00000000cad00000, 0x00000000cad00000| Untracked 
|  22|0x00000000cae00000, 0x00000000cae00000, 0x00000000caf00000|  0%| F|  |TAMS 0x00000000cae00000, 0x00000000cae00000| Untracked 
|  23|0x00000000caf00000, 0x00000000caf00000, 0x00000000cb000000|  0%| F|  |TAMS 0x00000000caf00000, 0x00000000caf00000| Untracked 
|  24|0x00000000cb000000, 0x00000000cb000000, 0x00000000cb100000|  0%| F|  |TAMS 0x00000000cb000000, 0x00000000cb000000| Untracked 
|  25|0x00000000cb100000, 0x00000000cb100000, 0x00000000cb200000|  0%| F|  |TAMS 0x00000000cb100000, 0x00000000cb100000| Untracked 
|  26|0x00000000cb200000, 0x00000000cb200000, 0x00000000cb300000|  0%| F|  |TAMS 0x00000000cb200000, 0x00000000cb200000| Untracked 
|  27|0x00000000cb300000, 0x00000000cb300000, 0x00000000cb400000|  0%| F|  |TAMS 0x00000000cb300000, 0x00000000cb300000| Untracked 
|  28|0x00000000cb400000, 0x00000000cb400000, 0x00000000cb500000|  0%| F|  |TAMS 0x00000000cb400000, 0x00000000cb400000| Untracked 
|  29|0x00000000cb500000, 0x00000000cb500000, 0x00000000cb600000|  0%| F|  |TAMS 0x00000000cb500000, 0x00000000cb500000| Untracked 
|  30|0x00000000cb600000, 0x00000000cb600000, 0x00000000cb700000|  0%| F|  |TAMS 0x00000000cb600000, 0x00000000cb600000| Untracked 
|  31|0x00000000cb700000, 0x00000000cb700000, 0x00000000cb800000|  0%| F|  |TAMS 0x00000000cb700000, 0x00000000cb700000| Untracked 
|  32|0x00000000cb800000, 0x00000000cb800000, 0x00000000cb900000|  0%| F|  |TAMS 0x00000000cb800000, 0x00000000cb800000| Untracked 
|  33|0x00000000cb900000, 0x00000000cb900000, 0x00000000cba00000|  0%| F|  |TAMS 0x00000000cb900000, 0x00000000cb900000| Untracked 
|  34|0x00000000cba00000, 0x00000000cba00000, 0x00000000cbb00000|  0%| F|  |TAMS 0x00000000cba00000, 0x00000000cba00000| Untracked 
|  35|0x00000000cbb00000, 0x00000000cbb00000, 0x00000000cbc00000|  0%| F|  |TAMS 0x00000000cbb00000, 0x00000000cbb00000| Untracked 
|  36|0x00000000cbc00000, 0x00000000cbcec0b8, 0x00000000cbd00000| 92%| E|  |TAMS 0x00000000cbc00000, 0x00000000cbc00000| Complete 
|  37|0x00000000cbd00000, 0x00000000cbe00000, 0x00000000cbe00000|100%| E|CS|TAMS 0x00000000cbd00000, 0x00000000cbd00000| Complete 
|  38|0x00000000cbe00000, 0x00000000cbf00000, 0x00000000cbf00000|100%| E|CS|TAMS 0x00000000cbe00000, 0x00000000cbe00000| Complete 
|  39|0x00000000cbf00000, 0x00000000cc000000, 0x00000000cc000000|100%| E|CS|TAMS 0x00000000cbf00000, 0x00000000cbf00000| Complete 
|  40|0x00000000cc000000, 0x00000000cc100000, 0x00000000cc100000|100%| E|CS|TAMS 0x00000000cc000000, 0x00000000cc000000| Complete 
|  41|0x00000000cc100000, 0x00000000cc200000, 0x00000000cc200000|100%| E|CS|TAMS 0x00000000cc100000, 0x00000000cc100000| Complete 
|  42|0x00000000cc200000, 0x00000000cc300000, 0x00000000cc300000|100%| E|CS|TAMS 0x00000000cc200000, 0x00000000cc200000| Complete 
|  43|0x00000000cc300000, 0x00000000cc400000, 0x00000000cc400000|100%| E|CS|TAMS 0x00000000cc300000, 0x00000000cc300000| Complete 
|  44|0x00000000cc400000, 0x00000000cc500000, 0x00000000cc500000|100%| E|CS|TAMS 0x00000000cc400000, 0x00000000cc400000| Complete 
|  45|0x00000000cc500000, 0x00000000cc600000, 0x00000000cc600000|100%| E|CS|TAMS 0x00000000cc500000, 0x00000000cc500000| Complete 
|  46|0x00000000cc600000, 0x00000000cc700000, 0x00000000cc700000|100%| E|CS|TAMS 0x00000000cc600000, 0x00000000cc600000| Complete 
|  47|0x00000000cc700000, 0x00000000cc800000, 0x00000000cc800000|100%| E|CS|TAMS 0x00000000cc700000, 0x00000000cc700000| Complete 
|  48|0x00000000cc800000, 0x00000000cc900000, 0x00000000cc900000|100%| E|CS|TAMS 0x00000000cc800000, 0x00000000cc800000| Complete 
|  49|0x00000000cc900000, 0x00000000cca00000, 0x00000000cca00000|100%| E|CS|TAMS 0x00000000cc900000, 0x00000000cc900000| Complete 
|  50|0x00000000cca00000, 0x00000000ccb00000, 0x00000000ccb00000|100%| E|CS|TAMS 0x00000000cca00000, 0x00000000cca00000| Complete 
|  51|0x00000000ccb00000, 0x00000000ccc00000, 0x00000000ccc00000|100%| E|CS|TAMS 0x00000000ccb00000, 0x00000000ccb00000| Complete 
|  52|0x00000000ccc00000, 0x00000000ccd00000, 0x00000000ccd00000|100%| E|CS|TAMS 0x00000000ccc00000, 0x00000000ccc00000| Complete 
|  53|0x00000000ccd00000, 0x00000000cce00000, 0x00000000cce00000|100%| E|CS|TAMS 0x00000000ccd00000, 0x00000000ccd00000| Complete 
|  54|0x00000000cce00000, 0x00000000ccf00000, 0x00000000ccf00000|100%| E|CS|TAMS 0x00000000cce00000, 0x00000000cce00000| Complete 
|  55|0x00000000ccf00000, 0x00000000cd000000, 0x00000000cd000000|100%| E|CS|TAMS 0x00000000ccf00000, 0x00000000ccf00000| Complete 

Card table byte_map: [0x000001e475b40000,0x000001e475d00000] _byte_map_base: 0x000001e4754f4000

Marking Bits (Prev, Next): (CMBitMap*) 0x000001e46d7094a0, (CMBitMap*) 0x000001e46d7094e0
 Prev Bits: [0x000001e475ec0000, 0x000001e476c60000)
 Next Bits: [0x000001e476c60000, 0x000001e477a00000)

Polling page: 0x000001e46cea0000

Metaspace:

Usage:
  Non-class:      9.59 MB used.
      Class:      1.14 MB used.
       Both:     10.73 MB used.

Virtual space:
  Non-class space:       64.00 MB reserved,       9.69 MB ( 15%) committed,  1 nodes.
      Class space:        1.00 GB reserved,       1.25 MB ( <1%) committed,  1 nodes.
             Both:        1.06 GB reserved,      10.94 MB (  1%) committed. 

Chunk freelists:
   Non-Class:  2.00 MB
       Class:  2.74 MB
        Both:  4.74 MB

MaxMetaspaceSize: unlimited
CompressedClassSpaceSize: 1.00 GB
Initial GC threshold: 21.00 MB
Current GC threshold: 21.00 MB
CDS: on
MetaspaceReclaimPolicy: balanced
 - commit_granule_bytes: 65536.
 - commit_granule_words: 8192.
 - virtual_space_node_default_size: 8388608.
 - enlarge_chunks_in_place: 1.
 - new_chunks_are_fully_committed: 0.
 - uncommit_free_chunks: 1.
 - use_allocation_guard: 0.


Internal statistics:

num_allocs_failed_limit: 0.
num_arena_births: 164.
num_arena_deaths: 0.
num_vsnodes_births: 2.
num_vsnodes_deaths: 0.
num_space_committed: 175.
num_space_uncommitted: 0.
num_chunks_returned_to_freelist: 0.
num_chunks_taken_from_freelist: 206.
num_chunk_merges: 0.
num_chunk_splits: 127.
num_chunks_enlarged: 71.
num_inconsistent_stats: 0.

CodeHeap 'non-profiled nmethods': size=120000Kb used=933Kb max_used=933Kb free=119066Kb
 bounds [0x000001e407ad0000, 0x000001e407d40000, 0x000001e40f000000]
CodeHeap 'profiled nmethods': size=120000Kb used=3788Kb max_used=3788Kb free=116212Kb
 bounds [0x000001e400000000, 0x000001e4003c0000, 0x000001e407530000]
CodeHeap 'non-nmethods': size=5760Kb used=1482Kb max_used=1531Kb free=4277Kb
 bounds [0x000001e407530000, 0x000001e4077a0000, 0x000001e407ad0000]
 total_blobs=2685 nmethods=2006 adapters=589
 compilation: enabled
              stopped_count=0, restarted_count=0
 full_count=0

Compilation events (20 events):
Event: 794.430 Thread 0x000001e47a3cb460 nmethod 2006 0x000001e4003abb10 code [0x000001e4003abcc0, 0x000001e4003abe88]
Event: 796.947 Thread 0x000001e47a3cb460 2007       3       javax.swing.RepaintManager::scheduleProcessingRunnable (69 bytes)
Event: 797.102 Thread 0x000001e47a3cb460 nmethod 2007 0x000001e4003abf90 code [0x000001e4003ac2e0, 0x000001e4003ad588]
Event: 797.462 Thread 0x000001e47a3c64b0 2008       4       jdk.internal.misc.Unsafe::putReferenceOpaque (9 bytes)
Event: 797.464 Thread 0x000001e47a3c64b0 nmethod 2008 0x000001e407bb4e10 code [0x000001e407bb4f80, 0x000001e407bb50b8]
Event: 797.554 Thread 0x000001e47a3c64b0 2009       4       java.awt.geom.AffineTransform::setTransform (65 bytes)
Event: 797.555 Thread 0x000001e47a3c64b0 nmethod 2009 0x000001e407bb5110 code [0x000001e407bb52a0, 0x000001e407bb5378]
Event: 800.210 Thread 0x000001e47a3cb460 2010       3       sun.java2d.pipe.DrawImage::imageReady (30 bytes)
Event: 800.211 Thread 0x000001e47a3cb460 nmethod 2010 0x000001e4003adc10 code [0x000001e4003adde0, 0x000001e4003ae2f8]
Event: 800.211 Thread 0x000001e47a3cb460 2011  s    3       sun.awt.image.ToolkitImage::getImageRep (37 bytes)
Event: 800.212 Thread 0x000001e47a3cb460 nmethod 2011 0x000001e4003ae490 code [0x000001e4003ae660, 0x000001e4003aea98]
Event: 800.212 Thread 0x000001e47a3c64b0 2012       4       sun.java2d.pipe.DrawImage::tryCopyOrScale (260 bytes)
Event: 800.233 Thread 0x000001e47a3c64b0 nmethod 2012 0x000001e407bb5410 code [0x000001e407bb5680, 0x000001e407bb6500]
Event: 800.233 Thread 0x000001e47a3c64b0 2013   !   4       sun.java2d.pipe.DrawImage::renderImageScale (158 bytes)
Event: 800.239 Thread 0x000001e47a3c64b0 nmethod 2013 0x000001e407bb7190 code [0x000001e407bb7380, 0x000001e407bb7a40]
Event: 805.053 Thread 0x000001e47a3c64b0 2014       4       sun.java2d.SurfaceData::getSourceSurfaceData (110 bytes)
Event: 805.054 Thread 0x000001e47a3cb460 2016   !   3       sun.java2d.d3d.D3DScreenUpdateManager::runUpdateNow (99 bytes)
Event: 805.054 Thread 0x000001e47a3cb460 nmethod 2016 0x000001e4003aeb90 code [0x000001e4003aeda0, 0x000001e4003af4b8]
Event: 805.067 Thread 0x000001e47a3c64b0 nmethod 2014 0x000001e407bb8090 code [0x000001e407bb82c0, 0x000001e407bb8cf0]
Event: 805.067 Thread 0x000001e47a3c64b0 2015   !   4       sun.java2d.d3d.D3DBlitLoops::IsoBlit (202 bytes)

GC Heap History (0 events):
No events

Dll operation events (9 events):
Event: 3.776 Loaded shared library C:\Java\bin\java.dll
Event: 5.639 Loaded shared library C:\Java\bin\jsvml.dll
Event: 25.477 Loaded shared library C:\Java\bin\net.dll
Event: 25.535 Loaded shared library C:\Java\bin\nio.dll
Event: 72.429 Loaded shared library C:\Java\bin\zip.dll
Event: 135.915 Loaded shared library C:\Java\bin\jimage.dll
Event: 170.005 Loaded shared library C:\Java\bin\awt.dll
Event: 593.299 Loaded shared library C:\Java\bin\freetype.dll
Event: 593.415 Loaded shared library C:\Java\bin\fontmanager.dll

Deoptimization events (20 events):
Event: 658.813 Thread 0x000001e47e82ebd0 DEOPT PACKING pc=0x000001e4000299ea sp=0x000000d4fd4fdd10
Event: 658.813 Thread 0x000001e47e82ebd0 DEOPT UNPACKING pc=0x000001e407597543 sp=0x000000d4fd4fd130 mode 0
Event: 672.281 Thread 0x000001e47e82ebd0 DEOPT PACKING pc=0x000001e4001d6465 sp=0x000000d4fd4fd1f0
Event: 672.281 Thread 0x000001e47e82ebd0 DEOPT UNPACKING pc=0x000001e407597543 sp=0x000000d4fd4fc648 mode 0
Event: 677.223 Thread 0x000001e47e82ebd0 DEOPT PACKING pc=0x000001e400247772 sp=0x000000d4fd4fd260
Event: 677.223 Thread 0x000001e47e82ebd0 DEOPT UNPACKING pc=0x000001e407597543 sp=0x000000d4fd4fc680 mode 0
Event: 677.641 Thread 0x000001e47e82ebd0 DEOPT PACKING pc=0x000001e40021f276 sp=0x000000d4fd4fd030
Event: 677.642 Thread 0x000001e47e82ebd0 DEOPT UNPACKING pc=0x000001e407597543 sp=0x000000d4fd4fc4b0 mode 0
Event: 682.015 Thread 0x000001e47e82ebd0 DEOPT PACKING pc=0x000001e40021ee9a sp=0x000000d4fd4fd030
Event: 682.015 Thread 0x000001e47e82ebd0 DEOPT UNPACKING pc=0x000001e407597543 sp=0x000000d4fd4fc4b0 mode 0
Event: 683.113 Thread 0x000001e47e82ebd0 DEOPT PACKING pc=0x000001e4001abbc1 sp=0x000000d4fd4fd230
Event: 683.113 Thread 0x000001e47e82ebd0 DEOPT UNPACKING pc=0x000001e407597543 sp=0x000000d4fd4fc6c0 mode 0
Event: 687.151 Thread 0x000001e47e82ebd0 DEOPT PACKING pc=0x000001e4001bfeef sp=0x000000d4fd4fd240
Event: 687.151 Thread 0x000001e47e82ebd0 DEOPT UNPACKING pc=0x000001e407597543 sp=0x000000d4fd4fc660 mode 0
Event: 696.283 Thread 0x000001e47e82ebd0 DEOPT PACKING pc=0x000001e400240408 sp=0x000000d4fd4fcdb0
Event: 696.283 Thread 0x000001e47e82ebd0 DEOPT UNPACKING pc=0x000001e407597543 sp=0x000000d4fd4fc168 mode 0
Event: 708.356 Thread 0x000001e47e82ebd0 DEOPT PACKING pc=0x000001e4002ae4ed sp=0x000000d4fd4fd060
Event: 708.356 Thread 0x000001e47e82ebd0 DEOPT UNPACKING pc=0x000001e407597543 sp=0x000000d4fd4fc500 mode 0
Event: 712.918 Thread 0x000001e47e82ebd0 DEOPT PACKING pc=0x000001e400004e55 sp=0x000000d4fd4fdc90
Event: 712.918 Thread 0x000001e47e82ebd0 DEOPT UNPACKING pc=0x000001e407597543 sp=0x000000d4fd4fd108 mode 0

Classes loaded (20 events):
Event: 648.385 Loading class java/util/PriorityQueue
Event: 648.599 Loading class java/util/PriorityQueue done
Event: 649.459 Loading class javax/swing/TimerQueue$DelayedTimer
Event: 649.459 Loading class java/util/concurrent/Delayed
Event: 649.459 Loading class java/util/concurrent/Delayed done
Event: 649.459 Loading class javax/swing/TimerQueue$DelayedTimer done
Event: 649.459 Loading class java/awt/TextComponent
Event: 649.460 Loading class java/awt/TextComponent done
Event: 649.460 Loading class java/util/concurrent/TimeUnit$1
Event: 649.460 Loading class java/util/concurrent/TimeUnit$1 done
Event: 649.465 Loading class java/awt/geom/Path2D$Float$TxIterator
Event: 649.529 Loading class java/awt/geom/Path2D$Iterator
Event: 649.562 Loading class java/awt/geom/Path2D$Iterator done
Event: 649.562 Loading class java/awt/geom/Path2D$Float$TxIterator done
Event: 650.893 Loading class javax/swing/Timer$1
Event: 650.893 Loading class javax/swing/Timer$1 done
Event: 650.894 Loading class java/util/concurrent/locks/AbstractQueuedSynchronizer$ExclusiveNode
Event: 650.894 Loading class java/util/concurrent/locks/AbstractQueuedSynchronizer$ExclusiveNode done
Event: 805.053 Loading class java/awt/image/BufferedImageOp
Event: 805.054 Loading class java/awt/image/BufferedImageOp done

Classes unloaded (0 events):
No events

Classes redefined (0 events):
No events

Internal exceptions (20 events):
Event: 596.926 Thread 0x000001e46d6c96a0 Exception <a 'java/lang/ClassNotFoundException'{0x00000000cc9649f0}: ToggleButton> (0x00000000cc9649f0) 
thrown [s\open\src\hotspot\share\classfile\systemDictionary.cpp, line 255]
Event: 596.926 Thread 0x000001e46d6c96a0 Exception <a 'java/lang/ClassNotFoundException'{0x00000000cc964e30}: javax/swing/JToolBarSeparator> (0x00000000cc964e30) 
thrown [s\open\src\hotspot\share\classfile\systemDictionary.cpp, line 255]
Event: 596.926 Thread 0x000001e46d6c96a0 Exception <a 'java/lang/ClassNotFoundException'{0x00000000cc965140}: ToolBarSeparator> (0x00000000cc965140) 
thrown [s\open\src\hotspot\share\classfile\systemDictionary.cpp, line 255]
Event: 596.927 Thread 0x000001e46d6c96a0 Exception <a 'java/lang/ClassNotFoundException'{0x00000000cc965658}: ToolTip> (0x00000000cc965658) 
thrown [s\open\src\hotspot\share\classfile\systemDictionary.cpp, line 255]
Event: 596.929 Thread 0x000001e46d6c96a0 Exception <a 'java/lang/ClassNotFoundException'{0x00000000cc965fa8}: Tree> (0x00000000cc965fa8) 
thrown [s\open\src\hotspot\share\classfile\systemDictionary.cpp, line 255]
Event: 596.929 Thread 0x000001e46d6c96a0 Exception <a 'java/lang/ClassNotFoundException'{0x00000000cc9664a0}: Tree> (0x00000000cc9664a0) 
thrown [s\open\src\hotspot\share\classfile\systemDictionary.cpp, line 255]
Event: 596.929 Thread 0x000001e46d6c96a0 Exception <a 'java/lang/ClassNotFoundException'{0x00000000cc966810}: javax/swing/JTreeCell> (0x00000000cc966810) 
thrown [s\open\src\hotspot\share\classfile\systemDictionary.cpp, line 255]
Event: 596.929 Thread 0x000001e46d6c96a0 Exception <a 'java/lang/ClassNotFoundException'{0x00000000cc966b18}: TreeCell> (0x00000000cc966b18) 
thrown [s\open\src\hotspot\share\classfile\systemDictionary.cpp, line 255]
Event: 596.930 Thread 0x000001e46d6c96a0 Exception <a 'java/lang/ClassNotFoundException'{0x00000000cc9672d0}: RootPane> (0x00000000cc9672d0) 
thrown [s\open\src\hotspot\share\classfile\systemDictionary.cpp, line 255]
Event: 597.656 Thread 0x000001e46d6c96a0 Exception <a 'java/lang/ClassNotFoundException'{0x00000000cc96a0e0}: com/sun/swing/internal/plaf/metal/resources/spi/metalProvider> (0x00000000cc96a0e0) 
thrown [s\open\src\hotspot\share\classfile\systemDictionary.cpp, line 255]
Event: 597.988 Thread 0x000001e46d6c96a0 Exception <a 'java/lang/ClassNotFoundException'{0x00000000cc96dd60}: com/sun/swing/internal/plaf/basic/resources/spi/basicProvider> (0x00000000cc96dd60) 
thrown [s\open\src\hotspot\share\classfile\systemDictionary.cpp, line 255]
Event: 611.197 Thread 0x000001e47e82ebd0 Exception <a 'java/lang/ClassNotFoundException'{0x00000000cc88b498}: com/sun/swing/internal/plaf/synth/resources/spi/synthProvider> (0x00000000cc88b498) 
thrown [s\open\src\hotspot\share\classfile\systemDictionary.cpp, line 255]
Event: 612.609 Thread 0x000001e47e82ebd0 Exception <a 'java/lang/NoSuchMethodError'{0x00000000cc8cec88}: 'int java.lang.invoke.Invokers$Holder.invokeExact_MT(java.lang.Object, java.lang.Object)'> (0x00000000cc8cec88) 
thrown [s\open\src\hotspot\share\interpreter\linkResolver.cpp, line 774]
Event: 612.831 Thread 0x000001e47e82ebd0 Exception <a 'java/lang/NoSuchMethodError'{0x00000000cc8db1d0}: 'java.lang.Object java.lang.invoke.DirectMethodHandle$Holder.newInvokeSpecial(java.lang.Object, java.lang.Object, int)'> (0x00000000cc8db1d0) 
thrown [s\open\src\hotspot\share\interpreter\linkResolver.cpp, line 774]
Event: 613.241 Thread 0x000001e47e82ebd0 Exception <a 'java/lang/NoSuchMethodError'{0x00000000cc8e0418}: 'int java.lang.invoke.DirectMethodHandle$Holder.invokeSpecial(java.lang.Object, java.lang.Object, java.lang.Object, int)'> (0x00000000cc8e0418) 
thrown [s\open\src\hotspot\share\interpreter\linkResolver.cpp, line 774]
Event: 613.245 Thread 0x000001e47e82ebd0 Exception <a 'java/lang/NoSuchMethodError'{0x00000000cc8f2f98}: 'java.lang.Object java.lang.invoke.DirectMethodHandle$Holder.invokeStatic(java.lang.Object, java.lang.Object, java.lang.Object, java.lang.Object, int)'> (0x00000000cc8f2f98) 
thrown [s\open\src\hotspot\share\interpreter\linkResolver.cpp, line 774]
Event: 613.248 Thread 0x000001e47e82ebd0 Exception <a 'java/lang/NoSuchMethodError'{0x00000000cc8fefa0}: 'int java.lang.invoke.DirectMethodHandle$Holder.invokeSpecial(java.lang.Object, java.lang.Object, java.lang.Object)'> (0x00000000cc8fefa0) 
thrown [s\open\src\hotspot\share\interpreter\linkResolver.cpp, line 774]
Event: 615.795 Thread 0x000001e47eb9b3c0 Exception <a 'java/lang/NoSuchMethodError'{0x00000000cc795b78}: 'java.lang.Object java.lang.invoke.DirectMethodHandle$Holder.newInvokeSpecial(java.lang.Object, java.lang.Object, java.lang.Object, int, int, int, int, int)'> (0x00000000cc795b78) 
thrown [s\open\src\hotspot\share\interpreter\linkResolver.cpp, line 774]
Event: 618.011 Thread 0x000001e47e82ebd0 Exception <a 'java/lang/NoSuchMethodError'{0x00000000cc7701c0}: 'void java.lang.invoke.DirectMethodHandle$Holder.invokeStaticInit(java.lang.Object)'> (0x00000000cc7701c0) 
thrown [s\open\src\hotspot\share\interpreter\linkResolver.cpp, line 774]
Event: 628.492 Thread 0x000001e47e997fb0 Exception <a 'java/lang/NoSuchMethodError'{0x00000000ccb0fa10}: 'void java.lang.invoke.DirectMethodHandle$Holder.invokeVirtual(java.lang.Object, java.lang.Object)'> (0x00000000ccb0fa10) 
thrown [s\open\src\hotspot\share\interpreter\linkResolver.cpp, line 774]

VM Operations (20 events):
Event: 755.076 Executing VM operation: Cleanup
Event: 755.076 Executing VM operation: Cleanup done
Event: 761.114 Executing VM operation: Cleanup
Event: 761.114 Executing VM operation: Cleanup done
Event: 762.125 Executing VM operation: Cleanup
Event: 762.125 Executing VM operation: Cleanup done
Event: 767.163 Executing VM operation: Cleanup
Event: 767.163 Executing VM operation: Cleanup done
Event: 772.185 Executing VM operation: Cleanup
Event: 772.185 Executing VM operation: Cleanup done
Event: 783.233 Executing VM operation: Cleanup
Event: 783.233 Executing VM operation: Cleanup done
Event: 785.235 Executing VM operation: Cleanup
Event: 785.236 Executing VM operation: Cleanup done
Event: 790.285 Executing VM operation: Cleanup
Event: 790.285 Executing VM operation: Cleanup done
Event: 793.300 Executing VM operation: Cleanup
Event: 793.300 Executing VM operation: Cleanup done
Event: 795.310 Executing VM operation: Cleanup
Event: 795.310 Executing VM operation: Cleanup done

Events (20 events):
Event: 27.540 Thread 0x000001e47e9095b0 Thread added: 0x000001e47e9095b0
Event: 27.540 Thread 0x000001e47ea71140 Thread added: 0x000001e47ea71140
Event: 27.719 Thread 0x000001e47ea71690 Thread added: 0x000001e47ea71690
Event: 41.979 Thread 0x000001e47ea0e140 Thread added: 0x000001e47ea0e140
Event: 561.703 Thread 0x000001e47ea71690 Thread exited: 0x000001e47ea71690
Event: 566.917 Thread 0x000001e47e9095b0 Thread exited: 0x000001e47e9095b0
Event: 585.848 Thread 0x000001e47e9095b0 Thread added: 0x000001e47e9095b0
Event: 586.047 Thread 0x000001e47ea71690 Thread added: 0x000001e47ea71690
Event: 586.272 Thread 0x000001e47e997fb0 Thread added: 0x000001e47e997fb0
Event: 589.737 Thread 0x000001e47ea71690 Thread exited: 0x000001e47ea71690
Event: 598.267 Thread 0x000001e47ebb8a10 Thread added: 0x000001e47ebb8a10
Event: 599.266 Thread 0x000001e47ebb8a10 Thread exited: 0x000001e47ebb8a10
Event: 600.510 Thread 0x000001e47e82e690 Thread added: 0x000001e47e82e690
Event: 600.531 Thread 0x000001e47e82ebd0 Thread added: 0x000001e47e82ebd0
Event: 600.574 Thread 0x000001e46d6c96a0 Thread exited: 0x000001e46d6c96a0
Event: 600.574 Thread 0x000001e46d6c96a0 Thread added: 0x000001e46d6c96a0
Event: 615.632 Thread 0x000001e47eb9b3c0 Thread added: 0x000001e47eb9b3c0
Event: 622.067 Thread 0x000001e47eb9b3c0 Thread exited: 0x000001e47eb9b3c0
Event: 629.891 Thread 0x000001e47ebca7a0 Thread added: 0x000001e47ebca7a0
Event: 649.459 Thread 0x000001e47ebcb240 Thread added: 0x000001e47ebcb240


Dynamic libraries:
0x00007ff7c2490000 - 0x00007ff7c24a0000 	C:\Java\bin\java.exe
0x00007ffe43ab0000 - 0x00007ffe43ca8000 	C:\WINDOWS\SYSTEM32\ntdll.dll
0x00007ffe427a0000 - 0x00007ffe4285f000 	C:\WINDOWS\System32\KERNEL32.DLL
0x00007ffe412b0000 - 0x00007ffe41582000 	C:\WINDOWS\System32\KERNELBASE.dll
0x00007ffe411b0000 - 0x00007ffe412b0000 	C:\WINDOWS\System32\ucrtbase.dll
0x00007ffe18fa0000 - 0x00007ffe18fbb000 	C:\Java\bin\VCRUNTIME140.dll
0x00007ffe39a70000 - 0x00007ffe39a88000 	C:\Java\bin\jli.dll
0x00007ffe42440000 - 0x00007ffe424ee000 	C:\WINDOWS\System32\ADVAPI32.dll
0x00007ffe43560000 - 0x00007ffe435fe000 	C:\WINDOWS\System32\msvcrt.dll
0x00007ffe42ca0000 - 0x00007ffe42d3c000 	C:\WINDOWS\System32\sechost.dll
0x00007ffe425a0000 - 0x00007ffe426c4000 	C:\WINDOWS\System32\RPCRT4.dll
0x00007ffe433b0000 - 0x00007ffe43551000 	C:\WINDOWS\System32\USER32.dll
0x00007ffe419c0000 - 0x00007ffe419e2000 	C:\WINDOWS\System32\win32u.dll
0x00007ffe42c70000 - 0x00007ffe42c9b000 	C:\WINDOWS\System32\GDI32.dll
0x00007ffe416f0000 - 0x00007ffe417ff000 	C:\WINDOWS\System32\gdi32full.dll
0x00007ffe419f0000 - 0x00007ffe41a8d000 	C:\WINDOWS\System32\msvcp_win.dll
0x00007ffe39a90000 - 0x00007ffe39a9a000 	C:\WINDOWS\SYSTEM32\VERSION.dll
0x00007ffe2f8a0000 - 0x00007ffe2fb3a000 	C:\WINDOWS\WinSxS\amd64_microsoft.windows.common-controls_6595b64144ccf1df_6.0.19041.1110_none_60b5254171f9507e\COMCTL32.dll
0x00007ffe42d40000 - 0x00007ffe42d70000 	C:\WINDOWS\System32\IMM32.DLL
0x00007ffe26570000 - 0x00007ffe2657c000 	C:\Java\bin\vcruntime140_1.dll
0x00007ffe17ca0000 - 0x00007ffe17d2e000 	C:\Java\bin\msvcp140.dll
0x00007ffde4c40000 - 0x00007ffde5900000 	C:\Java\bin\server\jvm.dll
0x00007ffe396c0000 - 0x00007ffe396e7000 	C:\WINDOWS\SYSTEM32\WINMM.dll
0x00007ffe3d8e0000 - 0x00007ffe3d8e9000 	C:\WINDOWS\SYSTEM32\WSOCK32.dll
0x00007ffe42ba0000 - 0x00007ffe42c0b000 	C:\WINDOWS\System32\WS2_32.dll
0x00007ffe3f070000 - 0x00007ffe3f082000 	C:\WINDOWS\SYSTEM32\kernel.appcore.dll
0x00007ffe18f90000 - 0x00007ffe18f9a000 	C:\Java\bin\jimage.dll
0x00007ffe2f0c0000 - 0x00007ffe2f2a4000 	C:\WINDOWS\SYSTEM32\DBGHELP.DLL
0x00007ffe2f080000 - 0x00007ffe2f0b5000 	C:\WINDOWS\SYSTEM32\dbgcore.DLL
0x00007ffe41800000 - 0x00007ffe41882000 	C:\WINDOWS\System32\bcryptPrimitives.dll
0x00007ffe28530000 - 0x00007ffe2856c000 	C:\Java\bin\jdwp.dll
0x00007ffe18010000 - 0x00007ffe18036000 	C:\Java\bin\java.dll
0x00007ffe17f30000 - 0x00007ffe18007000 	C:\Java\bin\jsvml.dll
0x00007ffe41c70000 - 0x00007ffe423b5000 	C:\WINDOWS\System32\SHELL32.dll
0x00007ffe3f270000 - 0x00007ffe3fa02000 	C:\WINDOWS\SYSTEM32\windows.storage.dll
0x00007ffe42f20000 - 0x00007ffe43275000 	C:\WINDOWS\System32\combase.dll
0x00007ffe40ba0000 - 0x00007ffe40bd0000 	C:\WINDOWS\SYSTEM32\Wldp.dll
0x00007ffe41b00000 - 0x00007ffe41bad000 	C:\WINDOWS\System32\SHCORE.dll
0x00007ffe42b40000 - 0x00007ffe42b95000 	C:\WINDOWS\System32\shlwapi.dll
0x00007ffe410f0000 - 0x00007ffe4110f000 	C:\WINDOWS\SYSTEM32\profapi.dll
0x00007ffe17f10000 - 0x00007ffe17f23000 	C:\Java\bin\net.dll
0x00007ffe34670000 - 0x00007ffe3477a000 	C:\WINDOWS\SYSTEM32\WINHTTP.dll
0x00007ffe40890000 - 0x00007ffe408fa000 	C:\WINDOWS\system32\mswsock.dll
0x00007ffe17ef0000 - 0x00007ffe17f06000 	C:\Java\bin\nio.dll
0x00007ffe3a9a0000 - 0x00007ffe3a9ab000 	C:\Java\bin\dt_shmem.dll
0x00007ffe17ed0000 - 0x00007ffe17ee8000 	C:\Java\bin\zip.dll
0x00007ffe17d30000 - 0x00007ffe17ec1000 	C:\Java\bin\awt.dll
0x00007ffe426d0000 - 0x00007ffe4279d000 	C:\WINDOWS\System32\OLEAUT32.dll
0x00007ffe3e9d0000 - 0x00007ffe3ea60000 	C:\WINDOWS\SYSTEM32\apphelp.dll
0x00007ffe3eba0000 - 0x00007ffe3ec3e000 	C:\WINDOWS\system32\uxtheme.dll
0x00007ffe428c0000 - 0x00007ffe429d4000 	C:\WINDOWS\System32\MSCTF.dll
0x00007ffe43280000 - 0x00007ffe433aa000 	C:\WINDOWS\System32\ole32.dll
0x00007ffe3ef60000 - 0x00007ffe3ef8f000 	C:\WINDOWS\system32\DWMAPI.DLL
0x00007ffe217f0000 - 0x00007ffe21876000 	C:\Java\bin\freetype.dll
0x00007ffe21720000 - 0x00007ffe217e6000 	C:\Java\bin\fontmanager.dll
0x00007ffe18070000 - 0x00007ffe18195000 	C:\WINDOWS\system32\opengl32.dll
0x00007ffe28570000 - 0x00007ffe2859c000 	C:\WINDOWS\SYSTEM32\GLU32.dll
0x00007ffdf84a0000 - 0x00007ffdf866e000 	C:\WINDOWS\system32\d3d9.dll
0x00007ffe36a90000 - 0x00007ffe36c6d000 	C:\WINDOWS\System32\DriverStore\FileRepository\c0334186.inf_amd64_89077b1f087d60d3\B334040\aticfx64.dll
0x00007ffe21150000 - 0x00007ffe2117e000 	C:\WINDOWS\System32\DriverStore\FileRepository\c0334186.inf_amd64_89077b1f087d60d3\B334040\atiu9p64.dll
0x00007ffde3510000 - 0x00007ffde404c000 	C:\WINDOWS\System32\DriverStore\FileRepository\c0334186.inf_amd64_89077b1f087d60d3\B334040\atiumd64.dll
0x00000000530e0000 - 0x0000000053cbb000 	C:\WINDOWS\System32\DriverStore\FileRepository\c0334186.inf_amd64_89077b1f087d60d3\B334040\atiumd6a.dll
0x00007ffe41020000 - 0x00007ffe4106b000 	C:\WINDOWS\SYSTEM32\POWRPROF.dll
0x00007ffe41000000 - 0x00007ffe41012000 	C:\WINDOWS\SYSTEM32\UMPDC.dll
0x00007ffe35270000 - 0x00007ffe352ab000 	C:\WINDOWS\SYSTEM32\dxcore.dll
0x00007ffe41940000 - 0x00007ffe4198e000 	C:\WINDOWS\System32\cfgmgr32.dll
0x00007ffe424f0000 - 0x00007ffe42599000 	C:\WINDOWS\System32\clbcatq.dll
0x00007ffe3ae60000 - 0x00007ffe3b014000 	C:\WINDOWS\SYSTEM32\WindowsCodecs.dll
0x00007ffe41990000 - 0x00007ffe419b7000 	C:\WINDOWS\System32\bcrypt.dll
0x00007ffe20b30000 - 0x00007ffe20b6e000 	C:\WINDOWS\system32\dataexchange.dll
0x00007ffe3d5b0000 - 0x00007ffe3d813000 	C:\WINDOWS\system32\d3d11.dll
0x00007ffe3dec0000 - 0x00007ffe3e0a3000 	C:\WINDOWS\system32\dcomp.dll
0x00007ffe3fa70000 - 0x00007ffe3fb63000 	C:\WINDOWS\system32\dxgi.dll
0x00007ffe3abb0000 - 0x00007ffe3adb0000 	C:\WINDOWS\system32\twinapi.appcore.dll
0x00007ffe39820000 - 0x00007ffe39919000 	C:\WINDOWS\SYSTEM32\textinputframework.dll
0x00007ffe3e0b0000 - 0x00007ffe3e40e000 	C:\WINDOWS\System32\CoreUIComponents.dll
0x00007ffe402d0000 - 0x00007ffe40303000 	C:\WINDOWS\SYSTEM32\ntmarta.dll
0x00007ffe3cff0000 - 0x00007ffe3d144000 	C:\WINDOWS\SYSTEM32\wintypes.dll
0x00007ffe3e790000 - 0x00007ffe3e882000 	C:\WINDOWS\System32\CoreMessaging.dll

dbghelp: loaded successfully - version: 4.0.5 - missing functions: none
symbol engine: initialized successfully - sym options: 0x614 - pdb path: .;C:\Java\bin;C:\WINDOWS\SYSTEM32;C:\WINDOWS\WinSxS\amd64_microsoft.windows.common-controls_6595b64144ccf1df_6.0.19041.1110_none_60b5254171f9507e;C:\Java\bin\server;C:\WINDOWS\System32\DriverStore\FileRepository\c0334186.inf_amd64_89077b1f087d60d3\B334040

VM Arguments:
jvm_args: -Dfile.encoding=UTF-8 -agentlib:jdwp=transport=dt_shmem,address=javadebug3756 --module-path=C:\Users\Rioan\OneDrive\Desktop\Isaac Project\databasee_1\build\classes 
java_command: databasee.login
java_class_path (initial): C:\Users\Rioan\OneDrive\Desktop\Beginners\JCalendar.jar;C:\Users\Rioan\OneDrive\Desktop\Beginners\netbeans\java\modules\ext\AbsoluteLayout.jar;C:\Users\Rioan\OneDrive\Desktop\Isaac Project\databasee_1\build\classes
Launcher Type: SUN_STANDARD

[Global flags]
     intx CICompilerCount                          = 4                                         {product} {ergonomic}
     uint ConcGCThreads                            = 2                                         {product} {ergonomic}
     uint G1ConcRefinementThreads                  = 8                                         {product} {ergonomic}
   size_t G1HeapRegionSize                         = 1048576                                   {product} {ergonomic}
    uintx GCDrainStackTargetSize                   = 64                                        {product} {ergonomic}
   size_t InitialHeapSize                          = 58720256                                  {product} {ergonomic}
   size_t MarkStackSize                            = 4194304                                   {product} {ergonomic}
   size_t MaxHeapSize                              = 914358272                                 {product} {ergonomic}
   size_t MaxNewSize                               = 548405248                                 {product} {ergonomic}
   size_t MinHeapDeltaBytes                        = 1048576                                   {product} {ergonomic}
   size_t MinHeapSize                              = 8388608                                   {product} {ergonomic}
    uintx NonNMethodCodeHeapSize                   = 5839372                                {pd product} {ergonomic}
    uintx NonProfiledCodeHeapSize                  = 122909434                              {pd product} {ergonomic}
    uintx ProfiledCodeHeapSize                     = 122909434                              {pd product} {ergonomic}
    uintx ReservedCodeCacheSize                    = 251658240                              {pd product} {ergonomic}
     bool SegmentedCodeCache                       = true                                      {product} {ergonomic}
   size_t SoftMaxHeapSize                          = 914358272                              {manageable} {ergonomic}
     bool UseCompressedClassPointers               = true                           {product lp64_product} {ergonomic}
     bool UseCompressedOops                        = true                           {product lp64_product} {ergonomic}
     bool UseG1GC                                  = true                                      {product} {ergonomic}
     bool UseLargePagesIndividualAllocation        = false                                  {pd product} {ergonomic}

Logging:
Log output configuration:
 #0: stdout all=warning uptime,level,tags foldmultilines=false
 #1: stderr all=off uptime,level,tags foldmultilines=false

Environment Variables:
PATH=C:\Program Files\Common Files\Oracle\Java\javapath;C:\ProgramData\Oracle\Java\javapath;C:\WINDOWS\system32;C:\WINDOWS;C:\WINDOWS\System32\Wbem;C:\WINDOWS\System32\WindowsPowerShell\v1.0\;C:\WINDOWS\System32\OpenSSH\;C:\scrcpy;C:\Users\Rioan\AppData\Local\Microsoft\WindowsApps;
USERNAME=Rioan
OS=Windows_NT
PROCESSOR_IDENTIFIER=AMD64 Family 23 Model 17 Stepping 0, AuthenticAMD
TMP=C:\Users\Rioan\AppData\Local\Temp
TEMP=C:\Users\Rioan\AppData\Local\Temp



---------------  S Y S T E M  ---------------

OS:
 Windows 10 , 64 bit Build 19041 (10.0.19041.2546)
OS uptime: 0 days 0:25 hours

CPU: total 8 (initial active 8) (8 cores per cpu, 2 threads per core) family 23 model 17 stepping 0 microcode 0x0, cx8, cmov, fxsr, ht, mmx, 3dnowpref, sse, sse2, sse3, ssse3, sse4a, sse4.1, sse4.2, popcnt, lzcnt, tsc, tscinvbit, avx, avx2, aes, clmul, bmi1, bmi2, adx, sha, fma, vzeroupper, clflush, clflushopt, rdtscp

Memory: 4k page, system-wide physical 3484M (218M free)
TotalPageFile size 14236M (AvailPageFile size 0M)
current process WorkingSet (physical memory assigned to process): 45M, peak: 88M
current process commit charge ("private bytes"): 224M, peak: 225M

vm_info: Java HotSpot(TM) 64-Bit Server VM (19.0.2+7-44) for windows-amd64 JRE (19.0.2+7-44), built on 2022-11-30T18:02:09Z by "mach5one" with MS VC++ 17.1 (VS2022)

END.
