#
# There is insufficient memory for the Java Runtime Environment to continue.
# Native memory allocation (mmap) failed to map 65536 bytes for Failed to commit metaspace.
# Possible reasons:
#   The system is out of physical RAM or swap space
#   The process is running with CompressedOops enabled, and the Java Heap may be blocking the growth of the native heap
# Possible solutions:
#   Reduce memory load on the system
#   Increase physical memory or swap space
#   Check if swap backing store is full
#   Decrease Java heap size (-Xmx/-Xms)
#   Decrease number of Java threads
#   Decrease Java thread stack sizes (-Xss)
#   Set larger code cache with -XX:ReservedCodeCacheSize=
#   JVM is running with Unscaled Compressed Oops mode in which the Java heap is
#     placed in the first 4GB address space. The Java Heap base address is the
#     maximum limit for the native heap growth. Please use -XX:HeapBaseMinAddress
#     to set the Java Heap base and to place the Java Heap above 4GB virtual address.
# This output file may be truncated or incomplete.
#
#  Out of Memory Error (virtualSpaceNode.cpp:110), pid=18532, tid=9960
#
# JRE version: Java(TM) SE Runtime Environment (19.0.2+7) (build 19.0.2+7-44)
# Java VM: Java HotSpot(TM) 64-Bit Server VM (19.0.2+7-44, mixed mode, sharing, tiered, compressed oops, compressed class ptrs, g1 gc, windows-amd64)
# No core dump will be written. Minidumps are not enabled by default on client versions of Windows
#

---------------  S U M M A R Y ------------

Command Line: -Dfile.encoding=UTF-8 -agentlib:jdwp=transport=dt_shmem,address=javadebug9955 --module-path=C:\Users\Rioan\OneDrive\Desktop\Isaac Project\databasee_1\build\classes databasee.login

Host: AMD Ryzen 5 2500U with Radeon Vega Mobile Gfx  , 8 cores, 3G,  Windows 10 , 64 bit Build 19041 (10.0.19041.2546)
Time: Sun Apr  2 10:11:39 2023 China Standard Time elapsed time: 0.409618 seconds (0d 0h 0m 0s)

---------------  T H R E A D  ---------------

Current thread (0x0000022fab3ee070):  JavaThread "main" [_thread_in_vm, id=9960, stack(0x000000dd8e400000,0x000000dd8e500000)]

Stack: [0x000000dd8e400000,0x000000dd8e500000]
Native frames: (J=compiled Java code, j=interpreted, Vv=VM code, C=native code)
V  [jvm.dll+0x6ee21a]
V  [jvm.dll+0x85765e]
V  [jvm.dll+0x85904e]
V  [jvm.dll+0x859703]
V  [jvm.dll+0x28298f]
V  [jvm.dll+0x8532db]
V  [jvm.dll+0x692cb6]
V  [jvm.dll+0x692d1a]
V  [jvm.dll+0x695613]
V  [jvm.dll+0x6954de]
V  [jvm.dll+0x6936de]
V  [jvm.dll+0x6a4c39]
V  [jvm.dll+0x69dfb4]
V  [jvm.dll+0x3daab1]
C  0x0000022fbc111821

Java frames: (J=compiled Java code, j=interpreted, Vv=VM code)
j  java.lang.invoke.LambdaFormBuffer.lambdaForm()Ljava/lang/invoke/LambdaForm;+0 java.base@19.0.2
j  java.lang.invoke.LambdaFormBuffer.endEdit()Ljava/lang/invoke/LambdaForm;+309 java.base@19.0.2
j  java.lang.invoke.LambdaFormEditor.addArgumentForm(ILjava/lang/invoke/LambdaForm$BasicType;)Ljava/lang/invoke/LambdaForm;+108 java.base@19.0.2
j  java.lang.invoke.MethodHandles.dropArgumentsTrusted(Ljava/lang/invoke/MethodHandle;I[Ljava/lang/Class;)Ljava/lang/invoke/MethodHandle;+86 java.base@19.0.2
j  java.lang.invoke.MethodHandles.dropArguments(Ljava/lang/invoke/MethodHandle;I[Ljava/lang/Class;)Ljava/lang/invoke/MethodHandle;+9 java.base@19.0.2
j  jdk.internal.reflect.MethodHandleAccessorFactory.makeSpecializedTarget(Ljava/lang/invoke/MethodHandle;ZZ)Ljava/lang/invoke/MethodHandle;+86 java.base@19.0.2
j  jdk.internal.reflect.MethodHandleAccessorFactory.getDirectMethod(Ljava/lang/reflect/Method;Z)Ljava/lang/invoke/MethodHandle;+79 java.base@19.0.2
j  jdk.internal.reflect.MethodHandleAccessorFactory.newMethodAccessor(Ljava/lang/reflect/Method;Z)Ljdk/internal/reflect/MethodAccessorImpl;+41 java.base@19.0.2
j  jdk.internal.reflect.ReflectionFactory.newMethodAccessor(Ljava/lang/reflect/Method;Z)Ljdk/internal/reflect/MethodAccessor;+28 java.base@19.0.2
j  java.lang.reflect.Method.acquireMethodAccessor()Ljdk/internal/reflect/MethodAccessor;+38 java.base@19.0.2
j  java.lang.reflect.Method.invoke(Ljava/lang/Object;[Ljava/lang/Object;)Ljava/lang/Object;+75 java.base@19.0.2
j  java.lang.Class.getEnumConstantsShared()[Ljava/lang/Object;+49 java.base@19.0.2
j  java.lang.System$2.getEnumConstantsShared(Ljava/lang/Class;)[Ljava/lang/Enum;+1 java.base@19.0.2
j  java.util.EnumMap.getKeyUniverse(Ljava/lang/Class;)[Ljava/lang/Enum;+4 java.base@19.0.2
j  java.util.EnumMap.<init>(Ljava/lang/Class;)V+16 java.base@19.0.2
j  java.util.stream.StreamOpFlag.set(Ljava/util/stream/StreamOpFlag$Type;)Ljava/util/stream/StreamOpFlag$MaskBuilder;+10 java.base@19.0.2
j  java.util.stream.StreamOpFlag.<clinit>()V+11 java.base@19.0.2
v  ~StubRoutines::call_stub 0x0000022fbc0f100e
j  java.util.stream.StreamSupport.stream(Ljava/util/Spliterator;Z)Ljava/util/stream/Stream;+11 java.base@19.0.2
j  java.util.Collection.stream()Ljava/util/stream/Stream;+7 java.base@19.0.2
j  jdk.internal.module.DefaultRoots.compute(Ljava/lang/module/ModuleFinder;Ljava/lang/module/ModuleFinder;)Ljava/util/Set;+6 java.base@19.0.2
j  jdk.internal.module.ModuleBootstrap.boot2()Ljava/lang/ModuleLayer;+727 java.base@19.0.2
j  jdk.internal.module.ModuleBootstrap.boot()Ljava/lang/ModuleLayer;+64 java.base@19.0.2
j  java.lang.System.initPhase2(ZZ)I+0 java.base@19.0.2
v  ~StubRoutines::call_stub 0x0000022fbc0f100e

---------------  P R O C E S S  ---------------

Threads class SMR info:
_java_thread_list=0x0000022fc90bbec0, length=10, elements={
0x0000022fab3ee070, 0x0000022fc90bdc60, 0x0000022fc90c0e10, 0x0000022fc90c2a50,
0x0000022fc90c3380, 0x0000022fc90c3cb0, 0x0000022fc90c67d0, 0x0000022fc90c7430,
0x0000022fc90ca790, 0x0000022fc90d0920
}

Java Threads: ( => current thread )
=>0x0000022fab3ee070 JavaThread "main" [_thread_in_vm, id=9960, stack(0x000000dd8e400000,0x000000dd8e500000)]
  0x0000022fc90bdc60 JavaThread "Reference Handler" daemon [_thread_blocked, id=10320, stack(0x000000dd8eb00000,0x000000dd8ec00000)]
  0x0000022fc90c0e10 JavaThread "Finalizer" daemon [_thread_blocked, id=17076, stack(0x000000dd8ec00000,0x000000dd8ed00000)]
  0x0000022fc90c2a50 JavaThread "Signal Dispatcher" daemon [_thread_blocked, id=13672, stack(0x000000dd8ed00000,0x000000dd8ee00000)]
  0x0000022fc90c3380 JavaThread "Attach Listener" daemon [_thread_blocked, id=13660, stack(0x000000dd8ee00000,0x000000dd8ef00000)]
  0x0000022fc90c3cb0 JavaThread "Service Thread" daemon [_thread_blocked, id=17064, stack(0x000000dd8ef00000,0x000000dd8f000000)]
  0x0000022fc90c67d0 JavaThread "Monitor Deflation Thread" daemon [_thread_blocked, id=9044, stack(0x000000dd8f000000,0x000000dd8f100000)]
  0x0000022fc90c7430 JavaThread "C2 CompilerThread0" daemon [_thread_blocked, id=9556, stack(0x000000dd8f100000,0x000000dd8f200000)]
  0x0000022fc90ca790 JavaThread "C1 CompilerThread0" daemon [_thread_blocked, id=3556, stack(0x000000dd8f200000,0x000000dd8f300000)]
  0x0000022fc90d0920 JavaThread "Sweeper thread" daemon [_thread_blocked, id=6992, stack(0x000000dd8f300000,0x000000dd8f400000)]

Other Threads:
  0x0000022fab546290 VMThread "VM Thread" [stack: 0x000000dd8ea00000,0x000000dd8eb00000] [id=10144]
  0x0000022fab4b7a20 WorkerThread "GC Thread#0" [stack: 0x000000dd8e500000,0x000000dd8e600000] [id=7984]
  0x0000022fab4c0690 ConcurrentGCThread "G1 Main Marker" [stack: 0x000000dd8e600000,0x000000dd8e700000] [id=9516]
  0x0000022fab4c10c0 WorkerThread "G1 Conc#0" [stack: 0x000000dd8e700000,0x000000dd8e800000] [id=6200]
  0x0000022fab523250 ConcurrentGCThread "G1 Refine#0" [stack: 0x000000dd8e800000,0x000000dd8e900000] [id=7868]
  0x0000022fab523f30 ConcurrentGCThread "G1 Service" [stack: 0x000000dd8e900000,0x000000dd8ea00000] [id=9884]

Threads with active compile tasks:

VM state: not at safepoint (normal execution)

VM Mutex/Monitor currently owned by a thread:  ([mutex/lock_event])
[0x0000022fab478800] Metaspace_lock - owner thread: 0x0000022fab3ee070

Heap address: 0x00000000c9800000, size: 872 MB, Compressed Oops mode: 32-bit

CDS archive(s) mapped at: [0x0000000800000000-0x0000000800c40000-0x0000000800c40000), size 12845056, SharedBaseAddress: 0x0000000800000000, ArchiveRelocationMode: 0.
Compressed class space mapped at: 0x0000000801000000-0x0000000841000000, reserved size: 1073741824
Narrow klass base: 0x0000000800000000, Narrow klass shift: 0, Narrow klass range: 0x100000000

GC Precious Log:
 CardTable entry size: 512
 Card Set container configuration: InlinePtr #cards 5 size 8 Array Of Cards #cards 12 size 40 Howl #buckets 4 coarsen threshold 1843 Howl Bitmap #cards 512 size 80 coarsen threshold 460 Card regions per heap region 1 cards per card region 2048
 CPUs: 8 total, 8 available
 Memory: 3484M
 Large Page Support: Disabled
 NUMA Support: Disabled
 Compressed Oops: Enabled (32-bit)
 Heap Region Size: 1M
 Heap Min Capacity: 8M
 Heap Initial Capacity: 56M
 Heap Max Capacity: 872M
 Pre-touch: Disabled
 Parallel Workers: 8
 Concurrent Workers: 2
 Concurrent Refinement Workers: 8
 Periodic GC: Disabled

Heap:
 garbage-first heap   total 57344K, used 1024K [0x00000000c9800000, 0x0000000100000000)
  region size 1024K, 2 young (2048K), 0 survivors (0K)
 Metaspace       used 132K, committed 192K, reserved 1114112K
  class space    used 4K, committed 64K, reserved 1048576K

Heap Regions: E=young(eden), S=young(survivor), O=old, HS=humongous(starts), HC=humongous(continues), CS=collection set, F=free, OA=open archive, CA=closed archive, TAMS=top-at-mark-start (previous, next)
|   0|0x00000000c9800000, 0x00000000c9800000, 0x00000000c9900000|  0%| F|  |TAMS 0x00000000c9800000, 0x00000000c9800000| Untracked 
|   1|0x00000000c9900000, 0x00000000c9900000, 0x00000000c9a00000|  0%| F|  |TAMS 0x00000000c9900000, 0x00000000c9900000| Untracked 
|   2|0x00000000c9a00000, 0x00000000c9a00000, 0x00000000c9b00000|  0%| F|  |TAMS 0x00000000c9a00000, 0x00000000c9a00000| Untracked 
|   3|0x00000000c9b00000, 0x00000000c9b00000, 0x00000000c9c00000|  0%| F|  |TAMS 0x00000000c9b00000, 0x00000000c9b00000| Untracked 
|   4|0x00000000c9c00000, 0x00000000c9c00000, 0x00000000c9d00000|  0%| F|  |TAMS 0x00000000c9c00000, 0x00000000c9c00000| Untracked 
|   5|0x00000000c9d00000, 0x00000000c9d00000, 0x00000000c9e00000|  0%| F|  |TAMS 0x00000000c9d00000, 0x00000000c9d00000| Untracked 
|   6|0x00000000c9e00000, 0x00000000c9e00000, 0x00000000c9f00000|  0%| F|  |TAMS 0x00000000c9e00000, 0x00000000c9e00000| Untracked 
|   7|0x00000000c9f00000, 0x00000000c9f00000, 0x00000000ca000000|  0%| F|  |TAMS 0x00000000c9f00000, 0x00000000c9f00000| Untracked 
|   8|0x00000000ca000000, 0x00000000ca000000, 0x00000000ca100000|  0%| F|  |TAMS 0x00000000ca000000, 0x00000000ca000000| Untracked 
|   9|0x00000000ca100000, 0x00000000ca100000, 0x00000000ca200000|  0%| F|  |TAMS 0x00000000ca100000, 0x00000000ca100000| Untracked 
|  10|0x00000000ca200000, 0x00000000ca200000, 0x00000000ca300000|  0%| F|  |TAMS 0x00000000ca200000, 0x00000000ca200000| Untracked 
|  11|0x00000000ca300000, 0x00000000ca300000, 0x00000000ca400000|  0%| F|  |TAMS 0x00000000ca300000, 0x00000000ca300000| Untracked 
|  12|0x00000000ca400000, 0x00000000ca400000, 0x00000000ca500000|  0%| F|  |TAMS 0x00000000ca400000, 0x00000000ca400000| Untracked 
|  13|0x00000000ca500000, 0x00000000ca500000, 0x00000000ca600000|  0%| F|  |TAMS 0x00000000ca500000, 0x00000000ca500000| Untracked 
|  14|0x00000000ca600000, 0x00000000ca600000, 0x00000000ca700000|  0%| F|  |TAMS 0x00000000ca600000, 0x00000000ca600000| Untracked 
|  15|0x00000000ca700000, 0x00000000ca700000, 0x00000000ca800000|  0%| F|  |TAMS 0x00000000ca700000, 0x00000000ca700000| Untracked 
|  16|0x00000000ca800000, 0x00000000ca800000, 0x00000000ca900000|  0%| F|  |TAMS 0x00000000ca800000, 0x00000000ca800000| Untracked 
|  17|0x00000000ca900000, 0x00000000ca900000, 0x00000000caa00000|  0%| F|  |TAMS 0x00000000ca900000, 0x00000000ca900000| Untracked 
|  18|0x00000000caa00000, 0x00000000caa00000, 0x00000000cab00000|  0%| F|  |TAMS 0x00000000caa00000, 0x00000000caa00000| Untracked 
|  19|0x00000000cab00000, 0x00000000cab00000, 0x00000000cac00000|  0%| F|  |TAMS 0x00000000cab00000, 0x00000000cab00000| Untracked 
|  20|0x00000000cac00000, 0x00000000cac00000, 0x00000000cad00000|  0%| F|  |TAMS 0x00000000cac00000, 0x00000000cac00000| Untracked 
|  21|0x00000000cad00000, 0x00000000cad00000, 0x00000000cae00000|  0%| F|  |TAMS 0x00000000cad00000, 0x00000000cad00000| Untracked 
|  22|0x00000000cae00000, 0x00000000cae00000, 0x00000000caf00000|  0%| F|  |TAMS 0x00000000cae00000, 0x00000000cae00000| Untracked 
|  23|0x00000000caf00000, 0x00000000caf00000, 0x00000000cb000000|  0%| F|  |TAMS 0x00000000caf00000, 0x00000000caf00000| Untracked 
|  24|0x00000000cb000000, 0x00000000cb000000, 0x00000000cb100000|  0%| F|  |TAMS 0x00000000cb000000, 0x00000000cb000000| Untracked 
|  25|0x00000000cb100000, 0x00000000cb100000, 0x00000000cb200000|  0%| F|  |TAMS 0x00000000cb100000, 0x00000000cb100000| Untracked 
|  26|0x00000000cb200000, 0x00000000cb200000, 0x00000000cb300000|  0%| F|  |TAMS 0x00000000cb200000, 0x00000000cb200000| Untracked 
|  27|0x00000000cb300000, 0x00000000cb300000, 0x00000000cb400000|  0%| F|  |TAMS 0x00000000cb300000, 0x00000000cb300000| Untracked 
|  28|0x00000000cb400000, 0x00000000cb400000, 0x00000000cb500000|  0%| F|  |TAMS 0x00000000cb400000, 0x00000000cb400000| Untracked 
|  29|0x00000000cb500000, 0x00000000cb500000, 0x00000000cb600000|  0%| F|  |TAMS 0x00000000cb500000, 0x00000000cb500000| Untracked 
|  30|0x00000000cb600000, 0x00000000cb600000, 0x00000000cb700000|  0%| F|  |TAMS 0x00000000cb600000, 0x00000000cb600000| Untracked 
|  31|0x00000000cb700000, 0x00000000cb700000, 0x00000000cb800000|  0%| F|  |TAMS 0x00000000cb700000, 0x00000000cb700000| Untracked 
|  32|0x00000000cb800000, 0x00000000cb800000, 0x00000000cb900000|  0%| F|  |TAMS 0x00000000cb800000, 0x00000000cb800000| Untracked 
|  33|0x00000000cb900000, 0x00000000cb900000, 0x00000000cba00000|  0%| F|  |TAMS 0x00000000cb900000, 0x00000000cb900000| Untracked 
|  34|0x00000000cba00000, 0x00000000cba00000, 0x00000000cbb00000|  0%| F|  |TAMS 0x00000000cba00000, 0x00000000cba00000| Untracked 
|  35|0x00000000cbb00000, 0x00000000cbb00000, 0x00000000cbc00000|  0%| F|  |TAMS 0x00000000cbb00000, 0x00000000cbb00000| Untracked 
|  36|0x00000000cbc00000, 0x00000000cbc00000, 0x00000000cbd00000|  0%| F|  |TAMS 0x00000000cbc00000, 0x00000000cbc00000| Untracked 
|  37|0x00000000cbd00000, 0x00000000cbd00000, 0x00000000cbe00000|  0%| F|  |TAMS 0x00000000cbd00000, 0x00000000cbd00000| Untracked 
|  38|0x00000000cbe00000, 0x00000000cbe00000, 0x00000000cbf00000|  0%| F|  |TAMS 0x00000000cbe00000, 0x00000000cbe00000| Untracked 
|  39|0x00000000cbf00000, 0x00000000cbf00000, 0x00000000cc000000|  0%| F|  |TAMS 0x00000000cbf00000, 0x00000000cbf00000| Untracked 
|  40|0x00000000cc000000, 0x00000000cc000000, 0x00000000cc100000|  0%| F|  |TAMS 0x00000000cc000000, 0x00000000cc000000| Untracked 
|  41|0x00000000cc100000, 0x00000000cc100000, 0x00000000cc200000|  0%| F|  |TAMS 0x00000000cc100000, 0x00000000cc100000| Untracked 
|  42|0x00000000cc200000, 0x00000000cc200000, 0x00000000cc300000|  0%| F|  |TAMS 0x00000000cc200000, 0x00000000cc200000| Untracked 
|  43|0x00000000cc300000, 0x00000000cc300000, 0x00000000cc400000|  0%| F|  |TAMS 0x00000000cc300000, 0x00000000cc300000| Untracked 
|  44|0x00000000cc400000, 0x00000000cc400000, 0x00000000cc500000|  0%| F|  |TAMS 0x00000000cc400000, 0x00000000cc400000| Untracked 
|  45|0x00000000cc500000, 0x00000000cc500000, 0x00000000cc600000|  0%| F|  |TAMS 0x00000000cc500000, 0x00000000cc500000| Untracked 
|  46|0x00000000cc600000, 0x00000000cc600000, 0x00000000cc700000|  0%| F|  |TAMS 0x00000000cc600000, 0x00000000cc600000| Untracked 
|  47|0x00000000cc700000, 0x00000000cc700000, 0x00000000cc800000|  0%| F|  |TAMS 0x00000000cc700000, 0x00000000cc700000| Untracked 
|  48|0x00000000cc800000, 0x00000000cc800000, 0x00000000cc900000|  0%| F|  |TAMS 0x00000000cc800000, 0x00000000cc800000| Untracked 
|  49|0x00000000cc900000, 0x00000000cc900000, 0x00000000cca00000|  0%| F|  |TAMS 0x00000000cc900000, 0x00000000cc900000| Untracked 
|  50|0x00000000cca00000, 0x00000000cca00000, 0x00000000ccb00000|  0%| F|  |TAMS 0x00000000cca00000, 0x00000000cca00000| Untracked 
|  51|0x00000000ccb00000, 0x00000000ccb00000, 0x00000000ccc00000|  0%| F|  |TAMS 0x00000000ccb00000, 0x00000000ccb00000| Untracked 
|  52|0x00000000ccc00000, 0x00000000ccc00000, 0x00000000ccd00000|  0%| F|  |TAMS 0x00000000ccc00000, 0x00000000ccc00000| Untracked 
|  53|0x00000000ccd00000, 0x00000000ccd00000, 0x00000000cce00000|  0%| F|  |TAMS 0x00000000ccd00000, 0x00000000ccd00000| Untracked 
|  54|0x00000000cce00000, 0x00000000cceec0a8, 0x00000000ccf00000| 92%| E|  |TAMS 0x00000000cce00000, 0x00000000cce00000| Complete 
|  55|0x00000000ccf00000, 0x00000000cd000000, 0x00000000cd000000|100%| E|CS|TAMS 0x00000000ccf00000, 0x00000000ccf00000| Complete 

Card table byte_map: [0x0000022fc4800000,0x0000022fc49c0000] _byte_map_base: 0x0000022fc41b4000

Marking Bits (Prev, Next): (CMBitMap*) 0x0000022fab4b9060, (CMBitMap*) 0x0000022fab4b90a0
 Prev Bits: [0x0000022fc4b80000, 0x0000022fc5920000)
 Next Bits: [0x0000022fc5920000, 0x0000022fc66c0000)

Polling page: 0x0000022fab550000

Metaspace:

Usage:
  Non-class:    128.00 KB used.
      Class:      4.69 KB used.
       Both:    132.69 KB used.

Virtual space:
  Non-class space:       64.00 MB reserved,     128.00 KB ( <1%) committed,  1 nodes.
      Class space:        1.00 GB reserved,      64.00 KB ( <1%) committed,  1 nodes.
             Both:        1.06 GB reserved,     192.00 KB ( <1%) committed. 

Chunk freelists:
   Non-Class:  0 bytes
       Class:  3.75 MB
        Both:  3.75 MB

MaxMetaspaceSize: unlimited
CompressedClassSpaceSize: 1.00 GB
Initial GC threshold: 21.00 MB
Current GC threshold: 21.00 MB
CDS: on
MetaspaceReclaimPolicy: balanced
 - commit_granule_bytes: 65536.
 - commit_granule_words: 8192.
 - virtual_space_node_default_size: 8388608.
 - enlarge_chunks_in_place: 1.
 - new_chunks_are_fully_committed: 0.
 - uncommit_free_chunks: 1.
 - use_allocation_guard: 0.


Internal statistics:

num_allocs_failed_limit: 0.
num_arena_births: 2.
num_arena_deaths: 0.
num_vsnodes_births: 2.
num_vsnodes_deaths: 0.
num_space_committed: 3.
num_space_uncommitted: 0.
num_chunks_returned_to_freelist: 0.
num_chunks_taken_from_freelist: 3.
num_chunk_merges: 0.
num_chunk_splits: 1.
num_chunks_enlarged: 0.
num_inconsistent_stats: 0.

CodeHeap 'non-profiled nmethods': size=120000Kb used=9Kb max_used=9Kb free=119990Kb
 bounds [0x0000022fbc690000, 0x0000022fbc900000, 0x0000022fc3bc0000]
CodeHeap 'profiled nmethods': size=120000Kb used=61Kb max_used=61Kb free=119938Kb
 bounds [0x0000022fb4bc0000, 0x0000022fb4e30000, 0x0000022fbc0f0000]
CodeHeap 'non-nmethods': size=5760Kb used=1219Kb max_used=1219Kb free=4540Kb
 bounds [0x0000022fbc0f0000, 0x0000022fbc360000, 0x0000022fbc690000]
 total_blobs=385 nmethods=48 adapters=248
 compilation: enabled
              stopped_count=0, restarted_count=0
 full_count=0

Compilation events (20 events):
Event: 0.236 Thread 0x0000022fc90ca790   32       3       java.lang.String::isEmpty (14 bytes)
Event: 0.237 Thread 0x0000022fc90ca790 nmethod 32 0x0000022fb4bc9710 code [0x0000022fb4bc98a0, 0x0000022fb4bc9a18]
Event: 0.252 Thread 0x0000022fc90ca790   33       3       java.lang.StringLatin1::indexOfChar (33 bytes)
Event: 0.253 Thread 0x0000022fc90ca790 nmethod 33 0x0000022fb4bc9b10 code [0x0000022fb4bc9cc0, 0x0000022fb4bc9ef8]
Event: 0.261 Thread 0x0000022fc90ca790   34       3       java.util.concurrent.ConcurrentHashMap::tabAt (22 bytes)
Event: 0.262 Thread 0x0000022fc90ca790 nmethod 34 0x0000022fb4bca010 code [0x0000022fb4bca1c0, 0x0000022fb4bca4b8]
Event: 0.262 Thread 0x0000022fc90ca790   35       3       jdk.internal.misc.Unsafe::getReferenceAcquire (7 bytes)
Event: 0.262 Thread 0x0000022fc90ca790 nmethod 35 0x0000022fb4bca590 code [0x0000022fb4bca720, 0x0000022fb4bca898]
Event: 0.262 Thread 0x0000022fc90ca790   38       3       java.util.ImmutableCollections$SetN$SetNIterator::next (90 bytes)
Event: 0.262 Thread 0x0000022fc90ca790 nmethod 38 0x0000022fb4bca910 code [0x0000022fb4bcaae0, 0x0000022fb4bcade8]
Event: 0.262 Thread 0x0000022fc90ca790   37       3       java.util.concurrent.ConcurrentHashMap::spread (10 bytes)
Event: 0.263 Thread 0x0000022fc90ca790 nmethod 37 0x0000022fb4bcaf90 code [0x0000022fb4bcb120, 0x0000022fb4bcb218]
Event: 0.265 Thread 0x0000022fc90ca790   39       3       java.util.HashMap::hash (20 bytes)
Event: 0.265 Thread 0x0000022fc90ca790 nmethod 39 0x0000022fb4bcb290 code [0x0000022fb4bcb440, 0x0000022fb4bcb668]
Event: 0.276 Thread 0x0000022fc90ca790   42   !   3       java.util.concurrent.ConcurrentHashMap::putVal (432 bytes)
Event: 0.281 Thread 0x0000022fc90ca790 nmethod 42 0x0000022fb4bcb710 code [0x0000022fb4bcbaa0, 0x0000022fb4bcd728]
Event: 0.281 Thread 0x0000022fc90ca790   43       3       java.util.concurrent.ConcurrentHashMap$Node::<init> (20 bytes)
Event: 0.282 Thread 0x0000022fc90ca790 nmethod 43 0x0000022fb4bce210 code [0x0000022fb4bce3c0, 0x0000022fb4bce5f8]
Event: 0.282 Thread 0x0000022fc90ca790   44       3       java.util.concurrent.ConcurrentHashMap::addCount (280 bytes)
Event: 0.285 Thread 0x0000022fc90ca790 nmethod 44 0x0000022fb4bce690 code [0x0000022fb4bce900, 0x0000022fb4bcf388]

GC Heap History (0 events):
No events

Dll operation events (2 events):
Event: 0.061 Loaded shared library C:\Java\bin\java.dll
Event: 0.099 Loaded shared library C:\Java\bin\jsvml.dll

Deoptimization events (0 events):
No events

Classes loaded (0 events):
No events

Classes unloaded (0 events):
No events

Classes redefined (0 events):
No events

Internal exceptions (0 events):
No events

VM Operations (0 events):
No events

Events (10 events):
Event: 0.100 Thread 0x0000022fab3ee070 Thread added: 0x0000022fab3ee070
Event: 0.145 Thread 0x0000022fc90bdc60 Thread added: 0x0000022fc90bdc60
Event: 0.146 Thread 0x0000022fc90c0e10 Thread added: 0x0000022fc90c0e10
Event: 0.147 Thread 0x0000022fc90c2a50 Thread added: 0x0000022fc90c2a50
Event: 0.147 Thread 0x0000022fc90c3380 Thread added: 0x0000022fc90c3380
Event: 0.147 Thread 0x0000022fc90c3cb0 Thread added: 0x0000022fc90c3cb0
Event: 0.148 Thread 0x0000022fc90c67d0 Thread added: 0x0000022fc90c67d0
Event: 0.148 Thread 0x0000022fc90c7430 Thread added: 0x0000022fc90c7430
Event: 0.177 Thread 0x0000022fc90ca790 Thread added: 0x0000022fc90ca790
Event: 0.182 Thread 0x0000022fc90d0920 Thread added: 0x0000022fc90d0920


Dynamic libraries:
0x00007ff7e9630000 - 0x00007ff7e9640000 	C:\Java\bin\java.exe
0x00007ffc59ed0000 - 0x00007ffc5a0c8000 	C:\WINDOWS\SYSTEM32\ntdll.dll
0x00007ffc58980000 - 0x00007ffc58a3f000 	C:\WINDOWS\System32\KERNEL32.DLL
0x00007ffc575d0000 - 0x00007ffc578a2000 	C:\WINDOWS\System32\KERNELBASE.dll
0x00007ffc579b0000 - 0x00007ffc57ab0000 	C:\WINDOWS\System32\ucrtbase.dll
0x00007ffc2f480000 - 0x00007ffc2f49b000 	C:\Java\bin\VCRUNTIME140.dll
0x00007ffc11f90000 - 0x00007ffc11fa8000 	C:\Java\bin\jli.dll
0x00007ffc59320000 - 0x00007ffc593ce000 	C:\WINDOWS\System32\ADVAPI32.dll
0x00007ffc588e0000 - 0x00007ffc5897e000 	C:\WINDOWS\System32\msvcrt.dll
0x00007ffc586d0000 - 0x00007ffc5876c000 	C:\WINDOWS\System32\sechost.dll
0x00007ffc58ca0000 - 0x00007ffc58dc4000 	C:\WINDOWS\System32\RPCRT4.dll
0x00007ffc593d0000 - 0x00007ffc59571000 	C:\WINDOWS\System32\USER32.dll
0x00007ffc57ab0000 - 0x00007ffc57ad2000 	C:\WINDOWS\System32\win32u.dll
0x00007ffc58890000 - 0x00007ffc588bb000 	C:\WINDOWS\System32\GDI32.dll
0x00007ffc57b10000 - 0x00007ffc57c1f000 	C:\WINDOWS\System32\gdi32full.dll
0x00007ffc57e80000 - 0x00007ffc57f1d000 	C:\WINDOWS\System32\msvcp_win.dll
0x00007ffc45110000 - 0x00007ffc453aa000 	C:\WINDOWS\WinSxS\amd64_microsoft.windows.common-controls_6595b64144ccf1df_6.0.19041.1110_none_60b5254171f9507e\COMCTL32.dll
0x00007ffc4fb80000 - 0x00007ffc4fb8a000 	C:\WINDOWS\SYSTEM32\VERSION.dll
0x00007ffc59880000 - 0x00007ffc598b0000 	C:\WINDOWS\System32\IMM32.DLL
0x00007ffc17e80000 - 0x00007ffc17e8c000 	C:\Java\bin\vcruntime140_1.dll
0x00007ffc0a1f0000 - 0x00007ffc0a27e000 	C:\Java\bin\msvcp140.dll
0x00007ffc0a500000 - 0x00007ffc0b1c0000 	C:\Java\bin\server\jvm.dll
0x00007ffc2f930000 - 0x00007ffc2f939000 	C:\WINDOWS\SYSTEM32\WSOCK32.dll
0x00007ffc59130000 - 0x00007ffc5919b000 	C:\WINDOWS\System32\WS2_32.dll
0x00007ffc4e910000 - 0x00007ffc4e937000 	C:\WINDOWS\SYSTEM32\WINMM.dll
0x00007ffc55490000 - 0x00007ffc554a2000 	C:\WINDOWS\SYSTEM32\kernel.appcore.dll
0x00007ffc16fe0000 - 0x00007ffc16fea000 	C:\Java\bin\jimage.dll
0x00007ffc49910000 - 0x00007ffc49af4000 	C:\WINDOWS\SYSTEM32\DBGHELP.DLL
0x00007ffc498d0000 - 0x00007ffc49905000 	C:\WINDOWS\SYSTEM32\dbgcore.DLL
0x00007ffc57df0000 - 0x00007ffc57e72000 	C:\WINDOWS\System32\bcryptPrimitives.dll
0x00007ffc11b80000 - 0x00007ffc11bbc000 	C:\Java\bin\jdwp.dll
0x00007ffc14560000 - 0x00007ffc14586000 	C:\Java\bin\java.dll
0x00007ffc0a420000 - 0x00007ffc0a4f7000 	C:\Java\bin\jsvml.dll
0x00007ffc57f20000 - 0x00007ffc58665000 	C:\WINDOWS\System32\SHELL32.dll
0x00007ffc55690000 - 0x00007ffc55e22000 	C:\WINDOWS\SYSTEM32\windows.storage.dll
0x00007ffc58dd0000 - 0x00007ffc59125000 	C:\WINDOWS\System32\combase.dll
0x00007ffc56f50000 - 0x00007ffc56f80000 	C:\WINDOWS\SYSTEM32\Wldp.dll
0x00007ffc58bf0000 - 0x00007ffc58c9d000 	C:\WINDOWS\System32\SHCORE.dll
0x00007ffc59960000 - 0x00007ffc599b5000 	C:\WINDOWS\System32\shlwapi.dll
0x00007ffc57510000 - 0x00007ffc5752f000 	C:\WINDOWS\SYSTEM32\profapi.dll

dbghelp: loaded successfully - version: 4.0.5 - missing functions: none
symbol engine: initialized successfully - sym options: 0x614 - pdb path: .;C:\Java\bin;C:\WINDOWS\SYSTEM32;C:\WINDOWS\WinSxS\amd64_microsoft.windows.common-controls_6595b64144ccf1df_6.0.19041.1110_none_60b5254171f9507e;C:\Java\bin\server

VM Arguments:
jvm_args: -Dfile.encoding=UTF-8 -agentlib:jdwp=transport=dt_shmem,address=javadebug9955 --module-path=C:\Users\Rioan\OneDrive\Desktop\Isaac Project\databasee_1\build\classes 
java_command: databasee.login
java_class_path (initial): C:\Users\Rioan\OneDrive\Desktop\Beginners\JCalendar.jar;C:\Users\Rioan\OneDrive\Desktop\Beginners\netbeans\java\modules\ext\AbsoluteLayout.jar;C:\Users\Rioan\OneDrive\Desktop\Isaac Project\databasee_1\build\classes
Launcher Type: SUN_STANDARD

[Global flags]
     intx CICompilerCount                          = 4                                         {product} {ergonomic}
     uint ConcGCThreads                            = 2                                         {product} {ergonomic}
     uint G1ConcRefinementThreads                  = 8                                         {product} {ergonomic}
   size_t G1HeapRegionSize                         = 1048576                                   {product} {ergonomic}
    uintx GCDrainStackTargetSize                   = 64                                        {product} {ergonomic}
   size_t InitialHeapSize                          = 58720256                                  {product} {ergonomic}
   size_t MarkStackSize                            = 4194304                                   {product} {ergonomic}
   size_t MaxHeapSize                              = 914358272                                 {product} {ergonomic}
   size_t MaxNewSize                               = 548405248                                 {product} {ergonomic}
   size_t MinHeapDeltaBytes                        = 1048576                                   {product} {ergonomic}
   size_t MinHeapSize                              = 8388608                                   {product} {ergonomic}
    uintx NonNMethodCodeHeapSize                   = 5839372                                {pd product} {ergonomic}
    uintx NonProfiledCodeHeapSize                  = 122909434                              {pd product} {ergonomic}
    uintx ProfiledCodeHeapSize                     = 122909434                              {pd product} {ergonomic}
    uintx ReservedCodeCacheSize                    = 251658240                              {pd product} {ergonomic}
     bool SegmentedCodeCache                       = true                                      {product} {ergonomic}
   size_t SoftMaxHeapSize                          = 914358272                              {manageable} {ergonomic}
     bool UseCompressedClassPointers               = true                           {product lp64_product} {ergonomic}
     bool UseCompressedOops                        = true                           {product lp64_product} {ergonomic}
     bool UseG1GC                                  = true                                      {product} {ergonomic}
     bool UseLargePagesIndividualAllocation        = false                                  {pd product} {ergonomic}

Logging:
Log output configuration:
 #0: stdout all=warning uptime,level,tags foldmultilines=false
 #1: stderr all=off uptime,level,tags foldmultilines=false

Environment Variables:
PATH=C:\Program Files\Common Files\Oracle\Java\javapath;C:\ProgramData\Oracle\Java\javapath;C:\WINDOWS\system32;C:\WINDOWS;C:\WINDOWS\System32\Wbem;C:\WINDOWS\System32\WindowsPowerShell\v1.0\;C:\WINDOWS\System32\OpenSSH\;C:\scrcpy;C:\Users\Rioan\AppData\Local\Microsoft\WindowsApps;
USERNAME=Rioan
OS=Windows_NT
PROCESSOR_IDENTIFIER=AMD64 Family 23 Model 17 Stepping 0, AuthenticAMD
TMP=C:\Users\Rioan\AppData\Local\Temp
TEMP=C:\Users\Rioan\AppData\Local\Temp



---------------  S Y S T E M  ---------------

OS:
 Windows 10 , 64 bit Build 19041 (10.0.19041.2546)
OS uptime: 0 days 1:22 hours

CPU: total 8 (initial active 8) (8 cores per cpu, 2 threads per core) family 23 model 17 stepping 0 microcode 0x0, cx8, cmov, fxsr, ht, mmx, 3dnowpref, sse, sse2, sse3, ssse3, sse4a, sse4.1, sse4.2, popcnt, lzcnt, tsc, tscinvbit, avx, avx2, aes, clmul, bmi1, bmi2, adx, sha, fma, vzeroupper, clflush, clflushopt, rdtscp

Memory: 4k page, system-wide physical 3484M (469M free)
TotalPageFile size 14236M (AvailPageFile size 3M)
current process WorkingSet (physical memory assigned to process): 26M, peak: 26M
current process commit charge ("private bytes"): 134M, peak: 134M

vm_info: Java HotSpot(TM) 64-Bit Server VM (19.0.2+7-44) for windows-amd64 JRE (19.0.2+7-44), built on 2022-11-30T18:02:09Z by "mach5one" with MS VC++ 17.1 (VS2022)

END.
