#
# There is insufficient memory for the Java Runtime Environment to continue.
# Native memory allocation (malloc) failed to allocate 8256 bytes for AllocateHeap
# Possible reasons:
#   The system is out of physical RAM or swap space
#   The process is running with CompressedOops enabled, and the Java Heap may be blocking the growth of the native heap
# Possible solutions:
#   Reduce memory load on the system
#   Increase physical memory or swap space
#   Check if swap backing store is full
#   Decrease Java heap size (-Xmx/-Xms)
#   Decrease number of Java threads
#   Set larger code cache with -XX:ReservedCodeCacheSize=
#   JVM is running with Unscaled Compressed Oops mode in which the Java heap is
#     placed in the first 4GB address space. The Java Heap base address is the
#     maximum limit for the native heap growth. Please use -XX:HeapBaseMinAddress
#     to set the Java Heap base and to place the Java Heap above 4GB virtual address.
# This output file may be truncated or incomplete.
#
#  Out of Memory Error (allocation.cpp:44), pid=12840, tid=21148
#
# JRE version: Java(TM) SE Runtime Environment (19.0.2+7) (build 19.0.2+7-44)
# Java VM: Java HotSpot(TM) 64-Bit Server VM (19.0.2+7-44, mixed mode, sharing, tiered, compressed oops, compressed class ptrs, g1 gc, windows-amd64)
# No core dump will be written. Minidumps are not enabled by default on client versions of Windows
#

---------------  S U M M A R Y ------------

Command Line: -Dfile.encoding=UTF-8 -agentlib:jdwp=transport=dt_shmem,address=javadebug8201 --module-path=C:\Users\Rioan\OneDrive\Desktop\Isaac Project\databasee_1\build\classes databasee.login

Host: AMD Ryzen 5 2500U with Radeon Vega Mobile Gfx  , 8 cores, 3G,  Windows 10 , 64 bit Build 19041 (10.0.19041.2546)
Time: Sat Apr  1 18:08:33 2023 China Standard Time elapsed time: 6.014262 seconds (0d 0h 0m 6s)

---------------  T H R E A D  ---------------

Current thread (0x0000021070997650):  JavaThread "JDWP Transport Listener: dt_shmem" daemon [_thread_in_vm, id=21148, stack(0x000000272a800000,0x000000272a900000)] _threads_hazard_ptr=0x000002107096da30

Stack: [0x000000272a800000,0x000000272a900000]
Native frames: (J=compiled Java code, j=interpreted, Vv=VM code, C=native code)
V  [jvm.dll+0x6ee21a]
V  [jvm.dll+0x85765e]
V  [jvm.dll+0x85904e]
V  [jvm.dll+0x859703]
V  [jvm.dll+0x28298f]
V  [jvm.dll+0xc3f34]
V  [jvm.dll+0x80aaff]
V  [jvm.dll+0x80b448]
V  [jvm.dll+0x80af6d]
V  [jvm.dll+0x807e4e]
V  [jvm.dll+0x5777d1]
V  [jvm.dll+0x5394e9]
C  [jdwp.dll+0x29108]


---------------  P R O C E S S  ---------------

Threads class SMR info:
_java_thread_list=0x000002107096d550, length=14, elements={
0x000002104e65dfd0, 0x000002106c3af2e0, 0x000002106c3b1ee0, 0x000002106c3b3980,
0x000002106c3b42b0, 0x000002106c3b4be0, 0x000002106c3b5510, 0x000002106c3b6170,
0x000002106c3d7a00, 0x000002106c410780, 0x0000021070856010, 0x0000021070997650,
0x000002107095ef10, 0x00000210709e6910
}
_to_delete_list=0x000002107096da30, length=13, elements={
0x000002104e65dfd0, 0x000002106c3af2e0, 0x000002106c3b1ee0, 0x000002106c3b3980,
0x000002106c3b42b0, 0x000002106c3b4be0, 0x000002106c3b5510, 0x000002106c3b6170,
0x000002106c3d7a00, 0x000002106c410780, 0x0000021070856010, 0x0000021070997650,
0x000002107095ef10
}
next-> 0x000002107096dd30, length=12, elements={0x000002104e65dfd0, 0x000002106c3af2e0, 0x000002106c3b1ee0, 0x000002106c3b3980,
0x000002106c3b42b0, 0x000002106c3b4be0, 0x000002106c3b5510, 0x000002106c3b6170,
0x000002106c3d7a00, 0x000002106c410780, 0x0000021070856010, 0x0000021070997650
}

Java Threads: ( => current thread )
  0x000002104e65dfd0 JavaThread "main" [_thread_blocked, id=1028, stack(0x0000002729600000,0x0000002729700000)]
  0x000002106c3af2e0 JavaThread "Reference Handler" daemon [_thread_blocked, id=13672, stack(0x0000002729e00000,0x0000002729f00000)]
  0x000002106c3b1ee0 JavaThread "Finalizer" daemon [_thread_blocked, id=13676, stack(0x0000002729f00000,0x000000272a000000)]
  0x000002106c3b3980 JavaThread "Signal Dispatcher" daemon [_thread_blocked, id=13680, stack(0x000000272a000000,0x000000272a100000)]
  0x000002106c3b42b0 JavaThread "Attach Listener" daemon [_thread_blocked, id=13684, stack(0x000000272a100000,0x000000272a200000)]
  0x000002106c3b4be0 JavaThread "Service Thread" daemon [_thread_blocked, id=13688, stack(0x000000272a200000,0x000000272a300000)]
  0x000002106c3b5510 JavaThread "Monitor Deflation Thread" daemon [_thread_blocked, id=13692, stack(0x000000272a300000,0x000000272a400000)]
  0x000002106c3b6170 JavaThread "C2 CompilerThread0" daemon [_thread_blocked, id=13696, stack(0x000000272a400000,0x000000272a500000)]
  0x000002106c3d7a00 JavaThread "C1 CompilerThread0" daemon [_thread_blocked, id=13704, stack(0x000000272a500000,0x000000272a600000)]
  0x000002106c410780 JavaThread "Sweeper thread" daemon [_thread_blocked, id=13708, stack(0x000000272a600000,0x000000272a700000)]
  0x0000021070856010 JavaThread "Common-Cleaner" daemon [_thread_blocked, id=13756, stack(0x000000272a700000,0x000000272a800000)]
=>0x0000021070997650 JavaThread "JDWP Transport Listener: dt_shmem" daemon [_thread_in_vm, id=21148, stack(0x000000272a800000,0x000000272a900000)]
  0x000002107095ef10 JavaThread "JDWP Event Helper Thread" daemon [_thread_new, id=20904, stack(0x0000000000000000,0x0000000000000000)]
  0x00000210709e6910 JavaThread "JDWP Command Reader" daemon [_thread_new, id=18384, stack(0x0000000000000000,0x0000000000000000)]

Other Threads:
  0x00000210507a8240 VMThread "VM Thread" [stack: 0x0000002729d00000,0x0000002729e00000] [id=2180]
  0x0000021050717b50 WorkerThread "GC Thread#0" [stack: 0x0000002729800000,0x0000002729900000] [id=13524]
  0x00000210507207c0 ConcurrentGCThread "G1 Main Marker" [stack: 0x0000002729900000,0x0000002729a00000] [id=13424]
  0x0000021050721390 WorkerThread "G1 Conc#0" [stack: 0x0000002729a00000,0x0000002729b00000] [id=13428]
  0x0000021050787b40 ConcurrentGCThread "G1 Refine#0" [stack: 0x0000002729b00000,0x0000002729c00000] [id=22320]
  0x0000021050788680 ConcurrentGCThread "G1 Service" [stack: 0x0000002729c00000,0x0000002729d00000] [id=13448]

Threads with active compile tasks:

VM state: not at safepoint (normal execution)

VM Mutex/Monitor currently owned by a thread:  ([mutex/lock_event])
[0x000002104e65a480] Threads_lock - owner thread: 0x0000021070997650

Heap address: 0x00000000c9800000, size: 872 MB, Compressed Oops mode: 32-bit

CDS archive(s) mapped at: [0x0000000800000000-0x0000000800c40000-0x0000000800c40000), size 12845056, SharedBaseAddress: 0x0000000800000000, ArchiveRelocationMode: 0.
Compressed class space mapped at: 0x0000000801000000-0x0000000841000000, reserved size: 1073741824
Narrow klass base: 0x0000000800000000, Narrow klass shift: 0, Narrow klass range: 0x100000000

GC Precious Log:
 CardTable entry size: 512
 Card Set container configuration: InlinePtr #cards 5 size 8 Array Of Cards #cards 12 size 40 Howl #buckets 4 coarsen threshold 1843 Howl Bitmap #cards 512 size 80 coarsen threshold 460 Card regions per heap region 1 cards per card region 2048
 CPUs: 8 total, 8 available
 Memory: 3484M
 Large Page Support: Disabled
 NUMA Support: Disabled
 Compressed Oops: Enabled (32-bit)
 Heap Region Size: 1M
 Heap Min Capacity: 8M
 Heap Initial Capacity: 56M
 Heap Max Capacity: 872M
 Pre-touch: Disabled
 Parallel Workers: 8
 Concurrent Workers: 2
 Concurrent Refinement Workers: 8
 Periodic GC: Disabled

Heap:
 garbage-first heap   total 57344K, used 2048K [0x00000000c9800000, 0x0000000100000000)
  region size 1024K, 3 young (3072K), 0 survivors (0K)
 Metaspace       used 330K, committed 512K, reserved 1114112K
  class space    used 20K, committed 128K, reserved 1048576K

Heap Regions: E=young(eden), S=young(survivor), O=old, HS=humongous(starts), HC=humongous(continues), CS=collection set, F=free, OA=open archive, CA=closed archive, TAMS=top-at-mark-start (previous, next)
|   0|0x00000000c9800000, 0x00000000c9800000, 0x00000000c9900000|  0%| F|  |TAMS 0x00000000c9800000, 0x00000000c9800000| Untracked 
|   1|0x00000000c9900000, 0x00000000c9900000, 0x00000000c9a00000|  0%| F|  |TAMS 0x00000000c9900000, 0x00000000c9900000| Untracked 
|   2|0x00000000c9a00000, 0x00000000c9a00000, 0x00000000c9b00000|  0%| F|  |TAMS 0x00000000c9a00000, 0x00000000c9a00000| Untracked 
|   3|0x00000000c9b00000, 0x00000000c9b00000, 0x00000000c9c00000|  0%| F|  |TAMS 0x00000000c9b00000, 0x00000000c9b00000| Untracked 
|   4|0x00000000c9c00000, 0x00000000c9c00000, 0x00000000c9d00000|  0%| F|  |TAMS 0x00000000c9c00000, 0x00000000c9c00000| Untracked 
|   5|0x00000000c9d00000, 0x00000000c9d00000, 0x00000000c9e00000|  0%| F|  |TAMS 0x00000000c9d00000, 0x00000000c9d00000| Untracked 
|   6|0x00000000c9e00000, 0x00000000c9e00000, 0x00000000c9f00000|  0%| F|  |TAMS 0x00000000c9e00000, 0x00000000c9e00000| Untracked 
|   7|0x00000000c9f00000, 0x00000000c9f00000, 0x00000000ca000000|  0%| F|  |TAMS 0x00000000c9f00000, 0x00000000c9f00000| Untracked 
|   8|0x00000000ca000000, 0x00000000ca000000, 0x00000000ca100000|  0%| F|  |TAMS 0x00000000ca000000, 0x00000000ca000000| Untracked 
|   9|0x00000000ca100000, 0x00000000ca100000, 0x00000000ca200000|  0%| F|  |TAMS 0x00000000ca100000, 0x00000000ca100000| Untracked 
|  10|0x00000000ca200000, 0x00000000ca200000, 0x00000000ca300000|  0%| F|  |TAMS 0x00000000ca200000, 0x00000000ca200000| Untracked 
|  11|0x00000000ca300000, 0x00000000ca300000, 0x00000000ca400000|  0%| F|  |TAMS 0x00000000ca300000, 0x00000000ca300000| Untracked 
|  12|0x00000000ca400000, 0x00000000ca400000, 0x00000000ca500000|  0%| F|  |TAMS 0x00000000ca400000, 0x00000000ca400000| Untracked 
|  13|0x00000000ca500000, 0x00000000ca500000, 0x00000000ca600000|  0%| F|  |TAMS 0x00000000ca500000, 0x00000000ca500000| Untracked 
|  14|0x00000000ca600000, 0x00000000ca600000, 0x00000000ca700000|  0%| F|  |TAMS 0x00000000ca600000, 0x00000000ca600000| Untracked 
|  15|0x00000000ca700000, 0x00000000ca700000, 0x00000000ca800000|  0%| F|  |TAMS 0x00000000ca700000, 0x00000000ca700000| Untracked 
|  16|0x00000000ca800000, 0x00000000ca800000, 0x00000000ca900000|  0%| F|  |TAMS 0x00000000ca800000, 0x00000000ca800000| Untracked 
|  17|0x00000000ca900000, 0x00000000ca900000, 0x00000000caa00000|  0%| F|  |TAMS 0x00000000ca900000, 0x00000000ca900000| Untracked 
|  18|0x00000000caa00000, 0x00000000caa00000, 0x00000000cab00000|  0%| F|  |TAMS 0x00000000caa00000, 0x00000000caa00000| Untracked 
|  19|0x00000000cab00000, 0x00000000cab00000, 0x00000000cac00000|  0%| F|  |TAMS 0x00000000cab00000, 0x00000000cab00000| Untracked 
|  20|0x00000000cac00000, 0x00000000cac00000, 0x00000000cad00000|  0%| F|  |TAMS 0x00000000cac00000, 0x00000000cac00000| Untracked 
|  21|0x00000000cad00000, 0x00000000cad00000, 0x00000000cae00000|  0%| F|  |TAMS 0x00000000cad00000, 0x00000000cad00000| Untracked 
|  22|0x00000000cae00000, 0x00000000cae00000, 0x00000000caf00000|  0%| F|  |TAMS 0x00000000cae00000, 0x00000000cae00000| Untracked 
|  23|0x00000000caf00000, 0x00000000caf00000, 0x00000000cb000000|  0%| F|  |TAMS 0x00000000caf00000, 0x00000000caf00000| Untracked 
|  24|0x00000000cb000000, 0x00000000cb000000, 0x00000000cb100000|  0%| F|  |TAMS 0x00000000cb000000, 0x00000000cb000000| Untracked 
|  25|0x00000000cb100000, 0x00000000cb100000, 0x00000000cb200000|  0%| F|  |TAMS 0x00000000cb100000, 0x00000000cb100000| Untracked 
|  26|0x00000000cb200000, 0x00000000cb200000, 0x00000000cb300000|  0%| F|  |TAMS 0x00000000cb200000, 0x00000000cb200000| Untracked 
|  27|0x00000000cb300000, 0x00000000cb300000, 0x00000000cb400000|  0%| F|  |TAMS 0x00000000cb300000, 0x00000000cb300000| Untracked 
|  28|0x00000000cb400000, 0x00000000cb400000, 0x00000000cb500000|  0%| F|  |TAMS 0x00000000cb400000, 0x00000000cb400000| Untracked 
|  29|0x00000000cb500000, 0x00000000cb500000, 0x00000000cb600000|  0%| F|  |TAMS 0x00000000cb500000, 0x00000000cb500000| Untracked 
|  30|0x00000000cb600000, 0x00000000cb600000, 0x00000000cb700000|  0%| F|  |TAMS 0x00000000cb600000, 0x00000000cb600000| Untracked 
|  31|0x00000000cb700000, 0x00000000cb700000, 0x00000000cb800000|  0%| F|  |TAMS 0x00000000cb700000, 0x00000000cb700000| Untracked 
|  32|0x00000000cb800000, 0x00000000cb800000, 0x00000000cb900000|  0%| F|  |TAMS 0x00000000cb800000, 0x00000000cb800000| Untracked 
|  33|0x00000000cb900000, 0x00000000cb900000, 0x00000000cba00000|  0%| F|  |TAMS 0x00000000cb900000, 0x00000000cb900000| Untracked 
|  34|0x00000000cba00000, 0x00000000cba00000, 0x00000000cbb00000|  0%| F|  |TAMS 0x00000000cba00000, 0x00000000cba00000| Untracked 
|  35|0x00000000cbb00000, 0x00000000cbb00000, 0x00000000cbc00000|  0%| F|  |TAMS 0x00000000cbb00000, 0x00000000cbb00000| Untracked 
|  36|0x00000000cbc00000, 0x00000000cbc00000, 0x00000000cbd00000|  0%| F|  |TAMS 0x00000000cbc00000, 0x00000000cbc00000| Untracked 
|  37|0x00000000cbd00000, 0x00000000cbd00000, 0x00000000cbe00000|  0%| F|  |TAMS 0x00000000cbd00000, 0x00000000cbd00000| Untracked 
|  38|0x00000000cbe00000, 0x00000000cbe00000, 0x00000000cbf00000|  0%| F|  |TAMS 0x00000000cbe00000, 0x00000000cbe00000| Untracked 
|  39|0x00000000cbf00000, 0x00000000cbf00000, 0x00000000cc000000|  0%| F|  |TAMS 0x00000000cbf00000, 0x00000000cbf00000| Untracked 
|  40|0x00000000cc000000, 0x00000000cc000000, 0x00000000cc100000|  0%| F|  |TAMS 0x00000000cc000000, 0x00000000cc000000| Untracked 
|  41|0x00000000cc100000, 0x00000000cc100000, 0x00000000cc200000|  0%| F|  |TAMS 0x00000000cc100000, 0x00000000cc100000| Untracked 
|  42|0x00000000cc200000, 0x00000000cc200000, 0x00000000cc300000|  0%| F|  |TAMS 0x00000000cc200000, 0x00000000cc200000| Untracked 
|  43|0x00000000cc300000, 0x00000000cc300000, 0x00000000cc400000|  0%| F|  |TAMS 0x00000000cc300000, 0x00000000cc300000| Untracked 
|  44|0x00000000cc400000, 0x00000000cc400000, 0x00000000cc500000|  0%| F|  |TAMS 0x00000000cc400000, 0x00000000cc400000| Untracked 
|  45|0x00000000cc500000, 0x00000000cc500000, 0x00000000cc600000|  0%| F|  |TAMS 0x00000000cc500000, 0x00000000cc500000| Untracked 
|  46|0x00000000cc600000, 0x00000000cc600000, 0x00000000cc700000|  0%| F|  |TAMS 0x00000000cc600000, 0x00000000cc600000| Untracked 
|  47|0x00000000cc700000, 0x00000000cc700000, 0x00000000cc800000|  0%| F|  |TAMS 0x00000000cc700000, 0x00000000cc700000| Untracked 
|  48|0x00000000cc800000, 0x00000000cc800000, 0x00000000cc900000|  0%| F|  |TAMS 0x00000000cc800000, 0x00000000cc800000| Untracked 
|  49|0x00000000cc900000, 0x00000000cc900000, 0x00000000cca00000|  0%| F|  |TAMS 0x00000000cc900000, 0x00000000cc900000| Untracked 
|  50|0x00000000cca00000, 0x00000000cca00000, 0x00000000ccb00000|  0%| F|  |TAMS 0x00000000cca00000, 0x00000000cca00000| Untracked 
|  51|0x00000000ccb00000, 0x00000000ccb00000, 0x00000000ccc00000|  0%| F|  |TAMS 0x00000000ccb00000, 0x00000000ccb00000| Untracked 
|  52|0x00000000ccc00000, 0x00000000ccc00000, 0x00000000ccd00000|  0%| F|  |TAMS 0x00000000ccc00000, 0x00000000ccc00000| Untracked 
|  53|0x00000000ccd00000, 0x00000000ccdec0b8, 0x00000000cce00000| 92%| E|  |TAMS 0x00000000ccd00000, 0x00000000ccd00000| Complete 
|  54|0x00000000cce00000, 0x00000000ccf00000, 0x00000000ccf00000|100%| E|CS|TAMS 0x00000000cce00000, 0x00000000cce00000| Complete 
|  55|0x00000000ccf00000, 0x00000000cd000000, 0x00000000cd000000|100%| E|CS|TAMS 0x00000000ccf00000, 0x00000000ccf00000| Complete 

Card table byte_map: [0x0000021067b40000,0x0000021067d00000] _byte_map_base: 0x00000210674f4000

Marking Bits (Prev, Next): (CMBitMap*) 0x0000021050719190, (CMBitMap*) 0x00000210507191d0
 Prev Bits: [0x0000021067ec0000, 0x0000021068c60000)
 Next Bits: [0x0000021068c60000, 0x0000021069a00000)

Polling page: 0x000002104feb0000

Metaspace:

Usage:
  Non-class:    310.13 KB used.
      Class:     20.66 KB used.
       Both:    330.79 KB used.

Virtual space:
  Non-class space:       64.00 MB reserved,     384.00 KB ( <1%) committed,  1 nodes.
      Class space:        1.00 GB reserved,     128.00 KB ( <1%) committed,  1 nodes.
             Both:        1.06 GB reserved,     512.00 KB ( <1%) committed. 

Chunk freelists:
   Non-Class:  4.00 MB
       Class:  3.75 MB
        Both:  7.74 MB

MaxMetaspaceSize: unlimited
CompressedClassSpaceSize: 1.00 GB
Initial GC threshold: 21.00 MB
Current GC threshold: 21.00 MB
CDS: on
MetaspaceReclaimPolicy: balanced
 - commit_granule_bytes: 65536.
 - commit_granule_words: 8192.
 - virtual_space_node_default_size: 8388608.
 - enlarge_chunks_in_place: 1.
 - new_chunks_are_fully_committed: 0.
 - uncommit_free_chunks: 1.
 - use_allocation_guard: 0.


Internal statistics:

num_allocs_failed_limit: 0.
num_arena_births: 6.
num_arena_deaths: 0.
num_vsnodes_births: 2.
num_vsnodes_deaths: 0.
num_space_committed: 8.
num_space_uncommitted: 0.
num_chunks_returned_to_freelist: 0.
num_chunks_taken_from_freelist: 7.
num_chunk_merges: 0.
num_chunk_splits: 4.
num_chunks_enlarged: 2.
num_inconsistent_stats: 0.

CodeHeap 'non-profiled nmethods': size=120000Kb used=66Kb max_used=66Kb free=119933Kb
 bounds [0x0000021060120000, 0x0000021060390000, 0x0000021067650000]
CodeHeap 'profiled nmethods': size=120000Kb used=195Kb max_used=195Kb free=119804Kb
 bounds [0x0000021058650000, 0x00000210588c0000, 0x000002105fb80000]
CodeHeap 'non-nmethods': size=5760Kb used=1249Kb max_used=1267Kb free=4510Kb
 bounds [0x000002105fb80000, 0x000002105fdf0000, 0x0000021060120000]
 total_blobs=563 nmethods=189 adapters=285
 compilation: enabled
              stopped_count=0, restarted_count=0
 full_count=0

Compilation events (20 events):
Event: 2.087 Thread 0x000002106c3d7a00 nmethod 182 0x000002106012db90 code [0x000002106012dd20, 0x000002106012ddd8]
Event: 2.087 Thread 0x000002106c3d7a00  183       3       java.lang.module.ResolvedModule::name (11 bytes)
Event: 2.088 Thread 0x000002106c3d7a00 nmethod 183 0x0000021058680010 code [0x00000210586801c0, 0x0000021058680318]
Event: 2.088 Thread 0x000002106c3d7a00  184       3       java.util.HashSet::<init> (16 bytes)
Event: 2.088 Thread 0x000002106c3d7a00 nmethod 184 0x0000021058680410 code [0x00000210586805e0, 0x00000210586809f8]
Event: 2.090 Thread 0x000002106c3d7a00  185       3       java.util.AbstractMap::<init> (5 bytes)
Event: 2.090 Thread 0x000002106c3d7a00 nmethod 185 0x0000021058680b90 code [0x0000021058680d40, 0x0000021058680e98]
Event: 2.091 Thread 0x000002106c3d7a00  186       1       java.lang.module.ResolvedModule::configuration (5 bytes)
Event: 2.091 Thread 0x000002106c3d7a00 nmethod 186 0x000002106012de90 code [0x000002106012e020, 0x000002106012e0d8]
Event: 2.091 Thread 0x000002106c3d7a00  187       1       java.lang.module.ModuleDescriptor::isOpen (5 bytes)
Event: 2.092 Thread 0x000002106c3d7a00 nmethod 187 0x000002106012e190 code [0x000002106012e320, 0x000002106012e3f8]
Event: 2.092 Thread 0x000002106c3d7a00  188       1       java.util.HashMap::size (5 bytes)
Event: 2.092 Thread 0x000002106c3d7a00 nmethod 188 0x000002106012e490 code [0x000002106012e620, 0x000002106012e6d8]
Event: 2.092 Thread 0x000002106c3d7a00  189       1       java.lang.module.ModuleDescriptor$Provides::service (5 bytes)
Event: 2.092 Thread 0x000002106c3d7a00 nmethod 189 0x000002106012e790 code [0x000002106012e920, 0x000002106012e9d8]
Event: 2.108 Thread 0x000002106c3b6170 nmethod 155 0x000002106012ea90 code [0x000002106012eca0, 0x000002106012fbd0]
Event: 2.108 Thread 0x000002106c3b6170  163       4       java.util.HashMap::newNode (13 bytes)
Event: 2.110 Thread 0x000002106c3b6170 nmethod 163 0x0000021060130410 code [0x00000210601305a0, 0x00000210601306b8]
Event: 2.110 Thread 0x000002106c3b6170  156       4       java.lang.String::equals (56 bytes)
Event: 2.113 Thread 0x000002106c3b6170 nmethod 156 0x0000021060130790 code [0x0000021060130920, 0x0000021060130af8]

GC Heap History (0 events):
No events

Dll operation events (4 events):
Event: 0.061 Loaded shared library C:\Java\bin\java.dll
Event: 0.784 Loaded shared library C:\Java\bin\jsvml.dll
Event: 2.003 Loaded shared library C:\Java\bin\net.dll
Event: 2.008 Loaded shared library C:\Java\bin\nio.dll

Deoptimization events (0 events):
No events

Classes loaded (20 events):
Event: 2.019 Loading class java/io/IOException
Event: 2.019 Loading class java/io/IOException done
Event: 2.019 Loading class java/nio/file/FileSystemException done
Event: 2.019 Loading class java/nio/file/NoSuchFileException done
Event: 2.020 Loading class java/nio/file/Files$AcceptAllFilter
Event: 2.020 Loading class java/nio/file/DirectoryStream$Filter
Event: 2.020 Loading class java/nio/file/DirectoryStream$Filter done
Event: 2.020 Loading class java/nio/file/Files$AcceptAllFilter done
Event: 2.020 Loading class sun/nio/fs/WindowsDirectoryStream$WindowsDirectoryIterator
Event: 2.020 Loading class sun/nio/fs/WindowsDirectoryStream$WindowsDirectoryIterator done
Event: 2.021 Loading class sun/nio/fs/WindowsPath$WindowsPathWithAttributes
Event: 2.021 Loading class sun/nio/fs/BasicFileAttributesHolder
Event: 2.021 Loading class sun/nio/fs/BasicFileAttributesHolder done
Event: 2.021 Loading class sun/nio/fs/WindowsPath$WindowsPathWithAttributes done
Event: 2.023 Loading class java/nio/file/attribute/FileAttribute
Event: 2.023 Loading class java/nio/file/attribute/FileAttribute done
Event: 2.023 Loading class sun/nio/fs/WindowsSecurityDescriptor
Event: 2.023 Loading class sun/nio/fs/WindowsSecurityDescriptor done
Event: 2.095 Loading class jdk/internal/vm/VMSupport
Event: 2.095 Loading class jdk/internal/vm/VMSupport done

Classes unloaded (0 events):
No events

Classes redefined (0 events):
No events

Internal exceptions (3 events):
Event: 2.018 Thread 0x000002104e65dfd0 Exception <a 'sun/nio/fs/WindowsException'{0x00000000cce45370}> (0x00000000cce45370) 
thrown [s\open\src\hotspot\share\prims\jni.cpp, line 517]
Event: 2.019 Thread 0x000002104e65dfd0 Exception <a 'sun/nio/fs/WindowsException'{0x00000000cce458c0}> (0x00000000cce458c0) 
thrown [s\open\src\hotspot\share\prims\jni.cpp, line 517]
Event: 2.025 Thread 0x000002104e65dfd0 Exception <a 'sun/nio/fs/WindowsException'{0x00000000cce47c50}> (0x00000000cce47c50) 
thrown [s\open\src\hotspot\share\prims\jni.cpp, line 517]

VM Operations (6 events):
Event: 1.851 Executing VM operation: Cleanup
Event: 1.851 Executing VM operation: Cleanup done
Event: 2.028 Executing VM operation: HandshakeAllThreads
Event: 2.028 Executing VM operation: HandshakeAllThreads done
Event: 3.049 Executing VM operation: Cleanup
Event: 3.049 Executing VM operation: Cleanup done

Events (13 events):
Event: 0.785 Thread 0x000002104e65dfd0 Thread added: 0x000002104e65dfd0
Event: 1.002 Thread 0x000002106c3af2e0 Thread added: 0x000002106c3af2e0
Event: 1.002 Thread 0x000002106c3b1ee0 Thread added: 0x000002106c3b1ee0
Event: 1.003 Thread 0x000002106c3b3980 Thread added: 0x000002106c3b3980
Event: 1.003 Thread 0x000002106c3b42b0 Thread added: 0x000002106c3b42b0
Event: 1.004 Thread 0x000002106c3b4be0 Thread added: 0x000002106c3b4be0
Event: 1.004 Thread 0x000002106c3b5510 Thread added: 0x000002106c3b5510
Event: 1.004 Thread 0x000002106c3b6170 Thread added: 0x000002106c3b6170
Event: 1.008 Thread 0x000002106c3d7a00 Thread added: 0x000002106c3d7a00
Event: 1.008 Thread 0x000002106c410780 Thread added: 0x000002106c410780
Event: 1.204 Thread 0x0000021070856010 Thread added: 0x0000021070856010
Event: 5.988 Thread 0x0000021070997650 Thread added: 0x0000021070997650
Event: 5.989 Thread 0x000002107095ef10 Thread added: 0x000002107095ef10


Dynamic libraries:
0x00007ff68a850000 - 0x00007ff68a860000 	C:\Java\bin\java.exe
0x00007ff916070000 - 0x00007ff916268000 	C:\WINDOWS\SYSTEM32\ntdll.dll
0x00007ff914d40000 - 0x00007ff914dff000 	C:\WINDOWS\System32\KERNEL32.DLL
0x00007ff913ba0000 - 0x00007ff913e72000 	C:\WINDOWS\System32\KERNELBASE.dll
0x00007ff913a70000 - 0x00007ff913b70000 	C:\WINDOWS\System32\ucrtbase.dll
0x00007ff8f5560000 - 0x00007ff8f5578000 	C:\Java\bin\jli.dll
0x00007ff914760000 - 0x00007ff91480e000 	C:\WINDOWS\System32\ADVAPI32.dll
0x00007ff915360000 - 0x00007ff9153fe000 	C:\WINDOWS\System32\msvcrt.dll
0x00007ff9148c0000 - 0x00007ff91495c000 	C:\WINDOWS\System32\sechost.dll
0x00007ff915e40000 - 0x00007ff915f64000 	C:\WINDOWS\System32\RPCRT4.dll
0x00007ff914120000 - 0x00007ff9142c1000 	C:\WINDOWS\System32\USER32.dll
0x00007ff913b70000 - 0x00007ff913b92000 	C:\WINDOWS\System32\win32u.dll
0x00007ff914c30000 - 0x00007ff914c5b000 	C:\WINDOWS\System32\GDI32.dll
0x00007ff913880000 - 0x00007ff91398f000 	C:\WINDOWS\System32\gdi32full.dll
0x00007ff913770000 - 0x00007ff91380d000 	C:\WINDOWS\System32\msvcp_win.dll
0x00007ff8c9cb0000 - 0x00007ff8c9ccb000 	C:\Java\bin\VCRUNTIME140.dll
0x00007ff902a00000 - 0x00007ff902c9a000 	C:\WINDOWS\WinSxS\amd64_microsoft.windows.common-controls_6595b64144ccf1df_6.0.19041.1110_none_60b5254171f9507e\COMCTL32.dll
0x00007ff90c3c0000 - 0x00007ff90c3ca000 	C:\WINDOWS\SYSTEM32\VERSION.dll
0x00007ff915270000 - 0x00007ff9152a0000 	C:\WINDOWS\System32\IMM32.DLL
0x00007ff8e6aa0000 - 0x00007ff8e6aac000 	C:\Java\bin\vcruntime140_1.dll
0x00007ff8c6930000 - 0x00007ff8c69be000 	C:\Java\bin\msvcp140.dll
0x00007ff8c5480000 - 0x00007ff8c6140000 	C:\Java\bin\server\jvm.dll
0x00007ff8e8030000 - 0x00007ff8e8039000 	C:\WINDOWS\SYSTEM32\WSOCK32.dll
0x00007ff914960000 - 0x00007ff9149cb000 	C:\WINDOWS\System32\WS2_32.dll
0x00007ff90c390000 - 0x00007ff90c3b7000 	C:\WINDOWS\SYSTEM32\WINMM.dll
0x00007ff911630000 - 0x00007ff911642000 	C:\WINDOWS\SYSTEM32\kernel.appcore.dll
0x00007ff8e6850000 - 0x00007ff8e685a000 	C:\Java\bin\jimage.dll
0x00007ff9012e0000 - 0x00007ff9014c4000 	C:\WINDOWS\SYSTEM32\DBGHELP.DLL
0x00007ff901530000 - 0x00007ff901565000 	C:\WINDOWS\SYSTEM32\dbgcore.DLL
0x00007ff913fe0000 - 0x00007ff914062000 	C:\WINDOWS\System32\bcryptPrimitives.dll
0x00007ff8e68a0000 - 0x00007ff8e68dc000 	C:\Java\bin\jdwp.dll
0x00007ff8c5410000 - 0x00007ff8c5436000 	C:\Java\bin\java.dll
0x00007ff8c5330000 - 0x00007ff8c5407000 	C:\Java\bin\jsvml.dll
0x00007ff915420000 - 0x00007ff915b65000 	C:\WINDOWS\System32\SHELL32.dll
0x00007ff911830000 - 0x00007ff911fc2000 	C:\WINDOWS\SYSTEM32\windows.storage.dll
0x00007ff914400000 - 0x00007ff914755000 	C:\WINDOWS\System32\combase.dll
0x00007ff913160000 - 0x00007ff913190000 	C:\WINDOWS\SYSTEM32\Wldp.dll
0x00007ff9152a0000 - 0x00007ff91534d000 	C:\WINDOWS\System32\SHCORE.dll
0x00007ff914b30000 - 0x00007ff914b85000 	C:\WINDOWS\System32\shlwapi.dll
0x00007ff9136b0000 - 0x00007ff9136cf000 	C:\WINDOWS\SYSTEM32\profapi.dll
0x00007ff8c5310000 - 0x00007ff8c5323000 	C:\Java\bin\net.dll
0x00007ff90b820000 - 0x00007ff90b92a000 	C:\WINDOWS\SYSTEM32\WINHTTP.dll
0x00007ff912ec0000 - 0x00007ff912f2a000 	C:\WINDOWS\system32\mswsock.dll
0x00007ff8c52f0000 - 0x00007ff8c5306000 	C:\Java\bin\nio.dll
0x00007ff8ead70000 - 0x00007ff8ead7b000 	C:\Java\bin\dt_shmem.dll

dbghelp: loaded successfully - version: 4.0.5 - missing functions: none
symbol engine: initialized successfully - sym options: 0x614 - pdb path: .;C:\Java\bin;C:\WINDOWS\SYSTEM32;C:\WINDOWS\WinSxS\amd64_microsoft.windows.common-controls_6595b64144ccf1df_6.0.19041.1110_none_60b5254171f9507e;C:\Java\bin\server

VM Arguments:
jvm_args: -Dfile.encoding=UTF-8 -agentlib:jdwp=transport=dt_shmem,address=javadebug8201 --module-path=C:\Users\Rioan\OneDrive\Desktop\Isaac Project\databasee_1\build\classes 
java_command: databasee.login
java_class_path (initial): C:\Users\Rioan\OneDrive\Desktop\Beginners\JCalendar.jar;C:\Users\Rioan\OneDrive\Desktop\Beginners\netbeans\java\modules\ext\AbsoluteLayout.jar;C:\Users\Rioan\OneDrive\Desktop\Isaac Project\databasee_1\build\classes
Launcher Type: SUN_STANDARD

[Global flags]
     intx CICompilerCount                          = 4                                         {product} {ergonomic}
     uint ConcGCThreads                            = 2                                         {product} {ergonomic}
     uint G1ConcRefinementThreads                  = 8                                         {product} {ergonomic}
   size_t G1HeapRegionSize                         = 1048576                                   {product} {ergonomic}
    uintx GCDrainStackTargetSize                   = 64                                        {product} {ergonomic}
   size_t InitialHeapSize                          = 58720256                                  {product} {ergonomic}
   size_t MarkStackSize                            = 4194304                                   {product} {ergonomic}
   size_t MaxHeapSize                              = 914358272                                 {product} {ergonomic}
   size_t MaxNewSize                               = 548405248                                 {product} {ergonomic}
   size_t MinHeapDeltaBytes                        = 1048576                                   {product} {ergonomic}
   size_t MinHeapSize                              = 8388608                                   {product} {ergonomic}
    uintx NonNMethodCodeHeapSize                   = 5839372                                {pd product} {ergonomic}
    uintx NonProfiledCodeHeapSize                  = 122909434                              {pd product} {ergonomic}
    uintx ProfiledCodeHeapSize                     = 122909434                              {pd product} {ergonomic}
    uintx ReservedCodeCacheSize                    = 251658240                              {pd product} {ergonomic}
     bool SegmentedCodeCache                       = true                                      {product} {ergonomic}
   size_t SoftMaxHeapSize                          = 914358272                              {manageable} {ergonomic}
     bool UseCompressedClassPointers               = true                           {product lp64_product} {ergonomic}
     bool UseCompressedOops                        = true                           {product lp64_product} {ergonomic}
     bool UseG1GC                                  = true                                      {product} {ergonomic}
     bool UseLargePagesIndividualAllocation        = false                                  {pd product} {ergonomic}

Logging:
Log output configuration:
 #0: stdout all=warning uptime,level,tags foldmultilines=false
 #1: stderr all=off uptime,level,tags foldmultilines=false

Environment Variables:
PATH=C:\Program Files\Common Files\Oracle\Java\javapath;C:\ProgramData\Oracle\Java\javapath;C:\WINDOWS\system32;C:\WINDOWS;C:\WINDOWS\System32\Wbem;C:\WINDOWS\System32\WindowsPowerShell\v1.0\;C:\WINDOWS\System32\OpenSSH\;C:\scrcpy;C:\Users\Rioan\AppData\Local\Microsoft\WindowsApps;
USERNAME=Rioan
OS=Windows_NT
PROCESSOR_IDENTIFIER=AMD64 Family 23 Model 17 Stepping 0, AuthenticAMD
TMP=C:\Users\Rioan\AppData\Local\Temp
TEMP=C:\Users\Rioan\AppData\Local\Temp



---------------  S Y S T E M  ---------------

OS:
 Windows 10 , 64 bit Build 19041 (10.0.19041.2546)
OS uptime: 0 days 0:19 hours

CPU: total 8 (initial active 8) (8 cores per cpu, 2 threads per core) family 23 model 17 stepping 0 microcode 0x0, cx8, cmov, fxsr, ht, mmx, 3dnowpref, sse, sse2, sse3, ssse3, sse4a, sse4.1, sse4.2, popcnt, lzcnt, tsc, tscinvbit, avx, avx2, aes, clmul, bmi1, bmi2, adx, sha, fma, vzeroupper, clflush, clflushopt, rdtscp

Memory: 4k page, system-wide physical 3484M (301M free)
TotalPageFile size 14236M (AvailPageFile size 213M)
current process WorkingSet (physical memory assigned to process): 32M, peak: 32M
current process commit charge ("private bytes"): 136M, peak: 136M

vm_info: Java HotSpot(TM) 64-Bit Server VM (19.0.2+7-44) for windows-amd64 JRE (19.0.2+7-44), built on 2022-11-30T18:02:09Z by "mach5one" with MS VC++ 17.1 (VS2022)

END.
