#
# There is insufficient memory for the Java Runtime Environment to continue.
# Native memory allocation (mmap) failed to map 65536 bytes for Failed to commit metaspace.
# Possible reasons:
#   The system is out of physical RAM or swap space
#   The process is running with CompressedOops enabled, and the Java Heap may be blocking the growth of the native heap
# Possible solutions:
#   Reduce memory load on the system
#   Increase physical memory or swap space
#   Check if swap backing store is full
#   Decrease Java heap size (-Xmx/-Xms)
#   Decrease number of Java threads
#   Decrease Java thread stack sizes (-Xss)
#   Set larger code cache with -XX:ReservedCodeCacheSize=
#   JVM is running with Unscaled Compressed Oops mode in which the Java heap is
#     placed in the first 4GB address space. The Java Heap base address is the
#     maximum limit for the native heap growth. Please use -XX:HeapBaseMinAddress
#     to set the Java Heap base and to place the Java Heap above 4GB virtual address.
# This output file may be truncated or incomplete.
#
#  Out of Memory Error (virtualSpaceNode.cpp:110), pid=28456, tid=8280
#
# JRE version: Java(TM) SE Runtime Environment (19.0.2+7) (build 19.0.2+7-44)
# Java VM: Java HotSpot(TM) 64-Bit Server VM (19.0.2+7-44, mixed mode, sharing, tiered, compressed oops, compressed class ptrs, g1 gc, windows-amd64)
# No core dump will be written. Minidumps are not enabled by default on client versions of Windows
#

---------------  S U M M A R Y ------------

Command Line: -Dfile.encoding=UTF-8 -agentlib:jdwp=transport=dt_shmem,address=javadebug1960 --module-path=C:\Users\Rioan\OneDrive\Desktop\Isaac Project\databasee_1\build\classes databasee.login

Host: AMD Ryzen 5 2500U with Radeon Vega Mobile Gfx  , 8 cores, 3G,  Windows 10 , 64 bit Build 19041 (10.0.19041.2546)
Time: Sat Apr  1 19:08:15 2023 China Standard Time elapsed time: 93.858123 seconds (0d 0h 1m 33s)

---------------  T H R E A D  ---------------

Current thread (0x000002547e97c090):  JavaThread "main" [_thread_in_vm, id=8280, stack(0x0000006bfff00000,0x0000006c00000000)]

Stack: [0x0000006bfff00000,0x0000006c00000000]
Native frames: (J=compiled Java code, j=interpreted, Vv=VM code, C=native code)
V  [jvm.dll+0x6ee21a]
V  [jvm.dll+0x85765e]
V  [jvm.dll+0x85904e]
V  [jvm.dll+0x859703]
V  [jvm.dll+0x28298f]
V  [jvm.dll+0x8532db]
V  [jvm.dll+0x692cb6]
V  [jvm.dll+0x692d1a]
V  [jvm.dll+0x695613]
V  [jvm.dll+0x6954de]
V  [jvm.dll+0x6936de]
V  [jvm.dll+0x2717d5]
V  [jvm.dll+0x743303]
V  [jvm.dll+0x743ccf]
V  [jvm.dll+0x3c999e]
V  [jvm.dll+0x46a1ef]
V  [jvm.dll+0x474684]
C  0x000002540f3f3378

Java frames: (J=compiled Java code, j=interpreted, Vv=VM code)
j  java.lang.Class.getDeclaredConstructors0(Z)[Ljava/lang/reflect/Constructor;+0 java.base@19.0.2
j  java.lang.Class.privateGetDeclaredConstructors(Z)[Ljava/lang/reflect/Constructor;+52 java.base@19.0.2
j  java.lang.Class.getConstructor0([Ljava/lang/Class;I)Ljava/lang/reflect/Constructor;+14 java.base@19.0.2
j  java.lang.Class.getConstructor([Ljava/lang/Class;)Ljava/lang/reflect/Constructor;+24 java.base@19.0.2
j  java.util.ResourceBundle$ResourceBundleProviderHelper.newResourceBundle(Ljava/lang/Class;)Ljava/util/ResourceBundle;+5 java.base@19.0.2
j  java.util.ResourceBundle$ResourceBundleProviderHelper.loadResourceBundle(Ljava/lang/Module;Ljava/lang/Module;Ljava/lang/String;Ljava/util/Locale;)Ljava/util/ResourceBundle;+204 java.base@19.0.2
j  java.util.ResourceBundle.loadBundle(Ljava/util/ResourceBundle$CacheKey;Ljava/util/List;Ljava/util/ResourceBundle$Control;Ljava/lang/Module;Ljava/lang/Module;)Ljava/util/ResourceBundle;+259 java.base@19.0.2
j  java.util.ResourceBundle.findBundle(Ljava/lang/Module;Ljava/lang/Module;Ljava/util/ResourceBundle$CacheKey;Ljava/util/List;Ljava/util/List;ILjava/util/ResourceBundle$Control;Ljava/util/ResourceBundle;)Ljava/util/ResourceBundle;+249 java.base@19.0.2
j  java.util.ResourceBundle.findBundle(Ljava/lang/Module;Ljava/lang/Module;Ljava/util/ResourceBundle$CacheKey;Ljava/util/List;Ljava/util/List;ILjava/util/ResourceBundle$Control;Ljava/util/ResourceBundle;)Ljava/util/ResourceBundle;+43 java.base@19.0.2
j  java.util.ResourceBundle.findBundle(Ljava/lang/Module;Ljava/lang/Module;Ljava/util/ResourceBundle$CacheKey;Ljava/util/List;Ljava/util/List;ILjava/util/ResourceBundle$Control;Ljava/util/ResourceBundle;)Ljava/util/ResourceBundle;+43 java.base@19.0.2
j  java.util.ResourceBundle.getBundleImpl(Ljava/lang/Module;Ljava/lang/Module;Ljava/lang/String;Ljava/util/Locale;Ljava/util/ResourceBundle$Control;)Ljava/util/ResourceBundle;+196 java.base@19.0.2
j  java.util.ResourceBundle.getBundleImpl(Ljava/lang/String;Ljava/util/Locale;Ljava/lang/Class;Ljava/lang/ClassLoader;Ljava/util/ResourceBundle$Control;)Ljava/util/ResourceBundle;+31 java.base@19.0.2
j  java.util.ResourceBundle.getBundleImpl(Ljava/lang/String;Ljava/util/Locale;Ljava/lang/Class;Ljava/util/ResourceBundle$Control;)Ljava/util/ResourceBundle;+15 java.base@19.0.2
j  java.util.ResourceBundle.getBundle(Ljava/lang/String;)Ljava/util/ResourceBundle;+14 java.base@19.0.2
j  java.awt.Toolkit$4.run()Ljava/lang/Void;+2 java.desktop@19.0.2
j  java.awt.Toolkit$4.run()Ljava/lang/Object;+1 java.desktop@19.0.2
j  java.security.AccessController.executePrivileged(Ljava/security/PrivilegedAction;Ljava/security/AccessControlContext;Ljava/lang/Class;)Ljava/lang/Object;+29 java.base@19.0.2
j  java.security.AccessController.doPrivileged(Ljava/security/PrivilegedAction;)Ljava/lang/Object;+5 java.base@19.0.2
j  java.awt.Toolkit.initStatic()V+17 java.desktop@19.0.2
j  java.awt.Toolkit.<clinit>()V+20 java.desktop@19.0.2
v  ~StubRoutines::call_stub 0x000002540f3d100e
j  java.awt.Component.<clinit>()V+93 java.desktop@19.0.2
v  ~StubRoutines::call_stub 0x000002540f3d100e

---------------  P R O C E S S  ---------------

Threads class SMR info:
_java_thread_list=0x000002541ed7c6d0, length=15, elements={
0x000002547e97c090, 0x000002547fc71640, 0x000002547fc72880, 0x000002547fc739c0,
0x000002547fc742f0, 0x000002547fc74c20, 0x000002547fc75550, 0x000002547fc761b0,
0x000002547fc77b40, 0x000002547fc784b0, 0x000002547fc5cd00, 0x000002541ed42f80,
0x000002541edb8fd0, 0x000002541ed3a770, 0x000002541ed86690
}

Java Threads: ( => current thread )
=>0x000002547e97c090 JavaThread "main" [_thread_in_vm, id=8280, stack(0x0000006bfff00000,0x0000006c00000000)]
  0x000002547fc71640 JavaThread "Reference Handler" daemon [_thread_blocked, id=28520, stack(0x0000006b80600000,0x0000006b80700000)]
  0x000002547fc72880 JavaThread "Finalizer" daemon [_thread_blocked, id=28524, stack(0x0000006b80700000,0x0000006b80800000)]
  0x000002547fc739c0 JavaThread "Signal Dispatcher" daemon [_thread_blocked, id=29508, stack(0x0000006b80800000,0x0000006b80900000)]
  0x000002547fc742f0 JavaThread "Attach Listener" daemon [_thread_blocked, id=28612, stack(0x0000006b80900000,0x0000006b80a00000)]
  0x000002547fc74c20 JavaThread "Service Thread" daemon [_thread_blocked, id=29564, stack(0x0000006b80a00000,0x0000006b80b00000)]
  0x000002547fc75550 JavaThread "Monitor Deflation Thread" daemon [_thread_blocked, id=8816, stack(0x0000006b80b00000,0x0000006b80c00000)]
  0x000002547fc761b0 JavaThread "C2 CompilerThread0" daemon [_thread_blocked, id=28420, stack(0x0000006b80c00000,0x0000006b80d00000)]
  0x000002547fc77b40 JavaThread "C1 CompilerThread0" daemon [_thread_blocked, id=9524, stack(0x0000006b80d00000,0x0000006b80e00000)]
  0x000002547fc784b0 JavaThread "Sweeper thread" daemon [_thread_blocked, id=1776, stack(0x0000006b80e00000,0x0000006b80f00000)]
  0x000002547fc5cd00 JavaThread "Common-Cleaner" daemon [_thread_blocked, id=26684, stack(0x0000006b80f00000,0x0000006b81000000)]
  0x000002541ed42f80 JavaThread "JDWP Transport Listener: dt_shmem" daemon [_thread_blocked, id=22864, stack(0x0000006b81000000,0x0000006b81100000)]
  0x000002541edb8fd0 JavaThread "JDWP Event Helper Thread" daemon [_thread_blocked, id=22868, stack(0x0000006b81100000,0x0000006b81200000)]
  0x000002541ed3a770 JavaThread "JDWP Command Reader" daemon [_thread_in_native, id=27368, stack(0x0000006b81200000,0x0000006b81300000)]
  0x000002541ed86690 JavaThread "Notification Thread" daemon [_thread_blocked, id=13664, stack(0x0000006b81300000,0x0000006b81400000)]

Other Threads:
  0x000002547ea466f0 VMThread "VM Thread" [stack: 0x0000006b80500000,0x0000006b80600000] [id=10796]
  0x000002541ece6b30 WatcherThread "VM Periodic Task Thread" [stack: 0x0000006b81400000,0x0000006b81500000] [id=13716]
  0x000002547e9b7e60 WorkerThread "GC Thread#0" [stack: 0x0000006b80000000,0x0000006b80100000] [id=9112]
  0x000002547e9c0970 ConcurrentGCThread "G1 Main Marker" [stack: 0x0000006b80100000,0x0000006b80200000] [id=7272]
  0x000002547e9c1240 WorkerThread "G1 Conc#0" [stack: 0x0000006b80200000,0x0000006b80300000] [id=4616]
  0x000002547ea240e0 ConcurrentGCThread "G1 Refine#0" [stack: 0x0000006b80300000,0x0000006b80400000] [id=10576]
  0x000002547ea26c70 ConcurrentGCThread "G1 Service" [stack: 0x0000006b80400000,0x0000006b80500000] [id=10724]

Threads with active compile tasks:

VM state: not at safepoint (normal execution)

VM Mutex/Monitor currently owned by a thread:  ([mutex/lock_event])
[0x000002547e974070] Metaspace_lock - owner thread: 0x000002547e97c090

Heap address: 0x00000000c9800000, size: 872 MB, Compressed Oops mode: 32-bit

CDS archive(s) mapped at: [0x0000000800000000-0x0000000800c40000-0x0000000800c40000), size 12845056, SharedBaseAddress: 0x0000000800000000, ArchiveRelocationMode: 0.
Compressed class space mapped at: 0x0000000801000000-0x0000000841000000, reserved size: 1073741824
Narrow klass base: 0x0000000800000000, Narrow klass shift: 0, Narrow klass range: 0x100000000

GC Precious Log:
 CardTable entry size: 512
 Card Set container configuration: InlinePtr #cards 5 size 8 Array Of Cards #cards 12 size 40 Howl #buckets 4 coarsen threshold 1843 Howl Bitmap #cards 512 size 80 coarsen threshold 460 Card regions per heap region 1 cards per card region 2048
 CPUs: 8 total, 8 available
 Memory: 3484M
 Large Page Support: Disabled
 NUMA Support: Disabled
 Compressed Oops: Enabled (32-bit)
 Heap Region Size: 1M
 Heap Min Capacity: 8M
 Heap Initial Capacity: 56M
 Heap Max Capacity: 872M
 Pre-touch: Disabled
 Parallel Workers: 8
 Concurrent Workers: 2
 Concurrent Refinement Workers: 8
 Periodic GC: Disabled

Heap:
 garbage-first heap   total 57344K, used 2048K [0x00000000c9800000, 0x0000000100000000)
  region size 1024K, 3 young (3072K), 0 survivors (0K)
 Metaspace       used 1213K, committed 1344K, reserved 1114112K
  class space    used 113K, committed 192K, reserved 1048576K

Heap Regions: E=young(eden), S=young(survivor), O=old, HS=humongous(starts), HC=humongous(continues), CS=collection set, F=free, OA=open archive, CA=closed archive, TAMS=top-at-mark-start (previous, next)
|   0|0x00000000c9800000, 0x00000000c9800000, 0x00000000c9900000|  0%| F|  |TAMS 0x00000000c9800000, 0x00000000c9800000| Untracked 
|   1|0x00000000c9900000, 0x00000000c9900000, 0x00000000c9a00000|  0%| F|  |TAMS 0x00000000c9900000, 0x00000000c9900000| Untracked 
|   2|0x00000000c9a00000, 0x00000000c9a00000, 0x00000000c9b00000|  0%| F|  |TAMS 0x00000000c9a00000, 0x00000000c9a00000| Untracked 
|   3|0x00000000c9b00000, 0x00000000c9b00000, 0x00000000c9c00000|  0%| F|  |TAMS 0x00000000c9b00000, 0x00000000c9b00000| Untracked 
|   4|0x00000000c9c00000, 0x00000000c9c00000, 0x00000000c9d00000|  0%| F|  |TAMS 0x00000000c9c00000, 0x00000000c9c00000| Untracked 
|   5|0x00000000c9d00000, 0x00000000c9d00000, 0x00000000c9e00000|  0%| F|  |TAMS 0x00000000c9d00000, 0x00000000c9d00000| Untracked 
|   6|0x00000000c9e00000, 0x00000000c9e00000, 0x00000000c9f00000|  0%| F|  |TAMS 0x00000000c9e00000, 0x00000000c9e00000| Untracked 
|   7|0x00000000c9f00000, 0x00000000c9f00000, 0x00000000ca000000|  0%| F|  |TAMS 0x00000000c9f00000, 0x00000000c9f00000| Untracked 
|   8|0x00000000ca000000, 0x00000000ca000000, 0x00000000ca100000|  0%| F|  |TAMS 0x00000000ca000000, 0x00000000ca000000| Untracked 
|   9|0x00000000ca100000, 0x00000000ca100000, 0x00000000ca200000|  0%| F|  |TAMS 0x00000000ca100000, 0x00000000ca100000| Untracked 
|  10|0x00000000ca200000, 0x00000000ca200000, 0x00000000ca300000|  0%| F|  |TAMS 0x00000000ca200000, 0x00000000ca200000| Untracked 
|  11|0x00000000ca300000, 0x00000000ca300000, 0x00000000ca400000|  0%| F|  |TAMS 0x00000000ca300000, 0x00000000ca300000| Untracked 
|  12|0x00000000ca400000, 0x00000000ca400000, 0x00000000ca500000|  0%| F|  |TAMS 0x00000000ca400000, 0x00000000ca400000| Untracked 
|  13|0x00000000ca500000, 0x00000000ca500000, 0x00000000ca600000|  0%| F|  |TAMS 0x00000000ca500000, 0x00000000ca500000| Untracked 
|  14|0x00000000ca600000, 0x00000000ca600000, 0x00000000ca700000|  0%| F|  |TAMS 0x00000000ca600000, 0x00000000ca600000| Untracked 
|  15|0x00000000ca700000, 0x00000000ca700000, 0x00000000ca800000|  0%| F|  |TAMS 0x00000000ca700000, 0x00000000ca700000| Untracked 
|  16|0x00000000ca800000, 0x00000000ca800000, 0x00000000ca900000|  0%| F|  |TAMS 0x00000000ca800000, 0x00000000ca800000| Untracked 
|  17|0x00000000ca900000, 0x00000000ca900000, 0x00000000caa00000|  0%| F|  |TAMS 0x00000000ca900000, 0x00000000ca900000| Untracked 
|  18|0x00000000caa00000, 0x00000000caa00000, 0x00000000cab00000|  0%| F|  |TAMS 0x00000000caa00000, 0x00000000caa00000| Untracked 
|  19|0x00000000cab00000, 0x00000000cab00000, 0x00000000cac00000|  0%| F|  |TAMS 0x00000000cab00000, 0x00000000cab00000| Untracked 
|  20|0x00000000cac00000, 0x00000000cac00000, 0x00000000cad00000|  0%| F|  |TAMS 0x00000000cac00000, 0x00000000cac00000| Untracked 
|  21|0x00000000cad00000, 0x00000000cad00000, 0x00000000cae00000|  0%| F|  |TAMS 0x00000000cad00000, 0x00000000cad00000| Untracked 
|  22|0x00000000cae00000, 0x00000000cae00000, 0x00000000caf00000|  0%| F|  |TAMS 0x00000000cae00000, 0x00000000cae00000| Untracked 
|  23|0x00000000caf00000, 0x00000000caf00000, 0x00000000cb000000|  0%| F|  |TAMS 0x00000000caf00000, 0x00000000caf00000| Untracked 
|  24|0x00000000cb000000, 0x00000000cb000000, 0x00000000cb100000|  0%| F|  |TAMS 0x00000000cb000000, 0x00000000cb000000| Untracked 
|  25|0x00000000cb100000, 0x00000000cb100000, 0x00000000cb200000|  0%| F|  |TAMS 0x00000000cb100000, 0x00000000cb100000| Untracked 
|  26|0x00000000cb200000, 0x00000000cb200000, 0x00000000cb300000|  0%| F|  |TAMS 0x00000000cb200000, 0x00000000cb200000| Untracked 
|  27|0x00000000cb300000, 0x00000000cb300000, 0x00000000cb400000|  0%| F|  |TAMS 0x00000000cb300000, 0x00000000cb300000| Untracked 
|  28|0x00000000cb400000, 0x00000000cb400000, 0x00000000cb500000|  0%| F|  |TAMS 0x00000000cb400000, 0x00000000cb400000| Untracked 
|  29|0x00000000cb500000, 0x00000000cb500000, 0x00000000cb600000|  0%| F|  |TAMS 0x00000000cb500000, 0x00000000cb500000| Untracked 
|  30|0x00000000cb600000, 0x00000000cb600000, 0x00000000cb700000|  0%| F|  |TAMS 0x00000000cb600000, 0x00000000cb600000| Untracked 
|  31|0x00000000cb700000, 0x00000000cb700000, 0x00000000cb800000|  0%| F|  |TAMS 0x00000000cb700000, 0x00000000cb700000| Untracked 
|  32|0x00000000cb800000, 0x00000000cb800000, 0x00000000cb900000|  0%| F|  |TAMS 0x00000000cb800000, 0x00000000cb800000| Untracked 
|  33|0x00000000cb900000, 0x00000000cb900000, 0x00000000cba00000|  0%| F|  |TAMS 0x00000000cb900000, 0x00000000cb900000| Untracked 
|  34|0x00000000cba00000, 0x00000000cba00000, 0x00000000cbb00000|  0%| F|  |TAMS 0x00000000cba00000, 0x00000000cba00000| Untracked 
|  35|0x00000000cbb00000, 0x00000000cbb00000, 0x00000000cbc00000|  0%| F|  |TAMS 0x00000000cbb00000, 0x00000000cbb00000| Untracked 
|  36|0x00000000cbc00000, 0x00000000cbc00000, 0x00000000cbd00000|  0%| F|  |TAMS 0x00000000cbc00000, 0x00000000cbc00000| Untracked 
|  37|0x00000000cbd00000, 0x00000000cbd00000, 0x00000000cbe00000|  0%| F|  |TAMS 0x00000000cbd00000, 0x00000000cbd00000| Untracked 
|  38|0x00000000cbe00000, 0x00000000cbe00000, 0x00000000cbf00000|  0%| F|  |TAMS 0x00000000cbe00000, 0x00000000cbe00000| Untracked 
|  39|0x00000000cbf00000, 0x00000000cbf00000, 0x00000000cc000000|  0%| F|  |TAMS 0x00000000cbf00000, 0x00000000cbf00000| Untracked 
|  40|0x00000000cc000000, 0x00000000cc000000, 0x00000000cc100000|  0%| F|  |TAMS 0x00000000cc000000, 0x00000000cc000000| Untracked 
|  41|0x00000000cc100000, 0x00000000cc100000, 0x00000000cc200000|  0%| F|  |TAMS 0x00000000cc100000, 0x00000000cc100000| Untracked 
|  42|0x00000000cc200000, 0x00000000cc200000, 0x00000000cc300000|  0%| F|  |TAMS 0x00000000cc200000, 0x00000000cc200000| Untracked 
|  43|0x00000000cc300000, 0x00000000cc300000, 0x00000000cc400000|  0%| F|  |TAMS 0x00000000cc300000, 0x00000000cc300000| Untracked 
|  44|0x00000000cc400000, 0x00000000cc400000, 0x00000000cc500000|  0%| F|  |TAMS 0x00000000cc400000, 0x00000000cc400000| Untracked 
|  45|0x00000000cc500000, 0x00000000cc500000, 0x00000000cc600000|  0%| F|  |TAMS 0x00000000cc500000, 0x00000000cc500000| Untracked 
|  46|0x00000000cc600000, 0x00000000cc600000, 0x00000000cc700000|  0%| F|  |TAMS 0x00000000cc600000, 0x00000000cc600000| Untracked 
|  47|0x00000000cc700000, 0x00000000cc700000, 0x00000000cc800000|  0%| F|  |TAMS 0x00000000cc700000, 0x00000000cc700000| Untracked 
|  48|0x00000000cc800000, 0x00000000cc800000, 0x00000000cc900000|  0%| F|  |TAMS 0x00000000cc800000, 0x00000000cc800000| Untracked 
|  49|0x00000000cc900000, 0x00000000cc900000, 0x00000000cca00000|  0%| F|  |TAMS 0x00000000cc900000, 0x00000000cc900000| Untracked 
|  50|0x00000000cca00000, 0x00000000cca00000, 0x00000000ccb00000|  0%| F|  |TAMS 0x00000000cca00000, 0x00000000cca00000| Untracked 
|  51|0x00000000ccb00000, 0x00000000ccb00000, 0x00000000ccc00000|  0%| F|  |TAMS 0x00000000ccb00000, 0x00000000ccb00000| Untracked 
|  52|0x00000000ccc00000, 0x00000000ccc00000, 0x00000000ccd00000|  0%| F|  |TAMS 0x00000000ccc00000, 0x00000000ccc00000| Untracked 
|  53|0x00000000ccd00000, 0x00000000cce00000, 0x00000000cce00000|100%| E|  |TAMS 0x00000000ccd00000, 0x00000000ccd00000| Complete 
|  54|0x00000000cce00000, 0x00000000ccf00000, 0x00000000ccf00000|100%| E|CS|TAMS 0x00000000cce00000, 0x00000000cce00000| Complete 
|  55|0x00000000ccf00000, 0x00000000cd000000, 0x00000000cd000000|100%| E|CS|TAMS 0x00000000ccf00000, 0x00000000ccf00000| Complete 

Card table byte_map: [0x000002547ef40000,0x000002547f100000] _byte_map_base: 0x000002547e8f4000

Marking Bits (Prev, Next): (CMBitMap*) 0x000002547e9b9340, (CMBitMap*) 0x000002547e9b9380
 Prev Bits: [0x0000025416ea0000, 0x0000025417c40000)
 Next Bits: [0x0000025417c40000, 0x00000254189e0000)

Polling page: 0x000002547c950000

Metaspace:

Usage:
  Non-class:      1.07 MB used.
      Class:    113.87 KB used.
       Both:      1.18 MB used.

Virtual space:
  Non-class space:       64.00 MB reserved,       1.12 MB (  2%) committed,  1 nodes.
      Class space:        1.00 GB reserved,     192.00 KB ( <1%) committed,  1 nodes.
             Both:        1.06 GB reserved,       1.31 MB ( <1%) committed. 

Chunk freelists:
   Non-Class:  3.98 MB
       Class:  3.74 MB
        Both:  7.72 MB

MaxMetaspaceSize: unlimited
CompressedClassSpaceSize: 1.00 GB
Initial GC threshold: 21.00 MB
Current GC threshold: 21.00 MB
CDS: on
MetaspaceReclaimPolicy: balanced
 - commit_granule_bytes: 65536.
 - commit_granule_words: 8192.
 - virtual_space_node_default_size: 8388608.
 - enlarge_chunks_in_place: 1.
 - new_chunks_are_fully_committed: 0.
 - uncommit_free_chunks: 1.
 - use_allocation_guard: 0.


Internal statistics:

num_allocs_failed_limit: 0.
num_arena_births: 8.
num_arena_deaths: 0.
num_vsnodes_births: 2.
num_vsnodes_deaths: 0.
num_space_committed: 21.
num_space_uncommitted: 0.
num_chunks_returned_to_freelist: 0.
num_chunks_taken_from_freelist: 10.
num_chunk_merges: 0.
num_chunk_splits: 5.
num_chunks_enlarged: 3.
num_inconsistent_stats: 0.

CodeHeap 'non-profiled nmethods': size=120000Kb used=74Kb max_used=74Kb free=119925Kb
 bounds [0x000002540f970000, 0x000002540fbe0000, 0x0000025416ea0000]
CodeHeap 'profiled nmethods': size=120000Kb used=230Kb max_used=230Kb free=119769Kb
 bounds [0x0000025407ea0000, 0x0000025408110000, 0x000002540f3d0000]
CodeHeap 'non-nmethods': size=5760Kb used=1264Kb max_used=1277Kb free=4495Kb
 bounds [0x000002540f3d0000, 0x000002540f640000, 0x000002540f970000]
 total_blobs=615 nmethods=218 adapters=308
 compilation: enabled
              stopped_count=0, restarted_count=0
 full_count=0

Compilation events (20 events):
Event: 45.714 Thread 0x000002547fc77b40  206       3       java.nio.Buffer::session (20 bytes)
Event: 45.732 Thread 0x000002547fc77b40 nmethod 206 0x0000025407ed5c90 code [0x0000025407ed5e60, 0x0000025407ed6148]
Event: 45.959 Thread 0x000002547fc77b40  208   !   3       java.nio.DirectByteBuffer::get (34 bytes)
Event: 45.960 Thread 0x000002547fc77b40 nmethod 208 0x0000025407ed6210 code [0x0000025407ed6460, 0x0000025407ed6e38]
Event: 45.960 Thread 0x000002547fc77b40  209       3       java.nio.DirectByteBuffer::ix (10 bytes)
Event: 45.960 Thread 0x000002547fc77b40 nmethod 209 0x0000025407ed7390 code [0x0000025407ed7520, 0x0000025407ed7638]
Event: 45.960 Thread 0x000002547fc77b40  211       3       java.nio.Buffer::checkIndex (9 bytes)
Event: 45.960 Thread 0x000002547fc77b40 nmethod 211 0x0000025407ed7710 code [0x0000025407ed78c0, 0x0000025407ed7a78]
Event: 45.960 Thread 0x000002547fc77b40  212       3       jdk.internal.jimage.ImageStringsReader::unmaskedHashCode (166 bytes)
Event: 45.961 Thread 0x000002547fc77b40 nmethod 212 0x0000025407ed7b90 code [0x0000025407ed7de0, 0x0000025407ed8978]
Event: 45.983 Thread 0x000002547fc761b0  207       4       java.lang.String::charAt (25 bytes)
Event: 45.985 Thread 0x000002547fc761b0 nmethod 207 0x000002540f981790 code [0x000002540f981920, 0x000002540f981a48]
Event: 56.936 Thread 0x000002547fc77b40  214       3       java.lang.invoke.MemberName::initResolved (53 bytes)
Event: 56.936 Thread 0x000002547fc77b40 nmethod 214 0x0000025407ed8e90 code [0x0000025407ed9040, 0x0000025407ed91f8]
Event: 66.060 Thread 0x000002547fc77b40  216       3       jdk.internal.misc.Unsafe::putReferenceRelease (9 bytes)
Event: 66.061 Thread 0x000002547fc77b40 nmethod 216 0x0000025407ed9290 code [0x0000025407ed9420, 0x0000025407ed9578]
Event: 66.061 Thread 0x000002547fc77b40  217       3       java.util.concurrent.ConcurrentHashMap::setTabAt (20 bytes)
Event: 66.061 Thread 0x000002547fc77b40 nmethod 217 0x0000025407ed9610 code [0x0000025407ed97c0, 0x0000025407ed99e8]
Event: 67.300 Thread 0x000002547fc77b40  218       1       java.lang.Class::getModule (5 bytes)
Event: 67.300 Thread 0x000002547fc77b40 nmethod 218 0x000002540f982590 code [0x000002540f982720, 0x000002540f9827d8]

GC Heap History (0 events):
No events

Dll operation events (6 events):
Event: 0.807 Loaded shared library C:\Java\bin\java.dll
Event: 0.881 Loaded shared library C:\Java\bin\jsvml.dll
Event: 2.151 Loaded shared library C:\Java\bin\net.dll
Event: 2.163 Loaded shared library C:\Java\bin\nio.dll
Event: 29.953 Loaded shared library C:\Java\bin\zip.dll
Event: 44.824 Loaded shared library C:\Java\bin\jimage.dll

Deoptimization events (0 events):
No events

Classes loaded (20 events):
Event: 56.934 Loading class java/util/ResourceBundle$CacheKey
Event: 56.935 Loading class java/util/ResourceBundle$CacheKey done
Event: 56.935 Loading class java/util/ResourceBundle$KeyElementReference
Event: 56.935 Loading class java/util/ResourceBundle$CacheKeyReference
Event: 56.935 Loading class java/util/ResourceBundle$CacheKeyReference done
Event: 56.935 Loading class java/util/ResourceBundle$KeyElementReference done
Event: 56.935 Loading class java/util/ResourceBundle$3
Event: 56.935 Loading class java/util/ResourceBundle$3 done
Event: 56.937 Loading class sun/security/util/SecurityConstants
Event: 57.667 Loading class sun/security/util/SecurityConstants done
Event: 57.799 Loading class java/net/NetPermission
Event: 58.493 Loading class java/net/NetPermission done
Event: 58.493 Loading class java/security/SecurityPermission
Event: 58.498 Loading class java/security/SecurityPermission done
Event: 58.779 Loading class java/net/SocketPermission
Event: 59.217 Loading class java/net/SocketPermission done
Event: 59.218 Loading class java/lang/reflect/ReflectPermission
Event: 60.355 Loading class java/lang/reflect/ReflectPermission done
Event: 67.299 Loading class sun/awt/resources/awt
Event: 67.299 Loading class sun/awt/resources/awt done

Classes unloaded (0 events):
No events

Classes redefined (0 events):
No events

Internal exceptions (4 events):
Event: 2.459 Thread 0x000002547e97c090 Exception <a 'sun/nio/fs/WindowsException'{0x00000000cce45370}> (0x00000000cce45370) 
thrown [s\open\src\hotspot\share\prims\jni.cpp, line 517]
Event: 2.461 Thread 0x000002547e97c090 Exception <a 'sun/nio/fs/WindowsException'{0x00000000cce458c0}> (0x00000000cce458c0) 
thrown [s\open\src\hotspot\share\prims\jni.cpp, line 517]
Event: 2.466 Thread 0x000002547e97c090 Exception <a 'sun/nio/fs/WindowsException'{0x00000000cce47c50}> (0x00000000cce47c50) 
thrown [s\open\src\hotspot\share\prims\jni.cpp, line 517]
Event: 56.936 Thread 0x000002547e97c090 Exception <a 'java/lang/ClassNotFoundException'{0x00000000ccdf16a8}: sun/awt/resources/spi/awtProvider> (0x00000000ccdf16a8) 
thrown [s\open\src\hotspot\share\classfile\systemDictionary.cpp, line 255]

VM Operations (20 events):
Event: 3.556 Executing VM operation: ChangeBreakpoints
Event: 3.557 Executing VM operation: ChangeBreakpoints done
Event: 26.771 Executing VM operation: Cleanup
Event: 27.026 Executing VM operation: Cleanup done
Event: 29.030 Executing VM operation: Cleanup
Event: 29.030 Executing VM operation: Cleanup done
Event: 37.857 Executing VM operation: ChangeBreakpoints
Event: 37.876 Executing VM operation: ChangeBreakpoints done
Event: 37.877 Executing VM operation: ChangeBreakpoints
Event: 37.877 Executing VM operation: ChangeBreakpoints done
Event: 37.878 Executing VM operation: ChangeBreakpoints
Event: 37.878 Executing VM operation: ChangeBreakpoints done
Event: 37.880 Executing VM operation: ChangeBreakpoints
Event: 37.880 Executing VM operation: ChangeBreakpoints done
Event: 37.882 Executing VM operation: ChangeBreakpoints
Event: 37.882 Executing VM operation: ChangeBreakpoints done
Event: 37.884 Executing VM operation: ChangeBreakpoints
Event: 37.884 Executing VM operation: ChangeBreakpoints done
Event: 56.078 Executing VM operation: Cleanup
Event: 56.934 Executing VM operation: Cleanup done

Events (15 events):
Event: 0.881 Thread 0x000002547e97c090 Thread added: 0x000002547e97c090
Event: 1.098 Thread 0x000002547fc71640 Thread added: 0x000002547fc71640
Event: 1.098 Thread 0x000002547fc72880 Thread added: 0x000002547fc72880
Event: 1.099 Thread 0x000002547fc739c0 Thread added: 0x000002547fc739c0
Event: 1.100 Thread 0x000002547fc742f0 Thread added: 0x000002547fc742f0
Event: 1.100 Thread 0x000002547fc74c20 Thread added: 0x000002547fc74c20
Event: 1.100 Thread 0x000002547fc75550 Thread added: 0x000002547fc75550
Event: 1.100 Thread 0x000002547fc761b0 Thread added: 0x000002547fc761b0
Event: 1.100 Thread 0x000002547fc77b40 Thread added: 0x000002547fc77b40
Event: 1.102 Thread 0x000002547fc784b0 Thread added: 0x000002547fc784b0
Event: 1.859 Thread 0x000002547fc5cd00 Thread added: 0x000002547fc5cd00
Event: 3.488 Thread 0x000002541ed42f80 Thread added: 0x000002541ed42f80
Event: 3.488 Thread 0x000002541edb8fd0 Thread added: 0x000002541edb8fd0
Event: 3.555 Thread 0x000002541ed3a770 Thread added: 0x000002541ed3a770
Event: 26.679 Thread 0x000002541ed86690 Thread added: 0x000002541ed86690


Dynamic libraries:
0x00007ff7c2490000 - 0x00007ff7c24a0000 	C:\Java\bin\java.exe
0x00007ffe43ab0000 - 0x00007ffe43ca8000 	C:\WINDOWS\SYSTEM32\ntdll.dll
0x00007ffe427a0000 - 0x00007ffe4285f000 	C:\WINDOWS\System32\KERNEL32.DLL
0x00007ffe412b0000 - 0x00007ffe41582000 	C:\WINDOWS\System32\KERNELBASE.dll
0x00007ffe411b0000 - 0x00007ffe412b0000 	C:\WINDOWS\System32\ucrtbase.dll
0x00007ffe39a70000 - 0x00007ffe39a88000 	C:\Java\bin\jli.dll
0x00007ffe18fa0000 - 0x00007ffe18fbb000 	C:\Java\bin\VCRUNTIME140.dll
0x00007ffe42440000 - 0x00007ffe424ee000 	C:\WINDOWS\System32\ADVAPI32.dll
0x00007ffe43560000 - 0x00007ffe435fe000 	C:\WINDOWS\System32\msvcrt.dll
0x00007ffe42ca0000 - 0x00007ffe42d3c000 	C:\WINDOWS\System32\sechost.dll
0x00007ffe425a0000 - 0x00007ffe426c4000 	C:\WINDOWS\System32\RPCRT4.dll
0x00007ffe433b0000 - 0x00007ffe43551000 	C:\WINDOWS\System32\USER32.dll
0x00007ffe419c0000 - 0x00007ffe419e2000 	C:\WINDOWS\System32\win32u.dll
0x00007ffe2f8a0000 - 0x00007ffe2fb3a000 	C:\WINDOWS\WinSxS\amd64_microsoft.windows.common-controls_6595b64144ccf1df_6.0.19041.1110_none_60b5254171f9507e\COMCTL32.dll
0x00007ffe42c70000 - 0x00007ffe42c9b000 	C:\WINDOWS\System32\GDI32.dll
0x00007ffe416f0000 - 0x00007ffe417ff000 	C:\WINDOWS\System32\gdi32full.dll
0x00007ffe419f0000 - 0x00007ffe41a8d000 	C:\WINDOWS\System32\msvcp_win.dll
0x00007ffe39a90000 - 0x00007ffe39a9a000 	C:\WINDOWS\SYSTEM32\VERSION.dll
0x00007ffe42d40000 - 0x00007ffe42d70000 	C:\WINDOWS\System32\IMM32.DLL
0x00007ffe26570000 - 0x00007ffe2657c000 	C:\Java\bin\vcruntime140_1.dll
0x00007ffe17ca0000 - 0x00007ffe17d2e000 	C:\Java\bin\msvcp140.dll
0x00007ffde4c40000 - 0x00007ffde5900000 	C:\Java\bin\server\jvm.dll
0x00007ffe3d8e0000 - 0x00007ffe3d8e9000 	C:\WINDOWS\SYSTEM32\WSOCK32.dll
0x00007ffe42ba0000 - 0x00007ffe42c0b000 	C:\WINDOWS\System32\WS2_32.dll
0x00007ffe396c0000 - 0x00007ffe396e7000 	C:\WINDOWS\SYSTEM32\WINMM.dll
0x00007ffe3f070000 - 0x00007ffe3f082000 	C:\WINDOWS\SYSTEM32\kernel.appcore.dll
0x00007ffe18f90000 - 0x00007ffe18f9a000 	C:\Java\bin\jimage.dll
0x00007ffe2f0c0000 - 0x00007ffe2f2a4000 	C:\WINDOWS\SYSTEM32\DBGHELP.DLL
0x00007ffe2f080000 - 0x00007ffe2f0b5000 	C:\WINDOWS\SYSTEM32\dbgcore.DLL
0x00007ffe41800000 - 0x00007ffe41882000 	C:\WINDOWS\System32\bcryptPrimitives.dll
0x00007ffe28530000 - 0x00007ffe2856c000 	C:\Java\bin\jdwp.dll
0x00007ffe18010000 - 0x00007ffe18036000 	C:\Java\bin\java.dll
0x00007ffe17f30000 - 0x00007ffe18007000 	C:\Java\bin\jsvml.dll
0x00007ffe41c70000 - 0x00007ffe423b5000 	C:\WINDOWS\System32\SHELL32.dll
0x00007ffe3f270000 - 0x00007ffe3fa02000 	C:\WINDOWS\SYSTEM32\windows.storage.dll
0x00007ffe42f20000 - 0x00007ffe43275000 	C:\WINDOWS\System32\combase.dll
0x00007ffe40ba0000 - 0x00007ffe40bd0000 	C:\WINDOWS\SYSTEM32\Wldp.dll
0x00007ffe41b00000 - 0x00007ffe41bad000 	C:\WINDOWS\System32\SHCORE.dll
0x00007ffe42b40000 - 0x00007ffe42b95000 	C:\WINDOWS\System32\shlwapi.dll
0x00007ffe410f0000 - 0x00007ffe4110f000 	C:\WINDOWS\SYSTEM32\profapi.dll
0x00007ffe17f10000 - 0x00007ffe17f23000 	C:\Java\bin\net.dll
0x00007ffe34670000 - 0x00007ffe3477a000 	C:\WINDOWS\SYSTEM32\WINHTTP.dll
0x00007ffe40890000 - 0x00007ffe408fa000 	C:\WINDOWS\system32\mswsock.dll
0x00007ffe17ef0000 - 0x00007ffe17f06000 	C:\Java\bin\nio.dll
0x00007ffe3a9a0000 - 0x00007ffe3a9ab000 	C:\Java\bin\dt_shmem.dll
0x00007ffe17ed0000 - 0x00007ffe17ee8000 	C:\Java\bin\zip.dll

dbghelp: loaded successfully - version: 4.0.5 - missing functions: none
symbol engine: initialized successfully - sym options: 0x614 - pdb path: .;C:\Java\bin;C:\WINDOWS\SYSTEM32;C:\WINDOWS\WinSxS\amd64_microsoft.windows.common-controls_6595b64144ccf1df_6.0.19041.1110_none_60b5254171f9507e;C:\Java\bin\server

VM Arguments:
jvm_args: -Dfile.encoding=UTF-8 -agentlib:jdwp=transport=dt_shmem,address=javadebug1960 --module-path=C:\Users\Rioan\OneDrive\Desktop\Isaac Project\databasee_1\build\classes 
java_command: databasee.login
java_class_path (initial): C:\Users\Rioan\OneDrive\Desktop\Beginners\JCalendar.jar;C:\Users\Rioan\OneDrive\Desktop\Beginners\netbeans\java\modules\ext\AbsoluteLayout.jar;C:\Users\Rioan\OneDrive\Desktop\Isaac Project\databasee_1\build\classes
Launcher Type: SUN_STANDARD

[Global flags]
     intx CICompilerCount                          = 4                                         {product} {ergonomic}
     uint ConcGCThreads                            = 2                                         {product} {ergonomic}
     uint G1ConcRefinementThreads                  = 8                                         {product} {ergonomic}
   size_t G1HeapRegionSize                         = 1048576                                   {product} {ergonomic}
    uintx GCDrainStackTargetSize                   = 64                                        {product} {ergonomic}
   size_t InitialHeapSize                          = 58720256                                  {product} {ergonomic}
   size_t MarkStackSize                            = 4194304                                   {product} {ergonomic}
   size_t MaxHeapSize                              = 914358272                                 {product} {ergonomic}
   size_t MaxNewSize                               = 548405248                                 {product} {ergonomic}
   size_t MinHeapDeltaBytes                        = 1048576                                   {product} {ergonomic}
   size_t MinHeapSize                              = 8388608                                   {product} {ergonomic}
    uintx NonNMethodCodeHeapSize                   = 5839372                                {pd product} {ergonomic}
    uintx NonProfiledCodeHeapSize                  = 122909434                              {pd product} {ergonomic}
    uintx ProfiledCodeHeapSize                     = 122909434                              {pd product} {ergonomic}
    uintx ReservedCodeCacheSize                    = 251658240                              {pd product} {ergonomic}
     bool SegmentedCodeCache                       = true                                      {product} {ergonomic}
   size_t SoftMaxHeapSize                          = 914358272                              {manageable} {ergonomic}
     bool UseCompressedClassPointers               = true                           {product lp64_product} {ergonomic}
     bool UseCompressedOops                        = true                           {product lp64_product} {ergonomic}
     bool UseG1GC                                  = true                                      {product} {ergonomic}
     bool UseLargePagesIndividualAllocation        = false                                  {pd product} {ergonomic}

Logging:
Log output configuration:
 #0: stdout all=warning uptime,level,tags foldmultilines=false
 #1: stderr all=off uptime,level,tags foldmultilines=false

Environment Variables:
PATH=C:\Program Files\Common Files\Oracle\Java\javapath;C:\ProgramData\Oracle\Java\javapath;C:\WINDOWS\system32;C:\WINDOWS;C:\WINDOWS\System32\Wbem;C:\WINDOWS\System32\WindowsPowerShell\v1.0\;C:\WINDOWS\System32\OpenSSH\;C:\scrcpy;C:\Users\Rioan\AppData\Local\Microsoft\WindowsApps;
USERNAME=Rioan
OS=Windows_NT
PROCESSOR_IDENTIFIER=AMD64 Family 23 Model 17 Stepping 0, AuthenticAMD
TMP=C:\Users\Rioan\AppData\Local\Temp
TEMP=C:\Users\Rioan\AppData\Local\Temp



---------------  S Y S T E M  ---------------

OS:
 Windows 10 , 64 bit Build 19041 (10.0.19041.2546)
OS uptime: 0 days 0:46 hours

CPU: total 8 (initial active 8) (8 cores per cpu, 2 threads per core) family 23 model 17 stepping 0 microcode 0x0, cx8, cmov, fxsr, ht, mmx, 3dnowpref, sse, sse2, sse3, ssse3, sse4a, sse4.1, sse4.2, popcnt, lzcnt, tsc, tscinvbit, avx, avx2, aes, clmul, bmi1, bmi2, adx, sha, fma, vzeroupper, clflush, clflushopt, rdtscp

Memory: 4k page, system-wide physical 3484M (215M free)
TotalPageFile size 14084M (AvailPageFile size 316M)
current process WorkingSet (physical memory assigned to process): 22M, peak: 31M
current process commit charge ("private bytes"): 136M, peak: 137M

vm_info: Java HotSpot(TM) 64-Bit Server VM (19.0.2+7-44) for windows-amd64 JRE (19.0.2+7-44), built on 2022-11-30T18:02:09Z by "mach5one" with MS VC++ 17.1 (VS2022)

END.
