#
# A fatal error has been detected by the Java Runtime Environment:
#
#  EXCEPTION_ACCESS_VIOLATION (0xc0000005) at pc=0x00007ffc16fe1bc5, pid=11724, tid=10628
#
# JRE version:  (19.0.2+7) (build )
# Java VM: Java HotSpot(TM) 64-Bit Server VM (19.0.2+7-44, mixed mode, sharing, tiered, unknown gc, windows-amd64)
# Problematic frame:
# C  [jimage.dll+0x1bc5]
#
# No core dump will be written. Minidumps are not enabled by default on client versions of Windows
#
#

---------------  S U M M A R Y ------------

Command Line: 

Host: AMD Ryzen 5 2500U with Radeon Vega Mobile Gfx  , 8 cores, 3G,  Windows 10 , 64 bit Build 19041 (10.0.19041.2546)
Time: Sun Apr  2 10:12:49 2023 China Standard Time elapsed time: 0.439026 seconds (0d 0h 0m 0s)

---------------  T H R E A D  ---------------

Current thread is native thread

Stack: [0x000000ed63f00000,0x000000ed64000000],  sp=0x000000ed63ffd2a0,  free space=1012k
Native frames: (J=compiled Java code, j=interpreted, Vv=VM code, C=native code)
C  [jimage.dll+0x1bc5]
C  [jimage.dll+0x1d53]
C  [jimage.dll+0x2619]
V  [jvm.dll+0x225e6a]
V  [jvm.dll+0xcdee2]
V  [jvm.dll+0x801a63]
V  [jvm.dll+0x44ae8f]
V  [jvm.dll+0x44c811]
C  [jli.dll+0x5287]
C  [ucrtbase.dll+0x21bb2]
C  [KERNEL32.DLL+0x17614]
C  [ntdll.dll+0x526a1]


siginfo: EXCEPTION_ACCESS_VIOLATION (0xc0000005), reading address 0x000000000001141c


Registers:
RAX=0x0000000000004500, RBX=0x000000ed63ffd391, RCX=0x00007ffc16fe6000, RDX=0x0000000000004500
RSP=0x000000ed63ffd2a0, RBP=0x000000ed63ffd390, RSI=0x000000000000734c, RDI=0x000000ed63ffd390
R8 =0x00007ffc16fe4298, R9 =0x000000000000001c, R10=0x00007ffc2f480000, R11=0x00007ffc16fe6000
R12=0x0000000000000000, R13=0x000000ed63fff7c0, R14=0x000000ed63ffe400, R15=0x00007ffc0ae72788
RIP=0x00007ffc16fe1bc5, EFLAGS=0x0000000000010212


Top of Stack: (sp=0x000000ed63ffd2a0)
0x000000ed63ffd2a0:   000000ed63b0d000 0000000000000003
0x000000ed63ffd2b0:   00000250b70f1788 000000ed63ffd410
0x000000ed63ffd2c0:   00000250b71e4f10 00007ffc16fe1d53
0x000000ed63ffd2d0:   000000000000000b 00000250b71e4f10
0x000000ed63ffd2e0:   000000ed63ffd331 000000ed63ffd410
0x000000ed63ffd2f0:   00000000000006f5 00000250b71e0150
0x000000ed63ffd300:   00000000000006f5 00000000000006f5
0x000000ed63ffd310:   00000000000006f5 00000250b71e0000
0x000000ed63ffd320:   00000250b73c0000 00007ffc59eee2a9
0x000000ed63ffd330:   00006c0c26778ac3 0000000367000265
0x000000ed63ffd340:   00007ffc0ae52690 0000000000000017
0x000000ed63ffd350:   00000250b71e4f10 000000ed63ffe400
0x000000ed63ffd360:   000000000000000b 00007ffc16fe2619
0x000000ed63ffd370:   0000000000000723 0000000000000723
0x000000ed63ffd380:   0000000000000723 00000250b71e0000
0x000000ed63ffd390:   61622e6176616a2f 692f6b646a2f6573 

Instructions: (pc=0x00007ffc16fe1bc5)
0x00007ffc16fe1ac5:   48 85 c9 74 1d 80 3d 3f 45 00 00 00 74 06 48 8b
0x00007ffc16fe1ad5:   53 18 eb 04 48 8b 53 40 e8 96 0e 00 00 48 83 63
0x00007ffc16fe1ae5:   48 00 8b 4b 0c 83 f9 ff 74 09 e8 cc 0c 00 00 83
0x00007ffc16fe1af5:   4b 0c ff 48 8b 4b 70 48 85 c9 74 0f ba 10 00 00
0x00007ffc16fe1b05:   00 e8 ed 0e 00 00 48 83 63 70 00 48 83 c4 20 5b
0x00007ffc16fe1b15:   c3 cc cc 40 53 48 83 ec 20 48 8b d9 48 8d 0d f8
0x00007ffc16fe1b25:   46 00 00 e8 9b 0c 00 00 83 6b 08 01 75 24 48 8b
0x00007ffc16fe1b35:   d3 48 8d 0d db 44 00 00 e8 22 08 00 00 48 8b cb
0x00007ffc16fe1b45:   e8 d6 fe ff ff ba 78 00 00 00 48 8b cb e8 a1 0e
0x00007ffc16fe1b55:   00 00 48 8d 0d c2 46 00 00 48 83 c4 20 5b e9 68
0x00007ffc16fe1b65:   0c 00 00 48 89 5c 24 08 48 89 74 24 10 57 48 83
0x00007ffc16fe1b75:   ec 20 41 8b f1 4d 8b c8 48 8b fa 4c 8b d9 4d 85
0x00007ffc16fe1b85:   c0 74 78 85 f6 74 74 44 8a 12 48 8d 5a 01 48 8b
0x00007ffc16fe1b95:   d3 b8 93 01 00 01 eb 12 69 c0 93 01 00 01 41 0f
0x00007ffc16fe1ba5:   b6 ca 44 8a 12 33 c1 48 ff c2 45 84 d2 75 e9 4d
0x00007ffc16fe1bb5:   8b 03 0f ba f0 1f 33 d2 49 8b cb f7 f6 48 63 c2
0x00007ffc16fe1bc5:   41 8b 14 81 41 ff 50 08 85 c0 7e 24 8a 0f eb 10
0x00007ffc16fe1bd5:   69 c0 93 01 00 01 0f b6 c9 33 c1 8a 0b 48 ff c3
0x00007ffc16fe1be5:   84 c9 75 ec 0f ba f0 1f 33 d2 f7 f6 8b c2 eb 0e
0x00007ffc16fe1bf5:   79 09 83 c9 ff 2b c8 8b c1 eb 03 83 c8 ff 48 8b
0x00007ffc16fe1c05:   5c 24 30 48 8b 74 24 38 48 83 c4 20 5f c3 cc 48
0x00007ffc16fe1c15:   89 5c 24 08 48 89 74 24 10 57 48 83 ec 20 48 8b
0x00007ffc16fe1c25:   f1 48 8d 0d f3 45 00 00 e8 96 0b 00 00 33 ff 39
0x00007ffc16fe1c35:   3d de 43 00 00 76 24 48 8b 05 dd 43 00 00 48 8b
0x00007ffc16fe1c45:   d6 48 8b 1c f8 48 8b 0b e8 68 1e 00 00 85 c0 74
0x00007ffc16fe1c55:   2b ff c7 3b 3d ba 43 00 00 72 dc 33 db 48 8d 0d
0x00007ffc16fe1c65:   b7 45 00 00 e8 62 0b 00 00 48 8b 74 24 38 48 8b
0x00007ffc16fe1c75:   c3 48 8b 5c 24 30 48 83 c4 20 5f c3 ff 43 08 eb
0x00007ffc16fe1c85:   dc cc cc 48 89 5c 24 08 48 89 74 24 10 57 48 83
0x00007ffc16fe1c95:   ec 20 48 8b d9 48 8b f2 48 8b 49 10 49 8b f8 8b
0x00007ffc16fe1ca5:   53 30 48 8b 01 ff 50 20 4c 8b 43 50 48 8b d6 48
0x00007ffc16fe1cb5:   8b 4b 10 44 8b c8 e8 a8 fe ff ff 83 f8 ff 74 38 



---------------  P R O C E S S  ---------------

VM state: not at safepoint (not fully initialized)

VM Mutex/Monitor currently owned by a thread: None

GC Precious Log:
<Not initialized>


Dynamic libraries:
0x00007ff7e9630000 - 0x00007ff7e9640000 	C:\Java\bin\java.exe
0x00007ffc59ed0000 - 0x00007ffc5a0c8000 	C:\WINDOWS\SYSTEM32\ntdll.dll
0x00007ffc58980000 - 0x00007ffc58a3f000 	C:\WINDOWS\System32\KERNEL32.DLL
0x00007ffc575d0000 - 0x00007ffc578a2000 	C:\WINDOWS\System32\KERNELBASE.dll
0x00007ffc579b0000 - 0x00007ffc57ab0000 	C:\WINDOWS\System32\ucrtbase.dll
0x00007ffc11f90000 - 0x00007ffc11fa8000 	C:\Java\bin\jli.dll
0x00007ffc59320000 - 0x00007ffc593ce000 	C:\WINDOWS\System32\ADVAPI32.dll
0x00007ffc588e0000 - 0x00007ffc5897e000 	C:\WINDOWS\System32\msvcrt.dll
0x00007ffc586d0000 - 0x00007ffc5876c000 	C:\WINDOWS\System32\sechost.dll
0x00007ffc58ca0000 - 0x00007ffc58dc4000 	C:\WINDOWS\System32\RPCRT4.dll
0x00007ffc593d0000 - 0x00007ffc59571000 	C:\WINDOWS\System32\USER32.dll
0x00007ffc57ab0000 - 0x00007ffc57ad2000 	C:\WINDOWS\System32\win32u.dll
0x00007ffc58890000 - 0x00007ffc588bb000 	C:\WINDOWS\System32\GDI32.dll
0x00007ffc57b10000 - 0x00007ffc57c1f000 	C:\WINDOWS\System32\gdi32full.dll
0x00007ffc57e80000 - 0x00007ffc57f1d000 	C:\WINDOWS\System32\msvcp_win.dll
0x00007ffc2f480000 - 0x00007ffc2f49b000 	C:\Java\bin\VCRUNTIME140.dll
0x00007ffc45110000 - 0x00007ffc453aa000 	C:\WINDOWS\WinSxS\amd64_microsoft.windows.common-controls_6595b64144ccf1df_6.0.19041.1110_none_60b5254171f9507e\COMCTL32.dll
0x00007ffc4fb80000 - 0x00007ffc4fb8a000 	C:\WINDOWS\SYSTEM32\VERSION.dll
0x00007ffc59880000 - 0x00007ffc598b0000 	C:\WINDOWS\System32\IMM32.DLL
0x00007ffc17e80000 - 0x00007ffc17e8c000 	C:\Java\bin\vcruntime140_1.dll
0x00007ffc0a1f0000 - 0x00007ffc0a27e000 	C:\Java\bin\msvcp140.dll
0x00007ffc0a500000 - 0x00007ffc0b1c0000 	C:\Java\bin\server\jvm.dll
0x00007ffc4e910000 - 0x00007ffc4e937000 	C:\WINDOWS\SYSTEM32\WINMM.dll
0x00007ffc2f930000 - 0x00007ffc2f939000 	C:\WINDOWS\SYSTEM32\WSOCK32.dll
0x00007ffc59130000 - 0x00007ffc5919b000 	C:\WINDOWS\System32\WS2_32.dll
0x00007ffc55490000 - 0x00007ffc554a2000 	C:\WINDOWS\SYSTEM32\kernel.appcore.dll
0x00007ffc16fe0000 - 0x00007ffc16fea000 	C:\Java\bin\jimage.dll
0x00007ffc49910000 - 0x00007ffc49af4000 	C:\WINDOWS\SYSTEM32\DBGHELP.DLL
0x00007ffc498d0000 - 0x00007ffc49905000 	C:\WINDOWS\SYSTEM32\dbgcore.DLL
0x00007ffc57df0000 - 0x00007ffc57e72000 	C:\WINDOWS\System32\bcryptPrimitives.dll

dbghelp: loaded successfully - version: 4.0.5 - missing functions: none
symbol engine: initialized successfully - sym options: 0x614 - pdb path: .;C:\Java\bin;C:\WINDOWS\SYSTEM32;C:\WINDOWS\WinSxS\amd64_microsoft.windows.common-controls_6595b64144ccf1df_6.0.19041.1110_none_60b5254171f9507e;C:\Java\bin\server

VM Arguments:
java_command: <unknown>
java_class_path (initial): <not set>
Launcher Type: SUN_STANDARD

[Global flags]
     bool UseLargePagesIndividualAllocation        = false                                  {pd product} {ergonomic}

Logging:
Log output configuration:
 #0: stdout all=warning uptime,level,tags foldmultilines=false
 #1: stderr all=off uptime,level,tags foldmultilines=false

Environment Variables:
PATH=C:\Program Files\Common Files\Oracle\Java\javapath;C:\ProgramData\Oracle\Java\javapath;C:\WINDOWS\system32;C:\WINDOWS;C:\WINDOWS\System32\Wbem;C:\WINDOWS\System32\WindowsPowerShell\v1.0\;C:\WINDOWS\System32\OpenSSH\;C:\scrcpy;C:\Users\Rioan\AppData\Local\Microsoft\WindowsApps;
USERNAME=Rioan
OS=Windows_NT
PROCESSOR_IDENTIFIER=AMD64 Family 23 Model 17 Stepping 0, AuthenticAMD
TMP=C:\Users\Rioan\AppData\Local\Temp
TEMP=C:\Users\Rioan\AppData\Local\Temp



---------------  S Y S T E M  ---------------

OS:
 Windows 10 , 64 bit Build 19041 (10.0.19041.2546)
OS uptime: 0 days 1:23 hours

CPU: total 8 (initial active 0) 

Memory: 4k page, system-wide physical 3484M (310M free)
TotalPageFile size 14236M (AvailPageFile size 14M)
current process WorkingSet (physical memory assigned to process): 7M, peak: 7M
current process commit charge ("private bytes"): 3M, peak: 3M

vm_info: Java HotSpot(TM) 64-Bit Server VM (19.0.2+7-44) for windows-amd64 JRE (19.0.2+7-44), built on 2022-11-30T18:02:09Z by "mach5one" with MS VC++ 17.1 (VS2022)

END.
