#
# There is insufficient memory for the Java Runtime Environment to continue.
# Native memory allocation (mmap) failed to map 65536 bytes for Failed to commit metaspace.
# Possible reasons:
#   The system is out of physical RAM or swap space
#   The process is running with CompressedOops enabled, and the Java Heap may be blocking the growth of the native heap
# Possible solutions:
#   Reduce memory load on the system
#   Increase physical memory or swap space
#   Check if swap backing store is full
#   Decrease Java heap size (-Xmx/-Xms)
#   Decrease number of Java threads
#   Decrease Java thread stack sizes (-Xss)
#   Set larger code cache with -XX:ReservedCodeCacheSize=
#   JVM is running with Unscaled Compressed Oops mode in which the Java heap is
#     placed in the first 4GB address space. The Java Heap base address is the
#     maximum limit for the native heap growth. Please use -XX:HeapBaseMinAddress
#     to set the Java Heap base and to place the Java Heap above 4GB virtual address.
# This output file may be truncated or incomplete.
#
#  Out of Memory Error (virtualSpaceNode.cpp:110), pid=11752, tid=5972
#
# JRE version: Java(TM) SE Runtime Environment (19.0.2+7) (build 19.0.2+7-44)
# Java VM: Java HotSpot(TM) 64-Bit Server VM (19.0.2+7-44, mixed mode, sharing, tiered, compressed oops, compressed class ptrs, g1 gc, windows-amd64)
# No core dump will be written. Minidumps are not enabled by default on client versions of Windows
#

---------------  S U M M A R Y ------------

Command Line: -Dfile.encoding=UTF-8 -agentlib:jdwp=transport=dt_shmem,address=javadebug5213 --module-path=C:\Users\Rioan\OneDrive\Desktop\Isaac Project\databasee_1\build\classes databasee.login

Host: AMD Ryzen 5 2500U with Radeon Vega Mobile Gfx  , 8 cores, 3G,  Windows 10 , 64 bit Build 19041 (10.0.19041.2546)
Time: Sat Apr  1 19:08:17 2023 China Standard Time elapsed time: 82.253316 seconds (0d 0h 1m 22s)

---------------  T H R E A D  ---------------

Current thread (0x00000230d836dfd0):  JavaThread "main" [_thread_in_vm, id=5972, stack(0x000000be3f800000,0x000000be3f900000)]

Stack: [0x000000be3f800000,0x000000be3f900000]
Native frames: (J=compiled Java code, j=interpreted, Vv=VM code, C=native code)
V  [jvm.dll+0x6ee21a]
V  [jvm.dll+0x85765e]
V  [jvm.dll+0x85904e]
V  [jvm.dll+0x859703]
V  [jvm.dll+0x28298f]
V  [jvm.dll+0x8532db]
V  [jvm.dll+0x692cb6]
V  [jvm.dll+0x692d1a]
V  [jvm.dll+0x695613]
V  [jvm.dll+0x6954de]
V  [jvm.dll+0x6936de]
V  [jvm.dll+0x2717d5]
V  [jvm.dll+0x743303]
V  [jvm.dll+0x743ccf]
V  [jvm.dll+0x3c999e]
V  [jvm.dll+0x46a1ef]
V  [jvm.dll+0x474684]
C  0x00000230e98c3378

Java frames: (J=compiled Java code, j=interpreted, Vv=VM code)
j  java.lang.Class.getDeclaredConstructors0(Z)[Ljava/lang/reflect/Constructor;+0 java.base@19.0.2
j  java.lang.Class.privateGetDeclaredConstructors(Z)[Ljava/lang/reflect/Constructor;+52 java.base@19.0.2
j  java.lang.Class.getConstructor0([Ljava/lang/Class;I)Ljava/lang/reflect/Constructor;+14 java.base@19.0.2
j  java.lang.Class.getConstructor([Ljava/lang/Class;)Ljava/lang/reflect/Constructor;+24 java.base@19.0.2
j  java.util.ResourceBundle$ResourceBundleProviderHelper.newResourceBundle(Ljava/lang/Class;)Ljava/util/ResourceBundle;+5 java.base@19.0.2
j  java.util.ResourceBundle$ResourceBundleProviderHelper.loadResourceBundle(Ljava/lang/Module;Ljava/lang/Module;Ljava/lang/String;Ljava/util/Locale;)Ljava/util/ResourceBundle;+204 java.base@19.0.2
j  java.util.ResourceBundle.loadBundle(Ljava/util/ResourceBundle$CacheKey;Ljava/util/List;Ljava/util/ResourceBundle$Control;Ljava/lang/Module;Ljava/lang/Module;)Ljava/util/ResourceBundle;+259 java.base@19.0.2
j  java.util.ResourceBundle.findBundle(Ljava/lang/Module;Ljava/lang/Module;Ljava/util/ResourceBundle$CacheKey;Ljava/util/List;Ljava/util/List;ILjava/util/ResourceBundle$Control;Ljava/util/ResourceBundle;)Ljava/util/ResourceBundle;+249 java.base@19.0.2
j  java.util.ResourceBundle.findBundle(Ljava/lang/Module;Ljava/lang/Module;Ljava/util/ResourceBundle$CacheKey;Ljava/util/List;Ljava/util/List;ILjava/util/ResourceBundle$Control;Ljava/util/ResourceBundle;)Ljava/util/ResourceBundle;+43 java.base@19.0.2
j  java.util.ResourceBundle.findBundle(Ljava/lang/Module;Ljava/lang/Module;Ljava/util/ResourceBundle$CacheKey;Ljava/util/List;Ljava/util/List;ILjava/util/ResourceBundle$Control;Ljava/util/ResourceBundle;)Ljava/util/ResourceBundle;+43 java.base@19.0.2
j  java.util.ResourceBundle.getBundleImpl(Ljava/lang/Module;Ljava/lang/Module;Ljava/lang/String;Ljava/util/Locale;Ljava/util/ResourceBundle$Control;)Ljava/util/ResourceBundle;+196 java.base@19.0.2
j  java.util.ResourceBundle.getBundleImpl(Ljava/lang/String;Ljava/util/Locale;Ljava/lang/Class;Ljava/lang/ClassLoader;Ljava/util/ResourceBundle$Control;)Ljava/util/ResourceBundle;+31 java.base@19.0.2
j  java.util.ResourceBundle.getBundleImpl(Ljava/lang/String;Ljava/util/Locale;Ljava/lang/Class;Ljava/util/ResourceBundle$Control;)Ljava/util/ResourceBundle;+15 java.base@19.0.2
j  java.util.ResourceBundle.getBundle(Ljava/lang/String;)Ljava/util/ResourceBundle;+14 java.base@19.0.2
j  java.awt.Toolkit$4.run()Ljava/lang/Void;+2 java.desktop@19.0.2
j  java.awt.Toolkit$4.run()Ljava/lang/Object;+1 java.desktop@19.0.2
j  java.security.AccessController.executePrivileged(Ljava/security/PrivilegedAction;Ljava/security/AccessControlContext;Ljava/lang/Class;)Ljava/lang/Object;+29 java.base@19.0.2
j  java.security.AccessController.doPrivileged(Ljava/security/PrivilegedAction;)Ljava/lang/Object;+5 java.base@19.0.2
j  java.awt.Toolkit.initStatic()V+17 java.desktop@19.0.2
j  java.awt.Toolkit.<clinit>()V+20 java.desktop@19.0.2
v  ~StubRoutines::call_stub 0x00000230e98a100e
j  java.awt.Component.<clinit>()V+93 java.desktop@19.0.2
v  ~StubRoutines::call_stub 0x00000230e98a100e

---------------  P R O C E S S  ---------------

Threads class SMR info:
_java_thread_list=0x00000230fa56faa0, length=15, elements={
0x00000230d836dfd0, 0x00000230f60dec90, 0x00000230f60e1a30, 0x00000230f60e3a70,
0x00000230f60e43a0, 0x00000230f60e4cd0, 0x00000230f60e5600, 0x00000230f60e6260,
0x00000230f60e8a40, 0x00000230f60ec350, 0x00000230fa459d00, 0x00000230fa5593b0,
0x00000230fa55e7d0, 0x00000230fa57ee70, 0x00000230fa5d7970
}

Java Threads: ( => current thread )
=>0x00000230d836dfd0 JavaThread "main" [_thread_in_vm, id=5972, stack(0x000000be3f800000,0x000000be3f900000)]
  0x00000230f60dec90 JavaThread "Reference Handler" daemon [_thread_blocked, id=13768, stack(0x000000be40000000,0x000000be40100000)]
  0x00000230f60e1a30 JavaThread "Finalizer" daemon [_thread_blocked, id=13776, stack(0x000000be40100000,0x000000be40200000)]
  0x00000230f60e3a70 JavaThread "Signal Dispatcher" daemon [_thread_blocked, id=13764, stack(0x000000be40200000,0x000000be40300000)]
  0x00000230f60e43a0 JavaThread "Attach Listener" daemon [_thread_blocked, id=13772, stack(0x000000be40300000,0x000000be40400000)]
  0x00000230f60e4cd0 JavaThread "Service Thread" daemon [_thread_blocked, id=13816, stack(0x000000be40400000,0x000000be40500000)]
  0x00000230f60e5600 JavaThread "Monitor Deflation Thread" daemon [_thread_blocked, id=13820, stack(0x000000be40500000,0x000000be40600000)]
  0x00000230f60e6260 JavaThread "C2 CompilerThread0" daemon [_thread_blocked, id=13812, stack(0x000000be40600000,0x000000be40700000)]
  0x00000230f60e8a40 JavaThread "C1 CompilerThread0" daemon [_thread_blocked, id=13796, stack(0x000000be40700000,0x000000be40800000)]
  0x00000230f60ec350 JavaThread "Sweeper thread" daemon [_thread_blocked, id=13732, stack(0x000000be40800000,0x000000be40900000)]
  0x00000230fa459d00 JavaThread "Common-Cleaner" daemon [_thread_in_vm, id=13720, stack(0x000000be40900000,0x000000be40a00000)]
  0x00000230fa5593b0 JavaThread "JDWP Transport Listener: dt_shmem" daemon [_thread_blocked, id=14112, stack(0x000000be40a00000,0x000000be40b00000)]
  0x00000230fa55e7d0 JavaThread "JDWP Event Helper Thread" daemon [_thread_blocked, id=5596, stack(0x000000be40b00000,0x000000be40c00000)]
  0x00000230fa57ee70 JavaThread "JDWP Command Reader" daemon [_thread_in_native, id=14592, stack(0x000000be40c00000,0x000000be40d00000)]
  0x00000230fa5d7970 JavaThread "Notification Thread" daemon [_thread_blocked, id=13940, stack(0x000000be40d00000,0x000000be40e00000)]

Other Threads:
  0x00000230f60cdfd0 VMThread "VM Thread" [stack: 0x000000be3ff00000,0x000000be40000000] [id=13500]
  0x00000230fa5c8ea0 WatcherThread "VM Periodic Task Thread" [stack: 0x000000be40e00000,0x000000be40f00000] [id=14880]
  0x00000230da437b50 WorkerThread "GC Thread#0" [stack: 0x000000be3fa00000,0x000000be3fb00000] [id=13520]
  0x00000230da441170 ConcurrentGCThread "G1 Main Marker" [stack: 0x000000be3fb00000,0x000000be3fc00000] [id=13336]
  0x00000230da442340 WorkerThread "G1 Conc#0" [stack: 0x000000be3fc00000,0x000000be3fd00000] [id=13492]
  0x00000230da4a5c20 ConcurrentGCThread "G1 Refine#0" [stack: 0x000000be3fd00000,0x000000be3fe00000] [id=12848]
  0x00000230da4a6760 ConcurrentGCThread "G1 Service" [stack: 0x000000be3fe00000,0x000000be3ff00000] [id=2248]

Threads with active compile tasks:

VM state: not at safepoint (normal execution)

VM Mutex/Monitor currently owned by a thread:  ([mutex/lock_event])
[0x00000230da3f84a0] Metaspace_lock - owner thread: 0x00000230d836dfd0

Heap address: 0x00000000c9800000, size: 872 MB, Compressed Oops mode: 32-bit

CDS archive(s) mapped at: [0x0000000800000000-0x0000000800c40000-0x0000000800c40000), size 12845056, SharedBaseAddress: 0x0000000800000000, ArchiveRelocationMode: 0.
Compressed class space mapped at: 0x0000000801000000-0x0000000841000000, reserved size: 1073741824
Narrow klass base: 0x0000000800000000, Narrow klass shift: 0, Narrow klass range: 0x100000000

GC Precious Log:
 CardTable entry size: 512
 Card Set container configuration: InlinePtr #cards 5 size 8 Array Of Cards #cards 12 size 40 Howl #buckets 4 coarsen threshold 1843 Howl Bitmap #cards 512 size 80 coarsen threshold 460 Card regions per heap region 1 cards per card region 2048
 CPUs: 8 total, 8 available
 Memory: 3484M
 Large Page Support: Disabled
 NUMA Support: Disabled
 Compressed Oops: Enabled (32-bit)
 Heap Region Size: 1M
 Heap Min Capacity: 8M
 Heap Initial Capacity: 56M
 Heap Max Capacity: 872M
 Pre-touch: Disabled
 Parallel Workers: 8
 Concurrent Workers: 2
 Concurrent Refinement Workers: 8
 Periodic GC: Disabled

Heap:
 garbage-first heap   total 57344K, used 2048K [0x00000000c9800000, 0x0000000100000000)
  region size 1024K, 3 young (3072K), 0 survivors (0K)
 Metaspace       used 1212K, committed 1344K, reserved 1114112K
  class space    used 113K, committed 192K, reserved 1048576K

Heap Regions: E=young(eden), S=young(survivor), O=old, HS=humongous(starts), HC=humongous(continues), CS=collection set, F=free, OA=open archive, CA=closed archive, TAMS=top-at-mark-start (previous, next)
|   0|0x00000000c9800000, 0x00000000c9800000, 0x00000000c9900000|  0%| F|  |TAMS 0x00000000c9800000, 0x00000000c9800000| Untracked 
|   1|0x00000000c9900000, 0x00000000c9900000, 0x00000000c9a00000|  0%| F|  |TAMS 0x00000000c9900000, 0x00000000c9900000| Untracked 
|   2|0x00000000c9a00000, 0x00000000c9a00000, 0x00000000c9b00000|  0%| F|  |TAMS 0x00000000c9a00000, 0x00000000c9a00000| Untracked 
|   3|0x00000000c9b00000, 0x00000000c9b00000, 0x00000000c9c00000|  0%| F|  |TAMS 0x00000000c9b00000, 0x00000000c9b00000| Untracked 
|   4|0x00000000c9c00000, 0x00000000c9c00000, 0x00000000c9d00000|  0%| F|  |TAMS 0x00000000c9c00000, 0x00000000c9c00000| Untracked 
|   5|0x00000000c9d00000, 0x00000000c9d00000, 0x00000000c9e00000|  0%| F|  |TAMS 0x00000000c9d00000, 0x00000000c9d00000| Untracked 
|   6|0x00000000c9e00000, 0x00000000c9e00000, 0x00000000c9f00000|  0%| F|  |TAMS 0x00000000c9e00000, 0x00000000c9e00000| Untracked 
|   7|0x00000000c9f00000, 0x00000000c9f00000, 0x00000000ca000000|  0%| F|  |TAMS 0x00000000c9f00000, 0x00000000c9f00000| Untracked 
|   8|0x00000000ca000000, 0x00000000ca000000, 0x00000000ca100000|  0%| F|  |TAMS 0x00000000ca000000, 0x00000000ca000000| Untracked 
|   9|0x00000000ca100000, 0x00000000ca100000, 0x00000000ca200000|  0%| F|  |TAMS 0x00000000ca100000, 0x00000000ca100000| Untracked 
|  10|0x00000000ca200000, 0x00000000ca200000, 0x00000000ca300000|  0%| F|  |TAMS 0x00000000ca200000, 0x00000000ca200000| Untracked 
|  11|0x00000000ca300000, 0x00000000ca300000, 0x00000000ca400000|  0%| F|  |TAMS 0x00000000ca300000, 0x00000000ca300000| Untracked 
|  12|0x00000000ca400000, 0x00000000ca400000, 0x00000000ca500000|  0%| F|  |TAMS 0x00000000ca400000, 0x00000000ca400000| Untracked 
|  13|0x00000000ca500000, 0x00000000ca500000, 0x00000000ca600000|  0%| F|  |TAMS 0x00000000ca500000, 0x00000000ca500000| Untracked 
|  14|0x00000000ca600000, 0x00000000ca600000, 0x00000000ca700000|  0%| F|  |TAMS 0x00000000ca600000, 0x00000000ca600000| Untracked 
|  15|0x00000000ca700000, 0x00000000ca700000, 0x00000000ca800000|  0%| F|  |TAMS 0x00000000ca700000, 0x00000000ca700000| Untracked 
|  16|0x00000000ca800000, 0x00000000ca800000, 0x00000000ca900000|  0%| F|  |TAMS 0x00000000ca800000, 0x00000000ca800000| Untracked 
|  17|0x00000000ca900000, 0x00000000ca900000, 0x00000000caa00000|  0%| F|  |TAMS 0x00000000ca900000, 0x00000000ca900000| Untracked 
|  18|0x00000000caa00000, 0x00000000caa00000, 0x00000000cab00000|  0%| F|  |TAMS 0x00000000caa00000, 0x00000000caa00000| Untracked 
|  19|0x00000000cab00000, 0x00000000cab00000, 0x00000000cac00000|  0%| F|  |TAMS 0x00000000cab00000, 0x00000000cab00000| Untracked 
|  20|0x00000000cac00000, 0x00000000cac00000, 0x00000000cad00000|  0%| F|  |TAMS 0x00000000cac00000, 0x00000000cac00000| Untracked 
|  21|0x00000000cad00000, 0x00000000cad00000, 0x00000000cae00000|  0%| F|  |TAMS 0x00000000cad00000, 0x00000000cad00000| Untracked 
|  22|0x00000000cae00000, 0x00000000cae00000, 0x00000000caf00000|  0%| F|  |TAMS 0x00000000cae00000, 0x00000000cae00000| Untracked 
|  23|0x00000000caf00000, 0x00000000caf00000, 0x00000000cb000000|  0%| F|  |TAMS 0x00000000caf00000, 0x00000000caf00000| Untracked 
|  24|0x00000000cb000000, 0x00000000cb000000, 0x00000000cb100000|  0%| F|  |TAMS 0x00000000cb000000, 0x00000000cb000000| Untracked 
|  25|0x00000000cb100000, 0x00000000cb100000, 0x00000000cb200000|  0%| F|  |TAMS 0x00000000cb100000, 0x00000000cb100000| Untracked 
|  26|0x00000000cb200000, 0x00000000cb200000, 0x00000000cb300000|  0%| F|  |TAMS 0x00000000cb200000, 0x00000000cb200000| Untracked 
|  27|0x00000000cb300000, 0x00000000cb300000, 0x00000000cb400000|  0%| F|  |TAMS 0x00000000cb300000, 0x00000000cb300000| Untracked 
|  28|0x00000000cb400000, 0x00000000cb400000, 0x00000000cb500000|  0%| F|  |TAMS 0x00000000cb400000, 0x00000000cb400000| Untracked 
|  29|0x00000000cb500000, 0x00000000cb500000, 0x00000000cb600000|  0%| F|  |TAMS 0x00000000cb500000, 0x00000000cb500000| Untracked 
|  30|0x00000000cb600000, 0x00000000cb600000, 0x00000000cb700000|  0%| F|  |TAMS 0x00000000cb600000, 0x00000000cb600000| Untracked 
|  31|0x00000000cb700000, 0x00000000cb700000, 0x00000000cb800000|  0%| F|  |TAMS 0x00000000cb700000, 0x00000000cb700000| Untracked 
|  32|0x00000000cb800000, 0x00000000cb800000, 0x00000000cb900000|  0%| F|  |TAMS 0x00000000cb800000, 0x00000000cb800000| Untracked 
|  33|0x00000000cb900000, 0x00000000cb900000, 0x00000000cba00000|  0%| F|  |TAMS 0x00000000cb900000, 0x00000000cb900000| Untracked 
|  34|0x00000000cba00000, 0x00000000cba00000, 0x00000000cbb00000|  0%| F|  |TAMS 0x00000000cba00000, 0x00000000cba00000| Untracked 
|  35|0x00000000cbb00000, 0x00000000cbb00000, 0x00000000cbc00000|  0%| F|  |TAMS 0x00000000cbb00000, 0x00000000cbb00000| Untracked 
|  36|0x00000000cbc00000, 0x00000000cbc00000, 0x00000000cbd00000|  0%| F|  |TAMS 0x00000000cbc00000, 0x00000000cbc00000| Untracked 
|  37|0x00000000cbd00000, 0x00000000cbd00000, 0x00000000cbe00000|  0%| F|  |TAMS 0x00000000cbd00000, 0x00000000cbd00000| Untracked 
|  38|0x00000000cbe00000, 0x00000000cbe00000, 0x00000000cbf00000|  0%| F|  |TAMS 0x00000000cbe00000, 0x00000000cbe00000| Untracked 
|  39|0x00000000cbf00000, 0x00000000cbf00000, 0x00000000cc000000|  0%| F|  |TAMS 0x00000000cbf00000, 0x00000000cbf00000| Untracked 
|  40|0x00000000cc000000, 0x00000000cc000000, 0x00000000cc100000|  0%| F|  |TAMS 0x00000000cc000000, 0x00000000cc000000| Untracked 
|  41|0x00000000cc100000, 0x00000000cc100000, 0x00000000cc200000|  0%| F|  |TAMS 0x00000000cc100000, 0x00000000cc100000| Untracked 
|  42|0x00000000cc200000, 0x00000000cc200000, 0x00000000cc300000|  0%| F|  |TAMS 0x00000000cc200000, 0x00000000cc200000| Untracked 
|  43|0x00000000cc300000, 0x00000000cc300000, 0x00000000cc400000|  0%| F|  |TAMS 0x00000000cc300000, 0x00000000cc300000| Untracked 
|  44|0x00000000cc400000, 0x00000000cc400000, 0x00000000cc500000|  0%| F|  |TAMS 0x00000000cc400000, 0x00000000cc400000| Untracked 
|  45|0x00000000cc500000, 0x00000000cc500000, 0x00000000cc600000|  0%| F|  |TAMS 0x00000000cc500000, 0x00000000cc500000| Untracked 
|  46|0x00000000cc600000, 0x00000000cc600000, 0x00000000cc700000|  0%| F|  |TAMS 0x00000000cc600000, 0x00000000cc600000| Untracked 
|  47|0x00000000cc700000, 0x00000000cc700000, 0x00000000cc800000|  0%| F|  |TAMS 0x00000000cc700000, 0x00000000cc700000| Untracked 
|  48|0x00000000cc800000, 0x00000000cc800000, 0x00000000cc900000|  0%| F|  |TAMS 0x00000000cc800000, 0x00000000cc800000| Untracked 
|  49|0x00000000cc900000, 0x00000000cc900000, 0x00000000cca00000|  0%| F|  |TAMS 0x00000000cc900000, 0x00000000cc900000| Untracked 
|  50|0x00000000cca00000, 0x00000000cca00000, 0x00000000ccb00000|  0%| F|  |TAMS 0x00000000cca00000, 0x00000000cca00000| Untracked 
|  51|0x00000000ccb00000, 0x00000000ccb00000, 0x00000000ccc00000|  0%| F|  |TAMS 0x00000000ccb00000, 0x00000000ccb00000| Untracked 
|  52|0x00000000ccc00000, 0x00000000ccc00000, 0x00000000ccd00000|  0%| F|  |TAMS 0x00000000ccc00000, 0x00000000ccc00000| Untracked 
|  53|0x00000000ccd00000, 0x00000000cce00000, 0x00000000cce00000|100%| E|  |TAMS 0x00000000ccd00000, 0x00000000ccd00000| Complete 
|  54|0x00000000cce00000, 0x00000000ccf00000, 0x00000000ccf00000|100%| E|CS|TAMS 0x00000000cce00000, 0x00000000cce00000| Complete 
|  55|0x00000000ccf00000, 0x00000000cd000000, 0x00000000cd000000|100%| E|CS|TAMS 0x00000000ccf00000, 0x00000000ccf00000| Complete 

Card table byte_map: [0x00000230f1860000,0x00000230f1a20000] _byte_map_base: 0x00000230f1214000

Marking Bits (Prev, Next): (CMBitMap*) 0x00000230da439190, (CMBitMap*) 0x00000230da4391d0
 Prev Bits: [0x00000230f1be0000, 0x00000230f2980000)
 Next Bits: [0x00000230f2980000, 0x00000230f3720000)

Polling page: 0x00000230d8370000

Metaspace:

Usage:
  Non-class:      1.07 MB used.
      Class:    113.87 KB used.
       Both:      1.18 MB used.

Virtual space:
  Non-class space:       64.00 MB reserved,       1.12 MB (  2%) committed,  1 nodes.
      Class space:        1.00 GB reserved,     192.00 KB ( <1%) committed,  1 nodes.
             Both:        1.06 GB reserved,       1.31 MB ( <1%) committed. 

Chunk freelists:
   Non-Class:  3.98 MB
       Class:  3.74 MB
        Both:  7.72 MB

MaxMetaspaceSize: unlimited
CompressedClassSpaceSize: 1.00 GB
Initial GC threshold: 21.00 MB
Current GC threshold: 21.00 MB
CDS: on
MetaspaceReclaimPolicy: balanced
 - commit_granule_bytes: 65536.
 - commit_granule_words: 8192.
 - virtual_space_node_default_size: 8388608.
 - enlarge_chunks_in_place: 1.
 - new_chunks_are_fully_committed: 0.
 - uncommit_free_chunks: 1.
 - use_allocation_guard: 0.


Internal statistics:

num_allocs_failed_limit: 0.
num_arena_births: 8.
num_arena_deaths: 0.
num_vsnodes_births: 2.
num_vsnodes_deaths: 0.
num_space_committed: 21.
num_space_uncommitted: 0.
num_chunks_returned_to_freelist: 0.
num_chunks_taken_from_freelist: 10.
num_chunk_merges: 0.
num_chunk_splits: 5.
num_chunks_enlarged: 3.
num_inconsistent_stats: 0.

CodeHeap 'non-profiled nmethods': size=120000Kb used=74Kb max_used=74Kb free=119925Kb
 bounds [0x00000230e9e40000, 0x00000230ea0b0000, 0x00000230f1370000]
CodeHeap 'profiled nmethods': size=120000Kb used=241Kb max_used=241Kb free=119758Kb
 bounds [0x00000230e2370000, 0x00000230e25e0000, 0x00000230e98a0000]
CodeHeap 'non-nmethods': size=5760Kb used=1264Kb max_used=1276Kb free=4495Kb
 bounds [0x00000230e98a0000, 0x00000230e9b10000, 0x00000230e9e40000]
 total_blobs=617 nmethods=220 adapters=308
 compilation: enabled
              stopped_count=0, restarted_count=0
 full_count=0

Compilation events (20 events):
Event: 46.681 Thread 0x00000230f60e8a40 nmethod 209 0x00000230e23a8210 code [0x00000230e23a8460, 0x00000230e23a8e38]
Event: 46.681 Thread 0x00000230f60e8a40  210       3       java.nio.DirectByteBuffer::ix (10 bytes)
Event: 46.682 Thread 0x00000230f60e8a40 nmethod 210 0x00000230e23a9390 code [0x00000230e23a9520, 0x00000230e23a9638]
Event: 46.682 Thread 0x00000230f60e8a40  212   !   3       jdk.internal.misc.ScopedMemoryAccess::getByte (16 bytes)
Event: 46.682 Thread 0x00000230f60e8a40 nmethod 212 0x00000230e23a9710 code [0x00000230e23a9900, 0x00000230e23a9d18]
Event: 46.682 Thread 0x00000230f60e8a40  214       3       jdk.internal.jimage.ImageStringsReader::unmaskedHashCode (166 bytes)
Event: 46.682 Thread 0x00000230f60e6260 nmethod 208 0x00000230e9e51490 code [0x00000230e9e51620, 0x00000230e9e51748]
Event: 46.683 Thread 0x00000230f60e8a40 nmethod 214 0x00000230e23a9f90 code [0x00000230e23aa1e0, 0x00000230e23aad78]
Event: 46.683 Thread 0x00000230f60e8a40  213   !   3       jdk.internal.misc.ScopedMemoryAccess::getByteInternal (34 bytes)
Event: 46.683 Thread 0x00000230f60e8a40 nmethod 213 0x00000230e23ab290 code [0x00000230e23ab460, 0x00000230e23ab708]
Event: 48.075 Thread 0x00000230f60e6260  215 %     4       java.lang.StringLatin1::hashCode @ 10 (42 bytes)
Event: 48.078 Thread 0x00000230f60e6260 nmethod 215% 0x00000230e9e51890 code [0x00000230e9e51a20, 0x00000230e9e51c98]
Event: 48.388 Thread 0x00000230f60e8a40  217       3       java.lang.invoke.MemberName::initResolved (53 bytes)
Event: 48.388 Thread 0x00000230f60e8a40 nmethod 217 0x00000230e23ab890 code [0x00000230e23aba40, 0x00000230e23abbf8]
Event: 54.128 Thread 0x00000230f60e8a40  219       3       jdk.internal.misc.Unsafe::putReferenceRelease (9 bytes)
Event: 54.128 Thread 0x00000230f60e8a40 nmethod 219 0x00000230e23abc90 code [0x00000230e23abe20, 0x00000230e23abf78]
Event: 54.128 Thread 0x00000230f60e8a40  220       3       java.util.concurrent.ConcurrentHashMap::setTabAt (20 bytes)
Event: 54.128 Thread 0x00000230f60e8a40 nmethod 220 0x00000230e23ac010 code [0x00000230e23ac1c0, 0x00000230e23ac3e8]
Event: 54.336 Thread 0x00000230f60e8a40  221       1       java.lang.Class::getModule (5 bytes)
Event: 54.336 Thread 0x00000230f60e8a40 nmethod 221 0x00000230e9e52810 code [0x00000230e9e529a0, 0x00000230e9e52a58]

GC Heap History (0 events):
No events

Dll operation events (6 events):
Event: 2.931 Loaded shared library C:\Java\bin\java.dll
Event: 5.484 Loaded shared library C:\Java\bin\jsvml.dll
Event: 7.844 Loaded shared library C:\Java\bin\net.dll
Event: 7.847 Loaded shared library C:\Java\bin\nio.dll
Event: 21.452 Loaded shared library C:\Java\bin\zip.dll
Event: 45.837 Loaded shared library C:\Java\bin\jimage.dll

Deoptimization events (4 events):
Event: 9.002 Thread 0x00000230d836dfd0 Uncommon trap: trap_request=0xffffff45 fr.pc=0x00000230e9e4e774 relative=0x0000000000000dd4
Event: 9.002 Thread 0x00000230d836dfd0 Uncommon trap: reason=unstable_if action=reinterpret pc=0x00000230e9e4e774 method=java.util.HashMap.putVal(ILjava/lang/Object;Ljava/lang/Object;ZZ)Ljava/lang/Object; @ 236 c2
Event: 9.002 Thread 0x00000230d836dfd0 DEOPT PACKING pc=0x00000230e9e4e774 sp=0x000000be3f8feb90
Event: 9.002 Thread 0x00000230d836dfd0 DEOPT UNPACKING pc=0x00000230e9906da3 sp=0x000000be3f8feb68 mode 2

Classes loaded (20 events):
Event: 48.387 Loading class java/util/ResourceBundle$CacheKey
Event: 48.387 Loading class java/util/ResourceBundle$CacheKey done
Event: 48.387 Loading class java/util/ResourceBundle$KeyElementReference
Event: 48.387 Loading class java/util/ResourceBundle$CacheKeyReference
Event: 48.387 Loading class java/util/ResourceBundle$CacheKeyReference done
Event: 48.387 Loading class java/util/ResourceBundle$KeyElementReference done
Event: 48.387 Loading class java/util/ResourceBundle$3
Event: 48.387 Loading class java/util/ResourceBundle$3 done
Event: 48.389 Loading class sun/security/util/SecurityConstants
Event: 48.389 Loading class sun/security/util/SecurityConstants done
Event: 48.389 Loading class java/net/NetPermission
Event: 48.389 Loading class java/net/NetPermission done
Event: 48.389 Loading class java/security/SecurityPermission
Event: 48.389 Loading class java/security/SecurityPermission done
Event: 48.389 Loading class java/net/SocketPermission
Event: 48.389 Loading class java/net/SocketPermission done
Event: 48.389 Loading class java/lang/reflect/ReflectPermission
Event: 48.389 Loading class java/lang/reflect/ReflectPermission done
Event: 54.336 Loading class sun/awt/resources/awt
Event: 54.336 Loading class sun/awt/resources/awt done

Classes unloaded (0 events):
No events

Classes redefined (0 events):
No events

Internal exceptions (4 events):
Event: 8.391 Thread 0x00000230d836dfd0 Exception <a 'sun/nio/fs/WindowsException'{0x00000000cce45280}> (0x00000000cce45280) 
thrown [s\open\src\hotspot\share\prims\jni.cpp, line 517]
Event: 8.401 Thread 0x00000230d836dfd0 Exception <a 'sun/nio/fs/WindowsException'{0x00000000cce457d0}> (0x00000000cce457d0) 
thrown [s\open\src\hotspot\share\prims\jni.cpp, line 517]
Event: 8.924 Thread 0x00000230d836dfd0 Exception <a 'sun/nio/fs/WindowsException'{0x00000000cce47b60}> (0x00000000cce47b60) 
thrown [s\open\src\hotspot\share\prims\jni.cpp, line 517]
Event: 48.388 Thread 0x00000230d836dfd0 Exception <a 'java/lang/ClassNotFoundException'{0x00000000ccdf1528}: sun/awt/resources/spi/awtProvider> (0x00000000ccdf1528) 
thrown [s\open\src\hotspot\share\classfile\systemDictionary.cpp, line 255]

VM Operations (18 events):
Event: 6.730 Executing VM operation: Cleanup
Event: 6.810 Executing VM operation: Cleanup done
Event: 7.821 Executing VM operation: Cleanup
Event: 7.821 Executing VM operation: Cleanup done
Event: 8.835 Executing VM operation: Cleanup
Event: 8.835 Executing VM operation: Cleanup done
Event: 8.928 Executing VM operation: HandshakeAllThreads
Event: 8.928 Executing VM operation: HandshakeAllThreads done
Event: 9.941 Executing VM operation: Cleanup
Event: 9.942 Executing VM operation: Cleanup done
Event: 19.577 Executing VM operation: ChangeBreakpoints
Event: 19.584 Executing VM operation: ChangeBreakpoints done
Event: 21.597 Executing VM operation: Cleanup
Event: 21.614 Executing VM operation: Cleanup done
Event: 43.827 Executing VM operation: Cleanup
Event: 44.031 Executing VM operation: Cleanup done
Event: 49.087 Executing VM operation: Cleanup
Event: 49.087 Executing VM operation: Cleanup done

Events (15 events):
Event: 5.485 Thread 0x00000230d836dfd0 Thread added: 0x00000230d836dfd0
Event: 6.465 Thread 0x00000230f60dec90 Thread added: 0x00000230f60dec90
Event: 6.467 Thread 0x00000230f60e1a30 Thread added: 0x00000230f60e1a30
Event: 6.475 Thread 0x00000230f60e3a70 Thread added: 0x00000230f60e3a70
Event: 6.475 Thread 0x00000230f60e43a0 Thread added: 0x00000230f60e43a0
Event: 6.475 Thread 0x00000230f60e4cd0 Thread added: 0x00000230f60e4cd0
Event: 6.476 Thread 0x00000230f60e5600 Thread added: 0x00000230f60e5600
Event: 6.476 Thread 0x00000230f60e6260 Thread added: 0x00000230f60e6260
Event: 6.512 Thread 0x00000230f60e8a40 Thread added: 0x00000230f60e8a40
Event: 6.526 Thread 0x00000230f60ec350 Thread added: 0x00000230f60ec350
Event: 7.682 Thread 0x00000230fa459d00 Thread added: 0x00000230fa459d00
Event: 19.567 Thread 0x00000230fa5593b0 Thread added: 0x00000230fa5593b0
Event: 19.568 Thread 0x00000230fa55e7d0 Thread added: 0x00000230fa55e7d0
Event: 19.577 Thread 0x00000230fa57ee70 Thread added: 0x00000230fa57ee70
Event: 21.409 Thread 0x00000230fa5d7970 Thread added: 0x00000230fa5d7970


Dynamic libraries:
0x00007ff7c2490000 - 0x00007ff7c24a0000 	C:\Java\bin\java.exe
0x00007ffe43ab0000 - 0x00007ffe43ca8000 	C:\WINDOWS\SYSTEM32\ntdll.dll
0x00007ffe427a0000 - 0x00007ffe4285f000 	C:\WINDOWS\System32\KERNEL32.DLL
0x00007ffe412b0000 - 0x00007ffe41582000 	C:\WINDOWS\System32\KERNELBASE.dll
0x00007ffe411b0000 - 0x00007ffe412b0000 	C:\WINDOWS\System32\ucrtbase.dll
0x00007ffe39a70000 - 0x00007ffe39a88000 	C:\Java\bin\jli.dll
0x00007ffe42440000 - 0x00007ffe424ee000 	C:\WINDOWS\System32\ADVAPI32.dll
0x00007ffe43560000 - 0x00007ffe435fe000 	C:\WINDOWS\System32\msvcrt.dll
0x00007ffe42ca0000 - 0x00007ffe42d3c000 	C:\WINDOWS\System32\sechost.dll
0x00007ffe425a0000 - 0x00007ffe426c4000 	C:\WINDOWS\System32\RPCRT4.dll
0x00007ffe433b0000 - 0x00007ffe43551000 	C:\WINDOWS\System32\USER32.dll
0x00007ffe419c0000 - 0x00007ffe419e2000 	C:\WINDOWS\System32\win32u.dll
0x00007ffe42c70000 - 0x00007ffe42c9b000 	C:\WINDOWS\System32\GDI32.dll
0x00007ffe416f0000 - 0x00007ffe417ff000 	C:\WINDOWS\System32\gdi32full.dll
0x00007ffe419f0000 - 0x00007ffe41a8d000 	C:\WINDOWS\System32\msvcp_win.dll
0x00007ffe18fa0000 - 0x00007ffe18fbb000 	C:\Java\bin\VCRUNTIME140.dll
0x00007ffe2f8a0000 - 0x00007ffe2fb3a000 	C:\WINDOWS\WinSxS\amd64_microsoft.windows.common-controls_6595b64144ccf1df_6.0.19041.1110_none_60b5254171f9507e\COMCTL32.dll
0x00007ffe39a90000 - 0x00007ffe39a9a000 	C:\WINDOWS\SYSTEM32\VERSION.dll
0x00007ffe42d40000 - 0x00007ffe42d70000 	C:\WINDOWS\System32\IMM32.DLL
0x00007ffe26570000 - 0x00007ffe2657c000 	C:\Java\bin\vcruntime140_1.dll
0x00007ffe17ca0000 - 0x00007ffe17d2e000 	C:\Java\bin\msvcp140.dll
0x00007ffde4c40000 - 0x00007ffde5900000 	C:\Java\bin\server\jvm.dll
0x00007ffe3d8e0000 - 0x00007ffe3d8e9000 	C:\WINDOWS\SYSTEM32\WSOCK32.dll
0x00007ffe42ba0000 - 0x00007ffe42c0b000 	C:\WINDOWS\System32\WS2_32.dll
0x00007ffe396c0000 - 0x00007ffe396e7000 	C:\WINDOWS\SYSTEM32\WINMM.dll
0x00007ffe3f070000 - 0x00007ffe3f082000 	C:\WINDOWS\SYSTEM32\kernel.appcore.dll
0x00007ffe18f90000 - 0x00007ffe18f9a000 	C:\Java\bin\jimage.dll
0x00007ffe2f0c0000 - 0x00007ffe2f2a4000 	C:\WINDOWS\SYSTEM32\DBGHELP.DLL
0x00007ffe2f080000 - 0x00007ffe2f0b5000 	C:\WINDOWS\SYSTEM32\dbgcore.DLL
0x00007ffe41800000 - 0x00007ffe41882000 	C:\WINDOWS\System32\bcryptPrimitives.dll
0x00007ffe28530000 - 0x00007ffe2856c000 	C:\Java\bin\jdwp.dll
0x00007ffe18010000 - 0x00007ffe18036000 	C:\Java\bin\java.dll
0x00007ffe17f30000 - 0x00007ffe18007000 	C:\Java\bin\jsvml.dll
0x00007ffe41c70000 - 0x00007ffe423b5000 	C:\WINDOWS\System32\SHELL32.dll
0x00007ffe3f270000 - 0x00007ffe3fa02000 	C:\WINDOWS\SYSTEM32\windows.storage.dll
0x00007ffe42f20000 - 0x00007ffe43275000 	C:\WINDOWS\System32\combase.dll
0x00007ffe40ba0000 - 0x00007ffe40bd0000 	C:\WINDOWS\SYSTEM32\Wldp.dll
0x00007ffe41b00000 - 0x00007ffe41bad000 	C:\WINDOWS\System32\SHCORE.dll
0x00007ffe42b40000 - 0x00007ffe42b95000 	C:\WINDOWS\System32\shlwapi.dll
0x00007ffe410f0000 - 0x00007ffe4110f000 	C:\WINDOWS\SYSTEM32\profapi.dll
0x00007ffe17f10000 - 0x00007ffe17f23000 	C:\Java\bin\net.dll
0x00007ffe34670000 - 0x00007ffe3477a000 	C:\WINDOWS\SYSTEM32\WINHTTP.dll
0x00007ffe40890000 - 0x00007ffe408fa000 	C:\WINDOWS\system32\mswsock.dll
0x00007ffe17ef0000 - 0x00007ffe17f06000 	C:\Java\bin\nio.dll
0x00007ffe3a9a0000 - 0x00007ffe3a9ab000 	C:\Java\bin\dt_shmem.dll
0x00007ffe17ed0000 - 0x00007ffe17ee8000 	C:\Java\bin\zip.dll

dbghelp: loaded successfully - version: 4.0.5 - missing functions: none
symbol engine: initialized successfully - sym options: 0x614 - pdb path: .;C:\Java\bin;C:\WINDOWS\SYSTEM32;C:\WINDOWS\WinSxS\amd64_microsoft.windows.common-controls_6595b64144ccf1df_6.0.19041.1110_none_60b5254171f9507e;C:\Java\bin\server

VM Arguments:
jvm_args: -Dfile.encoding=UTF-8 -agentlib:jdwp=transport=dt_shmem,address=javadebug5213 --module-path=C:\Users\Rioan\OneDrive\Desktop\Isaac Project\databasee_1\build\classes 
java_command: databasee.login
java_class_path (initial): C:\Users\Rioan\OneDrive\Desktop\Beginners\JCalendar.jar;C:\Users\Rioan\OneDrive\Desktop\Beginners\netbeans\java\modules\ext\AbsoluteLayout.jar;C:\Users\Rioan\OneDrive\Desktop\Isaac Project\databasee_1\build\classes
Launcher Type: SUN_STANDARD

[Global flags]
     intx CICompilerCount                          = 4                                         {product} {ergonomic}
     uint ConcGCThreads                            = 2                                         {product} {ergonomic}
     uint G1ConcRefinementThreads                  = 8                                         {product} {ergonomic}
   size_t G1HeapRegionSize                         = 1048576                                   {product} {ergonomic}
    uintx GCDrainStackTargetSize                   = 64                                        {product} {ergonomic}
   size_t InitialHeapSize                          = 58720256                                  {product} {ergonomic}
   size_t MarkStackSize                            = 4194304                                   {product} {ergonomic}
   size_t MaxHeapSize                              = 914358272                                 {product} {ergonomic}
   size_t MaxNewSize                               = 548405248                                 {product} {ergonomic}
   size_t MinHeapDeltaBytes                        = 1048576                                   {product} {ergonomic}
   size_t MinHeapSize                              = 8388608                                   {product} {ergonomic}
    uintx NonNMethodCodeHeapSize                   = 5839372                                {pd product} {ergonomic}
    uintx NonProfiledCodeHeapSize                  = 122909434                              {pd product} {ergonomic}
    uintx ProfiledCodeHeapSize                     = 122909434                              {pd product} {ergonomic}
    uintx ReservedCodeCacheSize                    = 251658240                              {pd product} {ergonomic}
     bool SegmentedCodeCache                       = true                                      {product} {ergonomic}
   size_t SoftMaxHeapSize                          = 914358272                              {manageable} {ergonomic}
     bool UseCompressedClassPointers               = true                           {product lp64_product} {ergonomic}
     bool UseCompressedOops                        = true                           {product lp64_product} {ergonomic}
     bool UseG1GC                                  = true                                      {product} {ergonomic}
     bool UseLargePagesIndividualAllocation        = false                                  {pd product} {ergonomic}

Logging:
Log output configuration:
 #0: stdout all=warning uptime,level,tags foldmultilines=false
 #1: stderr all=off uptime,level,tags foldmultilines=false

Environment Variables:
PATH=C:\Program Files\Common Files\Oracle\Java\javapath;C:\ProgramData\Oracle\Java\javapath;C:\WINDOWS\system32;C:\WINDOWS;C:\WINDOWS\System32\Wbem;C:\WINDOWS\System32\WindowsPowerShell\v1.0\;C:\WINDOWS\System32\OpenSSH\;C:\scrcpy;C:\Users\Rioan\AppData\Local\Microsoft\WindowsApps;
USERNAME=Rioan
OS=Windows_NT
PROCESSOR_IDENTIFIER=AMD64 Family 23 Model 17 Stepping 0, AuthenticAMD
TMP=C:\Users\Rioan\AppData\Local\Temp
TEMP=C:\Users\Rioan\AppData\Local\Temp



---------------  S Y S T E M  ---------------

OS:
 Windows 10 , 64 bit Build 19041 (10.0.19041.2546)
OS uptime: 0 days 0:47 hours

CPU: total 8 (initial active 8) (8 cores per cpu, 2 threads per core) family 23 model 17 stepping 0 microcode 0x0, cx8, cmov, fxsr, ht, mmx, 3dnowpref, sse, sse2, sse3, ssse3, sse4a, sse4.1, sse4.2, popcnt, lzcnt, tsc, tscinvbit, avx, avx2, aes, clmul, bmi1, bmi2, adx, sha, fma, vzeroupper, clflush, clflushopt, rdtscp

Memory: 4k page, system-wide physical 3484M (355M free)
TotalPageFile size 14084M (AvailPageFile size 1504M)
current process WorkingSet (physical memory assigned to process): 28M, peak: 32M
current process commit charge ("private bytes"): 136M, peak: 137M

vm_info: Java HotSpot(TM) 64-Bit Server VM (19.0.2+7-44) for windows-amd64 JRE (19.0.2+7-44), built on 2022-11-30T18:02:09Z by "mach5one" with MS VC++ 17.1 (VS2022)

END.
